[0.049s] Invoking command in '/home/eragon/ArUco/build/robot_camera_processor': CMAKE_PREFIX_PATH=${CMAKE_PREFIX_PATH}:/opt/ros/humble /usr/bin/cmake --build /home/eragon/ArUco/build/robot_camera_processor -- -j8 -l8
[0.176s] Consolidate compiler generated dependencies of target robot_camera_processor_node
[0.242s] [ 50%] Building CXX object CMakeFiles/robot_camera_processor_node.dir/src/robot_camera_processor_node.cpp.o
[7.747s] /home/eragon/ArUco/src/robot_camera_processor/src/robot_camera_processor_node.cpp: In member function ‘void RobotCameraProcessor::timer_callback()’:
[7.748s] /home/eragon/ArUco/src/robot_camera_processor/src/robot_camera_processor_node.cpp:104:39: warning: narrowing conversion of ‘((-((RobotCameraProcessor*)this)->RobotCameraProcessor::marker_size_) / (double)2)’ from ‘double’ to ‘float’ [-Wnarrowing]
[7.748s]   104 |                         {-marker_size_/2, marker_size_/2, 0},
[7.748s]       |                          ~~~~~~~~~~~~~^~
[7.748s] /home/eragon/ArUco/src/robot_camera_processor/src/robot_camera_processor_node.cpp:104:55: warning: narrowing conversion of ‘(((RobotCameraProcessor*)this)->RobotCameraProcessor::marker_size_ / (double)2)’ from ‘double’ to ‘float’ [-Wnarrowing]
[7.748s]   104 |                         {-marker_size_/2, marker_size_/2, 0},
[7.748s]       |                                           ~~~~~~~~~~~~^~
[7.749s] /home/eragon/ArUco/src/robot_camera_processor/src/robot_camera_processor_node.cpp:105:38: warning: narrowing conversion of ‘(((RobotCameraProcessor*)this)->RobotCameraProcessor::marker_size_ / (double)2)’ from ‘double’ to ‘float’ [-Wnarrowing]
[7.749s]   105 |                         {marker_size_/2, marker_size_/2, 0},
[7.749s]       |                          ~~~~~~~~~~~~^~
[7.749s] /home/eragon/ArUco/src/robot_camera_processor/src/robot_camera_processor_node.cpp:105:54: warning: narrowing conversion of ‘(((RobotCameraProcessor*)this)->RobotCameraProcessor::marker_size_ / (double)2)’ from ‘double’ to ‘float’ [-Wnarrowing]
[7.749s]   105 |                         {marker_size_/2, marker_size_/2, 0},
[7.749s]       |                                          ~~~~~~~~~~~~^~
[7.749s] /home/eragon/ArUco/src/robot_camera_processor/src/robot_camera_processor_node.cpp:106:38: warning: narrowing conversion of ‘(((RobotCameraProcessor*)this)->RobotCameraProcessor::marker_size_ / (double)2)’ from ‘double’ to ‘float’ [-Wnarrowing]
[7.750s]   106 |                         {marker_size_/2, -marker_size_/2, 0},
[7.750s]       |                          ~~~~~~~~~~~~^~
[7.750s] /home/eragon/ArUco/src/robot_camera_processor/src/robot_camera_processor_node.cpp:106:55: warning: narrowing conversion of ‘((-((RobotCameraProcessor*)this)->RobotCameraProcessor::marker_size_) / (double)2)’ from ‘double’ to ‘float’ [-Wnarrowing]
[7.750s]   106 |                         {marker_size_/2, -marker_size_/2, 0},
[7.750s]       |                                          ~~~~~~~~~~~~~^~
[7.750s] /home/eragon/ArUco/src/robot_camera_processor/src/robot_camera_processor_node.cpp:107:39: warning: narrowing conversion of ‘((-((RobotCameraProcessor*)this)->RobotCameraProcessor::marker_size_) / (double)2)’ from ‘double’ to ‘float’ [-Wnarrowing]
[7.750s]   107 |                         {-marker_size_/2, -marker_size_/2, 0}
[7.751s]       |                          ~~~~~~~~~~~~~^~
[7.751s] /home/eragon/ArUco/src/robot_camera_processor/src/robot_camera_processor_node.cpp:107:56: warning: narrowing conversion of ‘((-((RobotCameraProcessor*)this)->RobotCameraProcessor::marker_size_) / (double)2)’ from ‘double’ to ‘float’ [-Wnarrowing]
[7.751s]   107 |                         {-marker_size_/2, -marker_size_/2, 0}
[7.751s]       |                                           ~~~~~~~~~~~~~^~
[7.773s] /home/eragon/ArUco/src/robot_camera_processor/src/robot_camera_processor_node.cpp: In member function ‘void RobotCameraProcessor::publish_marker_pose(int, const Vec3d&, const Vec3d&)’:
[7.773s] /home/eragon/ArUco/src/robot_camera_processor/src/robot_camera_processor_node.cpp:139:34: warning: unused parameter ‘marker_id’ [-Wunused-parameter]
[7.773s]   139 |     void publish_marker_pose(int marker_id, const cv::Vec3d& rvec, const cv::Vec3d& tvec) {
[7.774s]       |                              ~~~~^~~~~~~~~
[14.305s] [100%] Linking CXX executable robot_camera_processor_node
[15.458s] [100%] Built target robot_camera_processor_node
[15.481s] Invoked command in '/home/eragon/ArUco/build/robot_camera_processor' returned '0': CMAKE_PREFIX_PATH=${CMAKE_PREFIX_PATH}:/opt/ros/humble /usr/bin/cmake --build /home/eragon/ArUco/build/robot_camera_processor -- -j8 -l8
[15.483s] Invoking command in '/home/eragon/ArUco/build/robot_camera_processor': CMAKE_PREFIX_PATH=${CMAKE_PREFIX_PATH}:/opt/ros/humble /usr/bin/cmake --install /home/eragon/ArUco/build/robot_camera_processor
[15.497s] -- Install configuration: "Debug"
[15.497s] -- Installing: /home/eragon/ArUco/install/robot_camera_processor/lib/robot_camera_processor/robot_camera_processor_node
[15.507s] -- Set runtime path of "/home/eragon/ArUco/install/robot_camera_processor/lib/robot_camera_processor/robot_camera_processor_node" to ""
[15.507s] -- Up-to-date: /home/eragon/ArUco/install/robot_camera_processor/share/ament_index/resource_index/package_run_dependencies/robot_camera_processor
[15.508s] -- Up-to-date: /home/eragon/ArUco/install/robot_camera_processor/share/ament_index/resource_index/parent_prefix_path/robot_camera_processor
[15.508s] -- Up-to-date: /home/eragon/ArUco/install/robot_camera_processor/share/robot_camera_processor/environment/ament_prefix_path.sh
[15.508s] -- Up-to-date: /home/eragon/ArUco/install/robot_camera_processor/share/robot_camera_processor/environment/ament_prefix_path.dsv
[15.508s] -- Up-to-date: /home/eragon/ArUco/install/robot_camera_processor/share/robot_camera_processor/environment/path.sh
[15.509s] -- Up-to-date: /home/eragon/ArUco/install/robot_camera_processor/share/robot_camera_processor/environment/path.dsv
[15.509s] -- Up-to-date: /home/eragon/ArUco/install/robot_camera_processor/share/robot_camera_processor/local_setup.bash
[15.509s] -- Up-to-date: /home/eragon/ArUco/install/robot_camera_processor/share/robot_camera_processor/local_setup.sh
[15.509s] -- Up-to-date: /home/eragon/ArUco/install/robot_camera_processor/share/robot_camera_processor/local_setup.zsh
[15.509s] -- Up-to-date: /home/eragon/ArUco/install/robot_camera_processor/share/robot_camera_processor/local_setup.dsv
[15.509s] -- Installing: /home/eragon/ArUco/install/robot_camera_processor/share/robot_camera_processor/package.dsv
[15.510s] -- Up-to-date: /home/eragon/ArUco/install/robot_camera_processor/share/ament_index/resource_index/packages/robot_camera_processor
[15.510s] -- Up-to-date: /home/eragon/ArUco/install/robot_camera_processor/share/robot_camera_processor/cmake/robot_camera_processorConfig.cmake
[15.510s] -- Up-to-date: /home/eragon/ArUco/install/robot_camera_processor/share/robot_camera_processor/cmake/robot_camera_processorConfig-version.cmake
[15.510s] -- Up-to-date: /home/eragon/ArUco/install/robot_camera_processor/share/robot_camera_processor/package.xml
[15.513s] Invoked command in '/home/eragon/ArUco/build/robot_camera_processor' returned '0': CMAKE_PREFIX_PATH=${CMAKE_PREFIX_PATH}:/opt/ros/humble /usr/bin/cmake --install /home/eragon/ArUco/build/robot_camera_processor
