[0.032s] Invoking command in '/home/eragon/ArUco/build/robot': CMAKE_PREFIX_PATH=${CMAKE_PREFIX_PATH}:/opt/ros/humble /usr/bin/cmake /home/eragon/ArUco/src/robot -G CodeBlocks - Unix Makefiles -DCMAKE_BUILD_TYPE=Debug -DCMAKE_INSTALL_PREFIX=/home/eragon/ArUco/install/robot
[0.180s] -- The C compiler identification is GNU 11.4.0
[0.295s] -- The CXX compiler identification is GNU 11.4.0
[0.363s] -- Detecting C compiler ABI info
[0.482s] -- Detecting C compiler ABI info - done
[0.495s] -- Check for working C compiler: /usr/bin/cc - skipped
[0.496s] -- Detecting C compile features
[0.496s] -- Detecting C compile features - done
[0.501s] -- Detecting CXX compiler ABI info
[0.635s] -- Detecting CXX compiler ABI info - done
[0.651s] -- Check for working CXX compiler: /usr/bin/c++ - skipped
[0.651s] -- Detecting CXX compile features
[0.652s] -- Detecting CXX compile features - done
[0.658s] -- Found ament_cmake: 1.3.11 (/opt/ros/humble/share/ament_cmake/cmake)
[0.942s] -- Found Python3: /usr/bin/python3 (found version "3.10.12") found components: Interpreter 
[1.115s] -- Found ament_lint_auto: 0.12.12 (/opt/ros/humble/share/ament_lint_auto/cmake)
[1.252s] -- Added test 'cppcheck' to perform static code analysis on C / C++ code
[1.252s] -- Configured cppcheck include dirs: 
[1.252s] -- Configured cppcheck exclude dirs and/or files: 
[1.253s] -- Added test 'flake8' to check Python code syntax and style conventions
[1.255s] -- Added test 'lint_cmake' to check CMake code style
[1.256s] -- Added test 'pep257' to check Python code against some of the docstring style conventions in PEP 257
[1.258s] -- Added test 'uncrustify' to check C / C++ code style
[1.258s] -- Configured uncrustify additional arguments: 
[1.259s] -- Added test 'xmllint' to check XML markup files
[1.262s] -- Configuring done
[1.271s] -- Generating done
[1.274s] -- Build files have been written to: /home/eragon/ArUco/build/robot
[1.282s] Invoked command in '/home/eragon/ArUco/build/robot' returned '0': CMAKE_PREFIX_PATH=${CMAKE_PREFIX_PATH}:/opt/ros/humble /usr/bin/cmake /home/eragon/ArUco/src/robot -G CodeBlocks - Unix Makefiles -DCMAKE_BUILD_TYPE=Debug -DCMAKE_INSTALL_PREFIX=/home/eragon/ArUco/install/robot
[1.285s] Invoking command in '/home/eragon/ArUco/build/robot': CMAKE_PREFIX_PATH=${CMAKE_PREFIX_PATH}:/opt/ros/humble /usr/bin/cmake --build /home/eragon/ArUco/build/robot -- -j8 -l8
[1.346s] Invoked command in '/home/eragon/ArUco/build/robot' returned '0': CMAKE_PREFIX_PATH=${CMAKE_PREFIX_PATH}:/opt/ros/humble /usr/bin/cmake --build /home/eragon/ArUco/build/robot -- -j8 -l8
[1.361s] Invoking command in '/home/eragon/ArUco/build/robot': CMAKE_PREFIX_PATH=${CMAKE_PREFIX_PATH}:/opt/ros/humble /usr/bin/cmake --install /home/eragon/ArUco/build/robot
[1.373s] -- Install configuration: "Debug"
[1.373s] -- Up-to-date: /home/eragon/ArUco/install/robot/share/robot/launch
[1.373s] -- Up-to-date: /home/eragon/ArUco/install/robot/share/robot/launch/robot_launch.py
[1.373s] -- Installing: /home/eragon/ArUco/install/robot/share/ament_index/resource_index/package_run_dependencies/robot
[1.374s] -- Installing: /home/eragon/ArUco/install/robot/share/ament_index/resource_index/parent_prefix_path/robot
[1.374s] -- Up-to-date: /home/eragon/ArUco/install/robot/share/robot/environment/ament_prefix_path.sh
[1.374s] -- Installing: /home/eragon/ArUco/install/robot/share/robot/environment/ament_prefix_path.dsv
[1.374s] -- Up-to-date: /home/eragon/ArUco/install/robot/share/robot/environment/path.sh
[1.374s] -- Installing: /home/eragon/ArUco/install/robot/share/robot/environment/path.dsv
[1.375s] -- Installing: /home/eragon/ArUco/install/robot/share/robot/local_setup.bash
[1.375s] -- Installing: /home/eragon/ArUco/install/robot/share/robot/local_setup.sh
[1.375s] -- Installing: /home/eragon/ArUco/install/robot/share/robot/local_setup.zsh
[1.376s] -- Installing: /home/eragon/ArUco/install/robot/share/robot/local_setup.dsv
[1.376s] -- Installing: /home/eragon/ArUco/install/robot/share/robot/package.dsv
[1.376s] -- Installing: /home/eragon/ArUco/install/robot/share/ament_index/resource_index/packages/robot
[1.376s] -- Installing: /home/eragon/ArUco/install/robot/share/robot/cmake/robotConfig.cmake
[1.377s] -- Installing: /home/eragon/ArUco/install/robot/share/robot/cmake/robotConfig-version.cmake
[1.377s] -- Up-to-date: /home/eragon/ArUco/install/robot/share/robot/package.xml
[1.380s] Invoked command in '/home/eragon/ArUco/build/robot' returned '0': CMAKE_PREFIX_PATH=${CMAKE_PREFIX_PATH}:/opt/ros/humble /usr/bin/cmake --install /home/eragon/ArUco/build/robot
