[0.033s] Invoking command in '/home/eragon/ArUco/build/lab4_image_sender': CMAKE_PREFIX_PATH=/opt/ros/humble /usr/bin/cmake /home/eragon/ArUco/src/lab4_image_sender -G CodeBlocks - Unix Makefiles -DCMAKE_BUILD_TYPE=Debug -DCMAKE_INSTALL_PREFIX=/home/eragon/ArUco/install/lab4_image_sender
[0.215s] -- The C compiler identification is GNU 11.4.0
[0.367s] -- The CXX compiler identification is GNU 11.4.0
[0.470s] -- Detecting C compiler ABI info
[0.635s] -- Detecting C compiler ABI info - done
[0.653s] -- Check for working C compiler: /usr/bin/cc - skipped
[0.654s] -- Detecting C compile features
[0.656s] -- Detecting C compile features - done
[0.665s] -- Detecting CXX compiler ABI info
[0.889s] -- Detecting CXX compiler ABI info - done
[0.906s] -- Check for working CXX compiler: /usr/bin/c++ - skipped
[0.907s] -- Detecting CXX compile features
[0.908s] -- Detecting CXX compile features - done
[0.913s] -- Found ament_cmake: 1.3.11 (/opt/ros/humble/share/ament_cmake/cmake)
[1.338s] -- Found Python3: /usr/bin/python3 (found version "3.10.12") found components: Interpreter 
[1.575s] -- Found rclcpp: 16.0.11 (/opt/ros/humble/share/rclcpp/cmake)
[1.687s] -- Found rosidl_generator_c: 3.1.6 (/opt/ros/humble/share/rosidl_generator_c/cmake)
[1.697s] -- Found rosidl_adapter: 3.1.6 (/opt/ros/humble/share/rosidl_adapter/cmake)
[1.720s] -- Found rosidl_generator_cpp: 3.1.6 (/opt/ros/humble/share/rosidl_generator_cpp/cmake)
[1.753s] -- Using all available rosidl_typesupport_c: rosidl_typesupport_fastrtps_c;rosidl_typesupport_introspection_c
[1.793s] -- Using all available rosidl_typesupport_cpp: rosidl_typesupport_fastrtps_cpp;rosidl_typesupport_introspection_cpp
[1.900s] -- Found rmw_implementation_cmake: 6.1.2 (/opt/ros/humble/share/rmw_implementation_cmake/cmake)
[1.906s] -- Found rmw_fastrtps_cpp: 6.2.7 (/opt/ros/humble/share/rmw_fastrtps_cpp/cmake)
[2.132s] -- Found OpenSSL: /usr/lib/x86_64-linux-gnu/libcrypto.so (found version "3.0.2")  
[2.204s] -- Found FastRTPS: /opt/ros/humble/include  
[2.314s] -- Using RMW implementation 'rmw_fastrtps_cpp' as default
[2.329s] -- Looking for pthread.h
[2.535s] -- Looking for pthread.h - found
[2.536s] -- Performing Test CMAKE_HAVE_LIBC_PTHREAD
[2.720s] -- Performing Test CMAKE_HAVE_LIBC_PTHREAD - Success
[2.723s] -- Found Threads: TRUE  
[2.852s] -- Found cv_bridge: 3.2.1 (/opt/ros/humble/share/cv_bridge/cmake)
[2.978s] -- Found image_transport: 3.1.10 (/opt/ros/humble/share/image_transport/cmake)
[3.063s] -- Found OpenCV: /usr (found version "4.5.4") 
[3.066s] -- Found ament_lint_auto: 0.12.11 (/opt/ros/humble/share/ament_lint_auto/cmake)
[3.281s] -- Added test 'cppcheck' to perform static code analysis on C / C++ code
[3.281s] -- Configured cppcheck include dirs: /home/eragon/ArUco/src/lab4_image_sender/include
[3.281s] -- Configured cppcheck exclude dirs and/or files: 
[3.282s] -- Added test 'lint_cmake' to check CMake code style
[3.285s] -- Added test 'uncrustify' to check C / C++ code style
[3.285s] -- Configured uncrustify additional arguments: 
[3.286s] -- Added test 'xmllint' to check XML markup files
[3.288s] -- Configuring done
[3.339s] -- Generating done
[3.354s] -- Build files have been written to: /home/eragon/ArUco/build/lab4_image_sender
[3.384s] Invoked command in '/home/eragon/ArUco/build/lab4_image_sender' returned '0': CMAKE_PREFIX_PATH=/opt/ros/humble /usr/bin/cmake /home/eragon/ArUco/src/lab4_image_sender -G CodeBlocks - Unix Makefiles -DCMAKE_BUILD_TYPE=Debug -DCMAKE_INSTALL_PREFIX=/home/eragon/ArUco/install/lab4_image_sender
[3.387s] Invoking command in '/home/eragon/ArUco/build/lab4_image_sender': CMAKE_PREFIX_PATH=/opt/ros/humble /usr/bin/cmake --build /home/eragon/ArUco/build/lab4_image_sender -- -j8 -l8
[3.489s] [ 50%] Building CXX object CMakeFiles/lab4_image_sender_node.dir/src/lab4_image_sender_node.cpp.o
[15.317s] [100%] Linking CXX executable lab4_image_sender_node
[16.564s] [100%] Built target lab4_image_sender_node
[16.584s] Invoked command in '/home/eragon/ArUco/build/lab4_image_sender' returned '0': CMAKE_PREFIX_PATH=/opt/ros/humble /usr/bin/cmake --build /home/eragon/ArUco/build/lab4_image_sender -- -j8 -l8
[16.586s] Invoking command in '/home/eragon/ArUco/build/lab4_image_sender': CMAKE_PREFIX_PATH=/opt/ros/humble /usr/bin/cmake --install /home/eragon/ArUco/build/lab4_image_sender
[16.614s] -- Install configuration: "Debug"
[16.614s] -- Installing: /home/eragon/ArUco/install/lab4_image_sender/lib/lab4_image_sender/lab4_image_sender_node
[16.615s] -- Set runtime path of "/home/eragon/ArUco/install/lab4_image_sender/lib/lab4_image_sender/lab4_image_sender_node" to ""
[16.615s] -- Installing: /home/eragon/ArUco/install/lab4_image_sender/share/ament_index/resource_index/package_run_dependencies/lab4_image_sender
[16.615s] -- Installing: /home/eragon/ArUco/install/lab4_image_sender/share/ament_index/resource_index/parent_prefix_path/lab4_image_sender
[16.615s] -- Installing: /home/eragon/ArUco/install/lab4_image_sender/share/lab4_image_sender/environment/ament_prefix_path.sh
[16.615s] -- Installing: /home/eragon/ArUco/install/lab4_image_sender/share/lab4_image_sender/environment/ament_prefix_path.dsv
[16.615s] -- Installing: /home/eragon/ArUco/install/lab4_image_sender/share/lab4_image_sender/environment/path.sh
[16.615s] -- Installing: /home/eragon/ArUco/install/lab4_image_sender/share/lab4_image_sender/environment/path.dsv
[16.617s] -- Installing: /home/eragon/ArUco/install/lab4_image_sender/share/lab4_image_sender/local_setup.bash
[16.618s] -- Installing: /home/eragon/ArUco/install/lab4_image_sender/share/lab4_image_sender/local_setup.sh
[16.618s] -- Installing: /home/eragon/ArUco/install/lab4_image_sender/share/lab4_image_sender/local_setup.zsh
[16.618s] -- Installing: /home/eragon/ArUco/install/lab4_image_sender/share/lab4_image_sender/local_setup.dsv
[16.618s] -- Installing: /home/eragon/ArUco/install/lab4_image_sender/share/lab4_image_sender/package.dsv
[16.619s] -- Installing: /home/eragon/ArUco/install/lab4_image_sender/share/ament_index/resource_index/packages/lab4_image_sender
[16.619s] -- Installing: /home/eragon/ArUco/install/lab4_image_sender/share/lab4_image_sender/cmake/lab4_image_senderConfig.cmake
[16.619s] -- Installing: /home/eragon/ArUco/install/lab4_image_sender/share/lab4_image_sender/cmake/lab4_image_senderConfig-version.cmake
[16.619s] -- Installing: /home/eragon/ArUco/install/lab4_image_sender/share/lab4_image_sender/package.xml
[16.620s] Invoked command in '/home/eragon/ArUco/build/lab4_image_sender' returned '0': CMAKE_PREFIX_PATH=/opt/ros/humble /usr/bin/cmake --install /home/eragon/ArUco/build/lab4_image_sender
