/home/eragon/ArUco/src/robot_camera_processor/src/robot_camera_processor_node.cpp: In member function ‘void RobotCameraProcessor::image_callback(const ConstSharedPtr&)’:
/home/eragon/ArUco/src/robot_camera_processor/src/robot_camera_processor_node.cpp:107:39: warning: narrowing conversion of ‘((-((RobotCameraProcessor*)this)->RobotCameraProcessor::marker_size_) / (double)2)’ from ‘double’ to ‘float’ [-Wnarrowing]
  107 |                         {-marker_size_/2, marker_size_/2, 0},
      |                          ~~~~~~~~~~~~~^~
/home/eragon/ArUco/src/robot_camera_processor/src/robot_camera_processor_node.cpp:107:55: warning: narrowing conversion of ‘(((RobotCameraProcessor*)this)->RobotCameraProcessor::marker_size_ / (double)2)’ from ‘double’ to ‘float’ [-Wnarrowing]
  107 |                         {-marker_size_/2, marker_size_/2, 0},
      |                                           ~~~~~~~~~~~~^~
/home/eragon/ArUco/src/robot_camera_processor/src/robot_camera_processor_node.cpp:108:38: warning: narrowing conversion of ‘(((RobotCameraProcessor*)this)->RobotCameraProcessor::marker_size_ / (double)2)’ from ‘double’ to ‘float’ [-Wnarrowing]
  108 |                         {marker_size_/2, marker_size_/2, 0},
      |                          ~~~~~~~~~~~~^~
/home/eragon/ArUco/src/robot_camera_processor/src/robot_camera_processor_node.cpp:108:54: warning: narrowing conversion of ‘(((RobotCameraProcessor*)this)->RobotCameraProcessor::marker_size_ / (double)2)’ from ‘double’ to ‘float’ [-Wnarrowing]
  108 |                         {marker_size_/2, marker_size_/2, 0},
      |                                          ~~~~~~~~~~~~^~
/home/eragon/ArUco/src/robot_camera_processor/src/robot_camera_processor_node.cpp:109:38: warning: narrowing conversion of ‘(((RobotCameraProcessor*)this)->RobotCameraProcessor::marker_size_ / (double)2)’ from ‘double’ to ‘float’ [-Wnarrowing]
  109 |                         {marker_size_/2, -marker_size_/2, 0},
      |                          ~~~~~~~~~~~~^~
/home/eragon/ArUco/src/robot_camera_processor/src/robot_camera_processor_node.cpp:109:55: warning: narrowing conversion of ‘((-((RobotCameraProcessor*)this)->RobotCameraProcessor::marker_size_) / (double)2)’ from ‘double’ to ‘float’ [-Wnarrowing]
  109 |                         {marker_size_/2, -marker_size_/2, 0},
      |                                          ~~~~~~~~~~~~~^~
/home/eragon/ArUco/src/robot_camera_processor/src/robot_camera_processor_node.cpp:110:39: warning: narrowing conversion of ‘((-((RobotCameraProcessor*)this)->RobotCameraProcessor::marker_size_) / (double)2)’ from ‘double’ to ‘float’ [-Wnarrowing]
  110 |                         {-marker_size_/2, -marker_size_/2, 0}
      |                          ~~~~~~~~~~~~~^~
/home/eragon/ArUco/src/robot_camera_processor/src/robot_camera_processor_node.cpp:110:56: warning: narrowing conversion of ‘((-((RobotCameraProcessor*)this)->RobotCameraProcessor::marker_size_) / (double)2)’ from ‘double’ to ‘float’ [-Wnarrowing]
  110 |                         {-marker_size_/2, -marker_size_/2, 0}
      |                                           ~~~~~~~~~~~~~^~
/home/eragon/ArUco/src/robot_camera_processor/src/robot_camera_processor_node.cpp: In member function ‘void RobotCameraProcessor::publish_marker_pose(int, const Vec3d&, const Vec3d&)’:
/home/eragon/ArUco/src/robot_camera_processor/src/robot_camera_processor_node.cpp:152:34: warning: unused parameter ‘marker_id’ [-Wunused-parameter]
  152 |     void publish_marker_pose(int marker_id, const cv::Vec3d& rvec, const cv::Vec3d& tvec) {
      |                              ~~~~^~~~~~~~~
