[0.045s] Invoking command in '/home/eragon/ArUco/build/robot': CMAKE_PREFIX_PATH=${CMAKE_PREFIX_PATH}:/opt/ros/humble /usr/bin/cmake /home/eragon/ArUco/src/robot -G CodeBlocks - Unix Makefiles -DCMAKE_BUILD_TYPE=Debug -DCMAKE_INSTALL_PREFIX=/home/eragon/ArUco/install/robot
[0.215s] -- The C compiler identification is GNU 11.4.0
[0.407s] -- The CXX compiler identification is GNU 11.4.0
[0.506s] -- Detecting C compiler ABI info
[0.672s] -- Detecting C compiler ABI info - done
[0.690s] -- Check for working C compiler: /usr/bin/cc - skipped
[0.700s] -- Detecting C compile features
[0.701s] -- Detecting C compile features - done
[0.709s] -- Detecting CXX compiler ABI info
[0.909s] -- Detecting CXX compiler ABI info - done
[0.928s] -- Check for working CXX compiler: /usr/bin/c++ - skipped
[0.928s] -- Detecting CXX compile features
[0.928s] -- Detecting CXX compile features - done
[0.938s] -- Found ament_cmake: 1.3.11 (/opt/ros/humble/share/ament_cmake/cmake)
[1.347s] -- Found Python3: /usr/bin/python3 (found version "3.10.12") found components: Interpreter 
[1.651s] -- Found ament_lint_auto: 0.12.12 (/opt/ros/humble/share/ament_lint_auto/cmake)
[1.860s] -- Added test 'cppcheck' to perform static code analysis on C / C++ code
[1.860s] -- Configured cppcheck include dirs: 
[1.860s] -- Configured cppcheck exclude dirs and/or files: 
[1.862s] -- Added test 'flake8' to check Python code syntax and style conventions
[1.864s] -- Added test 'lint_cmake' to check CMake code style
[1.866s] -- Added test 'pep257' to check Python code against some of the docstring style conventions in PEP 257
[1.869s] -- Added test 'uncrustify' to check C / C++ code style
[1.869s] -- Configured uncrustify additional arguments: 
[1.871s] -- Added test 'xmllint' to check XML markup files
[1.882s] -- Configuring done
[1.891s] -- Generating done
[1.897s] -- Build files have been written to: /home/eragon/ArUco/build/robot
[1.910s] Invoked command in '/home/eragon/ArUco/build/robot' returned '0': CMAKE_PREFIX_PATH=${CMAKE_PREFIX_PATH}:/opt/ros/humble /usr/bin/cmake /home/eragon/ArUco/src/robot -G CodeBlocks - Unix Makefiles -DCMAKE_BUILD_TYPE=Debug -DCMAKE_INSTALL_PREFIX=/home/eragon/ArUco/install/robot
[1.912s] Invoking command in '/home/eragon/ArUco/build/robot': CMAKE_PREFIX_PATH=${CMAKE_PREFIX_PATH}:/opt/ros/humble /usr/bin/cmake --build /home/eragon/ArUco/build/robot -- -j8 -l8
[2.007s] Invoked command in '/home/eragon/ArUco/build/robot' returned '0': CMAKE_PREFIX_PATH=${CMAKE_PREFIX_PATH}:/opt/ros/humble /usr/bin/cmake --build /home/eragon/ArUco/build/robot -- -j8 -l8
[2.027s] Invoking command in '/home/eragon/ArUco/build/robot': CMAKE_PREFIX_PATH=${CMAKE_PREFIX_PATH}:/opt/ros/humble /usr/bin/cmake --install /home/eragon/ArUco/build/robot
[2.051s] -- Install configuration: "Debug"
[2.051s] -- Up-to-date: /home/eragon/ArUco/install/robot/share/robot/launch
[2.052s] -- Up-to-date: /home/eragon/ArUco/install/robot/share/robot/launch/robot_launch.py
[2.052s] -- Installing: /home/eragon/ArUco/install/robot/share/ament_index/resource_index/package_run_dependencies/robot
[2.052s] -- Installing: /home/eragon/ArUco/install/robot/share/ament_index/resource_index/parent_prefix_path/robot
[2.053s] -- Up-to-date: /home/eragon/ArUco/install/robot/share/robot/environment/ament_prefix_path.sh
[2.053s] -- Installing: /home/eragon/ArUco/install/robot/share/robot/environment/ament_prefix_path.dsv
[2.054s] -- Up-to-date: /home/eragon/ArUco/install/robot/share/robot/environment/path.sh
[2.054s] -- Installing: /home/eragon/ArUco/install/robot/share/robot/environment/path.dsv
[2.054s] -- Installing: /home/eragon/ArUco/install/robot/share/robot/local_setup.bash
[2.054s] -- Installing: /home/eragon/ArUco/install/robot/share/robot/local_setup.sh
[2.055s] -- Installing: /home/eragon/ArUco/install/robot/share/robot/local_setup.zsh
[2.055s] -- Installing: /home/eragon/ArUco/install/robot/share/robot/local_setup.dsv
[2.056s] -- Installing: /home/eragon/ArUco/install/robot/share/robot/package.dsv
[2.056s] -- Installing: /home/eragon/ArUco/install/robot/share/ament_index/resource_index/packages/robot
[2.056s] -- Installing: /home/eragon/ArUco/install/robot/share/robot/cmake/robotConfig.cmake
[2.057s] -- Installing: /home/eragon/ArUco/install/robot/share/robot/cmake/robotConfig-version.cmake
[2.057s] -- Up-to-date: /home/eragon/ArUco/install/robot/share/robot/package.xml
[2.062s] Invoked command in '/home/eragon/ArUco/build/robot' returned '0': CMAKE_PREFIX_PATH=${CMAKE_PREFIX_PATH}:/opt/ros/humble /usr/bin/cmake --install /home/eragon/ArUco/build/robot
