/home/eragon/ArUco/src/robot_camera_processor/src/robot_camera_processor_node.cpp: In member function ‘void RobotCameraProcessor::image_callback(const ConstSharedPtr&)’:
/home/eragon/ArUco/src/robot_camera_processor/src/robot_camera_processor_node.cpp:110:42: warning: narrowing conversion of ‘((-((RobotCameraProcessor*)this)->RobotCameraProcessor::marker_size_) / (double)2)’ from ‘double’ to ‘float’ [-Wnarrowing]
  110 |                         {0, -marker_size_/2, -marker_size_/2},   // Верхний левый
      |                             ~~~~~~~~~~~~~^~
/home/eragon/ArUco/src/robot_camera_processor/src/robot_camera_processor_node.cpp:110:59: warning: narrowing conversion of ‘((-((RobotCameraProcessor*)this)->RobotCameraProcessor::marker_size_) / (double)2)’ from ‘double’ to ‘float’ [-Wnarrowing]
  110 |                         {0, -marker_size_/2, -marker_size_/2},   // Верхний левый
      |                                              ~~~~~~~~~~~~~^~
/home/eragon/ArUco/src/robot_camera_processor/src/robot_camera_processor_node.cpp:111:42: warning: narrowing conversion of ‘(((RobotCameraProcessor*)this)->RobotCameraProcessor::marker_size_ / (double)2)’ from ‘double’ to ‘float’ [-Wnarrowing]
  111 |                         {0,  marker_size_/2, -marker_size_/2},   // Верхний правый
      |                              ~~~~~~~~~~~~^~
/home/eragon/ArUco/src/robot_camera_processor/src/robot_camera_processor_node.cpp:111:59: warning: narrowing conversion of ‘((-((RobotCameraProcessor*)this)->RobotCameraProcessor::marker_size_) / (double)2)’ from ‘double’ to ‘float’ [-Wnarrowing]
  111 |                         {0,  marker_size_/2, -marker_size_/2},   // Верхний правый
      |                                              ~~~~~~~~~~~~~^~
/home/eragon/ArUco/src/robot_camera_processor/src/robot_camera_processor_node.cpp:112:42: warning: narrowing conversion of ‘(((RobotCameraProcessor*)this)->RobotCameraProcessor::marker_size_ / (double)2)’ from ‘double’ to ‘float’ [-Wnarrowing]
  112 |                         {0,  marker_size_/2,  marker_size_/2},   // Нижний правый
      |                              ~~~~~~~~~~~~^~
/home/eragon/ArUco/src/robot_camera_processor/src/robot_camera_processor_node.cpp:112:59: warning: narrowing conversion of ‘(((RobotCameraProcessor*)this)->RobotCameraProcessor::marker_size_ / (double)2)’ from ‘double’ to ‘float’ [-Wnarrowing]
  112 |                         {0,  marker_size_/2,  marker_size_/2},   // Нижний правый
      |                                               ~~~~~~~~~~~~^~
/home/eragon/ArUco/src/robot_camera_processor/src/robot_camera_processor_node.cpp:113:42: warning: narrowing conversion of ‘((-((RobotCameraProcessor*)this)->RobotCameraProcessor::marker_size_) / (double)2)’ from ‘double’ to ‘float’ [-Wnarrowing]
  113 |                         {0, -marker_size_/2,  marker_size_/2}    // Нижний левый
      |                             ~~~~~~~~~~~~~^~
/home/eragon/ArUco/src/robot_camera_processor/src/robot_camera_processor_node.cpp:113:59: warning: narrowing conversion of ‘(((RobotCameraProcessor*)this)->RobotCameraProcessor::marker_size_ / (double)2)’ from ‘double’ to ‘float’ [-Wnarrowing]
  113 |                         {0, -marker_size_/2,  marker_size_/2}    // Нижний левый
      |                                               ~~~~~~~~~~~~^~
/home/eragon/ArUco/src/robot_camera_processor/src/robot_camera_processor_node.cpp: In member function ‘void RobotCameraProcessor::publish_marker_pose(int, const Vec3d&, const Vec3d&)’:
/home/eragon/ArUco/src/robot_camera_processor/src/robot_camera_processor_node.cpp:151:34: warning: unused parameter ‘marker_id’ [-Wunused-parameter]
  151 |     void publish_marker_pose(int marker_id, const cv::Vec3d& rvec, const cv::Vec3d& tvec) {
      |                              ~~~~^~~~~~~~~
