[0.056s] Invoking command in '/home/eragon/ArUco/build/robot_camera_processor': CMAKE_PREFIX_PATH=${CMAKE_PREFIX_PATH}:/opt/ros/humble /usr/bin/cmake --build /home/eragon/ArUco/build/robot_camera_processor -- -j8 -l8
[0.186s] Consolidate compiler generated dependencies of target robot_camera_processor_node
[0.249s] [ 50%] Building CXX object CMakeFiles/robot_camera_processor_node.dir/src/robot_camera_processor_node.cpp.o
[7.528s] /home/eragon/ArUco/src/robot_camera_processor/src/robot_camera_processor_node.cpp: In member function ‘void RobotCameraProcessor::image_callback(const ConstSharedPtr&)’:
[7.528s] /home/eragon/ArUco/src/robot_camera_processor/src/robot_camera_processor_node.cpp:112:42: warning: narrowing conversion of ‘((-((RobotCameraProcessor*)this)->RobotCameraProcessor::marker_size_) / (double)2)’ from ‘double’ to ‘float’ [-Wnarrowing]
[7.528s]   112 |                         {0, -marker_size_/2, -marker_size_/2},
[7.528s]       |                             ~~~~~~~~~~~~~^~
[7.528s] /home/eragon/ArUco/src/robot_camera_processor/src/robot_camera_processor_node.cpp:112:59: warning: narrowing conversion of ‘((-((RobotCameraProcessor*)this)->RobotCameraProcessor::marker_size_) / (double)2)’ from ‘double’ to ‘float’ [-Wnarrowing]
[7.529s]   112 |                         {0, -marker_size_/2, -marker_size_/2},
[7.529s]       |                                              ~~~~~~~~~~~~~^~
[7.529s] /home/eragon/ArUco/src/robot_camera_processor/src/robot_camera_processor_node.cpp:113:42: warning: narrowing conversion of ‘(((RobotCameraProcessor*)this)->RobotCameraProcessor::marker_size_ / (double)2)’ from ‘double’ to ‘float’ [-Wnarrowing]
[7.529s]   113 |                         {0,  marker_size_/2, -marker_size_/2},
[7.529s]       |                              ~~~~~~~~~~~~^~
[7.529s] /home/eragon/ArUco/src/robot_camera_processor/src/robot_camera_processor_node.cpp:113:59: warning: narrowing conversion of ‘((-((RobotCameraProcessor*)this)->RobotCameraProcessor::marker_size_) / (double)2)’ from ‘double’ to ‘float’ [-Wnarrowing]
[7.529s]   113 |                         {0,  marker_size_/2, -marker_size_/2},
[7.529s]       |                                              ~~~~~~~~~~~~~^~
[7.530s] /home/eragon/ArUco/src/robot_camera_processor/src/robot_camera_processor_node.cpp:114:42: warning: narrowing conversion of ‘(((RobotCameraProcessor*)this)->RobotCameraProcessor::marker_size_ / (double)2)’ from ‘double’ to ‘float’ [-Wnarrowing]
[7.530s]   114 |                         {0,  marker_size_/2,  marker_size_/2},
[7.530s]       |                              ~~~~~~~~~~~~^~
[7.530s] /home/eragon/ArUco/src/robot_camera_processor/src/robot_camera_processor_node.cpp:114:59: warning: narrowing conversion of ‘(((RobotCameraProcessor*)this)->RobotCameraProcessor::marker_size_ / (double)2)’ from ‘double’ to ‘float’ [-Wnarrowing]
[7.530s]   114 |                         {0,  marker_size_/2,  marker_size_/2},
[7.530s]       |                                               ~~~~~~~~~~~~^~
[7.531s] /home/eragon/ArUco/src/robot_camera_processor/src/robot_camera_processor_node.cpp:115:42: warning: narrowing conversion of ‘((-((RobotCameraProcessor*)this)->RobotCameraProcessor::marker_size_) / (double)2)’ from ‘double’ to ‘float’ [-Wnarrowing]
[7.531s]   115 |                         {0, -marker_size_/2,  marker_size_/2}
[7.531s]       |                             ~~~~~~~~~~~~~^~
[7.531s] /home/eragon/ArUco/src/robot_camera_processor/src/robot_camera_processor_node.cpp:115:59: warning: narrowing conversion of ‘(((RobotCameraProcessor*)this)->RobotCameraProcessor::marker_size_ / (double)2)’ from ‘double’ to ‘float’ [-Wnarrowing]
[7.531s]   115 |                         {0, -marker_size_/2,  marker_size_/2}
[7.531s]       |                                               ~~~~~~~~~~~~^~
[7.547s] /home/eragon/ArUco/src/robot_camera_processor/src/robot_camera_processor_node.cpp: In member function ‘void RobotCameraProcessor::publish_marker_pose(int, const Vec3d&, const Vec3d&)’:
[7.548s] /home/eragon/ArUco/src/robot_camera_processor/src/robot_camera_processor_node.cpp:161:34: warning: unused parameter ‘marker_id’ [-Wunused-parameter]
[7.548s]   161 |     void publish_marker_pose(int marker_id, const cv::Vec3d& rvec, const cv::Vec3d& corrected_tvec) {
[7.548s]       |                              ~~~~^~~~~~~~~
[15.522s] [100%] Linking CXX executable robot_camera_processor_node
[16.889s] [100%] Built target robot_camera_processor_node
[16.912s] Invoked command in '/home/eragon/ArUco/build/robot_camera_processor' returned '0': CMAKE_PREFIX_PATH=${CMAKE_PREFIX_PATH}:/opt/ros/humble /usr/bin/cmake --build /home/eragon/ArUco/build/robot_camera_processor -- -j8 -l8
[16.917s] Invoking command in '/home/eragon/ArUco/build/robot_camera_processor': CMAKE_PREFIX_PATH=${CMAKE_PREFIX_PATH}:/opt/ros/humble /usr/bin/cmake --install /home/eragon/ArUco/build/robot_camera_processor
[16.930s] -- Install configuration: "Debug"
[16.931s] -- Installing: /home/eragon/ArUco/install/robot_camera_processor/lib/robot_camera_processor/robot_camera_processor_node
[16.939s] -- Set runtime path of "/home/eragon/ArUco/install/robot_camera_processor/lib/robot_camera_processor/robot_camera_processor_node" to ""
[16.940s] -- Up-to-date: /home/eragon/ArUco/install/robot_camera_processor/share/ament_index/resource_index/package_run_dependencies/robot_camera_processor
[16.940s] -- Up-to-date: /home/eragon/ArUco/install/robot_camera_processor/share/ament_index/resource_index/parent_prefix_path/robot_camera_processor
[16.940s] -- Up-to-date: /home/eragon/ArUco/install/robot_camera_processor/share/robot_camera_processor/environment/ament_prefix_path.sh
[16.940s] -- Up-to-date: /home/eragon/ArUco/install/robot_camera_processor/share/robot_camera_processor/environment/ament_prefix_path.dsv
[16.940s] -- Up-to-date: /home/eragon/ArUco/install/robot_camera_processor/share/robot_camera_processor/environment/path.sh
[16.940s] -- Up-to-date: /home/eragon/ArUco/install/robot_camera_processor/share/robot_camera_processor/environment/path.dsv
[16.941s] -- Up-to-date: /home/eragon/ArUco/install/robot_camera_processor/share/robot_camera_processor/local_setup.bash
[16.941s] -- Up-to-date: /home/eragon/ArUco/install/robot_camera_processor/share/robot_camera_processor/local_setup.sh
[16.941s] -- Up-to-date: /home/eragon/ArUco/install/robot_camera_processor/share/robot_camera_processor/local_setup.zsh
[16.941s] -- Up-to-date: /home/eragon/ArUco/install/robot_camera_processor/share/robot_camera_processor/local_setup.dsv
[16.941s] -- Installing: /home/eragon/ArUco/install/robot_camera_processor/share/robot_camera_processor/package.dsv
[16.942s] -- Up-to-date: /home/eragon/ArUco/install/robot_camera_processor/share/ament_index/resource_index/packages/robot_camera_processor
[16.942s] -- Up-to-date: /home/eragon/ArUco/install/robot_camera_processor/share/robot_camera_processor/cmake/robot_camera_processorConfig.cmake
[16.942s] -- Up-to-date: /home/eragon/ArUco/install/robot_camera_processor/share/robot_camera_processor/cmake/robot_camera_processorConfig-version.cmake
[16.942s] -- Up-to-date: /home/eragon/ArUco/install/robot_camera_processor/share/robot_camera_processor/package.xml
[16.945s] Invoked command in '/home/eragon/ArUco/build/robot_camera_processor' returned '0': CMAKE_PREFIX_PATH=${CMAKE_PREFIX_PATH}:/opt/ros/humble /usr/bin/cmake --install /home/eragon/ArUco/build/robot_camera_processor
