[0.206s] DEBUG:colcon:Command line arguments: ['/usr/bin/colcon', 'build', '--event-handlers', 'status+', 'console_start_end+', '--cmake-args', '-G', 'CodeBlocks - Unix Makefiles', '-DCMAKE_BUILD_TYPE=Debug']
[0.206s] DEBUG:colcon:Parsed command line arguments: Namespace(log_base=None, log_level=None, verb_name='build', build_base='build', install_base='install', merge_install=False, symlink_install=False, test_result_base=None, continue_on_error=False, executor='parallel', parallel_workers=8, event_handlers=['status+', 'console_start_end+'], ignore_user_meta=False, metas=['./colcon.meta'], base_paths=['.'], packages_ignore=None, packages_ignore_regex=None, paths=None, packages_up_to=None, packages_up_to_regex=None, packages_above=None, packages_above_and_dependencies=None, packages_above_depth=None, packages_select_by_dep=None, packages_skip_by_dep=None, packages_skip_up_to=None, packages_select_build_failed=False, packages_skip_build_finished=False, packages_select_test_failures=False, packages_skip_test_passed=False, packages_select=None, packages_skip=None, packages_select_regex=None, packages_skip_regex=None, packages_start=None, packages_end=None, allow_overriding=[], cmake_args=['-G', 'CodeBlocks - Unix Makefiles', '-DCMAKE_BUILD_TYPE=Debug'], cmake_target=None, cmake_target_skip_unavailable=False, cmake_clean_cache=False, cmake_clean_first=False, cmake_force_configure=False, ament_cmake_args=None, catkin_cmake_args=None, catkin_skip_building_tests=False, mixin_files=None, mixin=None, verb_parser=<colcon_mixin.mixin.mixin_argument.MixinArgumentDecorator object at 0x76ddfa111930>, verb_extension=<colcon_core.verb.build.BuildVerb object at 0x76ddfa111240>, main=<bound method BuildVerb.main of <colcon_core.verb.build.BuildVerb object at 0x76ddfa111240>>, mixin_verb=('build',))
[0.466s] Level 1:colcon.colcon_core.package_discovery:discover_packages(colcon_meta) check parameters
[0.466s] Level 1:colcon.colcon_core.package_discovery:discover_packages(recursive) check parameters
[0.466s] Level 1:colcon.colcon_core.package_discovery:discover_packages(ignore) check parameters
[0.466s] Level 1:colcon.colcon_core.package_discovery:discover_packages(path) check parameters
[0.466s] Level 1:colcon.colcon_core.package_discovery:discover_packages(colcon_meta) discover
[0.466s] Level 1:colcon.colcon_core.package_discovery:discover_packages(recursive) discover
[0.466s] INFO:colcon.colcon_core.package_discovery:Crawling recursively for packages in '/home/eragon/ArUco'
[0.466s] Level 1:colcon.colcon_core.package_identification:_identify(.) by extensions ['ignore', 'ignore_ament_install']
[0.466s] Level 1:colcon.colcon_core.package_identification:_identify(.) by extension 'ignore'
[0.466s] Level 1:colcon.colcon_core.package_identification:_identify(.) by extension 'ignore_ament_install'
[0.466s] Level 1:colcon.colcon_core.package_identification:_identify(.) by extensions ['colcon_pkg']
[0.466s] Level 1:colcon.colcon_core.package_identification:_identify(.) by extension 'colcon_pkg'
[0.467s] Level 1:colcon.colcon_core.package_identification:_identify(.) by extensions ['colcon_meta']
[0.467s] Level 1:colcon.colcon_core.package_identification:_identify(.) by extension 'colcon_meta'
[0.467s] Level 1:colcon.colcon_core.package_identification:_identify(.) by extensions ['ros']
[0.467s] Level 1:colcon.colcon_core.package_identification:_identify(.) by extension 'ros'
[0.482s] Level 1:colcon.colcon_core.package_identification:_identify(.) by extensions ['cmake', 'python']
[0.482s] Level 1:colcon.colcon_core.package_identification:_identify(.) by extension 'cmake'
[0.482s] Level 1:colcon.colcon_core.package_identification:_identify(.) by extension 'python'
[0.483s] Level 1:colcon.colcon_core.package_identification:_identify(.) by extensions ['python_setup_py']
[0.483s] Level 1:colcon.colcon_core.package_identification:_identify(.) by extension 'python_setup_py'
[0.491s] Level 1:colcon.colcon_core.package_identification:_identify(build) by extensions ['ignore', 'ignore_ament_install']
[0.492s] Level 1:colcon.colcon_core.package_identification:_identify(build) by extension 'ignore'
[0.492s] Level 1:colcon.colcon_core.package_identification:_identify(build) ignored
[0.492s] Level 1:colcon.colcon_core.package_identification:_identify(install) by extensions ['ignore', 'ignore_ament_install']
[0.492s] Level 1:colcon.colcon_core.package_identification:_identify(install) by extension 'ignore'
[0.493s] Level 1:colcon.colcon_core.package_identification:_identify(install) ignored
[0.493s] Level 1:colcon.colcon_core.package_identification:_identify(log) by extensions ['ignore', 'ignore_ament_install']
[0.493s] Level 1:colcon.colcon_core.package_identification:_identify(log) by extension 'ignore'
[0.493s] Level 1:colcon.colcon_core.package_identification:_identify(log) ignored
[0.494s] Level 1:colcon.colcon_core.package_identification:_identify(src) by extensions ['ignore', 'ignore_ament_install']
[0.494s] Level 1:colcon.colcon_core.package_identification:_identify(src) by extension 'ignore'
[0.494s] Level 1:colcon.colcon_core.package_identification:_identify(src) by extension 'ignore_ament_install'
[0.494s] Level 1:colcon.colcon_core.package_identification:_identify(src) by extensions ['colcon_pkg']
[0.495s] Level 1:colcon.colcon_core.package_identification:_identify(src) by extension 'colcon_pkg'
[0.495s] Level 1:colcon.colcon_core.package_identification:_identify(src) by extensions ['colcon_meta']
[0.495s] Level 1:colcon.colcon_core.package_identification:_identify(src) by extension 'colcon_meta'
[0.495s] Level 1:colcon.colcon_core.package_identification:_identify(src) by extensions ['ros']
[0.495s] Level 1:colcon.colcon_core.package_identification:_identify(src) by extension 'ros'
[0.495s] Level 1:colcon.colcon_core.package_identification:_identify(src) by extensions ['cmake', 'python']
[0.495s] Level 1:colcon.colcon_core.package_identification:_identify(src) by extension 'cmake'
[0.495s] Level 1:colcon.colcon_core.package_identification:_identify(src) by extension 'python'
[0.495s] Level 1:colcon.colcon_core.package_identification:_identify(src) by extensions ['python_setup_py']
[0.496s] Level 1:colcon.colcon_core.package_identification:_identify(src) by extension 'python_setup_py'
[0.496s] Level 1:colcon.colcon_core.package_identification:_identify(src/robot) by extensions ['ignore', 'ignore_ament_install']
[0.496s] Level 1:colcon.colcon_core.package_identification:_identify(src/robot) by extension 'ignore'
[0.496s] Level 1:colcon.colcon_core.package_identification:_identify(src/robot) by extension 'ignore_ament_install'
[0.496s] Level 1:colcon.colcon_core.package_identification:_identify(src/robot) by extensions ['colcon_pkg']
[0.496s] Level 1:colcon.colcon_core.package_identification:_identify(src/robot) by extension 'colcon_pkg'
[0.496s] Level 1:colcon.colcon_core.package_identification:_identify(src/robot) by extensions ['colcon_meta']
[0.496s] Level 1:colcon.colcon_core.package_identification:_identify(src/robot) by extension 'colcon_meta'
[0.497s] Level 1:colcon.colcon_core.package_identification:_identify(src/robot) by extensions ['ros']
[0.497s] Level 1:colcon.colcon_core.package_identification:_identify(src/robot) by extension 'ros'
[0.502s] DEBUG:colcon.colcon_core.package_identification:Package 'src/robot' with type 'ros.ament_cmake' and name 'robot'
[0.502s] Level 1:colcon.colcon_core.package_identification:_identify(src/robot_camera_processor) by extensions ['ignore', 'ignore_ament_install']
[0.502s] Level 1:colcon.colcon_core.package_identification:_identify(src/robot_camera_processor) by extension 'ignore'
[0.502s] Level 1:colcon.colcon_core.package_identification:_identify(src/robot_camera_processor) by extension 'ignore_ament_install'
[0.502s] Level 1:colcon.colcon_core.package_identification:_identify(src/robot_camera_processor) by extensions ['colcon_pkg']
[0.502s] Level 1:colcon.colcon_core.package_identification:_identify(src/robot_camera_processor) by extension 'colcon_pkg'
[0.502s] Level 1:colcon.colcon_core.package_identification:_identify(src/robot_camera_processor) by extensions ['colcon_meta']
[0.502s] Level 1:colcon.colcon_core.package_identification:_identify(src/robot_camera_processor) by extension 'colcon_meta'
[0.502s] Level 1:colcon.colcon_core.package_identification:_identify(src/robot_camera_processor) by extensions ['ros']
[0.502s] Level 1:colcon.colcon_core.package_identification:_identify(src/robot_camera_processor) by extension 'ros'
[0.504s] DEBUG:colcon.colcon_core.package_identification:Package 'src/robot_camera_processor' with type 'ros.ament_cmake' and name 'robot_camera_processor'
[0.504s] Level 1:colcon.colcon_core.package_identification:_identify(src/robot_odometry) by extensions ['ignore', 'ignore_ament_install']
[0.505s] Level 1:colcon.colcon_core.package_identification:_identify(src/robot_odometry) by extension 'ignore'
[0.505s] Level 1:colcon.colcon_core.package_identification:_identify(src/robot_odometry) by extension 'ignore_ament_install'
[0.505s] Level 1:colcon.colcon_core.package_identification:_identify(src/robot_odometry) by extensions ['colcon_pkg']
[0.505s] Level 1:colcon.colcon_core.package_identification:_identify(src/robot_odometry) by extension 'colcon_pkg'
[0.505s] Level 1:colcon.colcon_core.package_identification:_identify(src/robot_odometry) by extensions ['colcon_meta']
[0.505s] Level 1:colcon.colcon_core.package_identification:_identify(src/robot_odometry) by extension 'colcon_meta'
[0.505s] Level 1:colcon.colcon_core.package_identification:_identify(src/robot_odometry) by extensions ['ros']
[0.505s] Level 1:colcon.colcon_core.package_identification:_identify(src/robot_odometry) by extension 'ros'
[0.506s] DEBUG:colcon.colcon_core.package_identification:Package 'src/robot_odometry' with type 'ros.ament_cmake' and name 'robot_odometry'
[0.506s] Level 1:colcon.colcon_core.package_identification:_identify(src/robot_teleop) by extensions ['ignore', 'ignore_ament_install']
[0.506s] Level 1:colcon.colcon_core.package_identification:_identify(src/robot_teleop) by extension 'ignore'
[0.506s] Level 1:colcon.colcon_core.package_identification:_identify(src/robot_teleop) by extension 'ignore_ament_install'
[0.506s] Level 1:colcon.colcon_core.package_identification:_identify(src/robot_teleop) by extensions ['colcon_pkg']
[0.506s] Level 1:colcon.colcon_core.package_identification:_identify(src/robot_teleop) by extension 'colcon_pkg'
[0.506s] Level 1:colcon.colcon_core.package_identification:_identify(src/robot_teleop) by extensions ['colcon_meta']
[0.506s] Level 1:colcon.colcon_core.package_identification:_identify(src/robot_teleop) by extension 'colcon_meta'
[0.507s] Level 1:colcon.colcon_core.package_identification:_identify(src/robot_teleop) by extensions ['ros']
[0.507s] Level 1:colcon.colcon_core.package_identification:_identify(src/robot_teleop) by extension 'ros'
[0.508s] DEBUG:colcon.colcon_core.package_identification:Package 'src/robot_teleop' with type 'ros.ament_cmake' and name 'robot_teleop'
[0.508s] Level 1:colcon.colcon_core.package_identification:_identify(src/test_robot_plugin) by extensions ['ignore', 'ignore_ament_install']
[0.508s] Level 1:colcon.colcon_core.package_identification:_identify(src/test_robot_plugin) by extension 'ignore'
[0.509s] Level 1:colcon.colcon_core.package_identification:_identify(src/test_robot_plugin) by extension 'ignore_ament_install'
[0.509s] Level 1:colcon.colcon_core.package_identification:_identify(src/test_robot_plugin) by extensions ['colcon_pkg']
[0.509s] Level 1:colcon.colcon_core.package_identification:_identify(src/test_robot_plugin) by extension 'colcon_pkg'
[0.509s] Level 1:colcon.colcon_core.package_identification:_identify(src/test_robot_plugin) by extensions ['colcon_meta']
[0.509s] Level 1:colcon.colcon_core.package_identification:_identify(src/test_robot_plugin) by extension 'colcon_meta'
[0.509s] Level 1:colcon.colcon_core.package_identification:_identify(src/test_robot_plugin) by extensions ['ros']
[0.509s] Level 1:colcon.colcon_core.package_identification:_identify(src/test_robot_plugin) by extension 'ros'
[0.510s] DEBUG:colcon.colcon_core.package_identification:Package 'src/test_robot_plugin' with type 'ros.ament_cmake' and name 'test_robot_plugin'
[0.510s] Level 1:colcon.colcon_core.package_discovery:discover_packages(recursive) using defaults
[0.510s] Level 1:colcon.colcon_core.package_discovery:discover_packages(ignore) discover
[0.510s] Level 1:colcon.colcon_core.package_discovery:discover_packages(ignore) using defaults
[0.510s] Level 1:colcon.colcon_core.package_discovery:discover_packages(path) discover
[0.510s] Level 1:colcon.colcon_core.package_discovery:discover_packages(path) using defaults
[0.562s] Level 1:colcon.colcon_core.package_discovery:discover_packages(prefix_path) check parameters
[0.562s] Level 1:colcon.colcon_core.package_discovery:discover_packages(prefix_path) discover
[0.566s] DEBUG:colcon.colcon_installed_package_information.package_discovery:Found 11 installed packages in /home/eragon/ArUco/install
[0.568s] DEBUG:colcon.colcon_installed_package_information.package_discovery:Found 284 installed packages in /opt/ros/humble
[0.570s] Level 1:colcon.colcon_core.package_discovery:discover_packages(prefix_path) using defaults
[0.622s] Level 5:colcon.colcon_core.verb:set package 'robot' build argument 'cmake_args' from command line to '['-G', 'CodeBlocks - Unix Makefiles', '-DCMAKE_BUILD_TYPE=Debug']'
[0.622s] Level 5:colcon.colcon_core.verb:set package 'robot' build argument 'cmake_target' from command line to 'None'
[0.622s] Level 5:colcon.colcon_core.verb:set package 'robot' build argument 'cmake_target_skip_unavailable' from command line to 'False'
[0.622s] Level 5:colcon.colcon_core.verb:set package 'robot' build argument 'cmake_clean_cache' from command line to 'False'
[0.622s] Level 5:colcon.colcon_core.verb:set package 'robot' build argument 'cmake_clean_first' from command line to 'False'
[0.622s] Level 5:colcon.colcon_core.verb:set package 'robot' build argument 'cmake_force_configure' from command line to 'False'
[0.622s] Level 5:colcon.colcon_core.verb:set package 'robot' build argument 'ament_cmake_args' from command line to 'None'
[0.622s] Level 5:colcon.colcon_core.verb:set package 'robot' build argument 'catkin_cmake_args' from command line to 'None'
[0.622s] Level 5:colcon.colcon_core.verb:set package 'robot' build argument 'catkin_skip_building_tests' from command line to 'False'
[0.622s] DEBUG:colcon.colcon_core.verb:Building package 'robot' with the following arguments: {'ament_cmake_args': None, 'build_base': '/home/eragon/ArUco/build/robot', 'catkin_cmake_args': None, 'catkin_skip_building_tests': False, 'cmake_args': ['-G', 'CodeBlocks - Unix Makefiles', '-DCMAKE_BUILD_TYPE=Debug'], 'cmake_clean_cache': False, 'cmake_clean_first': False, 'cmake_force_configure': False, 'cmake_target': None, 'cmake_target_skip_unavailable': False, 'install_base': '/home/eragon/ArUco/install/robot', 'merge_install': False, 'path': '/home/eragon/ArUco/src/robot', 'symlink_install': False, 'test_result_base': None}
[0.623s] Level 5:colcon.colcon_core.verb:set package 'robot_camera_processor' build argument 'cmake_args' from command line to '['-G', 'CodeBlocks - Unix Makefiles', '-DCMAKE_BUILD_TYPE=Debug']'
[0.623s] Level 5:colcon.colcon_core.verb:set package 'robot_camera_processor' build argument 'cmake_target' from command line to 'None'
[0.623s] Level 5:colcon.colcon_core.verb:set package 'robot_camera_processor' build argument 'cmake_target_skip_unavailable' from command line to 'False'
[0.623s] Level 5:colcon.colcon_core.verb:set package 'robot_camera_processor' build argument 'cmake_clean_cache' from command line to 'False'
[0.623s] Level 5:colcon.colcon_core.verb:set package 'robot_camera_processor' build argument 'cmake_clean_first' from command line to 'False'
[0.623s] Level 5:colcon.colcon_core.verb:set package 'robot_camera_processor' build argument 'cmake_force_configure' from command line to 'False'
[0.623s] Level 5:colcon.colcon_core.verb:set package 'robot_camera_processor' build argument 'ament_cmake_args' from command line to 'None'
[0.623s] Level 5:colcon.colcon_core.verb:set package 'robot_camera_processor' build argument 'catkin_cmake_args' from command line to 'None'
[0.623s] Level 5:colcon.colcon_core.verb:set package 'robot_camera_processor' build argument 'catkin_skip_building_tests' from command line to 'False'
[0.623s] DEBUG:colcon.colcon_core.verb:Building package 'robot_camera_processor' with the following arguments: {'ament_cmake_args': None, 'build_base': '/home/eragon/ArUco/build/robot_camera_processor', 'catkin_cmake_args': None, 'catkin_skip_building_tests': False, 'cmake_args': ['-G', 'CodeBlocks - Unix Makefiles', '-DCMAKE_BUILD_TYPE=Debug'], 'cmake_clean_cache': False, 'cmake_clean_first': False, 'cmake_force_configure': False, 'cmake_target': None, 'cmake_target_skip_unavailable': False, 'install_base': '/home/eragon/ArUco/install/robot_camera_processor', 'merge_install': False, 'path': '/home/eragon/ArUco/src/robot_camera_processor', 'symlink_install': False, 'test_result_base': None}
[0.624s] Level 5:colcon.colcon_core.verb:set package 'robot_odometry' build argument 'cmake_args' from command line to '['-G', 'CodeBlocks - Unix Makefiles', '-DCMAKE_BUILD_TYPE=Debug']'
[0.624s] Level 5:colcon.colcon_core.verb:set package 'robot_odometry' build argument 'cmake_target' from command line to 'None'
[0.624s] Level 5:colcon.colcon_core.verb:set package 'robot_odometry' build argument 'cmake_target_skip_unavailable' from command line to 'False'
[0.624s] Level 5:colcon.colcon_core.verb:set package 'robot_odometry' build argument 'cmake_clean_cache' from command line to 'False'
[0.624s] Level 5:colcon.colcon_core.verb:set package 'robot_odometry' build argument 'cmake_clean_first' from command line to 'False'
[0.624s] Level 5:colcon.colcon_core.verb:set package 'robot_odometry' build argument 'cmake_force_configure' from command line to 'False'
[0.624s] Level 5:colcon.colcon_core.verb:set package 'robot_odometry' build argument 'ament_cmake_args' from command line to 'None'
[0.624s] Level 5:colcon.colcon_core.verb:set package 'robot_odometry' build argument 'catkin_cmake_args' from command line to 'None'
[0.624s] Level 5:colcon.colcon_core.verb:set package 'robot_odometry' build argument 'catkin_skip_building_tests' from command line to 'False'
[0.624s] DEBUG:colcon.colcon_core.verb:Building package 'robot_odometry' with the following arguments: {'ament_cmake_args': None, 'build_base': '/home/eragon/ArUco/build/robot_odometry', 'catkin_cmake_args': None, 'catkin_skip_building_tests': False, 'cmake_args': ['-G', 'CodeBlocks - Unix Makefiles', '-DCMAKE_BUILD_TYPE=Debug'], 'cmake_clean_cache': False, 'cmake_clean_first': False, 'cmake_force_configure': False, 'cmake_target': None, 'cmake_target_skip_unavailable': False, 'install_base': '/home/eragon/ArUco/install/robot_odometry', 'merge_install': False, 'path': '/home/eragon/ArUco/src/robot_odometry', 'symlink_install': False, 'test_result_base': None}
[0.624s] Level 5:colcon.colcon_core.verb:set package 'robot_teleop' build argument 'cmake_args' from command line to '['-G', 'CodeBlocks - Unix Makefiles', '-DCMAKE_BUILD_TYPE=Debug']'
[0.625s] Level 5:colcon.colcon_core.verb:set package 'robot_teleop' build argument 'cmake_target' from command line to 'None'
[0.625s] Level 5:colcon.colcon_core.verb:set package 'robot_teleop' build argument 'cmake_target_skip_unavailable' from command line to 'False'
[0.625s] Level 5:colcon.colcon_core.verb:set package 'robot_teleop' build argument 'cmake_clean_cache' from command line to 'False'
[0.625s] Level 5:colcon.colcon_core.verb:set package 'robot_teleop' build argument 'cmake_clean_first' from command line to 'False'
[0.625s] Level 5:colcon.colcon_core.verb:set package 'robot_teleop' build argument 'cmake_force_configure' from command line to 'False'
[0.625s] Level 5:colcon.colcon_core.verb:set package 'robot_teleop' build argument 'ament_cmake_args' from command line to 'None'
[0.625s] Level 5:colcon.colcon_core.verb:set package 'robot_teleop' build argument 'catkin_cmake_args' from command line to 'None'
[0.625s] Level 5:colcon.colcon_core.verb:set package 'robot_teleop' build argument 'catkin_skip_building_tests' from command line to 'False'
[0.625s] DEBUG:colcon.colcon_core.verb:Building package 'robot_teleop' with the following arguments: {'ament_cmake_args': None, 'build_base': '/home/eragon/ArUco/build/robot_teleop', 'catkin_cmake_args': None, 'catkin_skip_building_tests': False, 'cmake_args': ['-G', 'CodeBlocks - Unix Makefiles', '-DCMAKE_BUILD_TYPE=Debug'], 'cmake_clean_cache': False, 'cmake_clean_first': False, 'cmake_force_configure': False, 'cmake_target': None, 'cmake_target_skip_unavailable': False, 'install_base': '/home/eragon/ArUco/install/robot_teleop', 'merge_install': False, 'path': '/home/eragon/ArUco/src/robot_teleop', 'symlink_install': False, 'test_result_base': None}
[0.625s] Level 5:colcon.colcon_core.verb:set package 'test_robot_plugin' build argument 'cmake_args' from command line to '['-G', 'CodeBlocks - Unix Makefiles', '-DCMAKE_BUILD_TYPE=Debug']'
[0.625s] Level 5:colcon.colcon_core.verb:set package 'test_robot_plugin' build argument 'cmake_target' from command line to 'None'
[0.625s] Level 5:colcon.colcon_core.verb:set package 'test_robot_plugin' build argument 'cmake_target_skip_unavailable' from command line to 'False'
[0.625s] Level 5:colcon.colcon_core.verb:set package 'test_robot_plugin' build argument 'cmake_clean_cache' from command line to 'False'
[0.625s] Level 5:colcon.colcon_core.verb:set package 'test_robot_plugin' build argument 'cmake_clean_first' from command line to 'False'
[0.626s] Level 5:colcon.colcon_core.verb:set package 'test_robot_plugin' build argument 'cmake_force_configure' from command line to 'False'
[0.626s] Level 5:colcon.colcon_core.verb:set package 'test_robot_plugin' build argument 'ament_cmake_args' from command line to 'None'
[0.626s] Level 5:colcon.colcon_core.verb:set package 'test_robot_plugin' build argument 'catkin_cmake_args' from command line to 'None'
[0.626s] Level 5:colcon.colcon_core.verb:set package 'test_robot_plugin' build argument 'catkin_skip_building_tests' from command line to 'False'
[0.626s] DEBUG:colcon.colcon_core.verb:Building package 'test_robot_plugin' with the following arguments: {'ament_cmake_args': None, 'build_base': '/home/eragon/ArUco/build/test_robot_plugin', 'catkin_cmake_args': None, 'catkin_skip_building_tests': False, 'cmake_args': ['-G', 'CodeBlocks - Unix Makefiles', '-DCMAKE_BUILD_TYPE=Debug'], 'cmake_clean_cache': False, 'cmake_clean_first': False, 'cmake_force_configure': False, 'cmake_target': None, 'cmake_target_skip_unavailable': False, 'install_base': '/home/eragon/ArUco/install/test_robot_plugin', 'merge_install': False, 'path': '/home/eragon/ArUco/src/test_robot_plugin', 'symlink_install': False, 'test_result_base': None}
[0.626s] INFO:colcon.colcon_core.executor:Executing jobs using 'parallel' executor
[0.627s] DEBUG:colcon.colcon_parallel_executor.executor.parallel:run_until_complete
[0.628s] INFO:colcon.colcon_ros.task.ament_cmake.build:Building ROS package in '/home/eragon/ArUco/src/robot' with build type 'ament_cmake'
[0.628s] INFO:colcon.colcon_cmake.task.cmake.build:Building CMake package in '/home/eragon/ArUco/src/robot'
[0.632s] INFO:colcon.colcon_core.plugin_system:Skipping extension 'colcon_core.shell.bat': Not used on non-Windows systems
[0.632s] INFO:colcon.colcon_core.shell:Skip shell extension 'powershell' for command environment: Not usable outside of PowerShell
[0.632s] DEBUG:colcon.colcon_core.shell:Skip shell extension 'dsv' for command environment
[0.638s] INFO:colcon.colcon_ros.task.ament_cmake.build:Building ROS package in '/home/eragon/ArUco/src/robot_camera_processor' with build type 'ament_cmake'
[0.639s] INFO:colcon.colcon_cmake.task.cmake.build:Building CMake package in '/home/eragon/ArUco/src/robot_camera_processor'
[0.639s] INFO:colcon.colcon_core.shell:Skip shell extension 'powershell' for command environment: Not usable outside of PowerShell
[0.639s] DEBUG:colcon.colcon_core.shell:Skip shell extension 'dsv' for command environment
[0.645s] INFO:colcon.colcon_ros.task.ament_cmake.build:Building ROS package in '/home/eragon/ArUco/src/robot_odometry' with build type 'ament_cmake'
[0.645s] INFO:colcon.colcon_cmake.task.cmake.build:Building CMake package in '/home/eragon/ArUco/src/robot_odometry'
[0.646s] INFO:colcon.colcon_core.shell:Skip shell extension 'powershell' for command environment: Not usable outside of PowerShell
[0.646s] DEBUG:colcon.colcon_core.shell:Skip shell extension 'dsv' for command environment
[0.652s] INFO:colcon.colcon_ros.task.ament_cmake.build:Building ROS package in '/home/eragon/ArUco/src/robot_teleop' with build type 'ament_cmake'
[0.652s] INFO:colcon.colcon_cmake.task.cmake.build:Building CMake package in '/home/eragon/ArUco/src/robot_teleop'
[0.652s] INFO:colcon.colcon_core.shell:Skip shell extension 'powershell' for command environment: Not usable outside of PowerShell
[0.653s] DEBUG:colcon.colcon_core.shell:Skip shell extension 'dsv' for command environment
[0.659s] INFO:colcon.colcon_ros.task.ament_cmake.build:Building ROS package in '/home/eragon/ArUco/src/test_robot_plugin' with build type 'ament_cmake'
[0.659s] INFO:colcon.colcon_cmake.task.cmake.build:Building CMake package in '/home/eragon/ArUco/src/test_robot_plugin'
[0.659s] INFO:colcon.colcon_core.shell:Skip shell extension 'powershell' for command environment: Not usable outside of PowerShell
[0.659s] DEBUG:colcon.colcon_core.shell:Skip shell extension 'dsv' for command environment
[0.674s] DEBUG:colcon.colcon_core.event_handler.log_command:Invoking command in '/home/eragon/ArUco/build/robot': CMAKE_PREFIX_PATH=${CMAKE_PREFIX_PATH}:/opt/ros/humble /usr/bin/cmake --build /home/eragon/ArUco/build/robot -- -j8 -l8
[0.679s] DEBUG:colcon.colcon_core.event_handler.log_command:Invoking command in '/home/eragon/ArUco/build/robot_camera_processor': CMAKE_PREFIX_PATH=${CMAKE_PREFIX_PATH}:/opt/ros/humble /usr/bin/cmake --build /home/eragon/ArUco/build/robot_camera_processor -- -j8 -l8
[0.687s] DEBUG:colcon.colcon_core.event_handler.log_command:Invoking command in '/home/eragon/ArUco/build/robot_odometry': CMAKE_PREFIX_PATH=${CMAKE_PREFIX_PATH}:/opt/ros/humble /usr/bin/cmake --build /home/eragon/ArUco/build/robot_odometry -- -j8 -l8
[0.693s] DEBUG:colcon.colcon_core.event_handler.log_command:Invoking command in '/home/eragon/ArUco/build/robot_teleop': CMAKE_PREFIX_PATH=${CMAKE_PREFIX_PATH}:/opt/ros/humble /usr/bin/cmake --build /home/eragon/ArUco/build/robot_teleop -- -j8 -l8
[0.700s] DEBUG:colcon.colcon_core.event_handler.log_command:Invoking command in '/home/eragon/ArUco/build/test_robot_plugin': CMAKE_PREFIX_PATH=${CMAKE_PREFIX_PATH}:/opt/ros/humble /usr/bin/cmake --build /home/eragon/ArUco/build/test_robot_plugin -- -j8 -l8
[0.757s] DEBUG:colcon.colcon_core.event_handler.log_command:Invoked command in '/home/eragon/ArUco/build/robot' returned '0': CMAKE_PREFIX_PATH=${CMAKE_PREFIX_PATH}:/opt/ros/humble /usr/bin/cmake --build /home/eragon/ArUco/build/robot -- -j8 -l8
[0.783s] DEBUG:colcon.colcon_core.event_handler.log_command:Invoking command in '/home/eragon/ArUco/build/robot': CMAKE_PREFIX_PATH=${CMAKE_PREFIX_PATH}:/opt/ros/humble /usr/bin/cmake --install /home/eragon/ArUco/build/robot
[0.801s] Level 1:colcon.colcon_core.environment:create_environment_scripts_only(robot)
[0.803s] DEBUG:colcon.colcon_core.event_handler.log_command:Invoked command in '/home/eragon/ArUco/build/robot' returned '0': CMAKE_PREFIX_PATH=${CMAKE_PREFIX_PATH}:/opt/ros/humble /usr/bin/cmake --install /home/eragon/ArUco/build/robot
[0.808s] Level 1:colcon.colcon_core.environment:checking '/home/eragon/ArUco/install/robot' for CMake module files
[0.809s] Level 1:colcon.colcon_core.environment:checking '/home/eragon/ArUco/install/robot' for CMake config files
[0.809s] Level 1:colcon.colcon_core.shell:create_environment_hook('robot', 'cmake_prefix_path')
[0.810s] INFO:colcon.colcon_core.shell:Creating environment hook '/home/eragon/ArUco/install/robot/share/robot/hook/cmake_prefix_path.ps1'
[0.812s] INFO:colcon.colcon_core.shell:Creating environment descriptor '/home/eragon/ArUco/install/robot/share/robot/hook/cmake_prefix_path.dsv'
[0.813s] INFO:colcon.colcon_core.shell:Creating environment hook '/home/eragon/ArUco/install/robot/share/robot/hook/cmake_prefix_path.sh'
[0.816s] Level 1:colcon.colcon_core.environment:checking '/home/eragon/ArUco/install/robot/bin'
[0.816s] Level 1:colcon.colcon_core.environment:checking '/home/eragon/ArUco/install/robot/lib/pkgconfig/robot.pc'
[0.817s] Level 1:colcon.colcon_core.environment:checking '/home/eragon/ArUco/install/robot/lib/python3.10/site-packages'
[0.818s] Level 1:colcon.colcon_core.environment:checking '/home/eragon/ArUco/install/robot/bin'
[0.819s] INFO:colcon.colcon_core.shell:Creating package script '/home/eragon/ArUco/install/robot/share/robot/package.ps1'
[0.822s] INFO:colcon.colcon_core.shell:Creating package descriptor '/home/eragon/ArUco/install/robot/share/robot/package.dsv'
[0.824s] INFO:colcon.colcon_core.shell:Creating package script '/home/eragon/ArUco/install/robot/share/robot/package.sh'
[0.825s] INFO:colcon.colcon_core.shell:Creating package script '/home/eragon/ArUco/install/robot/share/robot/package.bash'
[0.829s] INFO:colcon.colcon_core.shell:Creating package script '/home/eragon/ArUco/install/robot/share/robot/package.zsh'
[0.832s] Level 1:colcon.colcon_core.environment:create_file_with_runtime_dependencies(/home/eragon/ArUco/install/robot/share/colcon-core/packages/robot)
[0.834s] Level 1:colcon.colcon_core.environment:create_environment_scripts_only(robot)
[0.834s] Level 1:colcon.colcon_core.environment:checking '/home/eragon/ArUco/install/robot' for CMake module files
[0.835s] Level 1:colcon.colcon_core.environment:checking '/home/eragon/ArUco/install/robot' for CMake config files
[0.836s] Level 1:colcon.colcon_core.shell:create_environment_hook('robot', 'cmake_prefix_path')
[0.837s] INFO:colcon.colcon_core.shell:Creating environment hook '/home/eragon/ArUco/install/robot/share/robot/hook/cmake_prefix_path.ps1'
[0.838s] INFO:colcon.colcon_core.shell:Creating environment descriptor '/home/eragon/ArUco/install/robot/share/robot/hook/cmake_prefix_path.dsv'
[0.839s] INFO:colcon.colcon_core.shell:Creating environment hook '/home/eragon/ArUco/install/robot/share/robot/hook/cmake_prefix_path.sh'
[0.841s] Level 1:colcon.colcon_core.environment:checking '/home/eragon/ArUco/install/robot/bin'
[0.841s] Level 1:colcon.colcon_core.environment:checking '/home/eragon/ArUco/install/robot/lib/pkgconfig/robot.pc'
[0.842s] Level 1:colcon.colcon_core.environment:checking '/home/eragon/ArUco/install/robot/lib/python3.10/site-packages'
[0.842s] Level 1:colcon.colcon_core.environment:checking '/home/eragon/ArUco/install/robot/bin'
[0.844s] INFO:colcon.colcon_core.shell:Creating package script '/home/eragon/ArUco/install/robot/share/robot/package.ps1'
[0.845s] INFO:colcon.colcon_core.shell:Creating package descriptor '/home/eragon/ArUco/install/robot/share/robot/package.dsv'
[0.846s] INFO:colcon.colcon_core.shell:Creating package script '/home/eragon/ArUco/install/robot/share/robot/package.sh'
[0.847s] INFO:colcon.colcon_core.shell:Creating package script '/home/eragon/ArUco/install/robot/share/robot/package.bash'
[0.849s] INFO:colcon.colcon_core.shell:Creating package script '/home/eragon/ArUco/install/robot/share/robot/package.zsh'
[0.850s] Level 1:colcon.colcon_core.environment:create_file_with_runtime_dependencies(/home/eragon/ArUco/install/robot/share/colcon-core/packages/robot)
[0.856s] DEBUG:colcon.colcon_core.event_handler.log_command:Invoked command in '/home/eragon/ArUco/build/robot_odometry' returned '0': CMAKE_PREFIX_PATH=${CMAKE_PREFIX_PATH}:/opt/ros/humble /usr/bin/cmake --build /home/eragon/ArUco/build/robot_odometry -- -j8 -l8
[0.858s] DEBUG:colcon.colcon_core.event_handler.log_command:Invoking command in '/home/eragon/ArUco/build/robot_odometry': CMAKE_PREFIX_PATH=${CMAKE_PREFIX_PATH}:/opt/ros/humble /usr/bin/cmake --install /home/eragon/ArUco/build/robot_odometry
[0.864s] DEBUG:colcon.colcon_core.event_handler.log_command:Invoked command in '/home/eragon/ArUco/build/robot_teleop' returned '0': CMAKE_PREFIX_PATH=${CMAKE_PREFIX_PATH}:/opt/ros/humble /usr/bin/cmake --build /home/eragon/ArUco/build/robot_teleop -- -j8 -l8
[0.870s] DEBUG:colcon.colcon_core.event_handler.log_command:Invoking command in '/home/eragon/ArUco/build/robot_teleop': CMAKE_PREFIX_PATH=${CMAKE_PREFIX_PATH}:/opt/ros/humble /usr/bin/cmake --install /home/eragon/ArUco/build/robot_teleop
[0.878s] Level 1:colcon.colcon_core.environment:create_environment_scripts_only(robot_odometry)
[0.879s] Level 1:colcon.colcon_core.environment:checking '/home/eragon/ArUco/install/robot_odometry' for CMake module files
[0.881s] Level 1:colcon.colcon_core.environment:checking '/home/eragon/ArUco/install/robot_odometry' for CMake config files
[0.882s] DEBUG:colcon.colcon_core.event_handler.log_command:Invoked command in '/home/eragon/ArUco/build/robot_odometry' returned '0': CMAKE_PREFIX_PATH=${CMAKE_PREFIX_PATH}:/opt/ros/humble /usr/bin/cmake --install /home/eragon/ArUco/build/robot_odometry
[0.883s] Level 1:colcon.colcon_core.shell:create_environment_hook('robot_odometry', 'cmake_prefix_path')
[0.883s] INFO:colcon.colcon_core.shell:Creating environment hook '/home/eragon/ArUco/install/robot_odometry/share/robot_odometry/hook/cmake_prefix_path.ps1'
[0.884s] INFO:colcon.colcon_core.shell:Creating environment descriptor '/home/eragon/ArUco/install/robot_odometry/share/robot_odometry/hook/cmake_prefix_path.dsv'
[0.885s] INFO:colcon.colcon_core.shell:Creating environment hook '/home/eragon/ArUco/install/robot_odometry/share/robot_odometry/hook/cmake_prefix_path.sh'
[0.886s] Level 1:colcon.colcon_core.environment:checking '/home/eragon/ArUco/install/robot_odometry/lib'
[0.887s] Level 1:colcon.colcon_core.environment:checking '/home/eragon/ArUco/install/robot_odometry/bin'
[0.887s] Level 1:colcon.colcon_core.environment:checking '/home/eragon/ArUco/install/robot_odometry/lib/pkgconfig/robot_odometry.pc'
[0.887s] Level 1:colcon.colcon_core.environment:checking '/home/eragon/ArUco/install/robot_odometry/lib/python3.10/site-packages'
[0.888s] Level 1:colcon.colcon_core.environment:checking '/home/eragon/ArUco/install/robot_odometry/bin'
[0.889s] INFO:colcon.colcon_core.shell:Creating package script '/home/eragon/ArUco/install/robot_odometry/share/robot_odometry/package.ps1'
[0.890s] INFO:colcon.colcon_core.shell:Creating package descriptor '/home/eragon/ArUco/install/robot_odometry/share/robot_odometry/package.dsv'
[0.891s] INFO:colcon.colcon_core.shell:Creating package script '/home/eragon/ArUco/install/robot_odometry/share/robot_odometry/package.sh'
[0.892s] INFO:colcon.colcon_core.shell:Creating package script '/home/eragon/ArUco/install/robot_odometry/share/robot_odometry/package.bash'
[0.892s] INFO:colcon.colcon_core.shell:Creating package script '/home/eragon/ArUco/install/robot_odometry/share/robot_odometry/package.zsh'
[0.893s] Level 1:colcon.colcon_core.environment:create_file_with_runtime_dependencies(/home/eragon/ArUco/install/robot_odometry/share/colcon-core/packages/robot_odometry)
[0.894s] Level 1:colcon.colcon_core.environment:create_environment_scripts_only(robot_odometry)
[0.894s] Level 1:colcon.colcon_core.environment:checking '/home/eragon/ArUco/install/robot_odometry' for CMake module files
[0.895s] Level 1:colcon.colcon_core.environment:checking '/home/eragon/ArUco/install/robot_odometry' for CMake config files
[0.895s] Level 1:colcon.colcon_core.shell:create_environment_hook('robot_odometry', 'cmake_prefix_path')
[0.895s] INFO:colcon.colcon_core.shell:Creating environment hook '/home/eragon/ArUco/install/robot_odometry/share/robot_odometry/hook/cmake_prefix_path.ps1'
[0.896s] INFO:colcon.colcon_core.shell:Creating environment descriptor '/home/eragon/ArUco/install/robot_odometry/share/robot_odometry/hook/cmake_prefix_path.dsv'
[0.897s] INFO:colcon.colcon_core.shell:Creating environment hook '/home/eragon/ArUco/install/robot_odometry/share/robot_odometry/hook/cmake_prefix_path.sh'
[0.898s] Level 1:colcon.colcon_core.environment:checking '/home/eragon/ArUco/install/robot_odometry/lib'
[0.898s] Level 1:colcon.colcon_core.environment:checking '/home/eragon/ArUco/install/robot_odometry/bin'
[0.898s] Level 1:colcon.colcon_core.environment:checking '/home/eragon/ArUco/install/robot_odometry/lib/pkgconfig/robot_odometry.pc'
[0.898s] Level 1:colcon.colcon_core.environment:checking '/home/eragon/ArUco/install/robot_odometry/lib/python3.10/site-packages'
[0.899s] Level 1:colcon.colcon_core.environment:checking '/home/eragon/ArUco/install/robot_odometry/bin'
[0.899s] INFO:colcon.colcon_core.shell:Creating package script '/home/eragon/ArUco/install/robot_odometry/share/robot_odometry/package.ps1'
[0.900s] INFO:colcon.colcon_core.shell:Creating package descriptor '/home/eragon/ArUco/install/robot_odometry/share/robot_odometry/package.dsv'
[0.901s] INFO:colcon.colcon_core.shell:Creating package script '/home/eragon/ArUco/install/robot_odometry/share/robot_odometry/package.sh'
[0.902s] INFO:colcon.colcon_core.shell:Creating package script '/home/eragon/ArUco/install/robot_odometry/share/robot_odometry/package.bash'
[0.902s] INFO:colcon.colcon_core.shell:Creating package script '/home/eragon/ArUco/install/robot_odometry/share/robot_odometry/package.zsh'
[0.903s] Level 1:colcon.colcon_core.environment:create_file_with_runtime_dependencies(/home/eragon/ArUco/install/robot_odometry/share/colcon-core/packages/robot_odometry)
[0.907s] Level 1:colcon.colcon_core.environment:create_environment_scripts_only(robot_teleop)
[0.907s] Level 1:colcon.colcon_core.environment:checking '/home/eragon/ArUco/install/robot_teleop' for CMake module files
[0.910s] DEBUG:colcon.colcon_core.event_handler.log_command:Invoked command in '/home/eragon/ArUco/build/test_robot_plugin' returned '0': CMAKE_PREFIX_PATH=${CMAKE_PREFIX_PATH}:/opt/ros/humble /usr/bin/cmake --build /home/eragon/ArUco/build/test_robot_plugin -- -j8 -l8
[0.910s] DEBUG:colcon.colcon_core.event_handler.log_command:Invoking command in '/home/eragon/ArUco/build/test_robot_plugin': CMAKE_PREFIX_PATH=${CMAKE_PREFIX_PATH}:/opt/ros/humble /usr/bin/cmake --install /home/eragon/ArUco/build/test_robot_plugin
[0.911s] DEBUG:colcon.colcon_core.event_handler.log_command:Invoked command in '/home/eragon/ArUco/build/robot_teleop' returned '0': CMAKE_PREFIX_PATH=${CMAKE_PREFIX_PATH}:/opt/ros/humble /usr/bin/cmake --install /home/eragon/ArUco/build/robot_teleop
[0.912s] Level 1:colcon.colcon_core.environment:checking '/home/eragon/ArUco/install/robot_teleop' for CMake config files
[0.912s] Level 1:colcon.colcon_core.shell:create_environment_hook('robot_teleop', 'cmake_prefix_path')
[0.912s] INFO:colcon.colcon_core.shell:Creating environment hook '/home/eragon/ArUco/install/robot_teleop/share/robot_teleop/hook/cmake_prefix_path.ps1'
[0.913s] INFO:colcon.colcon_core.shell:Creating environment descriptor '/home/eragon/ArUco/install/robot_teleop/share/robot_teleop/hook/cmake_prefix_path.dsv'
[0.914s] INFO:colcon.colcon_core.shell:Creating environment hook '/home/eragon/ArUco/install/robot_teleop/share/robot_teleop/hook/cmake_prefix_path.sh'
[0.915s] Level 1:colcon.colcon_core.environment:checking '/home/eragon/ArUco/install/robot_teleop/lib'
[0.915s] Level 1:colcon.colcon_core.environment:checking '/home/eragon/ArUco/install/robot_teleop/bin'
[0.915s] Level 1:colcon.colcon_core.environment:checking '/home/eragon/ArUco/install/robot_teleop/lib/pkgconfig/robot_teleop.pc'
[0.916s] Level 1:colcon.colcon_core.environment:checking '/home/eragon/ArUco/install/robot_teleop/lib/python3.10/site-packages'
[0.916s] Level 1:colcon.colcon_core.environment:checking '/home/eragon/ArUco/install/robot_teleop/bin'
[0.916s] INFO:colcon.colcon_core.shell:Creating package script '/home/eragon/ArUco/install/robot_teleop/share/robot_teleop/package.ps1'
[0.917s] INFO:colcon.colcon_core.shell:Creating package descriptor '/home/eragon/ArUco/install/robot_teleop/share/robot_teleop/package.dsv'
[0.918s] INFO:colcon.colcon_core.shell:Creating package script '/home/eragon/ArUco/install/robot_teleop/share/robot_teleop/package.sh'
[0.919s] INFO:colcon.colcon_core.shell:Creating package script '/home/eragon/ArUco/install/robot_teleop/share/robot_teleop/package.bash'
[0.920s] INFO:colcon.colcon_core.shell:Creating package script '/home/eragon/ArUco/install/robot_teleop/share/robot_teleop/package.zsh'
[0.921s] Level 1:colcon.colcon_core.environment:create_file_with_runtime_dependencies(/home/eragon/ArUco/install/robot_teleop/share/colcon-core/packages/robot_teleop)
[0.922s] Level 1:colcon.colcon_core.environment:create_environment_scripts_only(robot_teleop)
[0.923s] Level 1:colcon.colcon_core.environment:checking '/home/eragon/ArUco/install/robot_teleop' for CMake module files
[0.924s] Level 1:colcon.colcon_core.environment:checking '/home/eragon/ArUco/install/robot_teleop' for CMake config files
[0.924s] Level 1:colcon.colcon_core.shell:create_environment_hook('robot_teleop', 'cmake_prefix_path')
[0.925s] INFO:colcon.colcon_core.shell:Creating environment hook '/home/eragon/ArUco/install/robot_teleop/share/robot_teleop/hook/cmake_prefix_path.ps1'
[0.926s] INFO:colcon.colcon_core.shell:Creating environment descriptor '/home/eragon/ArUco/install/robot_teleop/share/robot_teleop/hook/cmake_prefix_path.dsv'
[0.926s] INFO:colcon.colcon_core.shell:Creating environment hook '/home/eragon/ArUco/install/robot_teleop/share/robot_teleop/hook/cmake_prefix_path.sh'
[0.927s] Level 1:colcon.colcon_core.environment:checking '/home/eragon/ArUco/install/robot_teleop/lib'
[0.927s] Level 1:colcon.colcon_core.environment:checking '/home/eragon/ArUco/install/robot_teleop/bin'
[0.928s] Level 1:colcon.colcon_core.environment:checking '/home/eragon/ArUco/install/robot_teleop/lib/pkgconfig/robot_teleop.pc'
[0.928s] Level 1:colcon.colcon_core.environment:checking '/home/eragon/ArUco/install/robot_teleop/lib/python3.10/site-packages'
[0.928s] Level 1:colcon.colcon_core.environment:checking '/home/eragon/ArUco/install/robot_teleop/bin'
[0.929s] INFO:colcon.colcon_core.shell:Creating package script '/home/eragon/ArUco/install/robot_teleop/share/robot_teleop/package.ps1'
[0.929s] INFO:colcon.colcon_core.shell:Creating package descriptor '/home/eragon/ArUco/install/robot_teleop/share/robot_teleop/package.dsv'
[0.930s] INFO:colcon.colcon_core.shell:Creating package script '/home/eragon/ArUco/install/robot_teleop/share/robot_teleop/package.sh'
[0.931s] INFO:colcon.colcon_core.shell:Creating package script '/home/eragon/ArUco/install/robot_teleop/share/robot_teleop/package.bash'
[0.932s] INFO:colcon.colcon_core.shell:Creating package script '/home/eragon/ArUco/install/robot_teleop/share/robot_teleop/package.zsh'
[0.933s] Level 1:colcon.colcon_core.environment:create_file_with_runtime_dependencies(/home/eragon/ArUco/install/robot_teleop/share/colcon-core/packages/robot_teleop)
[0.934s] Level 1:colcon.colcon_core.environment:create_environment_scripts_only(test_robot_plugin)
[0.935s] Level 1:colcon.colcon_core.environment:checking '/home/eragon/ArUco/install/test_robot_plugin' for CMake module files
[0.936s] Level 1:colcon.colcon_core.environment:checking '/home/eragon/ArUco/install/test_robot_plugin' for CMake config files
[0.938s] DEBUG:colcon.colcon_core.event_handler.log_command:Invoked command in '/home/eragon/ArUco/build/test_robot_plugin' returned '0': CMAKE_PREFIX_PATH=${CMAKE_PREFIX_PATH}:/opt/ros/humble /usr/bin/cmake --install /home/eragon/ArUco/build/test_robot_plugin
[0.939s] Level 1:colcon.colcon_core.shell:create_environment_hook('test_robot_plugin', 'cmake_prefix_path')
[0.939s] INFO:colcon.colcon_core.shell:Creating environment hook '/home/eragon/ArUco/install/test_robot_plugin/share/test_robot_plugin/hook/cmake_prefix_path.ps1'
[0.940s] INFO:colcon.colcon_core.shell:Creating environment descriptor '/home/eragon/ArUco/install/test_robot_plugin/share/test_robot_plugin/hook/cmake_prefix_path.dsv'
[0.940s] INFO:colcon.colcon_core.shell:Creating environment hook '/home/eragon/ArUco/install/test_robot_plugin/share/test_robot_plugin/hook/cmake_prefix_path.sh'
[0.941s] Level 1:colcon.colcon_core.environment:checking '/home/eragon/ArUco/install/test_robot_plugin/lib'
[0.941s] Level 1:colcon.colcon_core.shell:create_environment_hook('test_robot_plugin', 'ld_library_path_lib')
[0.942s] INFO:colcon.colcon_core.shell:Creating environment hook '/home/eragon/ArUco/install/test_robot_plugin/share/test_robot_plugin/hook/ld_library_path_lib.ps1'
[0.942s] INFO:colcon.colcon_core.shell:Creating environment descriptor '/home/eragon/ArUco/install/test_robot_plugin/share/test_robot_plugin/hook/ld_library_path_lib.dsv'
[0.943s] INFO:colcon.colcon_core.shell:Creating environment hook '/home/eragon/ArUco/install/test_robot_plugin/share/test_robot_plugin/hook/ld_library_path_lib.sh'
[0.944s] Level 1:colcon.colcon_core.environment:checking '/home/eragon/ArUco/install/test_robot_plugin/bin'
[0.944s] Level 1:colcon.colcon_core.environment:checking '/home/eragon/ArUco/install/test_robot_plugin/lib/pkgconfig/test_robot_plugin.pc'
[0.944s] Level 1:colcon.colcon_core.environment:checking '/home/eragon/ArUco/install/test_robot_plugin/lib/python3.10/site-packages'
[0.944s] Level 1:colcon.colcon_core.environment:checking '/home/eragon/ArUco/install/test_robot_plugin/bin'
[0.945s] INFO:colcon.colcon_core.shell:Creating package script '/home/eragon/ArUco/install/test_robot_plugin/share/test_robot_plugin/package.ps1'
[0.946s] INFO:colcon.colcon_core.shell:Creating package descriptor '/home/eragon/ArUco/install/test_robot_plugin/share/test_robot_plugin/package.dsv'
[0.947s] INFO:colcon.colcon_core.shell:Creating package script '/home/eragon/ArUco/install/test_robot_plugin/share/test_robot_plugin/package.sh'
[0.948s] INFO:colcon.colcon_core.shell:Creating package script '/home/eragon/ArUco/install/test_robot_plugin/share/test_robot_plugin/package.bash'
[0.948s] INFO:colcon.colcon_core.shell:Creating package script '/home/eragon/ArUco/install/test_robot_plugin/share/test_robot_plugin/package.zsh'
[0.949s] Level 1:colcon.colcon_core.environment:create_file_with_runtime_dependencies(/home/eragon/ArUco/install/test_robot_plugin/share/colcon-core/packages/test_robot_plugin)
[0.950s] Level 1:colcon.colcon_core.environment:create_environment_scripts_only(test_robot_plugin)
[0.950s] Level 1:colcon.colcon_core.environment:checking '/home/eragon/ArUco/install/test_robot_plugin' for CMake module files
[0.951s] Level 1:colcon.colcon_core.environment:checking '/home/eragon/ArUco/install/test_robot_plugin' for CMake config files
[0.951s] Level 1:colcon.colcon_core.shell:create_environment_hook('test_robot_plugin', 'cmake_prefix_path')
[0.952s] INFO:colcon.colcon_core.shell:Creating environment hook '/home/eragon/ArUco/install/test_robot_plugin/share/test_robot_plugin/hook/cmake_prefix_path.ps1'
[0.952s] INFO:colcon.colcon_core.shell:Creating environment descriptor '/home/eragon/ArUco/install/test_robot_plugin/share/test_robot_plugin/hook/cmake_prefix_path.dsv'
[0.953s] INFO:colcon.colcon_core.shell:Creating environment hook '/home/eragon/ArUco/install/test_robot_plugin/share/test_robot_plugin/hook/cmake_prefix_path.sh'
[0.954s] Level 1:colcon.colcon_core.environment:checking '/home/eragon/ArUco/install/test_robot_plugin/lib'
[0.954s] Level 1:colcon.colcon_core.shell:create_environment_hook('test_robot_plugin', 'ld_library_path_lib')
[0.954s] INFO:colcon.colcon_core.shell:Creating environment hook '/home/eragon/ArUco/install/test_robot_plugin/share/test_robot_plugin/hook/ld_library_path_lib.ps1'
[0.955s] INFO:colcon.colcon_core.shell:Creating environment descriptor '/home/eragon/ArUco/install/test_robot_plugin/share/test_robot_plugin/hook/ld_library_path_lib.dsv'
[0.955s] INFO:colcon.colcon_core.shell:Creating environment hook '/home/eragon/ArUco/install/test_robot_plugin/share/test_robot_plugin/hook/ld_library_path_lib.sh'
[0.956s] Level 1:colcon.colcon_core.environment:checking '/home/eragon/ArUco/install/test_robot_plugin/bin'
[0.956s] Level 1:colcon.colcon_core.environment:checking '/home/eragon/ArUco/install/test_robot_plugin/lib/pkgconfig/test_robot_plugin.pc'
[0.957s] Level 1:colcon.colcon_core.environment:checking '/home/eragon/ArUco/install/test_robot_plugin/lib/python3.10/site-packages'
[0.957s] Level 1:colcon.colcon_core.environment:checking '/home/eragon/ArUco/install/test_robot_plugin/bin'
[0.958s] INFO:colcon.colcon_core.shell:Creating package script '/home/eragon/ArUco/install/test_robot_plugin/share/test_robot_plugin/package.ps1'
[0.959s] INFO:colcon.colcon_core.shell:Creating package descriptor '/home/eragon/ArUco/install/test_robot_plugin/share/test_robot_plugin/package.dsv'
[0.960s] INFO:colcon.colcon_core.shell:Creating package script '/home/eragon/ArUco/install/test_robot_plugin/share/test_robot_plugin/package.sh'
[0.961s] INFO:colcon.colcon_core.shell:Creating package script '/home/eragon/ArUco/install/test_robot_plugin/share/test_robot_plugin/package.bash'
[0.961s] INFO:colcon.colcon_core.shell:Creating package script '/home/eragon/ArUco/install/test_robot_plugin/share/test_robot_plugin/package.zsh'
[0.962s] Level 1:colcon.colcon_core.environment:create_file_with_runtime_dependencies(/home/eragon/ArUco/install/test_robot_plugin/share/colcon-core/packages/test_robot_plugin)
[12.971s] DEBUG:colcon.colcon_core.event_handler.log_command:Invoked command in '/home/eragon/ArUco/build/robot_camera_processor' returned '0': CMAKE_PREFIX_PATH=${CMAKE_PREFIX_PATH}:/opt/ros/humble /usr/bin/cmake --build /home/eragon/ArUco/build/robot_camera_processor -- -j8 -l8
[12.974s] DEBUG:colcon.colcon_core.event_handler.log_command:Invoking command in '/home/eragon/ArUco/build/robot_camera_processor': CMAKE_PREFIX_PATH=${CMAKE_PREFIX_PATH}:/opt/ros/humble /usr/bin/cmake --install /home/eragon/ArUco/build/robot_camera_processor
[13.002s] Level 1:colcon.colcon_core.environment:create_environment_scripts_only(robot_camera_processor)
[13.003s] DEBUG:colcon.colcon_core.event_handler.log_command:Invoked command in '/home/eragon/ArUco/build/robot_camera_processor' returned '0': CMAKE_PREFIX_PATH=${CMAKE_PREFIX_PATH}:/opt/ros/humble /usr/bin/cmake --install /home/eragon/ArUco/build/robot_camera_processor
[13.004s] Level 1:colcon.colcon_core.environment:checking '/home/eragon/ArUco/install/robot_camera_processor' for CMake module files
[13.005s] Level 1:colcon.colcon_core.environment:checking '/home/eragon/ArUco/install/robot_camera_processor' for CMake config files
[13.006s] Level 1:colcon.colcon_core.shell:create_environment_hook('robot_camera_processor', 'cmake_prefix_path')
[13.006s] INFO:colcon.colcon_core.shell:Creating environment hook '/home/eragon/ArUco/install/robot_camera_processor/share/robot_camera_processor/hook/cmake_prefix_path.ps1'
[13.008s] INFO:colcon.colcon_core.shell:Creating environment descriptor '/home/eragon/ArUco/install/robot_camera_processor/share/robot_camera_processor/hook/cmake_prefix_path.dsv'
[13.009s] INFO:colcon.colcon_core.shell:Creating environment hook '/home/eragon/ArUco/install/robot_camera_processor/share/robot_camera_processor/hook/cmake_prefix_path.sh'
[13.010s] Level 1:colcon.colcon_core.environment:checking '/home/eragon/ArUco/install/robot_camera_processor/lib'
[13.010s] Level 1:colcon.colcon_core.environment:checking '/home/eragon/ArUco/install/robot_camera_processor/bin'
[13.010s] Level 1:colcon.colcon_core.environment:checking '/home/eragon/ArUco/install/robot_camera_processor/lib/pkgconfig/robot_camera_processor.pc'
[13.011s] Level 1:colcon.colcon_core.environment:checking '/home/eragon/ArUco/install/robot_camera_processor/lib/python3.10/site-packages'
[13.012s] Level 1:colcon.colcon_core.environment:checking '/home/eragon/ArUco/install/robot_camera_processor/bin'
[13.012s] INFO:colcon.colcon_core.shell:Creating package script '/home/eragon/ArUco/install/robot_camera_processor/share/robot_camera_processor/package.ps1'
[13.014s] INFO:colcon.colcon_core.shell:Creating package descriptor '/home/eragon/ArUco/install/robot_camera_processor/share/robot_camera_processor/package.dsv'
[13.015s] INFO:colcon.colcon_core.shell:Creating package script '/home/eragon/ArUco/install/robot_camera_processor/share/robot_camera_processor/package.sh'
[13.016s] INFO:colcon.colcon_core.shell:Creating package script '/home/eragon/ArUco/install/robot_camera_processor/share/robot_camera_processor/package.bash'
[13.017s] INFO:colcon.colcon_core.shell:Creating package script '/home/eragon/ArUco/install/robot_camera_processor/share/robot_camera_processor/package.zsh'
[13.018s] Level 1:colcon.colcon_core.environment:create_file_with_runtime_dependencies(/home/eragon/ArUco/install/robot_camera_processor/share/colcon-core/packages/robot_camera_processor)
[13.019s] Level 1:colcon.colcon_core.environment:create_environment_scripts_only(robot_camera_processor)
[13.020s] Level 1:colcon.colcon_core.environment:checking '/home/eragon/ArUco/install/robot_camera_processor' for CMake module files
[13.022s] Level 1:colcon.colcon_core.environment:checking '/home/eragon/ArUco/install/robot_camera_processor' for CMake config files
[13.023s] Level 1:colcon.colcon_core.shell:create_environment_hook('robot_camera_processor', 'cmake_prefix_path')
[13.023s] INFO:colcon.colcon_core.shell:Creating environment hook '/home/eragon/ArUco/install/robot_camera_processor/share/robot_camera_processor/hook/cmake_prefix_path.ps1'
[13.024s] INFO:colcon.colcon_core.shell:Creating environment descriptor '/home/eragon/ArUco/install/robot_camera_processor/share/robot_camera_processor/hook/cmake_prefix_path.dsv'
[13.025s] INFO:colcon.colcon_core.shell:Creating environment hook '/home/eragon/ArUco/install/robot_camera_processor/share/robot_camera_processor/hook/cmake_prefix_path.sh'
[13.027s] Level 1:colcon.colcon_core.environment:checking '/home/eragon/ArUco/install/robot_camera_processor/lib'
[13.027s] Level 1:colcon.colcon_core.environment:checking '/home/eragon/ArUco/install/robot_camera_processor/bin'
[13.027s] Level 1:colcon.colcon_core.environment:checking '/home/eragon/ArUco/install/robot_camera_processor/lib/pkgconfig/robot_camera_processor.pc'
[13.028s] Level 1:colcon.colcon_core.environment:checking '/home/eragon/ArUco/install/robot_camera_processor/lib/python3.10/site-packages'
[13.028s] Level 1:colcon.colcon_core.environment:checking '/home/eragon/ArUco/install/robot_camera_processor/bin'
[13.029s] INFO:colcon.colcon_core.shell:Creating package script '/home/eragon/ArUco/install/robot_camera_processor/share/robot_camera_processor/package.ps1'
[13.030s] INFO:colcon.colcon_core.shell:Creating package descriptor '/home/eragon/ArUco/install/robot_camera_processor/share/robot_camera_processor/package.dsv'
[13.032s] INFO:colcon.colcon_core.shell:Creating package script '/home/eragon/ArUco/install/robot_camera_processor/share/robot_camera_processor/package.sh'
[13.033s] INFO:colcon.colcon_core.shell:Creating package script '/home/eragon/ArUco/install/robot_camera_processor/share/robot_camera_processor/package.bash'
[13.034s] INFO:colcon.colcon_core.shell:Creating package script '/home/eragon/ArUco/install/robot_camera_processor/share/robot_camera_processor/package.zsh'
[13.035s] Level 1:colcon.colcon_core.environment:create_file_with_runtime_dependencies(/home/eragon/ArUco/install/robot_camera_processor/share/colcon-core/packages/robot_camera_processor)
[13.036s] DEBUG:colcon.colcon_parallel_executor.executor.parallel:closing loop
[13.036s] DEBUG:colcon.colcon_parallel_executor.executor.parallel:loop closed
[13.036s] DEBUG:colcon.colcon_parallel_executor.executor.parallel:run_until_complete finished with '0'
[13.037s] DEBUG:colcon.colcon_core.event_reactor:joining thread
[13.051s] INFO:colcon.colcon_core.plugin_system:Skipping extension 'colcon_notification.desktop_notification.terminal_notifier': Not used on non-Darwin systems
[13.051s] INFO:colcon.colcon_core.plugin_system:Skipping extension 'colcon_notification.desktop_notification.win32': Not used on non-Windows systems
[13.051s] INFO:colcon.colcon_notification.desktop_notification:Sending desktop notification using 'notify2'
[13.051s] DEBUG:colcon.colcon_notification.desktop_notification.notify2:Failed to initialize notify2: org.freedesktop.DBus.Error.BadAddress: '=' character not found or has no value following it
[13.051s] DEBUG:colcon.colcon_core.event_reactor:joined thread
[13.052s] INFO:colcon.colcon_core.shell:Creating prefix script '/home/eragon/ArUco/install/local_setup.ps1'
[13.054s] INFO:colcon.colcon_core.shell:Creating prefix util module '/home/eragon/ArUco/install/_local_setup_util_ps1.py'
[13.058s] INFO:colcon.colcon_core.shell:Creating prefix chain script '/home/eragon/ArUco/install/setup.ps1'
[13.062s] INFO:colcon.colcon_core.shell:Creating prefix script '/home/eragon/ArUco/install/local_setup.sh'
[13.063s] INFO:colcon.colcon_core.shell:Creating prefix util module '/home/eragon/ArUco/install/_local_setup_util_sh.py'
[13.065s] INFO:colcon.colcon_core.shell:Creating prefix chain script '/home/eragon/ArUco/install/setup.sh'
[13.069s] INFO:colcon.colcon_core.shell:Creating prefix script '/home/eragon/ArUco/install/local_setup.bash'
[13.071s] INFO:colcon.colcon_core.shell:Creating prefix chain script '/home/eragon/ArUco/install/setup.bash'
[13.074s] INFO:colcon.colcon_core.shell:Creating prefix script '/home/eragon/ArUco/install/local_setup.zsh'
[13.076s] INFO:colcon.colcon_core.shell:Creating prefix chain script '/home/eragon/ArUco/install/setup.zsh'
