[0.059s] Invoking command in '/home/eragon/ArUco/build/robot_camera_processor': CMAKE_PREFIX_PATH=${CMAKE_PREFIX_PATH}:/opt/ros/humble /usr/bin/cmake --build /home/eragon/ArUco/build/robot_camera_processor -- -j8 -l8
[0.200s] Consolidate compiler generated dependencies of target robot_camera_processor_node
[0.294s] [ 50%] Building CXX object CMakeFiles/robot_camera_processor_node.dir/src/robot_camera_processor_node.cpp.o
[7.541s] /home/eragon/ArUco/src/robot_camera_processor/src/robot_camera_processor_node.cpp: In member function ‘void RobotCameraProcessor::image_callback(const ConstSharedPtr&)’:
[7.542s] /home/eragon/ArUco/src/robot_camera_processor/src/robot_camera_processor_node.cpp:116:39: warning: narrowing conversion of ‘((-((RobotCameraProcessor*)this)->RobotCameraProcessor::marker_size_) / (double)2)’ from ‘double’ to ‘float’ [-Wnarrowing]
[7.542s]   116 |                         {-marker_size_/2, marker_size_/2, 0},
[7.542s]       |                          ~~~~~~~~~~~~~^~
[7.542s] /home/eragon/ArUco/src/robot_camera_processor/src/robot_camera_processor_node.cpp:116:55: warning: narrowing conversion of ‘(((RobotCameraProcessor*)this)->RobotCameraProcessor::marker_size_ / (double)2)’ from ‘double’ to ‘float’ [-Wnarrowing]
[7.542s]   116 |                         {-marker_size_/2, marker_size_/2, 0},
[7.542s]       |                                           ~~~~~~~~~~~~^~
[7.542s] /home/eragon/ArUco/src/robot_camera_processor/src/robot_camera_processor_node.cpp:117:38: warning: narrowing conversion of ‘(((RobotCameraProcessor*)this)->RobotCameraProcessor::marker_size_ / (double)2)’ from ‘double’ to ‘float’ [-Wnarrowing]
[7.542s]   117 |                         {marker_size_/2, marker_size_/2, 0},
[7.543s]       |                          ~~~~~~~~~~~~^~
[7.543s] /home/eragon/ArUco/src/robot_camera_processor/src/robot_camera_processor_node.cpp:117:54: warning: narrowing conversion of ‘(((RobotCameraProcessor*)this)->RobotCameraProcessor::marker_size_ / (double)2)’ from ‘double’ to ‘float’ [-Wnarrowing]
[7.543s]   117 |                         {marker_size_/2, marker_size_/2, 0},
[7.543s]       |                                          ~~~~~~~~~~~~^~
[7.543s] /home/eragon/ArUco/src/robot_camera_processor/src/robot_camera_processor_node.cpp:118:38: warning: narrowing conversion of ‘(((RobotCameraProcessor*)this)->RobotCameraProcessor::marker_size_ / (double)2)’ from ‘double’ to ‘float’ [-Wnarrowing]
[7.543s]   118 |                         {marker_size_/2, -marker_size_/2, 0},
[7.543s]       |                          ~~~~~~~~~~~~^~
[7.543s] /home/eragon/ArUco/src/robot_camera_processor/src/robot_camera_processor_node.cpp:118:55: warning: narrowing conversion of ‘((-((RobotCameraProcessor*)this)->RobotCameraProcessor::marker_size_) / (double)2)’ from ‘double’ to ‘float’ [-Wnarrowing]
[7.544s]   118 |                         {marker_size_/2, -marker_size_/2, 0},
[7.544s]       |                                          ~~~~~~~~~~~~~^~
[7.544s] /home/eragon/ArUco/src/robot_camera_processor/src/robot_camera_processor_node.cpp:119:39: warning: narrowing conversion of ‘((-((RobotCameraProcessor*)this)->RobotCameraProcessor::marker_size_) / (double)2)’ from ‘double’ to ‘float’ [-Wnarrowing]
[7.544s]   119 |                         {-marker_size_/2, -marker_size_/2, 0}
[7.544s]       |                          ~~~~~~~~~~~~~^~
[7.544s] /home/eragon/ArUco/src/robot_camera_processor/src/robot_camera_processor_node.cpp:119:56: warning: narrowing conversion of ‘((-((RobotCameraProcessor*)this)->RobotCameraProcessor::marker_size_) / (double)2)’ from ‘double’ to ‘float’ [-Wnarrowing]
[7.544s]   119 |                         {-marker_size_/2, -marker_size_/2, 0}
[7.544s]       |                                           ~~~~~~~~~~~~~^~
[7.557s] /home/eragon/ArUco/src/robot_camera_processor/src/robot_camera_processor_node.cpp: In member function ‘void RobotCameraProcessor::publish_marker_pose(int, const Vec3d&, const Vec3d&)’:
[7.557s] /home/eragon/ArUco/src/robot_camera_processor/src/robot_camera_processor_node.cpp:159:34: warning: unused parameter ‘marker_id’ [-Wunused-parameter]
[7.557s]   159 |     void publish_marker_pose(int marker_id, const cv::Vec3d& rvec, const cv::Vec3d& tvec) {
[7.557s]       |                              ~~~~^~~~~~~~~
[13.338s] [100%] Linking CXX executable robot_camera_processor_node
[14.200s] [100%] Built target robot_camera_processor_node
[14.218s] Invoked command in '/home/eragon/ArUco/build/robot_camera_processor' returned '0': CMAKE_PREFIX_PATH=${CMAKE_PREFIX_PATH}:/opt/ros/humble /usr/bin/cmake --build /home/eragon/ArUco/build/robot_camera_processor -- -j8 -l8
[14.221s] Invoking command in '/home/eragon/ArUco/build/robot_camera_processor': CMAKE_PREFIX_PATH=${CMAKE_PREFIX_PATH}:/opt/ros/humble /usr/bin/cmake --install /home/eragon/ArUco/build/robot_camera_processor
[14.241s] -- Install configuration: "Debug"
[14.241s] -- Installing: /home/eragon/ArUco/install/robot_camera_processor/lib/robot_camera_processor/robot_camera_processor_node
[14.249s] -- Set runtime path of "/home/eragon/ArUco/install/robot_camera_processor/lib/robot_camera_processor/robot_camera_processor_node" to ""
[14.249s] -- Up-to-date: /home/eragon/ArUco/install/robot_camera_processor/share/ament_index/resource_index/package_run_dependencies/robot_camera_processor
[14.249s] -- Up-to-date: /home/eragon/ArUco/install/robot_camera_processor/share/ament_index/resource_index/parent_prefix_path/robot_camera_processor
[14.250s] -- Up-to-date: /home/eragon/ArUco/install/robot_camera_processor/share/robot_camera_processor/environment/ament_prefix_path.sh
[14.250s] -- Up-to-date: /home/eragon/ArUco/install/robot_camera_processor/share/robot_camera_processor/environment/ament_prefix_path.dsv
[14.250s] -- Up-to-date: /home/eragon/ArUco/install/robot_camera_processor/share/robot_camera_processor/environment/path.sh
[14.250s] -- Up-to-date: /home/eragon/ArUco/install/robot_camera_processor/share/robot_camera_processor/environment/path.dsv
[14.250s] -- Up-to-date: /home/eragon/ArUco/install/robot_camera_processor/share/robot_camera_processor/local_setup.bash
[14.250s] -- Up-to-date: /home/eragon/ArUco/install/robot_camera_processor/share/robot_camera_processor/local_setup.sh
[14.250s] -- Up-to-date: /home/eragon/ArUco/install/robot_camera_processor/share/robot_camera_processor/local_setup.zsh
[14.251s] -- Up-to-date: /home/eragon/ArUco/install/robot_camera_processor/share/robot_camera_processor/local_setup.dsv
[14.251s] -- Installing: /home/eragon/ArUco/install/robot_camera_processor/share/robot_camera_processor/package.dsv
[14.251s] -- Up-to-date: /home/eragon/ArUco/install/robot_camera_processor/share/ament_index/resource_index/packages/robot_camera_processor
[14.251s] -- Up-to-date: /home/eragon/ArUco/install/robot_camera_processor/share/robot_camera_processor/cmake/robot_camera_processorConfig.cmake
[14.251s] -- Up-to-date: /home/eragon/ArUco/install/robot_camera_processor/share/robot_camera_processor/cmake/robot_camera_processorConfig-version.cmake
[14.251s] -- Up-to-date: /home/eragon/ArUco/install/robot_camera_processor/share/robot_camera_processor/package.xml
[14.253s] Invoked command in '/home/eragon/ArUco/build/robot_camera_processor' returned '0': CMAKE_PREFIX_PATH=${CMAKE_PREFIX_PATH}:/opt/ros/humble /usr/bin/cmake --install /home/eragon/ArUco/build/robot_camera_processor
