[0.071s] Invoking command in '/home/eragon/ArUco/build/robot_camera_processor': CMAKE_PREFIX_PATH=${CMAKE_PREFIX_PATH}:/opt/ros/humble /usr/bin/cmake --build /home/eragon/ArUco/build/robot_camera_processor -- -j8 -l8
[0.251s] [ 50%] Building CXX object CMakeFiles/robot_camera_processor_node.dir/src/robot_camera_processor_node.cpp.o
[8.689s] /home/eragon/ArUco/src/robot_camera_processor/src/robot_camera_processor_node.cpp: In member function ‘void RobotCameraProcessor::image_callback(const ConstSharedPtr&)’:
[8.690s] /home/eragon/ArUco/src/robot_camera_processor/src/robot_camera_processor_node.cpp:110:39: warning: narrowing conversion of ‘((-((RobotCameraProcessor*)this)->RobotCameraProcessor::marker_size_) / (double)2)’ from ‘double’ to ‘float’ [-Wnarrowing]
[8.690s]   110 |                         {-marker_size_/2, marker_size_/2, 0},   // Верхний левый
[8.690s]       |                          ~~~~~~~~~~~~~^~
[8.690s] /home/eragon/ArUco/src/robot_camera_processor/src/robot_camera_processor_node.cpp:110:55: warning: narrowing conversion of ‘(((RobotCameraProcessor*)this)->RobotCameraProcessor::marker_size_ / (double)2)’ from ‘double’ to ‘float’ [-Wnarrowing]
[8.690s]   110 |                         {-marker_size_/2, marker_size_/2, 0},   // Верхний левый
[8.690s]       |                                           ~~~~~~~~~~~~^~
[8.691s] /home/eragon/ArUco/src/robot_camera_processor/src/robot_camera_processor_node.cpp:111:38: warning: narrowing conversion of ‘(((RobotCameraProcessor*)this)->RobotCameraProcessor::marker_size_ / (double)2)’ from ‘double’ to ‘float’ [-Wnarrowing]
[8.691s]   111 |                         {marker_size_/2, marker_size_/2, 0},    // Верхний правый
[8.691s]       |                          ~~~~~~~~~~~~^~
[8.691s] /home/eragon/ArUco/src/robot_camera_processor/src/robot_camera_processor_node.cpp:111:54: warning: narrowing conversion of ‘(((RobotCameraProcessor*)this)->RobotCameraProcessor::marker_size_ / (double)2)’ from ‘double’ to ‘float’ [-Wnarrowing]
[8.691s]   111 |                         {marker_size_/2, marker_size_/2, 0},    // Верхний правый
[8.691s]       |                                          ~~~~~~~~~~~~^~
[8.691s] /home/eragon/ArUco/src/robot_camera_processor/src/robot_camera_processor_node.cpp:112:38: warning: narrowing conversion of ‘(((RobotCameraProcessor*)this)->RobotCameraProcessor::marker_size_ / (double)2)’ from ‘double’ to ‘float’ [-Wnarrowing]
[8.692s]   112 |                         {marker_size_/2, -marker_size_/2, 0},   // Нижний правый
[8.692s]       |                          ~~~~~~~~~~~~^~
[8.692s] /home/eragon/ArUco/src/robot_camera_processor/src/robot_camera_processor_node.cpp:112:55: warning: narrowing conversion of ‘((-((RobotCameraProcessor*)this)->RobotCameraProcessor::marker_size_) / (double)2)’ from ‘double’ to ‘float’ [-Wnarrowing]
[8.692s]   112 |                         {marker_size_/2, -marker_size_/2, 0},   // Нижний правый
[8.692s]       |                                          ~~~~~~~~~~~~~^~
[8.692s] /home/eragon/ArUco/src/robot_camera_processor/src/robot_camera_processor_node.cpp:113:39: warning: narrowing conversion of ‘((-((RobotCameraProcessor*)this)->RobotCameraProcessor::marker_size_) / (double)2)’ from ‘double’ to ‘float’ [-Wnarrowing]
[8.692s]   113 |                         {-marker_size_/2, -marker_size_/2, 0}   // Нижний левый
[8.693s]       |                          ~~~~~~~~~~~~~^~
[8.693s] /home/eragon/ArUco/src/robot_camera_processor/src/robot_camera_processor_node.cpp:113:56: warning: narrowing conversion of ‘((-((RobotCameraProcessor*)this)->RobotCameraProcessor::marker_size_) / (double)2)’ from ‘double’ to ‘float’ [-Wnarrowing]
[8.693s]   113 |                         {-marker_size_/2, -marker_size_/2, 0}   // Нижний левый
[8.693s]       |                                           ~~~~~~~~~~~~~^~
[14.885s] [100%] Linking CXX executable robot_camera_processor_node
[15.827s] [100%] Built target robot_camera_processor_node
[15.851s] Invoked command in '/home/eragon/ArUco/build/robot_camera_processor' returned '0': CMAKE_PREFIX_PATH=${CMAKE_PREFIX_PATH}:/opt/ros/humble /usr/bin/cmake --build /home/eragon/ArUco/build/robot_camera_processor -- -j8 -l8
[15.853s] Invoking command in '/home/eragon/ArUco/build/robot_camera_processor': CMAKE_PREFIX_PATH=${CMAKE_PREFIX_PATH}:/opt/ros/humble /usr/bin/cmake --install /home/eragon/ArUco/build/robot_camera_processor
[15.872s] -- Install configuration: "Debug"
[15.873s] -- Installing: /home/eragon/ArUco/install/robot_camera_processor/lib/robot_camera_processor/robot_camera_processor_node
[15.881s] -- Set runtime path of "/home/eragon/ArUco/install/robot_camera_processor/lib/robot_camera_processor/robot_camera_processor_node" to ""
[15.882s] -- Up-to-date: /home/eragon/ArUco/install/robot_camera_processor/share/ament_index/resource_index/package_run_dependencies/robot_camera_processor
[15.882s] -- Up-to-date: /home/eragon/ArUco/install/robot_camera_processor/share/ament_index/resource_index/parent_prefix_path/robot_camera_processor
[15.882s] -- Up-to-date: /home/eragon/ArUco/install/robot_camera_processor/share/robot_camera_processor/environment/ament_prefix_path.sh
[15.883s] -- Up-to-date: /home/eragon/ArUco/install/robot_camera_processor/share/robot_camera_processor/environment/ament_prefix_path.dsv
[15.883s] -- Up-to-date: /home/eragon/ArUco/install/robot_camera_processor/share/robot_camera_processor/environment/path.sh
[15.883s] -- Up-to-date: /home/eragon/ArUco/install/robot_camera_processor/share/robot_camera_processor/environment/path.dsv
[15.883s] -- Up-to-date: /home/eragon/ArUco/install/robot_camera_processor/share/robot_camera_processor/local_setup.bash
[15.884s] -- Up-to-date: /home/eragon/ArUco/install/robot_camera_processor/share/robot_camera_processor/local_setup.sh
[15.884s] -- Up-to-date: /home/eragon/ArUco/install/robot_camera_processor/share/robot_camera_processor/local_setup.zsh
[15.884s] -- Up-to-date: /home/eragon/ArUco/install/robot_camera_processor/share/robot_camera_processor/local_setup.dsv
[15.884s] -- Installing: /home/eragon/ArUco/install/robot_camera_processor/share/robot_camera_processor/package.dsv
[15.885s] -- Up-to-date: /home/eragon/ArUco/install/robot_camera_processor/share/ament_index/resource_index/packages/robot_camera_processor
[15.885s] -- Up-to-date: /home/eragon/ArUco/install/robot_camera_processor/share/robot_camera_processor/cmake/robot_camera_processorConfig.cmake
[15.887s] -- Up-to-date: /home/eragon/ArUco/install/robot_camera_processor/share/robot_camera_processor/cmake/robot_camera_processorConfig-version.cmake
[15.887s] -- Up-to-date: /home/eragon/ArUco/install/robot_camera_processor/share/robot_camera_processor/package.xml
[15.888s] Invoked command in '/home/eragon/ArUco/build/robot_camera_processor' returned '0': CMAKE_PREFIX_PATH=${CMAKE_PREFIX_PATH}:/opt/ros/humble /usr/bin/cmake --install /home/eragon/ArUco/build/robot_camera_processor
