[0.044s] Invoking command in '/home/eragon/ArUco/build/robot_teleop': CMAKE_PREFIX_PATH=${CMAKE_PREFIX_PATH}:/opt/ros/humble /usr/bin/cmake --build /home/eragon/ArUco/build/robot_teleop -- -j8 -l8
[0.238s] [100%] Built target robot_teleop_node
[0.252s] Invoked command in '/home/eragon/ArUco/build/robot_teleop' returned '0': CMAKE_PREFIX_PATH=${CMAKE_PREFIX_PATH}:/opt/ros/humble /usr/bin/cmake --build /home/eragon/ArUco/build/robot_teleop -- -j8 -l8
[0.253s] Invoking command in '/home/eragon/ArUco/build/robot_teleop': CMAKE_PREFIX_PATH=${CMAKE_PREFIX_PATH}:/opt/ros/humble /usr/bin/cmake --install /home/eragon/ArUco/build/robot_teleop
[0.275s] -- Install configuration: "Debug"
[0.276s] -- Up-to-date: /home/eragon/ArUco/install/robot_teleop/lib/robot_teleop/robot_teleop_node
[0.308s] -- Up-to-date: /home/eragon/ArUco/install/robot_teleop/share/ament_index/resource_index/package_run_dependencies/robot_teleop
[0.308s] -- Up-to-date: /home/eragon/ArUco/install/robot_teleop/share/ament_index/resource_index/parent_prefix_path/robot_teleop
[0.308s] -- Up-to-date: /home/eragon/ArUco/install/robot_teleop/share/robot_teleop/environment/ament_prefix_path.sh
[0.308s] -- Up-to-date: /home/eragon/ArUco/install/robot_teleop/share/robot_teleop/environment/ament_prefix_path.dsv
[0.309s] -- Up-to-date: /home/eragon/ArUco/install/robot_teleop/share/robot_teleop/environment/path.sh
[0.309s] -- Up-to-date: /home/eragon/ArUco/install/robot_teleop/share/robot_teleop/environment/path.dsv
[0.309s] -- Up-to-date: /home/eragon/ArUco/install/robot_teleop/share/robot_teleop/local_setup.bash
[0.309s] -- Up-to-date: /home/eragon/ArUco/install/robot_teleop/share/robot_teleop/local_setup.sh
[0.309s] -- Up-to-date: /home/eragon/ArUco/install/robot_teleop/share/robot_teleop/local_setup.zsh
[0.309s] -- Up-to-date: /home/eragon/ArUco/install/robot_teleop/share/robot_teleop/local_setup.dsv
[0.309s] -- Installing: /home/eragon/ArUco/install/robot_teleop/share/robot_teleop/package.dsv
[0.309s] -- Up-to-date: /home/eragon/ArUco/install/robot_teleop/share/ament_index/resource_index/packages/robot_teleop
[0.309s] -- Up-to-date: /home/eragon/ArUco/install/robot_teleop/share/robot_teleop/cmake/robot_teleopConfig.cmake
[0.310s] -- Up-to-date: /home/eragon/ArUco/install/robot_teleop/share/robot_teleop/cmake/robot_teleopConfig-version.cmake
[0.310s] -- Up-to-date: /home/eragon/ArUco/install/robot_teleop/share/robot_teleop/package.xml
[0.343s] Invoked command in '/home/eragon/ArUco/build/robot_teleop' returned '0': CMAKE_PREFIX_PATH=${CMAKE_PREFIX_PATH}:/opt/ros/humble /usr/bin/cmake --install /home/eragon/ArUco/build/robot_teleop
