[0.215s] DEBUG:colcon:Command line arguments: ['/usr/bin/colcon', 'build', '--event-handlers', 'status+', 'console_start_end+', '--cmake-args', '-G', 'CodeBlocks - Unix Makefiles', '-DCMAKE_BUILD_TYPE=Debug']
[0.215s] DEBUG:colcon:Parsed command line arguments: Namespace(log_base=None, log_level=None, verb_name='build', build_base='build', install_base='install', merge_install=False, symlink_install=False, test_result_base=None, continue_on_error=False, executor='parallel', parallel_workers=8, event_handlers=['status+', 'console_start_end+'], ignore_user_meta=False, metas=['./colcon.meta'], base_paths=['.'], packages_ignore=None, packages_ignore_regex=None, paths=None, packages_up_to=None, packages_up_to_regex=None, packages_above=None, packages_above_and_dependencies=None, packages_above_depth=None, packages_select_by_dep=None, packages_skip_by_dep=None, packages_skip_up_to=None, packages_select_build_failed=False, packages_skip_build_finished=False, packages_select_test_failures=False, packages_skip_test_passed=False, packages_select=None, packages_skip=None, packages_select_regex=None, packages_skip_regex=None, packages_start=None, packages_end=None, allow_overriding=[], cmake_args=['-G', 'CodeBlocks - Unix Makefiles', '-DCMAKE_BUILD_TYPE=Debug'], cmake_target=None, cmake_target_skip_unavailable=False, cmake_clean_cache=False, cmake_clean_first=False, cmake_force_configure=False, ament_cmake_args=None, catkin_cmake_args=None, catkin_skip_building_tests=False, mixin_files=None, mixin=None, verb_parser=<colcon_mixin.mixin.mixin_argument.MixinArgumentDecorator object at 0x73afd3c49900>, verb_extension=<colcon_core.verb.build.BuildVerb object at 0x73afd3c49210>, main=<bound method BuildVerb.main of <colcon_core.verb.build.BuildVerb object at 0x73afd3c49210>>, mixin_verb=('build',))
[0.522s] Level 1:colcon.colcon_core.package_discovery:discover_packages(colcon_meta) check parameters
[0.523s] Level 1:colcon.colcon_core.package_discovery:discover_packages(recursive) check parameters
[0.523s] Level 1:colcon.colcon_core.package_discovery:discover_packages(ignore) check parameters
[0.523s] Level 1:colcon.colcon_core.package_discovery:discover_packages(path) check parameters
[0.523s] Level 1:colcon.colcon_core.package_discovery:discover_packages(colcon_meta) discover
[0.523s] Level 1:colcon.colcon_core.package_discovery:discover_packages(recursive) discover
[0.523s] INFO:colcon.colcon_core.package_discovery:Crawling recursively for packages in '/home/eragon/ArUco'
[0.523s] Level 1:colcon.colcon_core.package_identification:_identify(.) by extensions ['ignore', 'ignore_ament_install']
[0.523s] Level 1:colcon.colcon_core.package_identification:_identify(.) by extension 'ignore'
[0.523s] Level 1:colcon.colcon_core.package_identification:_identify(.) by extension 'ignore_ament_install'
[0.523s] Level 1:colcon.colcon_core.package_identification:_identify(.) by extensions ['colcon_pkg']
[0.523s] Level 1:colcon.colcon_core.package_identification:_identify(.) by extension 'colcon_pkg'
[0.523s] Level 1:colcon.colcon_core.package_identification:_identify(.) by extensions ['colcon_meta']
[0.523s] Level 1:colcon.colcon_core.package_identification:_identify(.) by extension 'colcon_meta'
[0.524s] Level 1:colcon.colcon_core.package_identification:_identify(.) by extensions ['ros']
[0.524s] Level 1:colcon.colcon_core.package_identification:_identify(.) by extension 'ros'
[0.543s] Level 1:colcon.colcon_core.package_identification:_identify(.) by extensions ['cmake', 'python']
[0.543s] Level 1:colcon.colcon_core.package_identification:_identify(.) by extension 'cmake'
[0.544s] Level 1:colcon.colcon_core.package_identification:_identify(.) by extension 'python'
[0.544s] Level 1:colcon.colcon_core.package_identification:_identify(.) by extensions ['python_setup_py']
[0.544s] Level 1:colcon.colcon_core.package_identification:_identify(.) by extension 'python_setup_py'
[0.544s] Level 1:colcon.colcon_core.package_identification:_identify(build) by extensions ['ignore', 'ignore_ament_install']
[0.544s] Level 1:colcon.colcon_core.package_identification:_identify(build) by extension 'ignore'
[0.544s] Level 1:colcon.colcon_core.package_identification:_identify(build) ignored
[0.544s] Level 1:colcon.colcon_core.package_identification:_identify(install) by extensions ['ignore', 'ignore_ament_install']
[0.544s] Level 1:colcon.colcon_core.package_identification:_identify(install) by extension 'ignore'
[0.545s] Level 1:colcon.colcon_core.package_identification:_identify(install) ignored
[0.545s] Level 1:colcon.colcon_core.package_identification:_identify(log) by extensions ['ignore', 'ignore_ament_install']
[0.545s] Level 1:colcon.colcon_core.package_identification:_identify(log) by extension 'ignore'
[0.545s] Level 1:colcon.colcon_core.package_identification:_identify(log) ignored
[0.546s] Level 1:colcon.colcon_core.package_identification:_identify(src) by extensions ['ignore', 'ignore_ament_install']
[0.546s] Level 1:colcon.colcon_core.package_identification:_identify(src) by extension 'ignore'
[0.546s] Level 1:colcon.colcon_core.package_identification:_identify(src) by extension 'ignore_ament_install'
[0.546s] Level 1:colcon.colcon_core.package_identification:_identify(src) by extensions ['colcon_pkg']
[0.546s] Level 1:colcon.colcon_core.package_identification:_identify(src) by extension 'colcon_pkg'
[0.546s] Level 1:colcon.colcon_core.package_identification:_identify(src) by extensions ['colcon_meta']
[0.546s] Level 1:colcon.colcon_core.package_identification:_identify(src) by extension 'colcon_meta'
[0.546s] Level 1:colcon.colcon_core.package_identification:_identify(src) by extensions ['ros']
[0.546s] Level 1:colcon.colcon_core.package_identification:_identify(src) by extension 'ros'
[0.546s] Level 1:colcon.colcon_core.package_identification:_identify(src) by extensions ['cmake', 'python']
[0.547s] Level 1:colcon.colcon_core.package_identification:_identify(src) by extension 'cmake'
[0.547s] Level 1:colcon.colcon_core.package_identification:_identify(src) by extension 'python'
[0.547s] Level 1:colcon.colcon_core.package_identification:_identify(src) by extensions ['python_setup_py']
[0.547s] Level 1:colcon.colcon_core.package_identification:_identify(src) by extension 'python_setup_py'
[0.547s] Level 1:colcon.colcon_core.package_identification:_identify(src/robot) by extensions ['ignore', 'ignore_ament_install']
[0.547s] Level 1:colcon.colcon_core.package_identification:_identify(src/robot) by extension 'ignore'
[0.547s] Level 1:colcon.colcon_core.package_identification:_identify(src/robot) by extension 'ignore_ament_install'
[0.548s] Level 1:colcon.colcon_core.package_identification:_identify(src/robot) by extensions ['colcon_pkg']
[0.548s] Level 1:colcon.colcon_core.package_identification:_identify(src/robot) by extension 'colcon_pkg'
[0.548s] Level 1:colcon.colcon_core.package_identification:_identify(src/robot) by extensions ['colcon_meta']
[0.548s] Level 1:colcon.colcon_core.package_identification:_identify(src/robot) by extension 'colcon_meta'
[0.548s] Level 1:colcon.colcon_core.package_identification:_identify(src/robot) by extensions ['ros']
[0.548s] Level 1:colcon.colcon_core.package_identification:_identify(src/robot) by extension 'ros'
[0.553s] DEBUG:colcon.colcon_core.package_identification:Package 'src/robot' with type 'ros.ament_cmake' and name 'robot'
[0.554s] Level 1:colcon.colcon_core.package_identification:_identify(src/robot_camera_processor) by extensions ['ignore', 'ignore_ament_install']
[0.554s] Level 1:colcon.colcon_core.package_identification:_identify(src/robot_camera_processor) by extension 'ignore'
[0.554s] Level 1:colcon.colcon_core.package_identification:_identify(src/robot_camera_processor) by extension 'ignore_ament_install'
[0.554s] Level 1:colcon.colcon_core.package_identification:_identify(src/robot_camera_processor) by extensions ['colcon_pkg']
[0.554s] Level 1:colcon.colcon_core.package_identification:_identify(src/robot_camera_processor) by extension 'colcon_pkg'
[0.554s] Level 1:colcon.colcon_core.package_identification:_identify(src/robot_camera_processor) by extensions ['colcon_meta']
[0.554s] Level 1:colcon.colcon_core.package_identification:_identify(src/robot_camera_processor) by extension 'colcon_meta'
[0.554s] Level 1:colcon.colcon_core.package_identification:_identify(src/robot_camera_processor) by extensions ['ros']
[0.555s] Level 1:colcon.colcon_core.package_identification:_identify(src/robot_camera_processor) by extension 'ros'
[0.557s] DEBUG:colcon.colcon_core.package_identification:Package 'src/robot_camera_processor' with type 'ros.ament_cmake' and name 'robot_camera_processor'
[0.557s] Level 1:colcon.colcon_core.package_identification:_identify(src/robot_odometry) by extensions ['ignore', 'ignore_ament_install']
[0.558s] Level 1:colcon.colcon_core.package_identification:_identify(src/robot_odometry) by extension 'ignore'
[0.558s] Level 1:colcon.colcon_core.package_identification:_identify(src/robot_odometry) by extension 'ignore_ament_install'
[0.558s] Level 1:colcon.colcon_core.package_identification:_identify(src/robot_odometry) by extensions ['colcon_pkg']
[0.558s] Level 1:colcon.colcon_core.package_identification:_identify(src/robot_odometry) by extension 'colcon_pkg'
[0.558s] Level 1:colcon.colcon_core.package_identification:_identify(src/robot_odometry) by extensions ['colcon_meta']
[0.558s] Level 1:colcon.colcon_core.package_identification:_identify(src/robot_odometry) by extension 'colcon_meta'
[0.558s] Level 1:colcon.colcon_core.package_identification:_identify(src/robot_odometry) by extensions ['ros']
[0.558s] Level 1:colcon.colcon_core.package_identification:_identify(src/robot_odometry) by extension 'ros'
[0.559s] DEBUG:colcon.colcon_core.package_identification:Package 'src/robot_odometry' with type 'ros.ament_cmake' and name 'robot_odometry'
[0.559s] Level 1:colcon.colcon_core.package_identification:_identify(src/robot_teleop) by extensions ['ignore', 'ignore_ament_install']
[0.559s] Level 1:colcon.colcon_core.package_identification:_identify(src/robot_teleop) by extension 'ignore'
[0.559s] Level 1:colcon.colcon_core.package_identification:_identify(src/robot_teleop) by extension 'ignore_ament_install'
[0.560s] Level 1:colcon.colcon_core.package_identification:_identify(src/robot_teleop) by extensions ['colcon_pkg']
[0.560s] Level 1:colcon.colcon_core.package_identification:_identify(src/robot_teleop) by extension 'colcon_pkg'
[0.560s] Level 1:colcon.colcon_core.package_identification:_identify(src/robot_teleop) by extensions ['colcon_meta']
[0.560s] Level 1:colcon.colcon_core.package_identification:_identify(src/robot_teleop) by extension 'colcon_meta'
[0.560s] Level 1:colcon.colcon_core.package_identification:_identify(src/robot_teleop) by extensions ['ros']
[0.560s] Level 1:colcon.colcon_core.package_identification:_identify(src/robot_teleop) by extension 'ros'
[0.561s] DEBUG:colcon.colcon_core.package_identification:Package 'src/robot_teleop' with type 'ros.ament_cmake' and name 'robot_teleop'
[0.561s] Level 1:colcon.colcon_core.package_identification:_identify(src/test_robot_plugin) by extensions ['ignore', 'ignore_ament_install']
[0.561s] Level 1:colcon.colcon_core.package_identification:_identify(src/test_robot_plugin) by extension 'ignore'
[0.561s] Level 1:colcon.colcon_core.package_identification:_identify(src/test_robot_plugin) by extension 'ignore_ament_install'
[0.561s] Level 1:colcon.colcon_core.package_identification:_identify(src/test_robot_plugin) by extensions ['colcon_pkg']
[0.561s] Level 1:colcon.colcon_core.package_identification:_identify(src/test_robot_plugin) by extension 'colcon_pkg'
[0.561s] Level 1:colcon.colcon_core.package_identification:_identify(src/test_robot_plugin) by extensions ['colcon_meta']
[0.561s] Level 1:colcon.colcon_core.package_identification:_identify(src/test_robot_plugin) by extension 'colcon_meta'
[0.562s] Level 1:colcon.colcon_core.package_identification:_identify(src/test_robot_plugin) by extensions ['ros']
[0.562s] Level 1:colcon.colcon_core.package_identification:_identify(src/test_robot_plugin) by extension 'ros'
[0.563s] DEBUG:colcon.colcon_core.package_identification:Package 'src/test_robot_plugin' with type 'ros.ament_cmake' and name 'test_robot_plugin'
[0.563s] Level 1:colcon.colcon_core.package_identification:_identify(резерв) by extensions ['ignore', 'ignore_ament_install']
[0.563s] Level 1:colcon.colcon_core.package_identification:_identify(резерв) by extension 'ignore'
[0.563s] Level 1:colcon.colcon_core.package_identification:_identify(резерв) by extension 'ignore_ament_install'
[0.563s] Level 1:colcon.colcon_core.package_identification:_identify(резерв) by extensions ['colcon_pkg']
[0.563s] Level 1:colcon.colcon_core.package_identification:_identify(резерв) by extension 'colcon_pkg'
[0.563s] Level 1:colcon.colcon_core.package_identification:_identify(резерв) by extensions ['colcon_meta']
[0.563s] Level 1:colcon.colcon_core.package_identification:_identify(резерв) by extension 'colcon_meta'
[0.563s] Level 1:colcon.colcon_core.package_identification:_identify(резерв) by extensions ['ros']
[0.563s] Level 1:colcon.colcon_core.package_identification:_identify(резерв) by extension 'ros'
[0.564s] Level 1:colcon.colcon_core.package_identification:_identify(резерв) by extensions ['cmake', 'python']
[0.564s] Level 1:colcon.colcon_core.package_identification:_identify(резерв) by extension 'cmake'
[0.564s] Level 1:colcon.colcon_core.package_identification:_identify(резерв) by extension 'python'
[0.564s] Level 1:colcon.colcon_core.package_identification:_identify(резерв) by extensions ['python_setup_py']
[0.564s] Level 1:colcon.colcon_core.package_identification:_identify(резерв) by extension 'python_setup_py'
[0.564s] Level 1:colcon.colcon_core.package_discovery:discover_packages(recursive) using defaults
[0.564s] Level 1:colcon.colcon_core.package_discovery:discover_packages(ignore) discover
[0.564s] Level 1:colcon.colcon_core.package_discovery:discover_packages(ignore) using defaults
[0.564s] Level 1:colcon.colcon_core.package_discovery:discover_packages(path) discover
[0.564s] Level 1:colcon.colcon_core.package_discovery:discover_packages(path) using defaults
[0.626s] Level 1:colcon.colcon_core.package_discovery:discover_packages(prefix_path) check parameters
[0.626s] Level 1:colcon.colcon_core.package_discovery:discover_packages(prefix_path) discover
[0.631s] DEBUG:colcon.colcon_installed_package_information.package_discovery:Found 11 installed packages in /home/eragon/ArUco/install
[0.634s] DEBUG:colcon.colcon_installed_package_information.package_discovery:Found 284 installed packages in /opt/ros/humble
[0.637s] Level 1:colcon.colcon_core.package_discovery:discover_packages(prefix_path) using defaults
[0.732s] Level 5:colcon.colcon_core.verb:set package 'robot' build argument 'cmake_args' from command line to '['-G', 'CodeBlocks - Unix Makefiles', '-DCMAKE_BUILD_TYPE=Debug']'
[0.732s] Level 5:colcon.colcon_core.verb:set package 'robot' build argument 'cmake_target' from command line to 'None'
[0.732s] Level 5:colcon.colcon_core.verb:set package 'robot' build argument 'cmake_target_skip_unavailable' from command line to 'False'
[0.732s] Level 5:colcon.colcon_core.verb:set package 'robot' build argument 'cmake_clean_cache' from command line to 'False'
[0.732s] Level 5:colcon.colcon_core.verb:set package 'robot' build argument 'cmake_clean_first' from command line to 'False'
[0.732s] Level 5:colcon.colcon_core.verb:set package 'robot' build argument 'cmake_force_configure' from command line to 'False'
[0.733s] Level 5:colcon.colcon_core.verb:set package 'robot' build argument 'ament_cmake_args' from command line to 'None'
[0.733s] Level 5:colcon.colcon_core.verb:set package 'robot' build argument 'catkin_cmake_args' from command line to 'None'
[0.733s] Level 5:colcon.colcon_core.verb:set package 'robot' build argument 'catkin_skip_building_tests' from command line to 'False'
[0.733s] DEBUG:colcon.colcon_core.verb:Building package 'robot' with the following arguments: {'ament_cmake_args': None, 'build_base': '/home/eragon/ArUco/build/robot', 'catkin_cmake_args': None, 'catkin_skip_building_tests': False, 'cmake_args': ['-G', 'CodeBlocks - Unix Makefiles', '-DCMAKE_BUILD_TYPE=Debug'], 'cmake_clean_cache': False, 'cmake_clean_first': False, 'cmake_force_configure': False, 'cmake_target': None, 'cmake_target_skip_unavailable': False, 'install_base': '/home/eragon/ArUco/install/robot', 'merge_install': False, 'path': '/home/eragon/ArUco/src/robot', 'symlink_install': False, 'test_result_base': None}
[0.734s] Level 5:colcon.colcon_core.verb:set package 'robot_camera_processor' build argument 'cmake_args' from command line to '['-G', 'CodeBlocks - Unix Makefiles', '-DCMAKE_BUILD_TYPE=Debug']'
[0.734s] Level 5:colcon.colcon_core.verb:set package 'robot_camera_processor' build argument 'cmake_target' from command line to 'None'
[0.735s] Level 5:colcon.colcon_core.verb:set package 'robot_camera_processor' build argument 'cmake_target_skip_unavailable' from command line to 'False'
[0.735s] Level 5:colcon.colcon_core.verb:set package 'robot_camera_processor' build argument 'cmake_clean_cache' from command line to 'False'
[0.735s] Level 5:colcon.colcon_core.verb:set package 'robot_camera_processor' build argument 'cmake_clean_first' from command line to 'False'
[0.735s] Level 5:colcon.colcon_core.verb:set package 'robot_camera_processor' build argument 'cmake_force_configure' from command line to 'False'
[0.735s] Level 5:colcon.colcon_core.verb:set package 'robot_camera_processor' build argument 'ament_cmake_args' from command line to 'None'
[0.735s] Level 5:colcon.colcon_core.verb:set package 'robot_camera_processor' build argument 'catkin_cmake_args' from command line to 'None'
[0.735s] Level 5:colcon.colcon_core.verb:set package 'robot_camera_processor' build argument 'catkin_skip_building_tests' from command line to 'False'
[0.735s] DEBUG:colcon.colcon_core.verb:Building package 'robot_camera_processor' with the following arguments: {'ament_cmake_args': None, 'build_base': '/home/eragon/ArUco/build/robot_camera_processor', 'catkin_cmake_args': None, 'catkin_skip_building_tests': False, 'cmake_args': ['-G', 'CodeBlocks - Unix Makefiles', '-DCMAKE_BUILD_TYPE=Debug'], 'cmake_clean_cache': False, 'cmake_clean_first': False, 'cmake_force_configure': False, 'cmake_target': None, 'cmake_target_skip_unavailable': False, 'install_base': '/home/eragon/ArUco/install/robot_camera_processor', 'merge_install': False, 'path': '/home/eragon/ArUco/src/robot_camera_processor', 'symlink_install': False, 'test_result_base': None}
[0.736s] Level 5:colcon.colcon_core.verb:set package 'robot_odometry' build argument 'cmake_args' from command line to '['-G', 'CodeBlocks - Unix Makefiles', '-DCMAKE_BUILD_TYPE=Debug']'
[0.736s] Level 5:colcon.colcon_core.verb:set package 'robot_odometry' build argument 'cmake_target' from command line to 'None'
[0.736s] Level 5:colcon.colcon_core.verb:set package 'robot_odometry' build argument 'cmake_target_skip_unavailable' from command line to 'False'
[0.737s] Level 5:colcon.colcon_core.verb:set package 'robot_odometry' build argument 'cmake_clean_cache' from command line to 'False'
[0.737s] Level 5:colcon.colcon_core.verb:set package 'robot_odometry' build argument 'cmake_clean_first' from command line to 'False'
[0.737s] Level 5:colcon.colcon_core.verb:set package 'robot_odometry' build argument 'cmake_force_configure' from command line to 'False'
[0.737s] Level 5:colcon.colcon_core.verb:set package 'robot_odometry' build argument 'ament_cmake_args' from command line to 'None'
[0.737s] Level 5:colcon.colcon_core.verb:set package 'robot_odometry' build argument 'catkin_cmake_args' from command line to 'None'
[0.737s] Level 5:colcon.colcon_core.verb:set package 'robot_odometry' build argument 'catkin_skip_building_tests' from command line to 'False'
[0.737s] DEBUG:colcon.colcon_core.verb:Building package 'robot_odometry' with the following arguments: {'ament_cmake_args': None, 'build_base': '/home/eragon/ArUco/build/robot_odometry', 'catkin_cmake_args': None, 'catkin_skip_building_tests': False, 'cmake_args': ['-G', 'CodeBlocks - Unix Makefiles', '-DCMAKE_BUILD_TYPE=Debug'], 'cmake_clean_cache': False, 'cmake_clean_first': False, 'cmake_force_configure': False, 'cmake_target': None, 'cmake_target_skip_unavailable': False, 'install_base': '/home/eragon/ArUco/install/robot_odometry', 'merge_install': False, 'path': '/home/eragon/ArUco/src/robot_odometry', 'symlink_install': False, 'test_result_base': None}
[0.738s] Level 5:colcon.colcon_core.verb:set package 'robot_teleop' build argument 'cmake_args' from command line to '['-G', 'CodeBlocks - Unix Makefiles', '-DCMAKE_BUILD_TYPE=Debug']'
[0.738s] Level 5:colcon.colcon_core.verb:set package 'robot_teleop' build argument 'cmake_target' from command line to 'None'
[0.738s] Level 5:colcon.colcon_core.verb:set package 'robot_teleop' build argument 'cmake_target_skip_unavailable' from command line to 'False'
[0.738s] Level 5:colcon.colcon_core.verb:set package 'robot_teleop' build argument 'cmake_clean_cache' from command line to 'False'
[0.738s] Level 5:colcon.colcon_core.verb:set package 'robot_teleop' build argument 'cmake_clean_first' from command line to 'False'
[0.738s] Level 5:colcon.colcon_core.verb:set package 'robot_teleop' build argument 'cmake_force_configure' from command line to 'False'
[0.738s] Level 5:colcon.colcon_core.verb:set package 'robot_teleop' build argument 'ament_cmake_args' from command line to 'None'
[0.738s] Level 5:colcon.colcon_core.verb:set package 'robot_teleop' build argument 'catkin_cmake_args' from command line to 'None'
[0.738s] Level 5:colcon.colcon_core.verb:set package 'robot_teleop' build argument 'catkin_skip_building_tests' from command line to 'False'
[0.739s] DEBUG:colcon.colcon_core.verb:Building package 'robot_teleop' with the following arguments: {'ament_cmake_args': None, 'build_base': '/home/eragon/ArUco/build/robot_teleop', 'catkin_cmake_args': None, 'catkin_skip_building_tests': False, 'cmake_args': ['-G', 'CodeBlocks - Unix Makefiles', '-DCMAKE_BUILD_TYPE=Debug'], 'cmake_clean_cache': False, 'cmake_clean_first': False, 'cmake_force_configure': False, 'cmake_target': None, 'cmake_target_skip_unavailable': False, 'install_base': '/home/eragon/ArUco/install/robot_teleop', 'merge_install': False, 'path': '/home/eragon/ArUco/src/robot_teleop', 'symlink_install': False, 'test_result_base': None}
[0.740s] Level 5:colcon.colcon_core.verb:set package 'test_robot_plugin' build argument 'cmake_args' from command line to '['-G', 'CodeBlocks - Unix Makefiles', '-DCMAKE_BUILD_TYPE=Debug']'
[0.740s] Level 5:colcon.colcon_core.verb:set package 'test_robot_plugin' build argument 'cmake_target' from command line to 'None'
[0.740s] Level 5:colcon.colcon_core.verb:set package 'test_robot_plugin' build argument 'cmake_target_skip_unavailable' from command line to 'False'
[0.740s] Level 5:colcon.colcon_core.verb:set package 'test_robot_plugin' build argument 'cmake_clean_cache' from command line to 'False'
[0.740s] Level 5:colcon.colcon_core.verb:set package 'test_robot_plugin' build argument 'cmake_clean_first' from command line to 'False'
[0.740s] Level 5:colcon.colcon_core.verb:set package 'test_robot_plugin' build argument 'cmake_force_configure' from command line to 'False'
[0.740s] Level 5:colcon.colcon_core.verb:set package 'test_robot_plugin' build argument 'ament_cmake_args' from command line to 'None'
[0.740s] Level 5:colcon.colcon_core.verb:set package 'test_robot_plugin' build argument 'catkin_cmake_args' from command line to 'None'
[0.740s] Level 5:colcon.colcon_core.verb:set package 'test_robot_plugin' build argument 'catkin_skip_building_tests' from command line to 'False'
[0.740s] DEBUG:colcon.colcon_core.verb:Building package 'test_robot_plugin' with the following arguments: {'ament_cmake_args': None, 'build_base': '/home/eragon/ArUco/build/test_robot_plugin', 'catkin_cmake_args': None, 'catkin_skip_building_tests': False, 'cmake_args': ['-G', 'CodeBlocks - Unix Makefiles', '-DCMAKE_BUILD_TYPE=Debug'], 'cmake_clean_cache': False, 'cmake_clean_first': False, 'cmake_force_configure': False, 'cmake_target': None, 'cmake_target_skip_unavailable': False, 'install_base': '/home/eragon/ArUco/install/test_robot_plugin', 'merge_install': False, 'path': '/home/eragon/ArUco/src/test_robot_plugin', 'symlink_install': False, 'test_result_base': None}
[0.741s] INFO:colcon.colcon_core.executor:Executing jobs using 'parallel' executor
[0.745s] DEBUG:colcon.colcon_parallel_executor.executor.parallel:run_until_complete
[0.746s] INFO:colcon.colcon_ros.task.ament_cmake.build:Building ROS package in '/home/eragon/ArUco/src/robot' with build type 'ament_cmake'
[0.747s] INFO:colcon.colcon_cmake.task.cmake.build:Building CMake package in '/home/eragon/ArUco/src/robot'
[0.754s] INFO:colcon.colcon_core.plugin_system:Skipping extension 'colcon_core.shell.bat': Not used on non-Windows systems
[0.755s] INFO:colcon.colcon_core.shell:Skip shell extension 'powershell' for command environment: Not usable outside of PowerShell
[0.755s] DEBUG:colcon.colcon_core.shell:Skip shell extension 'dsv' for command environment
[0.769s] INFO:colcon.colcon_ros.task.ament_cmake.build:Building ROS package in '/home/eragon/ArUco/src/robot_camera_processor' with build type 'ament_cmake'
[0.770s] INFO:colcon.colcon_cmake.task.cmake.build:Building CMake package in '/home/eragon/ArUco/src/robot_camera_processor'
[0.771s] INFO:colcon.colcon_core.shell:Skip shell extension 'powershell' for command environment: Not usable outside of PowerShell
[0.772s] DEBUG:colcon.colcon_core.shell:Skip shell extension 'dsv' for command environment
[0.785s] INFO:colcon.colcon_ros.task.ament_cmake.build:Building ROS package in '/home/eragon/ArUco/src/robot_odometry' with build type 'ament_cmake'
[0.786s] INFO:colcon.colcon_cmake.task.cmake.build:Building CMake package in '/home/eragon/ArUco/src/robot_odometry'
[0.787s] INFO:colcon.colcon_core.shell:Skip shell extension 'powershell' for command environment: Not usable outside of PowerShell
[0.787s] DEBUG:colcon.colcon_core.shell:Skip shell extension 'dsv' for command environment
[0.797s] INFO:colcon.colcon_ros.task.ament_cmake.build:Building ROS package in '/home/eragon/ArUco/src/robot_teleop' with build type 'ament_cmake'
[0.797s] INFO:colcon.colcon_cmake.task.cmake.build:Building CMake package in '/home/eragon/ArUco/src/robot_teleop'
[0.798s] INFO:colcon.colcon_core.shell:Skip shell extension 'powershell' for command environment: Not usable outside of PowerShell
[0.798s] DEBUG:colcon.colcon_core.shell:Skip shell extension 'dsv' for command environment
[0.809s] INFO:colcon.colcon_ros.task.ament_cmake.build:Building ROS package in '/home/eragon/ArUco/src/test_robot_plugin' with build type 'ament_cmake'
[0.809s] INFO:colcon.colcon_cmake.task.cmake.build:Building CMake package in '/home/eragon/ArUco/src/test_robot_plugin'
[0.809s] INFO:colcon.colcon_core.shell:Skip shell extension 'powershell' for command environment: Not usable outside of PowerShell
[0.810s] DEBUG:colcon.colcon_core.shell:Skip shell extension 'dsv' for command environment
[0.831s] DEBUG:colcon.colcon_core.event_handler.log_command:Invoking command in '/home/eragon/ArUco/build/robot': CMAKE_PREFIX_PATH=${CMAKE_PREFIX_PATH}:/opt/ros/humble /usr/bin/cmake --build /home/eragon/ArUco/build/robot -- -j8 -l8
[0.843s] DEBUG:colcon.colcon_core.event_handler.log_command:Invoking command in '/home/eragon/ArUco/build/robot_camera_processor': CMAKE_PREFIX_PATH=${CMAKE_PREFIX_PATH}:/opt/ros/humble /usr/bin/cmake --build /home/eragon/ArUco/build/robot_camera_processor -- -j8 -l8
[0.851s] DEBUG:colcon.colcon_core.event_handler.log_command:Invoking command in '/home/eragon/ArUco/build/robot_odometry': CMAKE_PREFIX_PATH=${CMAKE_PREFIX_PATH}:/opt/ros/humble /usr/bin/cmake --build /home/eragon/ArUco/build/robot_odometry -- -j8 -l8
[0.864s] DEBUG:colcon.colcon_core.event_handler.log_command:Invoking command in '/home/eragon/ArUco/build/robot_teleop': CMAKE_PREFIX_PATH=${CMAKE_PREFIX_PATH}:/opt/ros/humble /usr/bin/cmake --build /home/eragon/ArUco/build/robot_teleop -- -j8 -l8
[0.872s] DEBUG:colcon.colcon_core.event_handler.log_command:Invoking command in '/home/eragon/ArUco/build/test_robot_plugin': CMAKE_PREFIX_PATH=${CMAKE_PREFIX_PATH}:/opt/ros/humble /usr/bin/cmake --build /home/eragon/ArUco/build/test_robot_plugin -- -j8 -l8
[0.951s] DEBUG:colcon.colcon_core.event_handler.log_command:Invoked command in '/home/eragon/ArUco/build/robot' returned '0': CMAKE_PREFIX_PATH=${CMAKE_PREFIX_PATH}:/opt/ros/humble /usr/bin/cmake --build /home/eragon/ArUco/build/robot -- -j8 -l8
[0.984s] DEBUG:colcon.colcon_core.event_handler.log_command:Invoking command in '/home/eragon/ArUco/build/robot': CMAKE_PREFIX_PATH=${CMAKE_PREFIX_PATH}:/opt/ros/humble /usr/bin/cmake --install /home/eragon/ArUco/build/robot
[1.015s] Level 1:colcon.colcon_core.environment:create_environment_scripts_only(robot)
[1.018s] DEBUG:colcon.colcon_core.event_handler.log_command:Invoked command in '/home/eragon/ArUco/build/robot' returned '0': CMAKE_PREFIX_PATH=${CMAKE_PREFIX_PATH}:/opt/ros/humble /usr/bin/cmake --install /home/eragon/ArUco/build/robot
[1.026s] Level 1:colcon.colcon_core.environment:checking '/home/eragon/ArUco/install/robot' for CMake module files
[1.029s] Level 1:colcon.colcon_core.environment:checking '/home/eragon/ArUco/install/robot' for CMake config files
[1.030s] Level 1:colcon.colcon_core.shell:create_environment_hook('robot', 'cmake_prefix_path')
[1.031s] INFO:colcon.colcon_core.shell:Creating environment hook '/home/eragon/ArUco/install/robot/share/robot/hook/cmake_prefix_path.ps1'
[1.034s] INFO:colcon.colcon_core.shell:Creating environment descriptor '/home/eragon/ArUco/install/robot/share/robot/hook/cmake_prefix_path.dsv'
[1.035s] INFO:colcon.colcon_core.shell:Creating environment hook '/home/eragon/ArUco/install/robot/share/robot/hook/cmake_prefix_path.sh'
[1.037s] Level 1:colcon.colcon_core.environment:checking '/home/eragon/ArUco/install/robot/bin'
[1.037s] Level 1:colcon.colcon_core.environment:checking '/home/eragon/ArUco/install/robot/lib/pkgconfig/robot.pc'
[1.038s] Level 1:colcon.colcon_core.environment:checking '/home/eragon/ArUco/install/robot/lib/python3.10/site-packages'
[1.038s] Level 1:colcon.colcon_core.environment:checking '/home/eragon/ArUco/install/robot/bin'
[1.039s] INFO:colcon.colcon_core.shell:Creating package script '/home/eragon/ArUco/install/robot/share/robot/package.ps1'
[1.041s] INFO:colcon.colcon_core.shell:Creating package descriptor '/home/eragon/ArUco/install/robot/share/robot/package.dsv'
[1.042s] INFO:colcon.colcon_core.shell:Creating package script '/home/eragon/ArUco/install/robot/share/robot/package.sh'
[1.044s] INFO:colcon.colcon_core.shell:Creating package script '/home/eragon/ArUco/install/robot/share/robot/package.bash'
[1.046s] INFO:colcon.colcon_core.shell:Creating package script '/home/eragon/ArUco/install/robot/share/robot/package.zsh'
[1.050s] Level 1:colcon.colcon_core.environment:create_file_with_runtime_dependencies(/home/eragon/ArUco/install/robot/share/colcon-core/packages/robot)
[1.051s] Level 1:colcon.colcon_core.environment:create_environment_scripts_only(robot)
[1.052s] Level 1:colcon.colcon_core.environment:checking '/home/eragon/ArUco/install/robot' for CMake module files
[1.053s] Level 1:colcon.colcon_core.environment:checking '/home/eragon/ArUco/install/robot' for CMake config files
[1.053s] Level 1:colcon.colcon_core.shell:create_environment_hook('robot', 'cmake_prefix_path')
[1.054s] INFO:colcon.colcon_core.shell:Creating environment hook '/home/eragon/ArUco/install/robot/share/robot/hook/cmake_prefix_path.ps1'
[1.055s] INFO:colcon.colcon_core.shell:Creating environment descriptor '/home/eragon/ArUco/install/robot/share/robot/hook/cmake_prefix_path.dsv'
[1.056s] INFO:colcon.colcon_core.shell:Creating environment hook '/home/eragon/ArUco/install/robot/share/robot/hook/cmake_prefix_path.sh'
[1.058s] Level 1:colcon.colcon_core.environment:checking '/home/eragon/ArUco/install/robot/bin'
[1.058s] Level 1:colcon.colcon_core.environment:checking '/home/eragon/ArUco/install/robot/lib/pkgconfig/robot.pc'
[1.059s] Level 1:colcon.colcon_core.environment:checking '/home/eragon/ArUco/install/robot/lib/python3.10/site-packages'
[1.059s] Level 1:colcon.colcon_core.environment:checking '/home/eragon/ArUco/install/robot/bin'
[1.060s] INFO:colcon.colcon_core.shell:Creating package script '/home/eragon/ArUco/install/robot/share/robot/package.ps1'
[1.062s] INFO:colcon.colcon_core.shell:Creating package descriptor '/home/eragon/ArUco/install/robot/share/robot/package.dsv'
[1.063s] INFO:colcon.colcon_core.shell:Creating package script '/home/eragon/ArUco/install/robot/share/robot/package.sh'
[1.064s] INFO:colcon.colcon_core.shell:Creating package script '/home/eragon/ArUco/install/robot/share/robot/package.bash'
[1.066s] INFO:colcon.colcon_core.shell:Creating package script '/home/eragon/ArUco/install/robot/share/robot/package.zsh'
[1.067s] Level 1:colcon.colcon_core.environment:create_file_with_runtime_dependencies(/home/eragon/ArUco/install/robot/share/colcon-core/packages/robot)
[1.074s] DEBUG:colcon.colcon_core.event_handler.log_command:Invoked command in '/home/eragon/ArUco/build/robot_camera_processor' returned '0': CMAKE_PREFIX_PATH=${CMAKE_PREFIX_PATH}:/opt/ros/humble /usr/bin/cmake --build /home/eragon/ArUco/build/robot_camera_processor -- -j8 -l8
[1.076s] DEBUG:colcon.colcon_core.event_handler.log_command:Invoking command in '/home/eragon/ArUco/build/robot_camera_processor': CMAKE_PREFIX_PATH=${CMAKE_PREFIX_PATH}:/opt/ros/humble /usr/bin/cmake --install /home/eragon/ArUco/build/robot_camera_processor
[1.077s] DEBUG:colcon.colcon_core.event_handler.log_command:Invoked command in '/home/eragon/ArUco/build/robot_teleop' returned '0': CMAKE_PREFIX_PATH=${CMAKE_PREFIX_PATH}:/opt/ros/humble /usr/bin/cmake --build /home/eragon/ArUco/build/robot_teleop -- -j8 -l8
[1.078s] DEBUG:colcon.colcon_core.event_handler.log_command:Invoking command in '/home/eragon/ArUco/build/robot_teleop': CMAKE_PREFIX_PATH=${CMAKE_PREFIX_PATH}:/opt/ros/humble /usr/bin/cmake --install /home/eragon/ArUco/build/robot_teleop
[1.079s] DEBUG:colcon.colcon_core.event_handler.log_command:Invoked command in '/home/eragon/ArUco/build/robot_odometry' returned '0': CMAKE_PREFIX_PATH=${CMAKE_PREFIX_PATH}:/opt/ros/humble /usr/bin/cmake --build /home/eragon/ArUco/build/robot_odometry -- -j8 -l8
[1.083s] DEBUG:colcon.colcon_core.event_handler.log_command:Invoking command in '/home/eragon/ArUco/build/robot_odometry': CMAKE_PREFIX_PATH=${CMAKE_PREFIX_PATH}:/opt/ros/humble /usr/bin/cmake --install /home/eragon/ArUco/build/robot_odometry
[1.100s] Level 1:colcon.colcon_core.environment:create_environment_scripts_only(robot_camera_processor)
[1.101s] Level 1:colcon.colcon_core.environment:checking '/home/eragon/ArUco/install/robot_camera_processor' for CMake module files
[1.105s] DEBUG:colcon.colcon_core.event_handler.log_command:Invoked command in '/home/eragon/ArUco/build/robot_camera_processor' returned '0': CMAKE_PREFIX_PATH=${CMAKE_PREFIX_PATH}:/opt/ros/humble /usr/bin/cmake --install /home/eragon/ArUco/build/robot_camera_processor
[1.106s] Level 1:colcon.colcon_core.environment:checking '/home/eragon/ArUco/install/robot_camera_processor' for CMake config files
[1.106s] Level 1:colcon.colcon_core.shell:create_environment_hook('robot_camera_processor', 'cmake_prefix_path')
[1.107s] INFO:colcon.colcon_core.shell:Creating environment hook '/home/eragon/ArUco/install/robot_camera_processor/share/robot_camera_processor/hook/cmake_prefix_path.ps1'
[1.107s] INFO:colcon.colcon_core.shell:Creating environment descriptor '/home/eragon/ArUco/install/robot_camera_processor/share/robot_camera_processor/hook/cmake_prefix_path.dsv'
[1.108s] INFO:colcon.colcon_core.shell:Creating environment hook '/home/eragon/ArUco/install/robot_camera_processor/share/robot_camera_processor/hook/cmake_prefix_path.sh'
[1.110s] Level 1:colcon.colcon_core.environment:checking '/home/eragon/ArUco/install/robot_camera_processor/lib'
[1.110s] Level 1:colcon.colcon_core.environment:checking '/home/eragon/ArUco/install/robot_camera_processor/bin'
[1.110s] Level 1:colcon.colcon_core.environment:checking '/home/eragon/ArUco/install/robot_camera_processor/lib/pkgconfig/robot_camera_processor.pc'
[1.111s] Level 1:colcon.colcon_core.environment:checking '/home/eragon/ArUco/install/robot_camera_processor/lib/python3.10/site-packages'
[1.111s] Level 1:colcon.colcon_core.environment:checking '/home/eragon/ArUco/install/robot_camera_processor/bin'
[1.111s] INFO:colcon.colcon_core.shell:Creating package script '/home/eragon/ArUco/install/robot_camera_processor/share/robot_camera_processor/package.ps1'
[1.113s] INFO:colcon.colcon_core.shell:Creating package descriptor '/home/eragon/ArUco/install/robot_camera_processor/share/robot_camera_processor/package.dsv'
[1.114s] INFO:colcon.colcon_core.shell:Creating package script '/home/eragon/ArUco/install/robot_camera_processor/share/robot_camera_processor/package.sh'
[1.115s] INFO:colcon.colcon_core.shell:Creating package script '/home/eragon/ArUco/install/robot_camera_processor/share/robot_camera_processor/package.bash'
[1.115s] INFO:colcon.colcon_core.shell:Creating package script '/home/eragon/ArUco/install/robot_camera_processor/share/robot_camera_processor/package.zsh'
[1.117s] Level 1:colcon.colcon_core.environment:create_file_with_runtime_dependencies(/home/eragon/ArUco/install/robot_camera_processor/share/colcon-core/packages/robot_camera_processor)
[1.118s] Level 1:colcon.colcon_core.environment:create_environment_scripts_only(robot_camera_processor)
[1.119s] Level 1:colcon.colcon_core.environment:checking '/home/eragon/ArUco/install/robot_camera_processor' for CMake module files
[1.120s] Level 1:colcon.colcon_core.environment:checking '/home/eragon/ArUco/install/robot_camera_processor' for CMake config files
[1.120s] Level 1:colcon.colcon_core.shell:create_environment_hook('robot_camera_processor', 'cmake_prefix_path')
[1.121s] INFO:colcon.colcon_core.shell:Creating environment hook '/home/eragon/ArUco/install/robot_camera_processor/share/robot_camera_processor/hook/cmake_prefix_path.ps1'
[1.122s] INFO:colcon.colcon_core.shell:Creating environment descriptor '/home/eragon/ArUco/install/robot_camera_processor/share/robot_camera_processor/hook/cmake_prefix_path.dsv'
[1.123s] INFO:colcon.colcon_core.shell:Creating environment hook '/home/eragon/ArUco/install/robot_camera_processor/share/robot_camera_processor/hook/cmake_prefix_path.sh'
[1.126s] Level 1:colcon.colcon_core.environment:checking '/home/eragon/ArUco/install/robot_camera_processor/lib'
[1.126s] Level 1:colcon.colcon_core.environment:checking '/home/eragon/ArUco/install/robot_camera_processor/bin'
[1.126s] Level 1:colcon.colcon_core.environment:checking '/home/eragon/ArUco/install/robot_camera_processor/lib/pkgconfig/robot_camera_processor.pc'
[1.127s] Level 1:colcon.colcon_core.environment:checking '/home/eragon/ArUco/install/robot_camera_processor/lib/python3.10/site-packages'
[1.127s] Level 1:colcon.colcon_core.environment:checking '/home/eragon/ArUco/install/robot_camera_processor/bin'
[1.128s] INFO:colcon.colcon_core.shell:Creating package script '/home/eragon/ArUco/install/robot_camera_processor/share/robot_camera_processor/package.ps1'
[1.129s] INFO:colcon.colcon_core.shell:Creating package descriptor '/home/eragon/ArUco/install/robot_camera_processor/share/robot_camera_processor/package.dsv'
[1.131s] INFO:colcon.colcon_core.shell:Creating package script '/home/eragon/ArUco/install/robot_camera_processor/share/robot_camera_processor/package.sh'
[1.132s] INFO:colcon.colcon_core.shell:Creating package script '/home/eragon/ArUco/install/robot_camera_processor/share/robot_camera_processor/package.bash'
[1.133s] INFO:colcon.colcon_core.shell:Creating package script '/home/eragon/ArUco/install/robot_camera_processor/share/robot_camera_processor/package.zsh'
[1.134s] Level 1:colcon.colcon_core.environment:create_file_with_runtime_dependencies(/home/eragon/ArUco/install/robot_camera_processor/share/colcon-core/packages/robot_camera_processor)
[1.135s] Level 1:colcon.colcon_core.environment:create_environment_scripts_only(robot_teleop)
[1.136s] Level 1:colcon.colcon_core.environment:checking '/home/eragon/ArUco/install/robot_teleop' for CMake module files
[1.138s] DEBUG:colcon.colcon_core.event_handler.log_command:Invoked command in '/home/eragon/ArUco/build/robot_teleop' returned '0': CMAKE_PREFIX_PATH=${CMAKE_PREFIX_PATH}:/opt/ros/humble /usr/bin/cmake --install /home/eragon/ArUco/build/robot_teleop
[1.138s] Level 1:colcon.colcon_core.environment:checking '/home/eragon/ArUco/install/robot_teleop' for CMake config files
[1.139s] Level 1:colcon.colcon_core.shell:create_environment_hook('robot_teleop', 'cmake_prefix_path')
[1.139s] INFO:colcon.colcon_core.shell:Creating environment hook '/home/eragon/ArUco/install/robot_teleop/share/robot_teleop/hook/cmake_prefix_path.ps1'
[1.140s] INFO:colcon.colcon_core.shell:Creating environment descriptor '/home/eragon/ArUco/install/robot_teleop/share/robot_teleop/hook/cmake_prefix_path.dsv'
[1.141s] INFO:colcon.colcon_core.shell:Creating environment hook '/home/eragon/ArUco/install/robot_teleop/share/robot_teleop/hook/cmake_prefix_path.sh'
[1.142s] Level 1:colcon.colcon_core.environment:checking '/home/eragon/ArUco/install/robot_teleop/lib'
[1.142s] Level 1:colcon.colcon_core.environment:checking '/home/eragon/ArUco/install/robot_teleop/bin'
[1.142s] Level 1:colcon.colcon_core.environment:checking '/home/eragon/ArUco/install/robot_teleop/lib/pkgconfig/robot_teleop.pc'
[1.142s] Level 1:colcon.colcon_core.environment:checking '/home/eragon/ArUco/install/robot_teleop/lib/python3.10/site-packages'
[1.143s] Level 1:colcon.colcon_core.environment:checking '/home/eragon/ArUco/install/robot_teleop/bin'
[1.143s] INFO:colcon.colcon_core.shell:Creating package script '/home/eragon/ArUco/install/robot_teleop/share/robot_teleop/package.ps1'
[1.144s] INFO:colcon.colcon_core.shell:Creating package descriptor '/home/eragon/ArUco/install/robot_teleop/share/robot_teleop/package.dsv'
[1.146s] INFO:colcon.colcon_core.shell:Creating package script '/home/eragon/ArUco/install/robot_teleop/share/robot_teleop/package.sh'
[1.147s] INFO:colcon.colcon_core.shell:Creating package script '/home/eragon/ArUco/install/robot_teleop/share/robot_teleop/package.bash'
[1.148s] INFO:colcon.colcon_core.shell:Creating package script '/home/eragon/ArUco/install/robot_teleop/share/robot_teleop/package.zsh'
[1.149s] Level 1:colcon.colcon_core.environment:create_file_with_runtime_dependencies(/home/eragon/ArUco/install/robot_teleop/share/colcon-core/packages/robot_teleop)
[1.150s] Level 1:colcon.colcon_core.environment:create_environment_scripts_only(robot_teleop)
[1.151s] Level 1:colcon.colcon_core.environment:checking '/home/eragon/ArUco/install/robot_teleop' for CMake module files
[1.152s] Level 1:colcon.colcon_core.environment:checking '/home/eragon/ArUco/install/robot_teleop' for CMake config files
[1.152s] Level 1:colcon.colcon_core.shell:create_environment_hook('robot_teleop', 'cmake_prefix_path')
[1.153s] INFO:colcon.colcon_core.shell:Creating environment hook '/home/eragon/ArUco/install/robot_teleop/share/robot_teleop/hook/cmake_prefix_path.ps1'
[1.154s] INFO:colcon.colcon_core.shell:Creating environment descriptor '/home/eragon/ArUco/install/robot_teleop/share/robot_teleop/hook/cmake_prefix_path.dsv'
[1.154s] INFO:colcon.colcon_core.shell:Creating environment hook '/home/eragon/ArUco/install/robot_teleop/share/robot_teleop/hook/cmake_prefix_path.sh'
[1.156s] Level 1:colcon.colcon_core.environment:checking '/home/eragon/ArUco/install/robot_teleop/lib'
[1.157s] Level 1:colcon.colcon_core.environment:checking '/home/eragon/ArUco/install/robot_teleop/bin'
[1.157s] Level 1:colcon.colcon_core.environment:checking '/home/eragon/ArUco/install/robot_teleop/lib/pkgconfig/robot_teleop.pc'
[1.157s] Level 1:colcon.colcon_core.environment:checking '/home/eragon/ArUco/install/robot_teleop/lib/python3.10/site-packages'
[1.157s] Level 1:colcon.colcon_core.environment:checking '/home/eragon/ArUco/install/robot_teleop/bin'
[1.158s] INFO:colcon.colcon_core.shell:Creating package script '/home/eragon/ArUco/install/robot_teleop/share/robot_teleop/package.ps1'
[1.159s] INFO:colcon.colcon_core.shell:Creating package descriptor '/home/eragon/ArUco/install/robot_teleop/share/robot_teleop/package.dsv'
[1.160s] INFO:colcon.colcon_core.shell:Creating package script '/home/eragon/ArUco/install/robot_teleop/share/robot_teleop/package.sh'
[1.161s] INFO:colcon.colcon_core.shell:Creating package script '/home/eragon/ArUco/install/robot_teleop/share/robot_teleop/package.bash'
[1.162s] INFO:colcon.colcon_core.shell:Creating package script '/home/eragon/ArUco/install/robot_teleop/share/robot_teleop/package.zsh'
[1.163s] Level 1:colcon.colcon_core.environment:create_file_with_runtime_dependencies(/home/eragon/ArUco/install/robot_teleop/share/colcon-core/packages/robot_teleop)
[1.165s] DEBUG:colcon.colcon_core.event_handler.log_command:Invoked command in '/home/eragon/ArUco/build/test_robot_plugin' returned '0': CMAKE_PREFIX_PATH=${CMAKE_PREFIX_PATH}:/opt/ros/humble /usr/bin/cmake --build /home/eragon/ArUco/build/test_robot_plugin -- -j8 -l8
[1.167s] DEBUG:colcon.colcon_core.event_handler.log_command:Invoking command in '/home/eragon/ArUco/build/test_robot_plugin': CMAKE_PREFIX_PATH=${CMAKE_PREFIX_PATH}:/opt/ros/humble /usr/bin/cmake --install /home/eragon/ArUco/build/test_robot_plugin
[1.169s] Level 1:colcon.colcon_core.environment:create_environment_scripts_only(robot_odometry)
[1.170s] Level 1:colcon.colcon_core.environment:checking '/home/eragon/ArUco/install/robot_odometry' for CMake module files
[1.173s] DEBUG:colcon.colcon_core.event_handler.log_command:Invoked command in '/home/eragon/ArUco/build/robot_odometry' returned '0': CMAKE_PREFIX_PATH=${CMAKE_PREFIX_PATH}:/opt/ros/humble /usr/bin/cmake --install /home/eragon/ArUco/build/robot_odometry
[1.174s] Level 1:colcon.colcon_core.environment:checking '/home/eragon/ArUco/install/robot_odometry' for CMake config files
[1.175s] Level 1:colcon.colcon_core.shell:create_environment_hook('robot_odometry', 'cmake_prefix_path')
[1.175s] INFO:colcon.colcon_core.shell:Creating environment hook '/home/eragon/ArUco/install/robot_odometry/share/robot_odometry/hook/cmake_prefix_path.ps1'
[1.176s] INFO:colcon.colcon_core.shell:Creating environment descriptor '/home/eragon/ArUco/install/robot_odometry/share/robot_odometry/hook/cmake_prefix_path.dsv'
[1.178s] INFO:colcon.colcon_core.shell:Creating environment hook '/home/eragon/ArUco/install/robot_odometry/share/robot_odometry/hook/cmake_prefix_path.sh'
[1.179s] Level 1:colcon.colcon_core.environment:checking '/home/eragon/ArUco/install/robot_odometry/lib'
[1.179s] Level 1:colcon.colcon_core.environment:checking '/home/eragon/ArUco/install/robot_odometry/bin'
[1.180s] Level 1:colcon.colcon_core.environment:checking '/home/eragon/ArUco/install/robot_odometry/lib/pkgconfig/robot_odometry.pc'
[1.180s] Level 1:colcon.colcon_core.environment:checking '/home/eragon/ArUco/install/robot_odometry/lib/python3.10/site-packages'
[1.180s] Level 1:colcon.colcon_core.environment:checking '/home/eragon/ArUco/install/robot_odometry/bin'
[1.181s] INFO:colcon.colcon_core.shell:Creating package script '/home/eragon/ArUco/install/robot_odometry/share/robot_odometry/package.ps1'
[1.182s] INFO:colcon.colcon_core.shell:Creating package descriptor '/home/eragon/ArUco/install/robot_odometry/share/robot_odometry/package.dsv'
[1.183s] INFO:colcon.colcon_core.shell:Creating package script '/home/eragon/ArUco/install/robot_odometry/share/robot_odometry/package.sh'
[1.184s] INFO:colcon.colcon_core.shell:Creating package script '/home/eragon/ArUco/install/robot_odometry/share/robot_odometry/package.bash'
[1.185s] INFO:colcon.colcon_core.shell:Creating package script '/home/eragon/ArUco/install/robot_odometry/share/robot_odometry/package.zsh'
[1.186s] Level 1:colcon.colcon_core.environment:create_file_with_runtime_dependencies(/home/eragon/ArUco/install/robot_odometry/share/colcon-core/packages/robot_odometry)
[1.187s] Level 1:colcon.colcon_core.environment:create_environment_scripts_only(robot_odometry)
[1.188s] Level 1:colcon.colcon_core.environment:checking '/home/eragon/ArUco/install/robot_odometry' for CMake module files
[1.189s] Level 1:colcon.colcon_core.environment:checking '/home/eragon/ArUco/install/robot_odometry' for CMake config files
[1.189s] Level 1:colcon.colcon_core.shell:create_environment_hook('robot_odometry', 'cmake_prefix_path')
[1.190s] INFO:colcon.colcon_core.shell:Creating environment hook '/home/eragon/ArUco/install/robot_odometry/share/robot_odometry/hook/cmake_prefix_path.ps1'
[1.191s] INFO:colcon.colcon_core.shell:Creating environment descriptor '/home/eragon/ArUco/install/robot_odometry/share/robot_odometry/hook/cmake_prefix_path.dsv'
[1.192s] INFO:colcon.colcon_core.shell:Creating environment hook '/home/eragon/ArUco/install/robot_odometry/share/robot_odometry/hook/cmake_prefix_path.sh'
[1.193s] Level 1:colcon.colcon_core.environment:checking '/home/eragon/ArUco/install/robot_odometry/lib'
[1.194s] Level 1:colcon.colcon_core.environment:checking '/home/eragon/ArUco/install/robot_odometry/bin'
[1.194s] Level 1:colcon.colcon_core.environment:checking '/home/eragon/ArUco/install/robot_odometry/lib/pkgconfig/robot_odometry.pc'
[1.194s] Level 1:colcon.colcon_core.environment:checking '/home/eragon/ArUco/install/robot_odometry/lib/python3.10/site-packages'
[1.194s] Level 1:colcon.colcon_core.environment:checking '/home/eragon/ArUco/install/robot_odometry/bin'
[1.195s] INFO:colcon.colcon_core.shell:Creating package script '/home/eragon/ArUco/install/robot_odometry/share/robot_odometry/package.ps1'
[1.196s] INFO:colcon.colcon_core.shell:Creating package descriptor '/home/eragon/ArUco/install/robot_odometry/share/robot_odometry/package.dsv'
[1.197s] INFO:colcon.colcon_core.shell:Creating package script '/home/eragon/ArUco/install/robot_odometry/share/robot_odometry/package.sh'
[1.199s] INFO:colcon.colcon_core.shell:Creating package script '/home/eragon/ArUco/install/robot_odometry/share/robot_odometry/package.bash'
[1.200s] INFO:colcon.colcon_core.shell:Creating package script '/home/eragon/ArUco/install/robot_odometry/share/robot_odometry/package.zsh'
[1.201s] Level 1:colcon.colcon_core.environment:create_file_with_runtime_dependencies(/home/eragon/ArUco/install/robot_odometry/share/colcon-core/packages/robot_odometry)
[1.202s] Level 1:colcon.colcon_core.environment:create_environment_scripts_only(test_robot_plugin)
[1.203s] Level 1:colcon.colcon_core.environment:checking '/home/eragon/ArUco/install/test_robot_plugin' for CMake module files
[1.206s] DEBUG:colcon.colcon_core.event_handler.log_command:Invoked command in '/home/eragon/ArUco/build/test_robot_plugin' returned '0': CMAKE_PREFIX_PATH=${CMAKE_PREFIX_PATH}:/opt/ros/humble /usr/bin/cmake --install /home/eragon/ArUco/build/test_robot_plugin
[1.206s] Level 1:colcon.colcon_core.environment:checking '/home/eragon/ArUco/install/test_robot_plugin' for CMake config files
[1.207s] Level 1:colcon.colcon_core.shell:create_environment_hook('test_robot_plugin', 'cmake_prefix_path')
[1.207s] INFO:colcon.colcon_core.shell:Creating environment hook '/home/eragon/ArUco/install/test_robot_plugin/share/test_robot_plugin/hook/cmake_prefix_path.ps1'
[1.208s] INFO:colcon.colcon_core.shell:Creating environment descriptor '/home/eragon/ArUco/install/test_robot_plugin/share/test_robot_plugin/hook/cmake_prefix_path.dsv'
[1.209s] INFO:colcon.colcon_core.shell:Creating environment hook '/home/eragon/ArUco/install/test_robot_plugin/share/test_robot_plugin/hook/cmake_prefix_path.sh'
[1.210s] Level 1:colcon.colcon_core.environment:checking '/home/eragon/ArUco/install/test_robot_plugin/lib'
[1.210s] Level 1:colcon.colcon_core.shell:create_environment_hook('test_robot_plugin', 'ld_library_path_lib')
[1.211s] INFO:colcon.colcon_core.shell:Creating environment hook '/home/eragon/ArUco/install/test_robot_plugin/share/test_robot_plugin/hook/ld_library_path_lib.ps1'
[1.212s] INFO:colcon.colcon_core.shell:Creating environment descriptor '/home/eragon/ArUco/install/test_robot_plugin/share/test_robot_plugin/hook/ld_library_path_lib.dsv'
[1.213s] INFO:colcon.colcon_core.shell:Creating environment hook '/home/eragon/ArUco/install/test_robot_plugin/share/test_robot_plugin/hook/ld_library_path_lib.sh'
[1.214s] Level 1:colcon.colcon_core.environment:checking '/home/eragon/ArUco/install/test_robot_plugin/bin'
[1.214s] Level 1:colcon.colcon_core.environment:checking '/home/eragon/ArUco/install/test_robot_plugin/lib/pkgconfig/test_robot_plugin.pc'
[1.214s] Level 1:colcon.colcon_core.environment:checking '/home/eragon/ArUco/install/test_robot_plugin/lib/python3.10/site-packages'
[1.214s] Level 1:colcon.colcon_core.environment:checking '/home/eragon/ArUco/install/test_robot_plugin/bin'
[1.215s] INFO:colcon.colcon_core.shell:Creating package script '/home/eragon/ArUco/install/test_robot_plugin/share/test_robot_plugin/package.ps1'
[1.216s] INFO:colcon.colcon_core.shell:Creating package descriptor '/home/eragon/ArUco/install/test_robot_plugin/share/test_robot_plugin/package.dsv'
[1.218s] INFO:colcon.colcon_core.shell:Creating package script '/home/eragon/ArUco/install/test_robot_plugin/share/test_robot_plugin/package.sh'
[1.219s] INFO:colcon.colcon_core.shell:Creating package script '/home/eragon/ArUco/install/test_robot_plugin/share/test_robot_plugin/package.bash'
[1.220s] INFO:colcon.colcon_core.shell:Creating package script '/home/eragon/ArUco/install/test_robot_plugin/share/test_robot_plugin/package.zsh'
[1.221s] Level 1:colcon.colcon_core.environment:create_file_with_runtime_dependencies(/home/eragon/ArUco/install/test_robot_plugin/share/colcon-core/packages/test_robot_plugin)
[1.222s] Level 1:colcon.colcon_core.environment:create_environment_scripts_only(test_robot_plugin)
[1.223s] Level 1:colcon.colcon_core.environment:checking '/home/eragon/ArUco/install/test_robot_plugin' for CMake module files
[1.224s] Level 1:colcon.colcon_core.environment:checking '/home/eragon/ArUco/install/test_robot_plugin' for CMake config files
[1.225s] Level 1:colcon.colcon_core.shell:create_environment_hook('test_robot_plugin', 'cmake_prefix_path')
[1.225s] INFO:colcon.colcon_core.shell:Creating environment hook '/home/eragon/ArUco/install/test_robot_plugin/share/test_robot_plugin/hook/cmake_prefix_path.ps1'
[1.227s] INFO:colcon.colcon_core.shell:Creating environment descriptor '/home/eragon/ArUco/install/test_robot_plugin/share/test_robot_plugin/hook/cmake_prefix_path.dsv'
[1.228s] INFO:colcon.colcon_core.shell:Creating environment hook '/home/eragon/ArUco/install/test_robot_plugin/share/test_robot_plugin/hook/cmake_prefix_path.sh'
[1.230s] Level 1:colcon.colcon_core.environment:checking '/home/eragon/ArUco/install/test_robot_plugin/lib'
[1.230s] Level 1:colcon.colcon_core.shell:create_environment_hook('test_robot_plugin', 'ld_library_path_lib')
[1.231s] INFO:colcon.colcon_core.shell:Creating environment hook '/home/eragon/ArUco/install/test_robot_plugin/share/test_robot_plugin/hook/ld_library_path_lib.ps1'
[1.233s] INFO:colcon.colcon_core.shell:Creating environment descriptor '/home/eragon/ArUco/install/test_robot_plugin/share/test_robot_plugin/hook/ld_library_path_lib.dsv'
[1.234s] INFO:colcon.colcon_core.shell:Creating environment hook '/home/eragon/ArUco/install/test_robot_plugin/share/test_robot_plugin/hook/ld_library_path_lib.sh'
[1.235s] Level 1:colcon.colcon_core.environment:checking '/home/eragon/ArUco/install/test_robot_plugin/bin'
[1.236s] Level 1:colcon.colcon_core.environment:checking '/home/eragon/ArUco/install/test_robot_plugin/lib/pkgconfig/test_robot_plugin.pc'
[1.236s] Level 1:colcon.colcon_core.environment:checking '/home/eragon/ArUco/install/test_robot_plugin/lib/python3.10/site-packages'
[1.237s] Level 1:colcon.colcon_core.environment:checking '/home/eragon/ArUco/install/test_robot_plugin/bin'
[1.238s] INFO:colcon.colcon_core.shell:Creating package script '/home/eragon/ArUco/install/test_robot_plugin/share/test_robot_plugin/package.ps1'
[1.240s] INFO:colcon.colcon_core.shell:Creating package descriptor '/home/eragon/ArUco/install/test_robot_plugin/share/test_robot_plugin/package.dsv'
[1.241s] INFO:colcon.colcon_core.shell:Creating package script '/home/eragon/ArUco/install/test_robot_plugin/share/test_robot_plugin/package.sh'
[1.243s] INFO:colcon.colcon_core.shell:Creating package script '/home/eragon/ArUco/install/test_robot_plugin/share/test_robot_plugin/package.bash'
[1.244s] INFO:colcon.colcon_core.shell:Creating package script '/home/eragon/ArUco/install/test_robot_plugin/share/test_robot_plugin/package.zsh'
[1.246s] Level 1:colcon.colcon_core.environment:create_file_with_runtime_dependencies(/home/eragon/ArUco/install/test_robot_plugin/share/colcon-core/packages/test_robot_plugin)
[1.246s] DEBUG:colcon.colcon_parallel_executor.executor.parallel:closing loop
[1.247s] DEBUG:colcon.colcon_parallel_executor.executor.parallel:loop closed
[1.247s] DEBUG:colcon.colcon_parallel_executor.executor.parallel:run_until_complete finished with '0'
[1.247s] DEBUG:colcon.colcon_core.event_reactor:joining thread
[1.259s] INFO:colcon.colcon_core.plugin_system:Skipping extension 'colcon_notification.desktop_notification.terminal_notifier': Not used on non-Darwin systems
[1.260s] INFO:colcon.colcon_core.plugin_system:Skipping extension 'colcon_notification.desktop_notification.win32': Not used on non-Windows systems
[1.260s] INFO:colcon.colcon_notification.desktop_notification:Sending desktop notification using 'notify2'
[1.260s] DEBUG:colcon.colcon_notification.desktop_notification.notify2:Failed to initialize notify2: org.freedesktop.DBus.Error.BadAddress: '=' character not found or has no value following it
[1.260s] DEBUG:colcon.colcon_core.event_reactor:joined thread
[1.261s] INFO:colcon.colcon_core.shell:Creating prefix script '/home/eragon/ArUco/install/local_setup.ps1'
[1.263s] INFO:colcon.colcon_core.shell:Creating prefix util module '/home/eragon/ArUco/install/_local_setup_util_ps1.py'
[1.266s] INFO:colcon.colcon_core.shell:Creating prefix chain script '/home/eragon/ArUco/install/setup.ps1'
[1.270s] INFO:colcon.colcon_core.shell:Creating prefix script '/home/eragon/ArUco/install/local_setup.sh'
[1.272s] INFO:colcon.colcon_core.shell:Creating prefix util module '/home/eragon/ArUco/install/_local_setup_util_sh.py'
[1.273s] INFO:colcon.colcon_core.shell:Creating prefix chain script '/home/eragon/ArUco/install/setup.sh'
[1.277s] INFO:colcon.colcon_core.shell:Creating prefix script '/home/eragon/ArUco/install/local_setup.bash'
[1.279s] INFO:colcon.colcon_core.shell:Creating prefix chain script '/home/eragon/ArUco/install/setup.bash'
[1.282s] INFO:colcon.colcon_core.shell:Creating prefix script '/home/eragon/ArUco/install/local_setup.zsh'
[1.284s] INFO:colcon.colcon_core.shell:Creating prefix chain script '/home/eragon/ArUco/install/setup.zsh'
