[0.042s] Invoking command in '/home/eragon/ArUco/build/robot_camera_processor': CMAKE_PREFIX_PATH=${CMAKE_PREFIX_PATH}:/opt/ros/humble /usr/bin/cmake --build /home/eragon/ArUco/build/robot_camera_processor -- -j8 -l8
[0.104s] -- Found ament_cmake: 1.3.11 (/opt/ros/humble/share/ament_cmake/cmake)
[0.372s] -- Found rclcpp: 16.0.12 (/opt/ros/humble/share/rclcpp/cmake)
[0.412s] -- Found rosidl_generator_c: 3.1.6 (/opt/ros/humble/share/rosidl_generator_c/cmake)
[0.415s] -- Found rosidl_adapter: 3.1.6 (/opt/ros/humble/share/rosidl_adapter/cmake)
[0.423s] -- Found rosidl_generator_cpp: 3.1.6 (/opt/ros/humble/share/rosidl_generator_cpp/cmake)
[0.438s] -- Using all available rosidl_typesupport_c: rosidl_typesupport_fastrtps_c;rosidl_typesupport_introspection_c
[0.456s] -- Using all available rosidl_typesupport_cpp: rosidl_typesupport_fastrtps_cpp;rosidl_typesupport_introspection_cpp
[0.501s] -- Found rmw_implementation_cmake: 6.1.2 (/opt/ros/humble/share/rmw_implementation_cmake/cmake)
[0.503s] -- Found rmw_fastrtps_cpp: 6.2.7 (/opt/ros/humble/share/rmw_fastrtps_cpp/cmake)
[0.675s] -- Using RMW implementation 'rmw_fastrtps_cpp' as default
[0.746s] -- Found sensor_msgs: 4.8.0 (/opt/ros/humble/share/sensor_msgs/cmake)
[0.789s] -- Found cv_bridge: 3.2.1 (/opt/ros/humble/share/cv_bridge/cmake)
[0.807s] -- Found image_transport: 3.1.11 (/opt/ros/humble/share/image_transport/cmake)
[0.841s] -- Found tf2: 0.25.12 (/opt/ros/humble/share/tf2/cmake)
[0.847s] -- Found tf2_ros: 0.25.12 (/opt/ros/humble/share/tf2_ros/cmake)
[0.955s] -- Found visualization_msgs: 4.8.0 (/opt/ros/humble/share/visualization_msgs/cmake)
[0.989s] CMake Error at CMakeLists.txt:33 (install):
[0.989s]   install TARGETS given target "robot_camera_processor" which does not exist.
[0.989s] 
[0.989s] 
[1.105s] -- Configuring incomplete, errors occurred!
[1.105s] See also "/home/eragon/ArUco/build/robot_camera_processor/CMakeFiles/CMakeOutput.log".
[1.122s] gmake: *** [Makefile:267: cmake_check_build_system] Ошибка 1
[1.126s] Invoked command in '/home/eragon/ArUco/build/robot_camera_processor' returned '2': CMAKE_PREFIX_PATH=${CMAKE_PREFIX_PATH}:/opt/ros/humble /usr/bin/cmake --build /home/eragon/ArUco/build/robot_camera_processor -- -j8 -l8
