[0.038s] Invoking command in '/home/eragon/ArUco/build/lab4_image_receiver': CMAKE_PREFIX_PATH=${CMAKE_PREFIX_PATH}:/opt/ros/humble /usr/bin/cmake --build /home/eragon/ArUco/build/lab4_image_receiver -- -j8 -l8
[0.097s] -- Found ament_cmake: 1.3.11 (/opt/ros/humble/share/ament_cmake/cmake)
[0.303s] -- Found rclcpp: 16.0.12 (/opt/ros/humble/share/rclcpp/cmake)
[0.353s] -- Found rosidl_generator_c: 3.1.6 (/opt/ros/humble/share/rosidl_generator_c/cmake)
[0.356s] -- Found rosidl_adapter: 3.1.6 (/opt/ros/humble/share/rosidl_adapter/cmake)
[0.363s] -- Found rosidl_generator_cpp: 3.1.6 (/opt/ros/humble/share/rosidl_generator_cpp/cmake)
[0.374s] -- Using all available rosidl_typesupport_c: rosidl_typesupport_fastrtps_c;rosidl_typesupport_introspection_c
[0.388s] -- Using all available rosidl_typesupport_cpp: rosidl_typesupport_fastrtps_cpp;rosidl_typesupport_introspection_cpp
[0.425s] -- Found rmw_implementation_cmake: 6.1.2 (/opt/ros/humble/share/rmw_implementation_cmake/cmake)
[0.427s] -- Found rmw_fastrtps_cpp: 6.2.7 (/opt/ros/humble/share/rmw_fastrtps_cpp/cmake)
[0.568s] -- Using RMW implementation 'rmw_fastrtps_cpp' as default
[0.623s] -- Found sensor_msgs: 4.8.0 (/opt/ros/humble/share/sensor_msgs/cmake)
[0.654s] -- Found cv_bridge: 3.2.1 (/opt/ros/humble/share/cv_bridge/cmake)
[0.669s] -- Found image_transport: 3.1.11 (/opt/ros/humble/share/image_transport/cmake)
[0.695s] -- Found tf2: 0.25.12 (/opt/ros/humble/share/tf2/cmake)
[0.698s] CMake Error at /opt/ros/humble/share/ament_cmake_target_dependencies/cmake/ament_target_dependencies.cmake:41 (if):
[0.699s]   if given arguments:
[0.699s] 
[0.699s]     "NOT" "TARGET" "("
[0.699s] 
[0.699s]   mismatched parenthesis in condition
[0.699s] Call Stack (most recent call first):
[0.699s]   CMakeLists.txt:19 (ament_target_dependencies)
[0.700s] 
[0.700s] 
[0.700s] -- Configuring incomplete, errors occurred!
[0.700s] See also "/home/eragon/ArUco/build/lab4_image_receiver/CMakeFiles/CMakeOutput.log".
[0.708s] gmake: *** [Makefile:267: cmake_check_build_system] Ошибка 1
[0.712s] Invoked command in '/home/eragon/ArUco/build/lab4_image_receiver' returned '2': CMAKE_PREFIX_PATH=${CMAKE_PREFIX_PATH}:/opt/ros/humble /usr/bin/cmake --build /home/eragon/ArUco/build/lab4_image_receiver -- -j8 -l8
