[0.237s] DEBUG:colcon:Command line arguments: ['/usr/bin/colcon', 'build', '--event-handlers', 'status+', 'console_start_end+', '--cmake-args', '-G', 'CodeBlocks - Unix Makefiles', '-DCMAKE_BUILD_TYPE=Debug']
[0.237s] DEBUG:colcon:Parsed command line arguments: Namespace(log_base=None, log_level=None, verb_name='build', build_base='build', install_base='install', merge_install=False, symlink_install=False, test_result_base=None, continue_on_error=False, executor='parallel', parallel_workers=8, event_handlers=['status+', 'console_start_end+'], ignore_user_meta=False, metas=['./colcon.meta'], base_paths=['.'], packages_ignore=None, packages_ignore_regex=None, paths=None, packages_up_to=None, packages_up_to_regex=None, packages_above=None, packages_above_and_dependencies=None, packages_above_depth=None, packages_select_by_dep=None, packages_skip_by_dep=None, packages_skip_up_to=None, packages_select_build_failed=False, packages_skip_build_finished=False, packages_select_test_failures=False, packages_skip_test_passed=False, packages_select=None, packages_skip=None, packages_select_regex=None, packages_skip_regex=None, packages_start=None, packages_end=None, allow_overriding=[], cmake_args=['-G', 'CodeBlocks - Unix Makefiles', '-DCMAKE_BUILD_TYPE=Debug'], cmake_target=None, cmake_target_skip_unavailable=False, cmake_clean_cache=False, cmake_clean_first=False, cmake_force_configure=False, ament_cmake_args=None, catkin_cmake_args=None, catkin_skip_building_tests=False, mixin_files=None, mixin=None, verb_parser=<colcon_mixin.mixin.mixin_argument.MixinArgumentDecorator object at 0x7c8293d6d930>, verb_extension=<colcon_core.verb.build.BuildVerb object at 0x7c8293d6d210>, main=<bound method BuildVerb.main of <colcon_core.verb.build.BuildVerb object at 0x7c8293d6d210>>, mixin_verb=('build',))
[0.516s] Level 1:colcon.colcon_core.package_discovery:discover_packages(colcon_meta) check parameters
[0.517s] Level 1:colcon.colcon_core.package_discovery:discover_packages(recursive) check parameters
[0.517s] Level 1:colcon.colcon_core.package_discovery:discover_packages(ignore) check parameters
[0.517s] Level 1:colcon.colcon_core.package_discovery:discover_packages(path) check parameters
[0.517s] Level 1:colcon.colcon_core.package_discovery:discover_packages(colcon_meta) discover
[0.517s] Level 1:colcon.colcon_core.package_discovery:discover_packages(recursive) discover
[0.517s] INFO:colcon.colcon_core.package_discovery:Crawling recursively for packages in '/home/eragon/ArUco'
[0.517s] Level 1:colcon.colcon_core.package_identification:_identify(.) by extensions ['ignore', 'ignore_ament_install']
[0.517s] Level 1:colcon.colcon_core.package_identification:_identify(.) by extension 'ignore'
[0.517s] Level 1:colcon.colcon_core.package_identification:_identify(.) by extension 'ignore_ament_install'
[0.517s] Level 1:colcon.colcon_core.package_identification:_identify(.) by extensions ['colcon_pkg']
[0.517s] Level 1:colcon.colcon_core.package_identification:_identify(.) by extension 'colcon_pkg'
[0.517s] Level 1:colcon.colcon_core.package_identification:_identify(.) by extensions ['colcon_meta']
[0.517s] Level 1:colcon.colcon_core.package_identification:_identify(.) by extension 'colcon_meta'
[0.517s] Level 1:colcon.colcon_core.package_identification:_identify(.) by extensions ['ros']
[0.517s] Level 1:colcon.colcon_core.package_identification:_identify(.) by extension 'ros'
[0.534s] Level 1:colcon.colcon_core.package_identification:_identify(.) by extensions ['cmake', 'python']
[0.534s] Level 1:colcon.colcon_core.package_identification:_identify(.) by extension 'cmake'
[0.534s] Level 1:colcon.colcon_core.package_identification:_identify(.) by extension 'python'
[0.534s] Level 1:colcon.colcon_core.package_identification:_identify(.) by extensions ['python_setup_py']
[0.534s] Level 1:colcon.colcon_core.package_identification:_identify(.) by extension 'python_setup_py'
[0.534s] Level 1:colcon.colcon_core.package_identification:_identify(build) by extensions ['ignore', 'ignore_ament_install']
[0.534s] Level 1:colcon.colcon_core.package_identification:_identify(build) by extension 'ignore'
[0.534s] Level 1:colcon.colcon_core.package_identification:_identify(build) ignored
[0.534s] Level 1:colcon.colcon_core.package_identification:_identify(install) by extensions ['ignore', 'ignore_ament_install']
[0.534s] Level 1:colcon.colcon_core.package_identification:_identify(install) by extension 'ignore'
[0.534s] Level 1:colcon.colcon_core.package_identification:_identify(install) ignored
[0.535s] Level 1:colcon.colcon_core.package_identification:_identify(log) by extensions ['ignore', 'ignore_ament_install']
[0.535s] Level 1:colcon.colcon_core.package_identification:_identify(log) by extension 'ignore'
[0.535s] Level 1:colcon.colcon_core.package_identification:_identify(log) ignored
[0.535s] Level 1:colcon.colcon_core.package_identification:_identify(src) by extensions ['ignore', 'ignore_ament_install']
[0.535s] Level 1:colcon.colcon_core.package_identification:_identify(src) by extension 'ignore'
[0.535s] Level 1:colcon.colcon_core.package_identification:_identify(src) by extension 'ignore_ament_install'
[0.535s] Level 1:colcon.colcon_core.package_identification:_identify(src) by extensions ['colcon_pkg']
[0.535s] Level 1:colcon.colcon_core.package_identification:_identify(src) by extension 'colcon_pkg'
[0.535s] Level 1:colcon.colcon_core.package_identification:_identify(src) by extensions ['colcon_meta']
[0.535s] Level 1:colcon.colcon_core.package_identification:_identify(src) by extension 'colcon_meta'
[0.535s] Level 1:colcon.colcon_core.package_identification:_identify(src) by extensions ['ros']
[0.535s] Level 1:colcon.colcon_core.package_identification:_identify(src) by extension 'ros'
[0.535s] Level 1:colcon.colcon_core.package_identification:_identify(src) by extensions ['cmake', 'python']
[0.535s] Level 1:colcon.colcon_core.package_identification:_identify(src) by extension 'cmake'
[0.535s] Level 1:colcon.colcon_core.package_identification:_identify(src) by extension 'python'
[0.536s] Level 1:colcon.colcon_core.package_identification:_identify(src) by extensions ['python_setup_py']
[0.536s] Level 1:colcon.colcon_core.package_identification:_identify(src) by extension 'python_setup_py'
[0.536s] Level 1:colcon.colcon_core.package_identification:_identify(src/camera) by extensions ['ignore', 'ignore_ament_install']
[0.536s] Level 1:colcon.colcon_core.package_identification:_identify(src/camera) by extension 'ignore'
[0.536s] Level 1:colcon.colcon_core.package_identification:_identify(src/camera) by extension 'ignore_ament_install'
[0.536s] Level 1:colcon.colcon_core.package_identification:_identify(src/camera) by extensions ['colcon_pkg']
[0.536s] Level 1:colcon.colcon_core.package_identification:_identify(src/camera) by extension 'colcon_pkg'
[0.536s] Level 1:colcon.colcon_core.package_identification:_identify(src/camera) by extensions ['colcon_meta']
[0.536s] Level 1:colcon.colcon_core.package_identification:_identify(src/camera) by extension 'colcon_meta'
[0.536s] Level 1:colcon.colcon_core.package_identification:_identify(src/camera) by extensions ['ros']
[0.536s] Level 1:colcon.colcon_core.package_identification:_identify(src/camera) by extension 'ros'
[0.536s] Level 1:colcon.colcon_core.package_identification:_identify(src/camera) by extensions ['cmake', 'python']
[0.536s] Level 1:colcon.colcon_core.package_identification:_identify(src/camera) by extension 'cmake'
[0.536s] Level 1:colcon.colcon_core.package_identification:_identify(src/camera) by extension 'python'
[0.536s] Level 1:colcon.colcon_core.package_identification:_identify(src/camera) by extensions ['python_setup_py']
[0.536s] Level 1:colcon.colcon_core.package_identification:_identify(src/camera) by extension 'python_setup_py'
[0.537s] Level 1:colcon.colcon_core.package_identification:_identify(src/create_aruco) by extensions ['ignore', 'ignore_ament_install']
[0.537s] Level 1:colcon.colcon_core.package_identification:_identify(src/create_aruco) by extension 'ignore'
[0.537s] Level 1:colcon.colcon_core.package_identification:_identify(src/create_aruco) by extension 'ignore_ament_install'
[0.537s] Level 1:colcon.colcon_core.package_identification:_identify(src/create_aruco) by extensions ['colcon_pkg']
[0.537s] Level 1:colcon.colcon_core.package_identification:_identify(src/create_aruco) by extension 'colcon_pkg'
[0.537s] Level 1:colcon.colcon_core.package_identification:_identify(src/create_aruco) by extensions ['colcon_meta']
[0.537s] Level 1:colcon.colcon_core.package_identification:_identify(src/create_aruco) by extension 'colcon_meta'
[0.537s] Level 1:colcon.colcon_core.package_identification:_identify(src/create_aruco) by extensions ['ros']
[0.537s] Level 1:colcon.colcon_core.package_identification:_identify(src/create_aruco) by extension 'ros'
[0.537s] Level 1:colcon.colcon_core.package_identification:_identify(src/create_aruco) by extensions ['cmake', 'python']
[0.537s] Level 1:colcon.colcon_core.package_identification:_identify(src/create_aruco) by extension 'cmake'
[0.537s] Level 1:colcon.colcon_core.package_identification:_identify(src/create_aruco) by extension 'python'
[0.537s] Level 1:colcon.colcon_core.package_identification:_identify(src/create_aruco) by extensions ['python_setup_py']
[0.537s] Level 1:colcon.colcon_core.package_identification:_identify(src/create_aruco) by extension 'python_setup_py'
[0.537s] Level 1:colcon.colcon_core.package_identification:_identify(src/detection_py) by extensions ['ignore', 'ignore_ament_install']
[0.537s] Level 1:colcon.colcon_core.package_identification:_identify(src/detection_py) by extension 'ignore'
[0.538s] Level 1:colcon.colcon_core.package_identification:_identify(src/detection_py) by extension 'ignore_ament_install'
[0.538s] Level 1:colcon.colcon_core.package_identification:_identify(src/detection_py) by extensions ['colcon_pkg']
[0.538s] Level 1:colcon.colcon_core.package_identification:_identify(src/detection_py) by extension 'colcon_pkg'
[0.538s] Level 1:colcon.colcon_core.package_identification:_identify(src/detection_py) by extensions ['colcon_meta']
[0.538s] Level 1:colcon.colcon_core.package_identification:_identify(src/detection_py) by extension 'colcon_meta'
[0.538s] Level 1:colcon.colcon_core.package_identification:_identify(src/detection_py) by extensions ['ros']
[0.538s] Level 1:colcon.colcon_core.package_identification:_identify(src/detection_py) by extension 'ros'
[0.538s] Level 1:colcon.colcon_core.package_identification:_identify(src/detection_py) by extensions ['cmake', 'python']
[0.538s] Level 1:colcon.colcon_core.package_identification:_identify(src/detection_py) by extension 'cmake'
[0.538s] Level 1:colcon.colcon_core.package_identification:_identify(src/detection_py) by extension 'python'
[0.538s] Level 1:colcon.colcon_core.package_identification:_identify(src/detection_py) by extensions ['python_setup_py']
[0.538s] Level 1:colcon.colcon_core.package_identification:_identify(src/detection_py) by extension 'python_setup_py'
[0.538s] Level 1:colcon.colcon_core.package_identification:_identify(src/generate_aruco_marker) by extensions ['ignore', 'ignore_ament_install']
[0.538s] Level 1:colcon.colcon_core.package_identification:_identify(src/generate_aruco_marker) by extension 'ignore'
[0.538s] Level 1:colcon.colcon_core.package_identification:_identify(src/generate_aruco_marker) by extension 'ignore_ament_install'
[0.538s] Level 1:colcon.colcon_core.package_identification:_identify(src/generate_aruco_marker) by extensions ['colcon_pkg']
[0.538s] Level 1:colcon.colcon_core.package_identification:_identify(src/generate_aruco_marker) by extension 'colcon_pkg'
[0.538s] Level 1:colcon.colcon_core.package_identification:_identify(src/generate_aruco_marker) by extensions ['colcon_meta']
[0.538s] Level 1:colcon.colcon_core.package_identification:_identify(src/generate_aruco_marker) by extension 'colcon_meta'
[0.538s] Level 1:colcon.colcon_core.package_identification:_identify(src/generate_aruco_marker) by extensions ['ros']
[0.539s] Level 1:colcon.colcon_core.package_identification:_identify(src/generate_aruco_marker) by extension 'ros'
[0.539s] Level 1:colcon.colcon_core.package_identification:_identify(src/generate_aruco_marker) by extensions ['cmake', 'python']
[0.539s] Level 1:colcon.colcon_core.package_identification:_identify(src/generate_aruco_marker) by extension 'cmake'
[0.539s] Level 1:colcon.colcon_core.package_identification:_identify(src/generate_aruco_marker) by extension 'python'
[0.539s] Level 1:colcon.colcon_core.package_identification:_identify(src/generate_aruco_marker) by extensions ['python_setup_py']
[0.539s] Level 1:colcon.colcon_core.package_identification:_identify(src/generate_aruco_marker) by extension 'python_setup_py'
[0.539s] Level 1:colcon.colcon_core.package_identification:_identify(src/lab4_image_receiver) by extensions ['ignore', 'ignore_ament_install']
[0.539s] Level 1:colcon.colcon_core.package_identification:_identify(src/lab4_image_receiver) by extension 'ignore'
[0.539s] Level 1:colcon.colcon_core.package_identification:_identify(src/lab4_image_receiver) by extension 'ignore_ament_install'
[0.539s] Level 1:colcon.colcon_core.package_identification:_identify(src/lab4_image_receiver) by extensions ['colcon_pkg']
[0.539s] Level 1:colcon.colcon_core.package_identification:_identify(src/lab4_image_receiver) by extension 'colcon_pkg'
[0.539s] Level 1:colcon.colcon_core.package_identification:_identify(src/lab4_image_receiver) by extensions ['colcon_meta']
[0.539s] Level 1:colcon.colcon_core.package_identification:_identify(src/lab4_image_receiver) by extension 'colcon_meta'
[0.539s] Level 1:colcon.colcon_core.package_identification:_identify(src/lab4_image_receiver) by extensions ['ros']
[0.539s] Level 1:colcon.colcon_core.package_identification:_identify(src/lab4_image_receiver) by extension 'ros'
[0.543s] DEBUG:colcon.colcon_core.package_identification:Package 'src/lab4_image_receiver' with type 'ros.ament_cmake' and name 'lab4_image_receiver'
[0.544s] Level 1:colcon.colcon_core.package_identification:_identify(src/lab4_image_sender) by extensions ['ignore', 'ignore_ament_install']
[0.544s] Level 1:colcon.colcon_core.package_identification:_identify(src/lab4_image_sender) by extension 'ignore'
[0.544s] Level 1:colcon.colcon_core.package_identification:_identify(src/lab4_image_sender) by extension 'ignore_ament_install'
[0.544s] Level 1:colcon.colcon_core.package_identification:_identify(src/lab4_image_sender) by extensions ['colcon_pkg']
[0.544s] Level 1:colcon.colcon_core.package_identification:_identify(src/lab4_image_sender) by extension 'colcon_pkg'
[0.544s] Level 1:colcon.colcon_core.package_identification:_identify(src/lab4_image_sender) by extensions ['colcon_meta']
[0.544s] Level 1:colcon.colcon_core.package_identification:_identify(src/lab4_image_sender) by extension 'colcon_meta'
[0.544s] Level 1:colcon.colcon_core.package_identification:_identify(src/lab4_image_sender) by extensions ['ros']
[0.544s] Level 1:colcon.colcon_core.package_identification:_identify(src/lab4_image_sender) by extension 'ros'
[0.545s] DEBUG:colcon.colcon_core.package_identification:Package 'src/lab4_image_sender' with type 'ros.ament_cmake' and name 'lab4_image_sender'
[0.545s] Level 1:colcon.colcon_core.package_identification:_identify(src/test_image_processing) by extensions ['ignore', 'ignore_ament_install']
[0.545s] Level 1:colcon.colcon_core.package_identification:_identify(src/test_image_processing) by extension 'ignore'
[0.545s] Level 1:colcon.colcon_core.package_identification:_identify(src/test_image_processing) by extension 'ignore_ament_install'
[0.545s] Level 1:colcon.colcon_core.package_identification:_identify(src/test_image_processing) by extensions ['colcon_pkg']
[0.545s] Level 1:colcon.colcon_core.package_identification:_identify(src/test_image_processing) by extension 'colcon_pkg'
[0.545s] Level 1:colcon.colcon_core.package_identification:_identify(src/test_image_processing) by extensions ['colcon_meta']
[0.545s] Level 1:colcon.colcon_core.package_identification:_identify(src/test_image_processing) by extension 'colcon_meta'
[0.545s] Level 1:colcon.colcon_core.package_identification:_identify(src/test_image_processing) by extensions ['ros']
[0.545s] Level 1:colcon.colcon_core.package_identification:_identify(src/test_image_processing) by extension 'ros'
[0.546s] DEBUG:colcon.colcon_core.package_identification:Package 'src/test_image_processing' with type 'ros.ament_cmake' and name 'test_image_processing'
[0.546s] Level 1:colcon.colcon_core.package_identification:_identify(src/test_image_receiver) by extensions ['ignore', 'ignore_ament_install']
[0.546s] Level 1:colcon.colcon_core.package_identification:_identify(src/test_image_receiver) by extension 'ignore'
[0.546s] Level 1:colcon.colcon_core.package_identification:_identify(src/test_image_receiver) by extension 'ignore_ament_install'
[0.546s] Level 1:colcon.colcon_core.package_identification:_identify(src/test_image_receiver) by extensions ['colcon_pkg']
[0.546s] Level 1:colcon.colcon_core.package_identification:_identify(src/test_image_receiver) by extension 'colcon_pkg'
[0.546s] Level 1:colcon.colcon_core.package_identification:_identify(src/test_image_receiver) by extensions ['colcon_meta']
[0.546s] Level 1:colcon.colcon_core.package_identification:_identify(src/test_image_receiver) by extension 'colcon_meta'
[0.546s] Level 1:colcon.colcon_core.package_identification:_identify(src/test_image_receiver) by extensions ['ros']
[0.546s] Level 1:colcon.colcon_core.package_identification:_identify(src/test_image_receiver) by extension 'ros'
[0.547s] DEBUG:colcon.colcon_core.package_identification:Package 'src/test_image_receiver' with type 'ros.ament_cmake' and name 'test_image_receiver'
[0.547s] Level 1:colcon.colcon_core.package_identification:_identify(src/test_image_sender) by extensions ['ignore', 'ignore_ament_install']
[0.547s] Level 1:colcon.colcon_core.package_identification:_identify(src/test_image_sender) by extension 'ignore'
[0.547s] Level 1:colcon.colcon_core.package_identification:_identify(src/test_image_sender) by extension 'ignore_ament_install'
[0.547s] Level 1:colcon.colcon_core.package_identification:_identify(src/test_image_sender) by extensions ['colcon_pkg']
[0.547s] Level 1:colcon.colcon_core.package_identification:_identify(src/test_image_sender) by extension 'colcon_pkg'
[0.547s] Level 1:colcon.colcon_core.package_identification:_identify(src/test_image_sender) by extensions ['colcon_meta']
[0.547s] Level 1:colcon.colcon_core.package_identification:_identify(src/test_image_sender) by extension 'colcon_meta'
[0.547s] Level 1:colcon.colcon_core.package_identification:_identify(src/test_image_sender) by extensions ['ros']
[0.547s] Level 1:colcon.colcon_core.package_identification:_identify(src/test_image_sender) by extension 'ros'
[0.548s] DEBUG:colcon.colcon_core.package_identification:Package 'src/test_image_sender' with type 'ros.ament_cmake' and name 'test_image_sender'
[0.548s] Level 1:colcon.colcon_core.package_discovery:discover_packages(recursive) using defaults
[0.548s] Level 1:colcon.colcon_core.package_discovery:discover_packages(ignore) discover
[0.548s] Level 1:colcon.colcon_core.package_discovery:discover_packages(ignore) using defaults
[0.548s] Level 1:colcon.colcon_core.package_discovery:discover_packages(path) discover
[0.548s] Level 1:colcon.colcon_core.package_discovery:discover_packages(path) using defaults
[0.591s] Level 1:colcon.colcon_core.package_discovery:discover_packages(prefix_path) check parameters
[0.592s] Level 1:colcon.colcon_core.package_discovery:discover_packages(prefix_path) discover
[0.595s] DEBUG:colcon.colcon_installed_package_information.package_discovery:Found 5 installed packages in /home/eragon/ArUco/install
[0.596s] DEBUG:colcon.colcon_installed_package_information.package_discovery:Found 284 installed packages in /opt/ros/humble
[0.598s] Level 1:colcon.colcon_core.package_discovery:discover_packages(prefix_path) using defaults
[0.641s] Level 5:colcon.colcon_core.verb:set package 'lab4_image_receiver' build argument 'cmake_args' from command line to '['-G', 'CodeBlocks - Unix Makefiles', '-DCMAKE_BUILD_TYPE=Debug']'
[0.641s] Level 5:colcon.colcon_core.verb:set package 'lab4_image_receiver' build argument 'cmake_target' from command line to 'None'
[0.641s] Level 5:colcon.colcon_core.verb:set package 'lab4_image_receiver' build argument 'cmake_target_skip_unavailable' from command line to 'False'
[0.641s] Level 5:colcon.colcon_core.verb:set package 'lab4_image_receiver' build argument 'cmake_clean_cache' from command line to 'False'
[0.641s] Level 5:colcon.colcon_core.verb:set package 'lab4_image_receiver' build argument 'cmake_clean_first' from command line to 'False'
[0.641s] Level 5:colcon.colcon_core.verb:set package 'lab4_image_receiver' build argument 'cmake_force_configure' from command line to 'False'
[0.642s] Level 5:colcon.colcon_core.verb:set package 'lab4_image_receiver' build argument 'ament_cmake_args' from command line to 'None'
[0.642s] Level 5:colcon.colcon_core.verb:set package 'lab4_image_receiver' build argument 'catkin_cmake_args' from command line to 'None'
[0.642s] Level 5:colcon.colcon_core.verb:set package 'lab4_image_receiver' build argument 'catkin_skip_building_tests' from command line to 'False'
[0.642s] DEBUG:colcon.colcon_core.verb:Building package 'lab4_image_receiver' with the following arguments: {'ament_cmake_args': None, 'build_base': '/home/eragon/ArUco/build/lab4_image_receiver', 'catkin_cmake_args': None, 'catkin_skip_building_tests': False, 'cmake_args': ['-G', 'CodeBlocks - Unix Makefiles', '-DCMAKE_BUILD_TYPE=Debug'], 'cmake_clean_cache': False, 'cmake_clean_first': False, 'cmake_force_configure': False, 'cmake_target': None, 'cmake_target_skip_unavailable': False, 'install_base': '/home/eragon/ArUco/install/lab4_image_receiver', 'merge_install': False, 'path': '/home/eragon/ArUco/src/lab4_image_receiver', 'symlink_install': False, 'test_result_base': None}
[0.642s] Level 5:colcon.colcon_core.verb:set package 'lab4_image_sender' build argument 'cmake_args' from command line to '['-G', 'CodeBlocks - Unix Makefiles', '-DCMAKE_BUILD_TYPE=Debug']'
[0.642s] Level 5:colcon.colcon_core.verb:set package 'lab4_image_sender' build argument 'cmake_target' from command line to 'None'
[0.642s] Level 5:colcon.colcon_core.verb:set package 'lab4_image_sender' build argument 'cmake_target_skip_unavailable' from command line to 'False'
[0.642s] Level 5:colcon.colcon_core.verb:set package 'lab4_image_sender' build argument 'cmake_clean_cache' from command line to 'False'
[0.642s] Level 5:colcon.colcon_core.verb:set package 'lab4_image_sender' build argument 'cmake_clean_first' from command line to 'False'
[0.642s] Level 5:colcon.colcon_core.verb:set package 'lab4_image_sender' build argument 'cmake_force_configure' from command line to 'False'
[0.642s] Level 5:colcon.colcon_core.verb:set package 'lab4_image_sender' build argument 'ament_cmake_args' from command line to 'None'
[0.642s] Level 5:colcon.colcon_core.verb:set package 'lab4_image_sender' build argument 'catkin_cmake_args' from command line to 'None'
[0.642s] Level 5:colcon.colcon_core.verb:set package 'lab4_image_sender' build argument 'catkin_skip_building_tests' from command line to 'False'
[0.642s] DEBUG:colcon.colcon_core.verb:Building package 'lab4_image_sender' with the following arguments: {'ament_cmake_args': None, 'build_base': '/home/eragon/ArUco/build/lab4_image_sender', 'catkin_cmake_args': None, 'catkin_skip_building_tests': False, 'cmake_args': ['-G', 'CodeBlocks - Unix Makefiles', '-DCMAKE_BUILD_TYPE=Debug'], 'cmake_clean_cache': False, 'cmake_clean_first': False, 'cmake_force_configure': False, 'cmake_target': None, 'cmake_target_skip_unavailable': False, 'install_base': '/home/eragon/ArUco/install/lab4_image_sender', 'merge_install': False, 'path': '/home/eragon/ArUco/src/lab4_image_sender', 'symlink_install': False, 'test_result_base': None}
[0.643s] Level 5:colcon.colcon_core.verb:set package 'test_image_processing' build argument 'cmake_args' from command line to '['-G', 'CodeBlocks - Unix Makefiles', '-DCMAKE_BUILD_TYPE=Debug']'
[0.643s] Level 5:colcon.colcon_core.verb:set package 'test_image_processing' build argument 'cmake_target' from command line to 'None'
[0.643s] Level 5:colcon.colcon_core.verb:set package 'test_image_processing' build argument 'cmake_target_skip_unavailable' from command line to 'False'
[0.643s] Level 5:colcon.colcon_core.verb:set package 'test_image_processing' build argument 'cmake_clean_cache' from command line to 'False'
[0.643s] Level 5:colcon.colcon_core.verb:set package 'test_image_processing' build argument 'cmake_clean_first' from command line to 'False'
[0.643s] Level 5:colcon.colcon_core.verb:set package 'test_image_processing' build argument 'cmake_force_configure' from command line to 'False'
[0.643s] Level 5:colcon.colcon_core.verb:set package 'test_image_processing' build argument 'ament_cmake_args' from command line to 'None'
[0.643s] Level 5:colcon.colcon_core.verb:set package 'test_image_processing' build argument 'catkin_cmake_args' from command line to 'None'
[0.643s] Level 5:colcon.colcon_core.verb:set package 'test_image_processing' build argument 'catkin_skip_building_tests' from command line to 'False'
[0.643s] DEBUG:colcon.colcon_core.verb:Building package 'test_image_processing' with the following arguments: {'ament_cmake_args': None, 'build_base': '/home/eragon/ArUco/build/test_image_processing', 'catkin_cmake_args': None, 'catkin_skip_building_tests': False, 'cmake_args': ['-G', 'CodeBlocks - Unix Makefiles', '-DCMAKE_BUILD_TYPE=Debug'], 'cmake_clean_cache': False, 'cmake_clean_first': False, 'cmake_force_configure': False, 'cmake_target': None, 'cmake_target_skip_unavailable': False, 'install_base': '/home/eragon/ArUco/install/test_image_processing', 'merge_install': False, 'path': '/home/eragon/ArUco/src/test_image_processing', 'symlink_install': False, 'test_result_base': None}
[0.643s] Level 5:colcon.colcon_core.verb:set package 'test_image_receiver' build argument 'cmake_args' from command line to '['-G', 'CodeBlocks - Unix Makefiles', '-DCMAKE_BUILD_TYPE=Debug']'
[0.643s] Level 5:colcon.colcon_core.verb:set package 'test_image_receiver' build argument 'cmake_target' from command line to 'None'
[0.643s] Level 5:colcon.colcon_core.verb:set package 'test_image_receiver' build argument 'cmake_target_skip_unavailable' from command line to 'False'
[0.643s] Level 5:colcon.colcon_core.verb:set package 'test_image_receiver' build argument 'cmake_clean_cache' from command line to 'False'
[0.643s] Level 5:colcon.colcon_core.verb:set package 'test_image_receiver' build argument 'cmake_clean_first' from command line to 'False'
[0.643s] Level 5:colcon.colcon_core.verb:set package 'test_image_receiver' build argument 'cmake_force_configure' from command line to 'False'
[0.643s] Level 5:colcon.colcon_core.verb:set package 'test_image_receiver' build argument 'ament_cmake_args' from command line to 'None'
[0.643s] Level 5:colcon.colcon_core.verb:set package 'test_image_receiver' build argument 'catkin_cmake_args' from command line to 'None'
[0.643s] Level 5:colcon.colcon_core.verb:set package 'test_image_receiver' build argument 'catkin_skip_building_tests' from command line to 'False'
[0.643s] DEBUG:colcon.colcon_core.verb:Building package 'test_image_receiver' with the following arguments: {'ament_cmake_args': None, 'build_base': '/home/eragon/ArUco/build/test_image_receiver', 'catkin_cmake_args': None, 'catkin_skip_building_tests': False, 'cmake_args': ['-G', 'CodeBlocks - Unix Makefiles', '-DCMAKE_BUILD_TYPE=Debug'], 'cmake_clean_cache': False, 'cmake_clean_first': False, 'cmake_force_configure': False, 'cmake_target': None, 'cmake_target_skip_unavailable': False, 'install_base': '/home/eragon/ArUco/install/test_image_receiver', 'merge_install': False, 'path': '/home/eragon/ArUco/src/test_image_receiver', 'symlink_install': False, 'test_result_base': None}
[0.644s] Level 5:colcon.colcon_core.verb:set package 'test_image_sender' build argument 'cmake_args' from command line to '['-G', 'CodeBlocks - Unix Makefiles', '-DCMAKE_BUILD_TYPE=Debug']'
[0.644s] Level 5:colcon.colcon_core.verb:set package 'test_image_sender' build argument 'cmake_target' from command line to 'None'
[0.644s] Level 5:colcon.colcon_core.verb:set package 'test_image_sender' build argument 'cmake_target_skip_unavailable' from command line to 'False'
[0.644s] Level 5:colcon.colcon_core.verb:set package 'test_image_sender' build argument 'cmake_clean_cache' from command line to 'False'
[0.644s] Level 5:colcon.colcon_core.verb:set package 'test_image_sender' build argument 'cmake_clean_first' from command line to 'False'
[0.644s] Level 5:colcon.colcon_core.verb:set package 'test_image_sender' build argument 'cmake_force_configure' from command line to 'False'
[0.644s] Level 5:colcon.colcon_core.verb:set package 'test_image_sender' build argument 'ament_cmake_args' from command line to 'None'
[0.644s] Level 5:colcon.colcon_core.verb:set package 'test_image_sender' build argument 'catkin_cmake_args' from command line to 'None'
[0.644s] Level 5:colcon.colcon_core.verb:set package 'test_image_sender' build argument 'catkin_skip_building_tests' from command line to 'False'
[0.644s] DEBUG:colcon.colcon_core.verb:Building package 'test_image_sender' with the following arguments: {'ament_cmake_args': None, 'build_base': '/home/eragon/ArUco/build/test_image_sender', 'catkin_cmake_args': None, 'catkin_skip_building_tests': False, 'cmake_args': ['-G', 'CodeBlocks - Unix Makefiles', '-DCMAKE_BUILD_TYPE=Debug'], 'cmake_clean_cache': False, 'cmake_clean_first': False, 'cmake_force_configure': False, 'cmake_target': None, 'cmake_target_skip_unavailable': False, 'install_base': '/home/eragon/ArUco/install/test_image_sender', 'merge_install': False, 'path': '/home/eragon/ArUco/src/test_image_sender', 'symlink_install': False, 'test_result_base': None}
[0.644s] INFO:colcon.colcon_core.executor:Executing jobs using 'parallel' executor
[0.645s] DEBUG:colcon.colcon_parallel_executor.executor.parallel:run_until_complete
[0.646s] INFO:colcon.colcon_ros.task.ament_cmake.build:Building ROS package in '/home/eragon/ArUco/src/lab4_image_receiver' with build type 'ament_cmake'
[0.646s] INFO:colcon.colcon_cmake.task.cmake.build:Building CMake package in '/home/eragon/ArUco/src/lab4_image_receiver'
[0.650s] INFO:colcon.colcon_core.plugin_system:Skipping extension 'colcon_core.shell.bat': Not used on non-Windows systems
[0.650s] INFO:colcon.colcon_core.shell:Skip shell extension 'powershell' for command environment: Not usable outside of PowerShell
[0.650s] DEBUG:colcon.colcon_core.shell:Skip shell extension 'dsv' for command environment
[0.655s] INFO:colcon.colcon_ros.task.ament_cmake.build:Building ROS package in '/home/eragon/ArUco/src/lab4_image_sender' with build type 'ament_cmake'
[0.655s] INFO:colcon.colcon_cmake.task.cmake.build:Building CMake package in '/home/eragon/ArUco/src/lab4_image_sender'
[0.655s] INFO:colcon.colcon_core.shell:Skip shell extension 'powershell' for command environment: Not usable outside of PowerShell
[0.655s] DEBUG:colcon.colcon_core.shell:Skip shell extension 'dsv' for command environment
[0.660s] INFO:colcon.colcon_ros.task.ament_cmake.build:Building ROS package in '/home/eragon/ArUco/src/test_image_processing' with build type 'ament_cmake'
[0.660s] INFO:colcon.colcon_cmake.task.cmake.build:Building CMake package in '/home/eragon/ArUco/src/test_image_processing'
[0.660s] INFO:colcon.colcon_core.shell:Skip shell extension 'powershell' for command environment: Not usable outside of PowerShell
[0.660s] DEBUG:colcon.colcon_core.shell:Skip shell extension 'dsv' for command environment
[0.664s] INFO:colcon.colcon_ros.task.ament_cmake.build:Building ROS package in '/home/eragon/ArUco/src/test_image_receiver' with build type 'ament_cmake'
[0.664s] INFO:colcon.colcon_cmake.task.cmake.build:Building CMake package in '/home/eragon/ArUco/src/test_image_receiver'
[0.665s] INFO:colcon.colcon_core.shell:Skip shell extension 'powershell' for command environment: Not usable outside of PowerShell
[0.665s] DEBUG:colcon.colcon_core.shell:Skip shell extension 'dsv' for command environment
[0.669s] INFO:colcon.colcon_ros.task.ament_cmake.build:Building ROS package in '/home/eragon/ArUco/src/test_image_sender' with build type 'ament_cmake'
[0.669s] INFO:colcon.colcon_cmake.task.cmake.build:Building CMake package in '/home/eragon/ArUco/src/test_image_sender'
[0.669s] INFO:colcon.colcon_core.shell:Skip shell extension 'powershell' for command environment: Not usable outside of PowerShell
[0.669s] DEBUG:colcon.colcon_core.shell:Skip shell extension 'dsv' for command environment
[0.680s] DEBUG:colcon.colcon_core.event_handler.log_command:Invoking command in '/home/eragon/ArUco/build/lab4_image_receiver': CMAKE_PREFIX_PATH=${CMAKE_PREFIX_PATH}:/opt/ros/humble /usr/bin/cmake --build /home/eragon/ArUco/build/lab4_image_receiver -- -j8 -l8
[0.683s] DEBUG:colcon.colcon_core.event_handler.log_command:Invoking command in '/home/eragon/ArUco/build/lab4_image_sender': CMAKE_PREFIX_PATH=${CMAKE_PREFIX_PATH}:/opt/ros/humble /usr/bin/cmake --build /home/eragon/ArUco/build/lab4_image_sender -- -j8 -l8
[0.687s] DEBUG:colcon.colcon_core.event_handler.log_command:Invoking command in '/home/eragon/ArUco/build/test_image_processing': CMAKE_PREFIX_PATH=${CMAKE_PREFIX_PATH}:/opt/ros/humble /usr/bin/cmake --build /home/eragon/ArUco/build/test_image_processing -- -j8 -l8
[0.691s] DEBUG:colcon.colcon_core.event_handler.log_command:Invoking command in '/home/eragon/ArUco/build/test_image_receiver': CMAKE_PREFIX_PATH=${CMAKE_PREFIX_PATH}:/opt/ros/humble /usr/bin/cmake --build /home/eragon/ArUco/build/test_image_receiver -- -j8 -l8
[0.697s] DEBUG:colcon.colcon_core.event_handler.log_command:Invoking command in '/home/eragon/ArUco/build/test_image_sender': CMAKE_PREFIX_PATH=${CMAKE_PREFIX_PATH}:/opt/ros/humble /usr/bin/cmake --build /home/eragon/ArUco/build/test_image_sender -- -j8 -l8
[0.813s] DEBUG:colcon.colcon_core.event_handler.log_command:Invoked command in '/home/eragon/ArUco/build/test_image_receiver' returned '0': CMAKE_PREFIX_PATH=${CMAKE_PREFIX_PATH}:/opt/ros/humble /usr/bin/cmake --build /home/eragon/ArUco/build/test_image_receiver -- -j8 -l8
[0.827s] DEBUG:colcon.colcon_core.event_handler.log_command:Invoking command in '/home/eragon/ArUco/build/test_image_receiver': CMAKE_PREFIX_PATH=${CMAKE_PREFIX_PATH}:/opt/ros/humble /usr/bin/cmake --install /home/eragon/ArUco/build/test_image_receiver
[0.830s] DEBUG:colcon.colcon_core.event_handler.log_command:Invoked command in '/home/eragon/ArUco/build/lab4_image_receiver' returned '0': CMAKE_PREFIX_PATH=${CMAKE_PREFIX_PATH}:/opt/ros/humble /usr/bin/cmake --build /home/eragon/ArUco/build/lab4_image_receiver -- -j8 -l8
[0.831s] DEBUG:colcon.colcon_core.event_handler.log_command:Invoking command in '/home/eragon/ArUco/build/lab4_image_receiver': CMAKE_PREFIX_PATH=${CMAKE_PREFIX_PATH}:/opt/ros/humble /usr/bin/cmake --install /home/eragon/ArUco/build/lab4_image_receiver
[0.833s] DEBUG:colcon.colcon_core.event_handler.log_command:Invoked command in '/home/eragon/ArUco/build/test_image_sender' returned '0': CMAKE_PREFIX_PATH=${CMAKE_PREFIX_PATH}:/opt/ros/humble /usr/bin/cmake --build /home/eragon/ArUco/build/test_image_sender -- -j8 -l8
[0.835s] DEBUG:colcon.colcon_core.event_handler.log_command:Invoking command in '/home/eragon/ArUco/build/test_image_sender': CMAKE_PREFIX_PATH=${CMAKE_PREFIX_PATH}:/opt/ros/humble /usr/bin/cmake --install /home/eragon/ArUco/build/test_image_sender
[0.836s] DEBUG:colcon.colcon_core.event_handler.log_command:Invoked command in '/home/eragon/ArUco/build/test_image_processing' returned '0': CMAKE_PREFIX_PATH=${CMAKE_PREFIX_PATH}:/opt/ros/humble /usr/bin/cmake --build /home/eragon/ArUco/build/test_image_processing -- -j8 -l8
[0.839s] DEBUG:colcon.colcon_core.event_handler.log_command:Invoking command in '/home/eragon/ArUco/build/test_image_processing': CMAKE_PREFIX_PATH=${CMAKE_PREFIX_PATH}:/opt/ros/humble /usr/bin/cmake --install /home/eragon/ArUco/build/test_image_processing
[0.840s] DEBUG:colcon.colcon_core.event_handler.log_command:Invoked command in '/home/eragon/ArUco/build/lab4_image_sender' returned '0': CMAKE_PREFIX_PATH=${CMAKE_PREFIX_PATH}:/opt/ros/humble /usr/bin/cmake --build /home/eragon/ArUco/build/lab4_image_sender -- -j8 -l8
[0.843s] DEBUG:colcon.colcon_core.event_handler.log_command:Invoking command in '/home/eragon/ArUco/build/lab4_image_sender': CMAKE_PREFIX_PATH=${CMAKE_PREFIX_PATH}:/opt/ros/humble /usr/bin/cmake --install /home/eragon/ArUco/build/lab4_image_sender
[0.846s] Level 1:colcon.colcon_core.environment:create_environment_scripts_only(test_image_receiver)
[0.851s] DEBUG:colcon.colcon_core.event_handler.log_command:Invoked command in '/home/eragon/ArUco/build/test_image_receiver' returned '0': CMAKE_PREFIX_PATH=${CMAKE_PREFIX_PATH}:/opt/ros/humble /usr/bin/cmake --install /home/eragon/ArUco/build/test_image_receiver
[0.858s] Level 1:colcon.colcon_core.environment:checking '/home/eragon/ArUco/install/test_image_receiver' for CMake module files
[0.858s] Level 1:colcon.colcon_core.environment:checking '/home/eragon/ArUco/install/test_image_receiver' for CMake config files
[0.859s] Level 1:colcon.colcon_core.shell:create_environment_hook('test_image_receiver', 'cmake_prefix_path')
[0.859s] INFO:colcon.colcon_core.shell:Creating environment hook '/home/eragon/ArUco/install/test_image_receiver/share/test_image_receiver/hook/cmake_prefix_path.ps1'
[0.860s] INFO:colcon.colcon_core.shell:Creating environment descriptor '/home/eragon/ArUco/install/test_image_receiver/share/test_image_receiver/hook/cmake_prefix_path.dsv'
[0.861s] INFO:colcon.colcon_core.shell:Creating environment hook '/home/eragon/ArUco/install/test_image_receiver/share/test_image_receiver/hook/cmake_prefix_path.sh'
[0.862s] Level 1:colcon.colcon_core.environment:checking '/home/eragon/ArUco/install/test_image_receiver/lib'
[0.862s] Level 1:colcon.colcon_core.environment:checking '/home/eragon/ArUco/install/test_image_receiver/bin'
[0.862s] Level 1:colcon.colcon_core.environment:checking '/home/eragon/ArUco/install/test_image_receiver/lib/pkgconfig/test_image_receiver.pc'
[0.863s] Level 1:colcon.colcon_core.environment:checking '/home/eragon/ArUco/install/test_image_receiver/lib/python3.10/site-packages'
[0.863s] Level 1:colcon.colcon_core.environment:checking '/home/eragon/ArUco/install/test_image_receiver/bin'
[0.863s] INFO:colcon.colcon_core.shell:Creating package script '/home/eragon/ArUco/install/test_image_receiver/share/test_image_receiver/package.ps1'
[0.864s] INFO:colcon.colcon_core.shell:Creating package descriptor '/home/eragon/ArUco/install/test_image_receiver/share/test_image_receiver/package.dsv'
[0.865s] INFO:colcon.colcon_core.shell:Creating package script '/home/eragon/ArUco/install/test_image_receiver/share/test_image_receiver/package.sh'
[0.866s] INFO:colcon.colcon_core.shell:Creating package script '/home/eragon/ArUco/install/test_image_receiver/share/test_image_receiver/package.bash'
[0.867s] INFO:colcon.colcon_core.shell:Creating package script '/home/eragon/ArUco/install/test_image_receiver/share/test_image_receiver/package.zsh'
[0.868s] Level 1:colcon.colcon_core.environment:create_file_with_runtime_dependencies(/home/eragon/ArUco/install/test_image_receiver/share/colcon-core/packages/test_image_receiver)
[0.869s] Level 1:colcon.colcon_core.environment:create_environment_scripts_only(test_image_receiver)
[0.869s] Level 1:colcon.colcon_core.environment:checking '/home/eragon/ArUco/install/test_image_receiver' for CMake module files
[0.870s] Level 1:colcon.colcon_core.environment:checking '/home/eragon/ArUco/install/test_image_receiver' for CMake config files
[0.870s] Level 1:colcon.colcon_core.shell:create_environment_hook('test_image_receiver', 'cmake_prefix_path')
[0.870s] INFO:colcon.colcon_core.shell:Creating environment hook '/home/eragon/ArUco/install/test_image_receiver/share/test_image_receiver/hook/cmake_prefix_path.ps1'
[0.871s] INFO:colcon.colcon_core.shell:Creating environment descriptor '/home/eragon/ArUco/install/test_image_receiver/share/test_image_receiver/hook/cmake_prefix_path.dsv'
[0.871s] INFO:colcon.colcon_core.shell:Creating environment hook '/home/eragon/ArUco/install/test_image_receiver/share/test_image_receiver/hook/cmake_prefix_path.sh'
[0.872s] Level 1:colcon.colcon_core.environment:checking '/home/eragon/ArUco/install/test_image_receiver/lib'
[0.872s] Level 1:colcon.colcon_core.environment:checking '/home/eragon/ArUco/install/test_image_receiver/bin'
[0.872s] Level 1:colcon.colcon_core.environment:checking '/home/eragon/ArUco/install/test_image_receiver/lib/pkgconfig/test_image_receiver.pc'
[0.872s] Level 1:colcon.colcon_core.environment:checking '/home/eragon/ArUco/install/test_image_receiver/lib/python3.10/site-packages'
[0.873s] Level 1:colcon.colcon_core.environment:checking '/home/eragon/ArUco/install/test_image_receiver/bin'
[0.873s] INFO:colcon.colcon_core.shell:Creating package script '/home/eragon/ArUco/install/test_image_receiver/share/test_image_receiver/package.ps1'
[0.874s] INFO:colcon.colcon_core.shell:Creating package descriptor '/home/eragon/ArUco/install/test_image_receiver/share/test_image_receiver/package.dsv'
[0.874s] INFO:colcon.colcon_core.shell:Creating package script '/home/eragon/ArUco/install/test_image_receiver/share/test_image_receiver/package.sh'
[0.875s] INFO:colcon.colcon_core.shell:Creating package script '/home/eragon/ArUco/install/test_image_receiver/share/test_image_receiver/package.bash'
[0.875s] INFO:colcon.colcon_core.shell:Creating package script '/home/eragon/ArUco/install/test_image_receiver/share/test_image_receiver/package.zsh'
[0.876s] Level 1:colcon.colcon_core.environment:create_file_with_runtime_dependencies(/home/eragon/ArUco/install/test_image_receiver/share/colcon-core/packages/test_image_receiver)
[0.877s] Level 1:colcon.colcon_core.environment:create_environment_scripts_only(lab4_image_receiver)
[0.878s] Level 1:colcon.colcon_core.environment:checking '/home/eragon/ArUco/install/lab4_image_receiver' for CMake module files
[0.883s] Level 1:colcon.colcon_core.environment:checking '/home/eragon/ArUco/install/lab4_image_receiver' for CMake config files
[0.886s] DEBUG:colcon.colcon_core.event_handler.log_command:Invoked command in '/home/eragon/ArUco/build/lab4_image_receiver' returned '0': CMAKE_PREFIX_PATH=${CMAKE_PREFIX_PATH}:/opt/ros/humble /usr/bin/cmake --install /home/eragon/ArUco/build/lab4_image_receiver
[0.886s] Level 1:colcon.colcon_core.shell:create_environment_hook('lab4_image_receiver', 'cmake_prefix_path')
[0.886s] INFO:colcon.colcon_core.shell:Creating environment hook '/home/eragon/ArUco/install/lab4_image_receiver/share/lab4_image_receiver/hook/cmake_prefix_path.ps1'
[0.887s] INFO:colcon.colcon_core.shell:Creating environment descriptor '/home/eragon/ArUco/install/lab4_image_receiver/share/lab4_image_receiver/hook/cmake_prefix_path.dsv'
[0.887s] INFO:colcon.colcon_core.shell:Creating environment hook '/home/eragon/ArUco/install/lab4_image_receiver/share/lab4_image_receiver/hook/cmake_prefix_path.sh'
[0.888s] Level 1:colcon.colcon_core.environment:checking '/home/eragon/ArUco/install/lab4_image_receiver/lib'
[0.888s] Level 1:colcon.colcon_core.environment:checking '/home/eragon/ArUco/install/lab4_image_receiver/bin'
[0.888s] Level 1:colcon.colcon_core.environment:checking '/home/eragon/ArUco/install/lab4_image_receiver/lib/pkgconfig/lab4_image_receiver.pc'
[0.889s] Level 1:colcon.colcon_core.environment:checking '/home/eragon/ArUco/install/lab4_image_receiver/lib/python3.10/site-packages'
[0.889s] Level 1:colcon.colcon_core.environment:checking '/home/eragon/ArUco/install/lab4_image_receiver/bin'
[0.889s] INFO:colcon.colcon_core.shell:Creating package script '/home/eragon/ArUco/install/lab4_image_receiver/share/lab4_image_receiver/package.ps1'
[0.890s] INFO:colcon.colcon_core.shell:Creating package descriptor '/home/eragon/ArUco/install/lab4_image_receiver/share/lab4_image_receiver/package.dsv'
[0.890s] INFO:colcon.colcon_core.shell:Creating package script '/home/eragon/ArUco/install/lab4_image_receiver/share/lab4_image_receiver/package.sh'
[0.891s] INFO:colcon.colcon_core.shell:Creating package script '/home/eragon/ArUco/install/lab4_image_receiver/share/lab4_image_receiver/package.bash'
[0.891s] INFO:colcon.colcon_core.shell:Creating package script '/home/eragon/ArUco/install/lab4_image_receiver/share/lab4_image_receiver/package.zsh'
[0.891s] Level 1:colcon.colcon_core.environment:create_file_with_runtime_dependencies(/home/eragon/ArUco/install/lab4_image_receiver/share/colcon-core/packages/lab4_image_receiver)
[0.892s] Level 1:colcon.colcon_core.environment:create_environment_scripts_only(lab4_image_receiver)
[0.892s] Level 1:colcon.colcon_core.environment:checking '/home/eragon/ArUco/install/lab4_image_receiver' for CMake module files
[0.893s] Level 1:colcon.colcon_core.environment:checking '/home/eragon/ArUco/install/lab4_image_receiver' for CMake config files
[0.893s] Level 1:colcon.colcon_core.shell:create_environment_hook('lab4_image_receiver', 'cmake_prefix_path')
[0.893s] INFO:colcon.colcon_core.shell:Creating environment hook '/home/eragon/ArUco/install/lab4_image_receiver/share/lab4_image_receiver/hook/cmake_prefix_path.ps1'
[0.894s] INFO:colcon.colcon_core.shell:Creating environment descriptor '/home/eragon/ArUco/install/lab4_image_receiver/share/lab4_image_receiver/hook/cmake_prefix_path.dsv'
[0.894s] INFO:colcon.colcon_core.shell:Creating environment hook '/home/eragon/ArUco/install/lab4_image_receiver/share/lab4_image_receiver/hook/cmake_prefix_path.sh'
[0.895s] Level 1:colcon.colcon_core.environment:checking '/home/eragon/ArUco/install/lab4_image_receiver/lib'
[0.895s] Level 1:colcon.colcon_core.environment:checking '/home/eragon/ArUco/install/lab4_image_receiver/bin'
[0.895s] Level 1:colcon.colcon_core.environment:checking '/home/eragon/ArUco/install/lab4_image_receiver/lib/pkgconfig/lab4_image_receiver.pc'
[0.895s] Level 1:colcon.colcon_core.environment:checking '/home/eragon/ArUco/install/lab4_image_receiver/lib/python3.10/site-packages'
[0.895s] Level 1:colcon.colcon_core.environment:checking '/home/eragon/ArUco/install/lab4_image_receiver/bin'
[0.896s] INFO:colcon.colcon_core.shell:Creating package script '/home/eragon/ArUco/install/lab4_image_receiver/share/lab4_image_receiver/package.ps1'
[0.897s] INFO:colcon.colcon_core.shell:Creating package descriptor '/home/eragon/ArUco/install/lab4_image_receiver/share/lab4_image_receiver/package.dsv'
[0.897s] INFO:colcon.colcon_core.shell:Creating package script '/home/eragon/ArUco/install/lab4_image_receiver/share/lab4_image_receiver/package.sh'
[0.898s] INFO:colcon.colcon_core.shell:Creating package script '/home/eragon/ArUco/install/lab4_image_receiver/share/lab4_image_receiver/package.bash'
[0.898s] INFO:colcon.colcon_core.shell:Creating package script '/home/eragon/ArUco/install/lab4_image_receiver/share/lab4_image_receiver/package.zsh'
[0.898s] Level 1:colcon.colcon_core.environment:create_file_with_runtime_dependencies(/home/eragon/ArUco/install/lab4_image_receiver/share/colcon-core/packages/lab4_image_receiver)
[0.899s] Level 1:colcon.colcon_core.environment:create_environment_scripts_only(test_image_sender)
[0.899s] Level 1:colcon.colcon_core.environment:checking '/home/eragon/ArUco/install/test_image_sender' for CMake module files
[0.901s] Level 1:colcon.colcon_core.environment:checking '/home/eragon/ArUco/install/test_image_sender' for CMake config files
[0.901s] DEBUG:colcon.colcon_core.event_handler.log_command:Invoked command in '/home/eragon/ArUco/build/test_image_sender' returned '0': CMAKE_PREFIX_PATH=${CMAKE_PREFIX_PATH}:/opt/ros/humble /usr/bin/cmake --install /home/eragon/ArUco/build/test_image_sender
[0.901s] Level 1:colcon.colcon_core.shell:create_environment_hook('test_image_sender', 'cmake_prefix_path')
[0.902s] INFO:colcon.colcon_core.shell:Creating environment hook '/home/eragon/ArUco/install/test_image_sender/share/test_image_sender/hook/cmake_prefix_path.ps1'
[0.902s] INFO:colcon.colcon_core.shell:Creating environment descriptor '/home/eragon/ArUco/install/test_image_sender/share/test_image_sender/hook/cmake_prefix_path.dsv'
[0.903s] INFO:colcon.colcon_core.shell:Creating environment hook '/home/eragon/ArUco/install/test_image_sender/share/test_image_sender/hook/cmake_prefix_path.sh'
[0.903s] Level 1:colcon.colcon_core.environment:checking '/home/eragon/ArUco/install/test_image_sender/lib'
[0.903s] Level 1:colcon.colcon_core.environment:checking '/home/eragon/ArUco/install/test_image_sender/bin'
[0.903s] Level 1:colcon.colcon_core.environment:checking '/home/eragon/ArUco/install/test_image_sender/lib/pkgconfig/test_image_sender.pc'
[0.904s] Level 1:colcon.colcon_core.environment:checking '/home/eragon/ArUco/install/test_image_sender/lib/python3.10/site-packages'
[0.904s] Level 1:colcon.colcon_core.environment:checking '/home/eragon/ArUco/install/test_image_sender/bin'
[0.904s] INFO:colcon.colcon_core.shell:Creating package script '/home/eragon/ArUco/install/test_image_sender/share/test_image_sender/package.ps1'
[0.905s] INFO:colcon.colcon_core.shell:Creating package descriptor '/home/eragon/ArUco/install/test_image_sender/share/test_image_sender/package.dsv'
[0.905s] INFO:colcon.colcon_core.shell:Creating package script '/home/eragon/ArUco/install/test_image_sender/share/test_image_sender/package.sh'
[0.906s] INFO:colcon.colcon_core.shell:Creating package script '/home/eragon/ArUco/install/test_image_sender/share/test_image_sender/package.bash'
[0.906s] INFO:colcon.colcon_core.shell:Creating package script '/home/eragon/ArUco/install/test_image_sender/share/test_image_sender/package.zsh'
[0.906s] Level 1:colcon.colcon_core.environment:create_file_with_runtime_dependencies(/home/eragon/ArUco/install/test_image_sender/share/colcon-core/packages/test_image_sender)
[0.907s] Level 1:colcon.colcon_core.environment:create_environment_scripts_only(test_image_sender)
[0.907s] Level 1:colcon.colcon_core.environment:checking '/home/eragon/ArUco/install/test_image_sender' for CMake module files
[0.908s] Level 1:colcon.colcon_core.environment:checking '/home/eragon/ArUco/install/test_image_sender' for CMake config files
[0.908s] Level 1:colcon.colcon_core.shell:create_environment_hook('test_image_sender', 'cmake_prefix_path')
[0.908s] INFO:colcon.colcon_core.shell:Creating environment hook '/home/eragon/ArUco/install/test_image_sender/share/test_image_sender/hook/cmake_prefix_path.ps1'
[0.909s] INFO:colcon.colcon_core.shell:Creating environment descriptor '/home/eragon/ArUco/install/test_image_sender/share/test_image_sender/hook/cmake_prefix_path.dsv'
[0.909s] INFO:colcon.colcon_core.shell:Creating environment hook '/home/eragon/ArUco/install/test_image_sender/share/test_image_sender/hook/cmake_prefix_path.sh'
[0.910s] Level 1:colcon.colcon_core.environment:checking '/home/eragon/ArUco/install/test_image_sender/lib'
[0.910s] Level 1:colcon.colcon_core.environment:checking '/home/eragon/ArUco/install/test_image_sender/bin'
[0.910s] Level 1:colcon.colcon_core.environment:checking '/home/eragon/ArUco/install/test_image_sender/lib/pkgconfig/test_image_sender.pc'
[0.910s] Level 1:colcon.colcon_core.environment:checking '/home/eragon/ArUco/install/test_image_sender/lib/python3.10/site-packages'
[0.910s] Level 1:colcon.colcon_core.environment:checking '/home/eragon/ArUco/install/test_image_sender/bin'
[0.911s] INFO:colcon.colcon_core.shell:Creating package script '/home/eragon/ArUco/install/test_image_sender/share/test_image_sender/package.ps1'
[0.911s] INFO:colcon.colcon_core.shell:Creating package descriptor '/home/eragon/ArUco/install/test_image_sender/share/test_image_sender/package.dsv'
[0.912s] INFO:colcon.colcon_core.shell:Creating package script '/home/eragon/ArUco/install/test_image_sender/share/test_image_sender/package.sh'
[0.912s] INFO:colcon.colcon_core.shell:Creating package script '/home/eragon/ArUco/install/test_image_sender/share/test_image_sender/package.bash'
[0.913s] INFO:colcon.colcon_core.shell:Creating package script '/home/eragon/ArUco/install/test_image_sender/share/test_image_sender/package.zsh'
[0.913s] Level 1:colcon.colcon_core.environment:create_file_with_runtime_dependencies(/home/eragon/ArUco/install/test_image_sender/share/colcon-core/packages/test_image_sender)
[0.914s] Level 1:colcon.colcon_core.environment:create_environment_scripts_only(test_image_processing)
[0.914s] Level 1:colcon.colcon_core.environment:checking '/home/eragon/ArUco/install/test_image_processing' for CMake module files
[0.915s] DEBUG:colcon.colcon_core.event_handler.log_command:Invoked command in '/home/eragon/ArUco/build/test_image_processing' returned '0': CMAKE_PREFIX_PATH=${CMAKE_PREFIX_PATH}:/opt/ros/humble /usr/bin/cmake --install /home/eragon/ArUco/build/test_image_processing
[0.916s] Level 1:colcon.colcon_core.environment:checking '/home/eragon/ArUco/install/test_image_processing' for CMake config files
[0.916s] Level 1:colcon.colcon_core.shell:create_environment_hook('test_image_processing', 'cmake_prefix_path')
[0.916s] INFO:colcon.colcon_core.shell:Creating environment hook '/home/eragon/ArUco/install/test_image_processing/share/test_image_processing/hook/cmake_prefix_path.ps1'
[0.917s] INFO:colcon.colcon_core.shell:Creating environment descriptor '/home/eragon/ArUco/install/test_image_processing/share/test_image_processing/hook/cmake_prefix_path.dsv'
[0.917s] INFO:colcon.colcon_core.shell:Creating environment hook '/home/eragon/ArUco/install/test_image_processing/share/test_image_processing/hook/cmake_prefix_path.sh'
[0.918s] Level 1:colcon.colcon_core.environment:checking '/home/eragon/ArUco/install/test_image_processing/lib'
[0.919s] Level 1:colcon.colcon_core.environment:checking '/home/eragon/ArUco/install/test_image_processing/bin'
[0.919s] Level 1:colcon.colcon_core.environment:checking '/home/eragon/ArUco/install/test_image_processing/lib/pkgconfig/test_image_processing.pc'
[0.919s] Level 1:colcon.colcon_core.environment:checking '/home/eragon/ArUco/install/test_image_processing/lib/python3.10/site-packages'
[0.919s] Level 1:colcon.colcon_core.environment:checking '/home/eragon/ArUco/install/test_image_processing/bin'
[0.919s] INFO:colcon.colcon_core.shell:Creating package script '/home/eragon/ArUco/install/test_image_processing/share/test_image_processing/package.ps1'
[0.920s] INFO:colcon.colcon_core.shell:Creating package descriptor '/home/eragon/ArUco/install/test_image_processing/share/test_image_processing/package.dsv'
[0.921s] INFO:colcon.colcon_core.shell:Creating package script '/home/eragon/ArUco/install/test_image_processing/share/test_image_processing/package.sh'
[0.921s] INFO:colcon.colcon_core.shell:Creating package script '/home/eragon/ArUco/install/test_image_processing/share/test_image_processing/package.bash'
[0.922s] INFO:colcon.colcon_core.shell:Creating package script '/home/eragon/ArUco/install/test_image_processing/share/test_image_processing/package.zsh'
[0.922s] Level 1:colcon.colcon_core.environment:create_file_with_runtime_dependencies(/home/eragon/ArUco/install/test_image_processing/share/colcon-core/packages/test_image_processing)
[0.923s] Level 1:colcon.colcon_core.environment:create_environment_scripts_only(test_image_processing)
[0.923s] Level 1:colcon.colcon_core.environment:checking '/home/eragon/ArUco/install/test_image_processing' for CMake module files
[0.924s] Level 1:colcon.colcon_core.environment:checking '/home/eragon/ArUco/install/test_image_processing' for CMake config files
[0.924s] Level 1:colcon.colcon_core.shell:create_environment_hook('test_image_processing', 'cmake_prefix_path')
[0.924s] INFO:colcon.colcon_core.shell:Creating environment hook '/home/eragon/ArUco/install/test_image_processing/share/test_image_processing/hook/cmake_prefix_path.ps1'
[0.925s] INFO:colcon.colcon_core.shell:Creating environment descriptor '/home/eragon/ArUco/install/test_image_processing/share/test_image_processing/hook/cmake_prefix_path.dsv'
[0.925s] INFO:colcon.colcon_core.shell:Creating environment hook '/home/eragon/ArUco/install/test_image_processing/share/test_image_processing/hook/cmake_prefix_path.sh'
[0.926s] Level 1:colcon.colcon_core.environment:checking '/home/eragon/ArUco/install/test_image_processing/lib'
[0.926s] Level 1:colcon.colcon_core.environment:checking '/home/eragon/ArUco/install/test_image_processing/bin'
[0.926s] Level 1:colcon.colcon_core.environment:checking '/home/eragon/ArUco/install/test_image_processing/lib/pkgconfig/test_image_processing.pc'
[0.926s] Level 1:colcon.colcon_core.environment:checking '/home/eragon/ArUco/install/test_image_processing/lib/python3.10/site-packages'
[0.926s] Level 1:colcon.colcon_core.environment:checking '/home/eragon/ArUco/install/test_image_processing/bin'
[0.927s] INFO:colcon.colcon_core.shell:Creating package script '/home/eragon/ArUco/install/test_image_processing/share/test_image_processing/package.ps1'
[0.927s] INFO:colcon.colcon_core.shell:Creating package descriptor '/home/eragon/ArUco/install/test_image_processing/share/test_image_processing/package.dsv'
[0.928s] INFO:colcon.colcon_core.shell:Creating package script '/home/eragon/ArUco/install/test_image_processing/share/test_image_processing/package.sh'
[0.928s] INFO:colcon.colcon_core.shell:Creating package script '/home/eragon/ArUco/install/test_image_processing/share/test_image_processing/package.bash'
[0.929s] INFO:colcon.colcon_core.shell:Creating package script '/home/eragon/ArUco/install/test_image_processing/share/test_image_processing/package.zsh'
[0.929s] Level 1:colcon.colcon_core.environment:create_file_with_runtime_dependencies(/home/eragon/ArUco/install/test_image_processing/share/colcon-core/packages/test_image_processing)
[0.929s] Level 1:colcon.colcon_core.environment:create_environment_scripts_only(lab4_image_sender)
[0.930s] Level 1:colcon.colcon_core.environment:checking '/home/eragon/ArUco/install/lab4_image_sender' for CMake module files
[0.931s] DEBUG:colcon.colcon_core.event_handler.log_command:Invoked command in '/home/eragon/ArUco/build/lab4_image_sender' returned '0': CMAKE_PREFIX_PATH=${CMAKE_PREFIX_PATH}:/opt/ros/humble /usr/bin/cmake --install /home/eragon/ArUco/build/lab4_image_sender
[0.932s] Level 1:colcon.colcon_core.environment:checking '/home/eragon/ArUco/install/lab4_image_sender' for CMake config files
[0.932s] Level 1:colcon.colcon_core.shell:create_environment_hook('lab4_image_sender', 'cmake_prefix_path')
[0.932s] INFO:colcon.colcon_core.shell:Creating environment hook '/home/eragon/ArUco/install/lab4_image_sender/share/lab4_image_sender/hook/cmake_prefix_path.ps1'
[0.933s] INFO:colcon.colcon_core.shell:Creating environment descriptor '/home/eragon/ArUco/install/lab4_image_sender/share/lab4_image_sender/hook/cmake_prefix_path.dsv'
[0.934s] INFO:colcon.colcon_core.shell:Creating environment hook '/home/eragon/ArUco/install/lab4_image_sender/share/lab4_image_sender/hook/cmake_prefix_path.sh'
[0.935s] Level 1:colcon.colcon_core.environment:checking '/home/eragon/ArUco/install/lab4_image_sender/lib'
[0.935s] Level 1:colcon.colcon_core.environment:checking '/home/eragon/ArUco/install/lab4_image_sender/bin'
[0.935s] Level 1:colcon.colcon_core.environment:checking '/home/eragon/ArUco/install/lab4_image_sender/lib/pkgconfig/lab4_image_sender.pc'
[0.935s] Level 1:colcon.colcon_core.environment:checking '/home/eragon/ArUco/install/lab4_image_sender/lib/python3.10/site-packages'
[0.935s] Level 1:colcon.colcon_core.environment:checking '/home/eragon/ArUco/install/lab4_image_sender/bin'
[0.936s] INFO:colcon.colcon_core.shell:Creating package script '/home/eragon/ArUco/install/lab4_image_sender/share/lab4_image_sender/package.ps1'
[0.936s] INFO:colcon.colcon_core.shell:Creating package descriptor '/home/eragon/ArUco/install/lab4_image_sender/share/lab4_image_sender/package.dsv'
[0.937s] INFO:colcon.colcon_core.shell:Creating package script '/home/eragon/ArUco/install/lab4_image_sender/share/lab4_image_sender/package.sh'
[0.937s] INFO:colcon.colcon_core.shell:Creating package script '/home/eragon/ArUco/install/lab4_image_sender/share/lab4_image_sender/package.bash'
[0.938s] INFO:colcon.colcon_core.shell:Creating package script '/home/eragon/ArUco/install/lab4_image_sender/share/lab4_image_sender/package.zsh'
[0.938s] Level 1:colcon.colcon_core.environment:create_file_with_runtime_dependencies(/home/eragon/ArUco/install/lab4_image_sender/share/colcon-core/packages/lab4_image_sender)
[0.939s] Level 1:colcon.colcon_core.environment:create_environment_scripts_only(lab4_image_sender)
[0.939s] Level 1:colcon.colcon_core.environment:checking '/home/eragon/ArUco/install/lab4_image_sender' for CMake module files
[0.940s] Level 1:colcon.colcon_core.environment:checking '/home/eragon/ArUco/install/lab4_image_sender' for CMake config files
[0.940s] Level 1:colcon.colcon_core.shell:create_environment_hook('lab4_image_sender', 'cmake_prefix_path')
[0.940s] INFO:colcon.colcon_core.shell:Creating environment hook '/home/eragon/ArUco/install/lab4_image_sender/share/lab4_image_sender/hook/cmake_prefix_path.ps1'
[0.941s] INFO:colcon.colcon_core.shell:Creating environment descriptor '/home/eragon/ArUco/install/lab4_image_sender/share/lab4_image_sender/hook/cmake_prefix_path.dsv'
[0.941s] INFO:colcon.colcon_core.shell:Creating environment hook '/home/eragon/ArUco/install/lab4_image_sender/share/lab4_image_sender/hook/cmake_prefix_path.sh'
[0.942s] Level 1:colcon.colcon_core.environment:checking '/home/eragon/ArUco/install/lab4_image_sender/lib'
[0.942s] Level 1:colcon.colcon_core.environment:checking '/home/eragon/ArUco/install/lab4_image_sender/bin'
[0.942s] Level 1:colcon.colcon_core.environment:checking '/home/eragon/ArUco/install/lab4_image_sender/lib/pkgconfig/lab4_image_sender.pc'
[0.943s] Level 1:colcon.colcon_core.environment:checking '/home/eragon/ArUco/install/lab4_image_sender/lib/python3.10/site-packages'
[0.943s] Level 1:colcon.colcon_core.environment:checking '/home/eragon/ArUco/install/lab4_image_sender/bin'
[0.943s] INFO:colcon.colcon_core.shell:Creating package script '/home/eragon/ArUco/install/lab4_image_sender/share/lab4_image_sender/package.ps1'
[0.944s] INFO:colcon.colcon_core.shell:Creating package descriptor '/home/eragon/ArUco/install/lab4_image_sender/share/lab4_image_sender/package.dsv'
[0.944s] INFO:colcon.colcon_core.shell:Creating package script '/home/eragon/ArUco/install/lab4_image_sender/share/lab4_image_sender/package.sh'
[0.945s] INFO:colcon.colcon_core.shell:Creating package script '/home/eragon/ArUco/install/lab4_image_sender/share/lab4_image_sender/package.bash'
[0.945s] INFO:colcon.colcon_core.shell:Creating package script '/home/eragon/ArUco/install/lab4_image_sender/share/lab4_image_sender/package.zsh'
[0.946s] Level 1:colcon.colcon_core.environment:create_file_with_runtime_dependencies(/home/eragon/ArUco/install/lab4_image_sender/share/colcon-core/packages/lab4_image_sender)
[0.946s] DEBUG:colcon.colcon_parallel_executor.executor.parallel:closing loop
[0.947s] DEBUG:colcon.colcon_parallel_executor.executor.parallel:loop closed
[0.947s] DEBUG:colcon.colcon_parallel_executor.executor.parallel:run_until_complete finished with '0'
[0.947s] DEBUG:colcon.colcon_core.event_reactor:joining thread
[0.961s] INFO:colcon.colcon_core.plugin_system:Skipping extension 'colcon_notification.desktop_notification.terminal_notifier': Not used on non-Darwin systems
[0.961s] INFO:colcon.colcon_core.plugin_system:Skipping extension 'colcon_notification.desktop_notification.win32': Not used on non-Windows systems
[0.961s] INFO:colcon.colcon_notification.desktop_notification:Sending desktop notification using 'notify2'
[0.962s] DEBUG:colcon.colcon_notification.desktop_notification.notify2:Failed to initialize notify2: org.freedesktop.DBus.Error.BadAddress: '=' character not found or has no value following it
[0.962s] DEBUG:colcon.colcon_core.event_reactor:joined thread
[0.962s] INFO:colcon.colcon_core.shell:Creating prefix script '/home/eragon/ArUco/install/local_setup.ps1'
[0.963s] INFO:colcon.colcon_core.shell:Creating prefix util module '/home/eragon/ArUco/install/_local_setup_util_ps1.py'
[0.965s] INFO:colcon.colcon_core.shell:Creating prefix chain script '/home/eragon/ArUco/install/setup.ps1'
[0.967s] INFO:colcon.colcon_core.shell:Creating prefix script '/home/eragon/ArUco/install/local_setup.sh'
[0.968s] INFO:colcon.colcon_core.shell:Creating prefix util module '/home/eragon/ArUco/install/_local_setup_util_sh.py'
[0.968s] INFO:colcon.colcon_core.shell:Creating prefix chain script '/home/eragon/ArUco/install/setup.sh'
[0.970s] INFO:colcon.colcon_core.shell:Creating prefix script '/home/eragon/ArUco/install/local_setup.bash'
[0.970s] INFO:colcon.colcon_core.shell:Creating prefix chain script '/home/eragon/ArUco/install/setup.bash'
[0.972s] INFO:colcon.colcon_core.shell:Creating prefix script '/home/eragon/ArUco/install/local_setup.zsh'
[0.973s] INFO:colcon.colcon_core.shell:Creating prefix chain script '/home/eragon/ArUco/install/setup.zsh'
