[0.055s] Invoking command in '/home/eragon/ArUco/build/robot_camera_processor': CMAKE_PREFIX_PATH=${CMAKE_PREFIX_PATH}:/opt/ros/humble /usr/bin/cmake --build /home/eragon/ArUco/build/robot_camera_processor -- -j8 -l8
[0.213s] [ 50%] Building CXX object CMakeFiles/robot_camera_processor_node.dir/src/robot_camera_processor_node.cpp.o
[6.170s] /home/eragon/ArUco/src/robot_camera_processor/src/robot_camera_processor_node.cpp: In member function ‘void RobotCameraProcessor::image_callback(const ConstSharedPtr&)’:
[6.171s] /home/eragon/ArUco/src/robot_camera_processor/src/robot_camera_processor_node.cpp:111:39: warning: narrowing conversion of ‘((-((RobotCameraProcessor*)this)->RobotCameraProcessor::marker_size_) / (double)2)’ from ‘double’ to ‘float’ [-Wnarrowing]
[6.171s]   111 |                         {-marker_size_/2, marker_size_/2, 0},
[6.171s]       |                          ~~~~~~~~~~~~~^~
[6.171s] /home/eragon/ArUco/src/robot_camera_processor/src/robot_camera_processor_node.cpp:111:55: warning: narrowing conversion of ‘(((RobotCameraProcessor*)this)->RobotCameraProcessor::marker_size_ / (double)2)’ from ‘double’ to ‘float’ [-Wnarrowing]
[6.172s]   111 |                         {-marker_size_/2, marker_size_/2, 0},
[6.172s]       |                                           ~~~~~~~~~~~~^~
[6.172s] /home/eragon/ArUco/src/robot_camera_processor/src/robot_camera_processor_node.cpp:112:38: warning: narrowing conversion of ‘(((RobotCameraProcessor*)this)->RobotCameraProcessor::marker_size_ / (double)2)’ from ‘double’ to ‘float’ [-Wnarrowing]
[6.172s]   112 |                         {marker_size_/2, marker_size_/2, 0},
[6.173s]       |                          ~~~~~~~~~~~~^~
[6.173s] /home/eragon/ArUco/src/robot_camera_processor/src/robot_camera_processor_node.cpp:112:54: warning: narrowing conversion of ‘(((RobotCameraProcessor*)this)->RobotCameraProcessor::marker_size_ / (double)2)’ from ‘double’ to ‘float’ [-Wnarrowing]
[6.173s]   112 |                         {marker_size_/2, marker_size_/2, 0},
[6.173s]       |                                          ~~~~~~~~~~~~^~
[6.173s] /home/eragon/ArUco/src/robot_camera_processor/src/robot_camera_processor_node.cpp:113:38: warning: narrowing conversion of ‘(((RobotCameraProcessor*)this)->RobotCameraProcessor::marker_size_ / (double)2)’ from ‘double’ to ‘float’ [-Wnarrowing]
[6.174s]   113 |                         {marker_size_/2, -marker_size_/2, 0},
[6.174s]       |                          ~~~~~~~~~~~~^~
[6.174s] /home/eragon/ArUco/src/robot_camera_processor/src/robot_camera_processor_node.cpp:113:55: warning: narrowing conversion of ‘((-((RobotCameraProcessor*)this)->RobotCameraProcessor::marker_size_) / (double)2)’ from ‘double’ to ‘float’ [-Wnarrowing]
[6.174s]   113 |                         {marker_size_/2, -marker_size_/2, 0},
[6.175s]       |                                          ~~~~~~~~~~~~~^~
[6.175s] /home/eragon/ArUco/src/robot_camera_processor/src/robot_camera_processor_node.cpp:114:39: warning: narrowing conversion of ‘((-((RobotCameraProcessor*)this)->RobotCameraProcessor::marker_size_) / (double)2)’ from ‘double’ to ‘float’ [-Wnarrowing]
[6.175s]   114 |                         {-marker_size_/2, -marker_size_/2, 0}
[6.175s]       |                          ~~~~~~~~~~~~~^~
[6.176s] /home/eragon/ArUco/src/robot_camera_processor/src/robot_camera_processor_node.cpp:114:56: warning: narrowing conversion of ‘((-((RobotCameraProcessor*)this)->RobotCameraProcessor::marker_size_) / (double)2)’ from ‘double’ to ‘float’ [-Wnarrowing]
[6.176s]   114 |                         {-marker_size_/2, -marker_size_/2, 0}
[6.176s]       |                                           ~~~~~~~~~~~~~^~
[12.200s] [100%] Linking CXX executable robot_camera_processor_node
[13.135s] [100%] Built target robot_camera_processor_node
[13.160s] Invoked command in '/home/eragon/ArUco/build/robot_camera_processor' returned '0': CMAKE_PREFIX_PATH=${CMAKE_PREFIX_PATH}:/opt/ros/humble /usr/bin/cmake --build /home/eragon/ArUco/build/robot_camera_processor -- -j8 -l8
[13.162s] Invoking command in '/home/eragon/ArUco/build/robot_camera_processor': CMAKE_PREFIX_PATH=${CMAKE_PREFIX_PATH}:/opt/ros/humble /usr/bin/cmake --install /home/eragon/ArUco/build/robot_camera_processor
[13.177s] -- Install configuration: "Debug"
[13.177s] -- Installing: /home/eragon/ArUco/install/robot_camera_processor/lib/robot_camera_processor/robot_camera_processor_node
[13.188s] -- Set runtime path of "/home/eragon/ArUco/install/robot_camera_processor/lib/robot_camera_processor/robot_camera_processor_node" to ""
[13.188s] -- Up-to-date: /home/eragon/ArUco/install/robot_camera_processor/share/ament_index/resource_index/package_run_dependencies/robot_camera_processor
[13.188s] -- Up-to-date: /home/eragon/ArUco/install/robot_camera_processor/share/ament_index/resource_index/parent_prefix_path/robot_camera_processor
[13.189s] -- Up-to-date: /home/eragon/ArUco/install/robot_camera_processor/share/robot_camera_processor/environment/ament_prefix_path.sh
[13.189s] -- Up-to-date: /home/eragon/ArUco/install/robot_camera_processor/share/robot_camera_processor/environment/ament_prefix_path.dsv
[13.189s] -- Up-to-date: /home/eragon/ArUco/install/robot_camera_processor/share/robot_camera_processor/environment/path.sh
[13.189s] -- Up-to-date: /home/eragon/ArUco/install/robot_camera_processor/share/robot_camera_processor/environment/path.dsv
[13.189s] -- Up-to-date: /home/eragon/ArUco/install/robot_camera_processor/share/robot_camera_processor/local_setup.bash
[13.189s] -- Up-to-date: /home/eragon/ArUco/install/robot_camera_processor/share/robot_camera_processor/local_setup.sh
[13.189s] -- Up-to-date: /home/eragon/ArUco/install/robot_camera_processor/share/robot_camera_processor/local_setup.zsh
[13.189s] -- Up-to-date: /home/eragon/ArUco/install/robot_camera_processor/share/robot_camera_processor/local_setup.dsv
[13.189s] -- Installing: /home/eragon/ArUco/install/robot_camera_processor/share/robot_camera_processor/package.dsv
[13.190s] -- Up-to-date: /home/eragon/ArUco/install/robot_camera_processor/share/ament_index/resource_index/packages/robot_camera_processor
[13.190s] -- Up-to-date: /home/eragon/ArUco/install/robot_camera_processor/share/robot_camera_processor/cmake/robot_camera_processorConfig.cmake
[13.190s] -- Up-to-date: /home/eragon/ArUco/install/robot_camera_processor/share/robot_camera_processor/cmake/robot_camera_processorConfig-version.cmake
[13.190s] -- Up-to-date: /home/eragon/ArUco/install/robot_camera_processor/share/robot_camera_processor/package.xml
[13.194s] Invoked command in '/home/eragon/ArUco/build/robot_camera_processor' returned '0': CMAKE_PREFIX_PATH=${CMAKE_PREFIX_PATH}:/opt/ros/humble /usr/bin/cmake --install /home/eragon/ArUco/build/robot_camera_processor
