[0.031s] Invoking command in '/home/eragon/ArUco/build/robot_camera_processor': /usr/bin/cmake --build /home/eragon/ArUco/build/robot_camera_processor -- -j8 -l8
[0.081s] -- Found ament_cmake: 1.3.11 (/opt/ros/humble/share/ament_cmake/cmake)
[0.273s] -- Found rclcpp: 16.0.12 (/opt/ros/humble/share/rclcpp/cmake)
[0.324s] -- Found rosidl_generator_c: 3.1.6 (/opt/ros/humble/share/rosidl_generator_c/cmake)
[0.327s] -- Found rosidl_adapter: 3.1.6 (/opt/ros/humble/share/rosidl_adapter/cmake)
[0.334s] -- Found rosidl_generator_cpp: 3.1.6 (/opt/ros/humble/share/rosidl_generator_cpp/cmake)
[0.345s] -- Using all available rosidl_typesupport_c: rosidl_typesupport_fastrtps_c;rosidl_typesupport_introspection_c
[0.359s] -- Using all available rosidl_typesupport_cpp: rosidl_typesupport_fastrtps_cpp;rosidl_typesupport_introspection_cpp
[0.396s] -- Found rmw_implementation_cmake: 6.1.2 (/opt/ros/humble/share/rmw_implementation_cmake/cmake)
[0.398s] -- Found rmw_fastrtps_cpp: 6.2.7 (/opt/ros/humble/share/rmw_fastrtps_cpp/cmake)
[0.542s] -- Using RMW implementation 'rmw_fastrtps_cpp' as default
[0.595s] -- Found sensor_msgs: 4.8.0 (/opt/ros/humble/share/sensor_msgs/cmake)
[0.626s] -- Found cv_bridge: 3.2.1 (/opt/ros/humble/share/cv_bridge/cmake)
[0.640s] -- Found image_transport: 3.1.11 (/opt/ros/humble/share/image_transport/cmake)
[0.667s] -- Found tf2: 0.25.12 (/opt/ros/humble/share/tf2/cmake)
[0.671s] -- Found tf2_ros: 0.25.12 (/opt/ros/humble/share/tf2_ros/cmake)
[0.761s] CMake Error at CMakeLists.txt:32 (target_link_libraries):
[0.761s]   Cannot specify link libraries for target "robot_camera_processor" which is
[0.761s]   not built by this project.
[0.761s] 
[0.762s] 
[0.762s] -- Configuring incomplete, errors occurred!
[0.762s] See also "/home/eragon/ArUco/build/robot_camera_processor/CMakeFiles/CMakeOutput.log".
[0.770s] gmake: *** [Makefile:267: cmake_check_build_system] Ошибка 1
[0.774s] Invoked command in '/home/eragon/ArUco/build/robot_camera_processor' returned '2': /usr/bin/cmake --build /home/eragon/ArUco/build/robot_camera_processor -- -j8 -l8
