[0.155s] DEBUG:colcon:Command line arguments: ['/usr/bin/colcon', 'build', '--event-handlers', 'status+', 'console_start_end+', '--cmake-args', '-G', 'CodeBlocks - Unix Makefiles', '-DCMAKE_BUILD_TYPE=Debug']
[0.155s] DEBUG:colcon:Parsed command line arguments: Namespace(log_base=None, log_level=None, verb_name='build', build_base='build', install_base='install', merge_install=False, symlink_install=False, test_result_base=None, continue_on_error=False, executor='parallel', parallel_workers=8, event_handlers=['status+', 'console_start_end+'], ignore_user_meta=False, metas=['./colcon.meta'], base_paths=['.'], packages_ignore=None, packages_ignore_regex=None, paths=None, packages_up_to=None, packages_up_to_regex=None, packages_above=None, packages_above_and_dependencies=None, packages_above_depth=None, packages_select_by_dep=None, packages_skip_by_dep=None, packages_skip_up_to=None, packages_select_build_failed=False, packages_skip_build_finished=False, packages_select_test_failures=False, packages_skip_test_passed=False, packages_select=None, packages_skip=None, packages_select_regex=None, packages_skip_regex=None, packages_start=None, packages_end=None, allow_overriding=[], cmake_args=['-G', 'CodeBlocks - Unix Makefiles', '-DCMAKE_BUILD_TYPE=Debug'], cmake_target=None, cmake_target_skip_unavailable=False, cmake_clean_cache=False, cmake_clean_first=False, cmake_force_configure=False, ament_cmake_args=None, catkin_cmake_args=None, catkin_skip_building_tests=False, mixin_files=None, mixin=None, verb_parser=<colcon_mixin.mixin.mixin_argument.MixinArgumentDecorator object at 0x737e15701930>, verb_extension=<colcon_core.verb.build.BuildVerb object at 0x737e15701240>, main=<bound method BuildVerb.main of <colcon_core.verb.build.BuildVerb object at 0x737e15701240>>, mixin_verb=('build',))
[0.376s] Level 1:colcon.colcon_core.package_discovery:discover_packages(colcon_meta) check parameters
[0.376s] Level 1:colcon.colcon_core.package_discovery:discover_packages(recursive) check parameters
[0.377s] Level 1:colcon.colcon_core.package_discovery:discover_packages(ignore) check parameters
[0.377s] Level 1:colcon.colcon_core.package_discovery:discover_packages(path) check parameters
[0.377s] Level 1:colcon.colcon_core.package_discovery:discover_packages(colcon_meta) discover
[0.377s] Level 1:colcon.colcon_core.package_discovery:discover_packages(recursive) discover
[0.377s] INFO:colcon.colcon_core.package_discovery:Crawling recursively for packages in '/home/eragon/ArUco'
[0.377s] Level 1:colcon.colcon_core.package_identification:_identify(.) by extensions ['ignore', 'ignore_ament_install']
[0.377s] Level 1:colcon.colcon_core.package_identification:_identify(.) by extension 'ignore'
[0.377s] Level 1:colcon.colcon_core.package_identification:_identify(.) by extension 'ignore_ament_install'
[0.377s] Level 1:colcon.colcon_core.package_identification:_identify(.) by extensions ['colcon_pkg']
[0.377s] Level 1:colcon.colcon_core.package_identification:_identify(.) by extension 'colcon_pkg'
[0.377s] Level 1:colcon.colcon_core.package_identification:_identify(.) by extensions ['colcon_meta']
[0.377s] Level 1:colcon.colcon_core.package_identification:_identify(.) by extension 'colcon_meta'
[0.377s] Level 1:colcon.colcon_core.package_identification:_identify(.) by extensions ['ros']
[0.377s] Level 1:colcon.colcon_core.package_identification:_identify(.) by extension 'ros'
[0.403s] Level 1:colcon.colcon_core.package_identification:_identify(.) by extensions ['cmake', 'python']
[0.404s] Level 1:colcon.colcon_core.package_identification:_identify(.) by extension 'cmake'
[0.404s] Level 1:colcon.colcon_core.package_identification:_identify(.) by extension 'python'
[0.404s] Level 1:colcon.colcon_core.package_identification:_identify(.) by extensions ['python_setup_py']
[0.404s] Level 1:colcon.colcon_core.package_identification:_identify(.) by extension 'python_setup_py'
[0.404s] Level 1:colcon.colcon_core.package_identification:_identify(build) by extensions ['ignore', 'ignore_ament_install']
[0.404s] Level 1:colcon.colcon_core.package_identification:_identify(build) by extension 'ignore'
[0.405s] Level 1:colcon.colcon_core.package_identification:_identify(build) ignored
[0.405s] Level 1:colcon.colcon_core.package_identification:_identify(install) by extensions ['ignore', 'ignore_ament_install']
[0.405s] Level 1:colcon.colcon_core.package_identification:_identify(install) by extension 'ignore'
[0.405s] Level 1:colcon.colcon_core.package_identification:_identify(install) ignored
[0.406s] Level 1:colcon.colcon_core.package_identification:_identify(log) by extensions ['ignore', 'ignore_ament_install']
[0.406s] Level 1:colcon.colcon_core.package_identification:_identify(log) by extension 'ignore'
[0.406s] Level 1:colcon.colcon_core.package_identification:_identify(log) ignored
[0.406s] Level 1:colcon.colcon_core.package_identification:_identify(src) by extensions ['ignore', 'ignore_ament_install']
[0.406s] Level 1:colcon.colcon_core.package_identification:_identify(src) by extension 'ignore'
[0.406s] Level 1:colcon.colcon_core.package_identification:_identify(src) by extension 'ignore_ament_install'
[0.406s] Level 1:colcon.colcon_core.package_identification:_identify(src) by extensions ['colcon_pkg']
[0.406s] Level 1:colcon.colcon_core.package_identification:_identify(src) by extension 'colcon_pkg'
[0.407s] Level 1:colcon.colcon_core.package_identification:_identify(src) by extensions ['colcon_meta']
[0.407s] Level 1:colcon.colcon_core.package_identification:_identify(src) by extension 'colcon_meta'
[0.407s] Level 1:colcon.colcon_core.package_identification:_identify(src) by extensions ['ros']
[0.407s] Level 1:colcon.colcon_core.package_identification:_identify(src) by extension 'ros'
[0.407s] Level 1:colcon.colcon_core.package_identification:_identify(src) by extensions ['cmake', 'python']
[0.407s] Level 1:colcon.colcon_core.package_identification:_identify(src) by extension 'cmake'
[0.407s] Level 1:colcon.colcon_core.package_identification:_identify(src) by extension 'python'
[0.407s] Level 1:colcon.colcon_core.package_identification:_identify(src) by extensions ['python_setup_py']
[0.407s] Level 1:colcon.colcon_core.package_identification:_identify(src) by extension 'python_setup_py'
[0.407s] Level 1:colcon.colcon_core.package_identification:_identify(src/robot) by extensions ['ignore', 'ignore_ament_install']
[0.408s] Level 1:colcon.colcon_core.package_identification:_identify(src/robot) by extension 'ignore'
[0.408s] Level 1:colcon.colcon_core.package_identification:_identify(src/robot) by extension 'ignore_ament_install'
[0.408s] Level 1:colcon.colcon_core.package_identification:_identify(src/robot) by extensions ['colcon_pkg']
[0.408s] Level 1:colcon.colcon_core.package_identification:_identify(src/robot) by extension 'colcon_pkg'
[0.408s] Level 1:colcon.colcon_core.package_identification:_identify(src/robot) by extensions ['colcon_meta']
[0.408s] Level 1:colcon.colcon_core.package_identification:_identify(src/robot) by extension 'colcon_meta'
[0.408s] Level 1:colcon.colcon_core.package_identification:_identify(src/robot) by extensions ['ros']
[0.408s] Level 1:colcon.colcon_core.package_identification:_identify(src/robot) by extension 'ros'
[0.413s] DEBUG:colcon.colcon_core.package_identification:Package 'src/robot' with type 'ros.ament_cmake' and name 'robot'
[0.413s] Level 1:colcon.colcon_core.package_identification:_identify(src/robot_camera_processor) by extensions ['ignore', 'ignore_ament_install']
[0.413s] Level 1:colcon.colcon_core.package_identification:_identify(src/robot_camera_processor) by extension 'ignore'
[0.414s] Level 1:colcon.colcon_core.package_identification:_identify(src/robot_camera_processor) by extension 'ignore_ament_install'
[0.414s] Level 1:colcon.colcon_core.package_identification:_identify(src/robot_camera_processor) by extensions ['colcon_pkg']
[0.414s] Level 1:colcon.colcon_core.package_identification:_identify(src/robot_camera_processor) by extension 'colcon_pkg'
[0.414s] Level 1:colcon.colcon_core.package_identification:_identify(src/robot_camera_processor) by extensions ['colcon_meta']
[0.414s] Level 1:colcon.colcon_core.package_identification:_identify(src/robot_camera_processor) by extension 'colcon_meta'
[0.414s] Level 1:colcon.colcon_core.package_identification:_identify(src/robot_camera_processor) by extensions ['ros']
[0.414s] Level 1:colcon.colcon_core.package_identification:_identify(src/robot_camera_processor) by extension 'ros'
[0.416s] DEBUG:colcon.colcon_core.package_identification:Package 'src/robot_camera_processor' with type 'ros.ament_cmake' and name 'robot_camera_processor'
[0.416s] Level 1:colcon.colcon_core.package_identification:_identify(src/robot_odometry) by extensions ['ignore', 'ignore_ament_install']
[0.416s] Level 1:colcon.colcon_core.package_identification:_identify(src/robot_odometry) by extension 'ignore'
[0.416s] Level 1:colcon.colcon_core.package_identification:_identify(src/robot_odometry) by extension 'ignore_ament_install'
[0.416s] Level 1:colcon.colcon_core.package_identification:_identify(src/robot_odometry) by extensions ['colcon_pkg']
[0.416s] Level 1:colcon.colcon_core.package_identification:_identify(src/robot_odometry) by extension 'colcon_pkg'
[0.416s] Level 1:colcon.colcon_core.package_identification:_identify(src/robot_odometry) by extensions ['colcon_meta']
[0.416s] Level 1:colcon.colcon_core.package_identification:_identify(src/robot_odometry) by extension 'colcon_meta'
[0.416s] Level 1:colcon.colcon_core.package_identification:_identify(src/robot_odometry) by extensions ['ros']
[0.417s] Level 1:colcon.colcon_core.package_identification:_identify(src/robot_odometry) by extension 'ros'
[0.418s] DEBUG:colcon.colcon_core.package_identification:Package 'src/robot_odometry' with type 'ros.ament_cmake' and name 'robot_odometry'
[0.418s] Level 1:colcon.colcon_core.package_identification:_identify(src/robot_teleop) by extensions ['ignore', 'ignore_ament_install']
[0.418s] Level 1:colcon.colcon_core.package_identification:_identify(src/robot_teleop) by extension 'ignore'
[0.418s] Level 1:colcon.colcon_core.package_identification:_identify(src/robot_teleop) by extension 'ignore_ament_install'
[0.418s] Level 1:colcon.colcon_core.package_identification:_identify(src/robot_teleop) by extensions ['colcon_pkg']
[0.418s] Level 1:colcon.colcon_core.package_identification:_identify(src/robot_teleop) by extension 'colcon_pkg'
[0.418s] Level 1:colcon.colcon_core.package_identification:_identify(src/robot_teleop) by extensions ['colcon_meta']
[0.418s] Level 1:colcon.colcon_core.package_identification:_identify(src/robot_teleop) by extension 'colcon_meta'
[0.418s] Level 1:colcon.colcon_core.package_identification:_identify(src/robot_teleop) by extensions ['ros']
[0.419s] Level 1:colcon.colcon_core.package_identification:_identify(src/robot_teleop) by extension 'ros'
[0.420s] DEBUG:colcon.colcon_core.package_identification:Package 'src/robot_teleop' with type 'ros.ament_cmake' and name 'robot_teleop'
[0.420s] Level 1:colcon.colcon_core.package_identification:_identify(src/test_robot_plugin) by extensions ['ignore', 'ignore_ament_install']
[0.421s] Level 1:colcon.colcon_core.package_identification:_identify(src/test_robot_plugin) by extension 'ignore'
[0.421s] Level 1:colcon.colcon_core.package_identification:_identify(src/test_robot_plugin) by extension 'ignore_ament_install'
[0.421s] Level 1:colcon.colcon_core.package_identification:_identify(src/test_robot_plugin) by extensions ['colcon_pkg']
[0.421s] Level 1:colcon.colcon_core.package_identification:_identify(src/test_robot_plugin) by extension 'colcon_pkg'
[0.421s] Level 1:colcon.colcon_core.package_identification:_identify(src/test_robot_plugin) by extensions ['colcon_meta']
[0.421s] Level 1:colcon.colcon_core.package_identification:_identify(src/test_robot_plugin) by extension 'colcon_meta'
[0.421s] Level 1:colcon.colcon_core.package_identification:_identify(src/test_robot_plugin) by extensions ['ros']
[0.421s] Level 1:colcon.colcon_core.package_identification:_identify(src/test_robot_plugin) by extension 'ros'
[0.422s] DEBUG:colcon.colcon_core.package_identification:Package 'src/test_robot_plugin' with type 'ros.ament_cmake' and name 'test_robot_plugin'
[0.423s] Level 1:colcon.colcon_core.package_discovery:discover_packages(recursive) using defaults
[0.423s] Level 1:colcon.colcon_core.package_discovery:discover_packages(ignore) discover
[0.423s] Level 1:colcon.colcon_core.package_discovery:discover_packages(ignore) using defaults
[0.423s] Level 1:colcon.colcon_core.package_discovery:discover_packages(path) discover
[0.423s] Level 1:colcon.colcon_core.package_discovery:discover_packages(path) using defaults
[0.471s] Level 1:colcon.colcon_core.package_discovery:discover_packages(prefix_path) check parameters
[0.471s] Level 1:colcon.colcon_core.package_discovery:discover_packages(prefix_path) discover
[0.473s] DEBUG:colcon.colcon_installed_package_information.package_discovery:Found 11 installed packages in /home/eragon/ArUco/install
[0.475s] DEBUG:colcon.colcon_installed_package_information.package_discovery:Found 284 installed packages in /opt/ros/humble
[0.477s] Level 1:colcon.colcon_core.package_discovery:discover_packages(prefix_path) using defaults
[0.524s] Level 5:colcon.colcon_core.verb:set package 'robot' build argument 'cmake_args' from command line to '['-G', 'CodeBlocks - Unix Makefiles', '-DCMAKE_BUILD_TYPE=Debug']'
[0.524s] Level 5:colcon.colcon_core.verb:set package 'robot' build argument 'cmake_target' from command line to 'None'
[0.524s] Level 5:colcon.colcon_core.verb:set package 'robot' build argument 'cmake_target_skip_unavailable' from command line to 'False'
[0.524s] Level 5:colcon.colcon_core.verb:set package 'robot' build argument 'cmake_clean_cache' from command line to 'False'
[0.524s] Level 5:colcon.colcon_core.verb:set package 'robot' build argument 'cmake_clean_first' from command line to 'False'
[0.524s] Level 5:colcon.colcon_core.verb:set package 'robot' build argument 'cmake_force_configure' from command line to 'False'
[0.524s] Level 5:colcon.colcon_core.verb:set package 'robot' build argument 'ament_cmake_args' from command line to 'None'
[0.524s] Level 5:colcon.colcon_core.verb:set package 'robot' build argument 'catkin_cmake_args' from command line to 'None'
[0.524s] Level 5:colcon.colcon_core.verb:set package 'robot' build argument 'catkin_skip_building_tests' from command line to 'False'
[0.524s] DEBUG:colcon.colcon_core.verb:Building package 'robot' with the following arguments: {'ament_cmake_args': None, 'build_base': '/home/eragon/ArUco/build/robot', 'catkin_cmake_args': None, 'catkin_skip_building_tests': False, 'cmake_args': ['-G', 'CodeBlocks - Unix Makefiles', '-DCMAKE_BUILD_TYPE=Debug'], 'cmake_clean_cache': False, 'cmake_clean_first': False, 'cmake_force_configure': False, 'cmake_target': None, 'cmake_target_skip_unavailable': False, 'install_base': '/home/eragon/ArUco/install/robot', 'merge_install': False, 'path': '/home/eragon/ArUco/src/robot', 'symlink_install': False, 'test_result_base': None}
[0.525s] Level 5:colcon.colcon_core.verb:set package 'robot_camera_processor' build argument 'cmake_args' from command line to '['-G', 'CodeBlocks - Unix Makefiles', '-DCMAKE_BUILD_TYPE=Debug']'
[0.525s] Level 5:colcon.colcon_core.verb:set package 'robot_camera_processor' build argument 'cmake_target' from command line to 'None'
[0.525s] Level 5:colcon.colcon_core.verb:set package 'robot_camera_processor' build argument 'cmake_target_skip_unavailable' from command line to 'False'
[0.525s] Level 5:colcon.colcon_core.verb:set package 'robot_camera_processor' build argument 'cmake_clean_cache' from command line to 'False'
[0.525s] Level 5:colcon.colcon_core.verb:set package 'robot_camera_processor' build argument 'cmake_clean_first' from command line to 'False'
[0.525s] Level 5:colcon.colcon_core.verb:set package 'robot_camera_processor' build argument 'cmake_force_configure' from command line to 'False'
[0.525s] Level 5:colcon.colcon_core.verb:set package 'robot_camera_processor' build argument 'ament_cmake_args' from command line to 'None'
[0.525s] Level 5:colcon.colcon_core.verb:set package 'robot_camera_processor' build argument 'catkin_cmake_args' from command line to 'None'
[0.525s] Level 5:colcon.colcon_core.verb:set package 'robot_camera_processor' build argument 'catkin_skip_building_tests' from command line to 'False'
[0.525s] DEBUG:colcon.colcon_core.verb:Building package 'robot_camera_processor' with the following arguments: {'ament_cmake_args': None, 'build_base': '/home/eragon/ArUco/build/robot_camera_processor', 'catkin_cmake_args': None, 'catkin_skip_building_tests': False, 'cmake_args': ['-G', 'CodeBlocks - Unix Makefiles', '-DCMAKE_BUILD_TYPE=Debug'], 'cmake_clean_cache': False, 'cmake_clean_first': False, 'cmake_force_configure': False, 'cmake_target': None, 'cmake_target_skip_unavailable': False, 'install_base': '/home/eragon/ArUco/install/robot_camera_processor', 'merge_install': False, 'path': '/home/eragon/ArUco/src/robot_camera_processor', 'symlink_install': False, 'test_result_base': None}
[0.525s] Level 5:colcon.colcon_core.verb:set package 'robot_odometry' build argument 'cmake_args' from command line to '['-G', 'CodeBlocks - Unix Makefiles', '-DCMAKE_BUILD_TYPE=Debug']'
[0.525s] Level 5:colcon.colcon_core.verb:set package 'robot_odometry' build argument 'cmake_target' from command line to 'None'
[0.525s] Level 5:colcon.colcon_core.verb:set package 'robot_odometry' build argument 'cmake_target_skip_unavailable' from command line to 'False'
[0.525s] Level 5:colcon.colcon_core.verb:set package 'robot_odometry' build argument 'cmake_clean_cache' from command line to 'False'
[0.525s] Level 5:colcon.colcon_core.verb:set package 'robot_odometry' build argument 'cmake_clean_first' from command line to 'False'
[0.525s] Level 5:colcon.colcon_core.verb:set package 'robot_odometry' build argument 'cmake_force_configure' from command line to 'False'
[0.525s] Level 5:colcon.colcon_core.verb:set package 'robot_odometry' build argument 'ament_cmake_args' from command line to 'None'
[0.525s] Level 5:colcon.colcon_core.verb:set package 'robot_odometry' build argument 'catkin_cmake_args' from command line to 'None'
[0.526s] Level 5:colcon.colcon_core.verb:set package 'robot_odometry' build argument 'catkin_skip_building_tests' from command line to 'False'
[0.526s] DEBUG:colcon.colcon_core.verb:Building package 'robot_odometry' with the following arguments: {'ament_cmake_args': None, 'build_base': '/home/eragon/ArUco/build/robot_odometry', 'catkin_cmake_args': None, 'catkin_skip_building_tests': False, 'cmake_args': ['-G', 'CodeBlocks - Unix Makefiles', '-DCMAKE_BUILD_TYPE=Debug'], 'cmake_clean_cache': False, 'cmake_clean_first': False, 'cmake_force_configure': False, 'cmake_target': None, 'cmake_target_skip_unavailable': False, 'install_base': '/home/eragon/ArUco/install/robot_odometry', 'merge_install': False, 'path': '/home/eragon/ArUco/src/robot_odometry', 'symlink_install': False, 'test_result_base': None}
[0.526s] Level 5:colcon.colcon_core.verb:set package 'robot_teleop' build argument 'cmake_args' from command line to '['-G', 'CodeBlocks - Unix Makefiles', '-DCMAKE_BUILD_TYPE=Debug']'
[0.526s] Level 5:colcon.colcon_core.verb:set package 'robot_teleop' build argument 'cmake_target' from command line to 'None'
[0.526s] Level 5:colcon.colcon_core.verb:set package 'robot_teleop' build argument 'cmake_target_skip_unavailable' from command line to 'False'
[0.526s] Level 5:colcon.colcon_core.verb:set package 'robot_teleop' build argument 'cmake_clean_cache' from command line to 'False'
[0.526s] Level 5:colcon.colcon_core.verb:set package 'robot_teleop' build argument 'cmake_clean_first' from command line to 'False'
[0.526s] Level 5:colcon.colcon_core.verb:set package 'robot_teleop' build argument 'cmake_force_configure' from command line to 'False'
[0.526s] Level 5:colcon.colcon_core.verb:set package 'robot_teleop' build argument 'ament_cmake_args' from command line to 'None'
[0.526s] Level 5:colcon.colcon_core.verb:set package 'robot_teleop' build argument 'catkin_cmake_args' from command line to 'None'
[0.526s] Level 5:colcon.colcon_core.verb:set package 'robot_teleop' build argument 'catkin_skip_building_tests' from command line to 'False'
[0.526s] DEBUG:colcon.colcon_core.verb:Building package 'robot_teleop' with the following arguments: {'ament_cmake_args': None, 'build_base': '/home/eragon/ArUco/build/robot_teleop', 'catkin_cmake_args': None, 'catkin_skip_building_tests': False, 'cmake_args': ['-G', 'CodeBlocks - Unix Makefiles', '-DCMAKE_BUILD_TYPE=Debug'], 'cmake_clean_cache': False, 'cmake_clean_first': False, 'cmake_force_configure': False, 'cmake_target': None, 'cmake_target_skip_unavailable': False, 'install_base': '/home/eragon/ArUco/install/robot_teleop', 'merge_install': False, 'path': '/home/eragon/ArUco/src/robot_teleop', 'symlink_install': False, 'test_result_base': None}
[0.527s] Level 5:colcon.colcon_core.verb:set package 'test_robot_plugin' build argument 'cmake_args' from command line to '['-G', 'CodeBlocks - Unix Makefiles', '-DCMAKE_BUILD_TYPE=Debug']'
[0.527s] Level 5:colcon.colcon_core.verb:set package 'test_robot_plugin' build argument 'cmake_target' from command line to 'None'
[0.527s] Level 5:colcon.colcon_core.verb:set package 'test_robot_plugin' build argument 'cmake_target_skip_unavailable' from command line to 'False'
[0.527s] Level 5:colcon.colcon_core.verb:set package 'test_robot_plugin' build argument 'cmake_clean_cache' from command line to 'False'
[0.527s] Level 5:colcon.colcon_core.verb:set package 'test_robot_plugin' build argument 'cmake_clean_first' from command line to 'False'
[0.527s] Level 5:colcon.colcon_core.verb:set package 'test_robot_plugin' build argument 'cmake_force_configure' from command line to 'False'
[0.527s] Level 5:colcon.colcon_core.verb:set package 'test_robot_plugin' build argument 'ament_cmake_args' from command line to 'None'
[0.527s] Level 5:colcon.colcon_core.verb:set package 'test_robot_plugin' build argument 'catkin_cmake_args' from command line to 'None'
[0.527s] Level 5:colcon.colcon_core.verb:set package 'test_robot_plugin' build argument 'catkin_skip_building_tests' from command line to 'False'
[0.527s] DEBUG:colcon.colcon_core.verb:Building package 'test_robot_plugin' with the following arguments: {'ament_cmake_args': None, 'build_base': '/home/eragon/ArUco/build/test_robot_plugin', 'catkin_cmake_args': None, 'catkin_skip_building_tests': False, 'cmake_args': ['-G', 'CodeBlocks - Unix Makefiles', '-DCMAKE_BUILD_TYPE=Debug'], 'cmake_clean_cache': False, 'cmake_clean_first': False, 'cmake_force_configure': False, 'cmake_target': None, 'cmake_target_skip_unavailable': False, 'install_base': '/home/eragon/ArUco/install/test_robot_plugin', 'merge_install': False, 'path': '/home/eragon/ArUco/src/test_robot_plugin', 'symlink_install': False, 'test_result_base': None}
[0.527s] INFO:colcon.colcon_core.executor:Executing jobs using 'parallel' executor
[0.529s] DEBUG:colcon.colcon_parallel_executor.executor.parallel:run_until_complete
[0.529s] INFO:colcon.colcon_ros.task.ament_cmake.build:Building ROS package in '/home/eragon/ArUco/src/robot' with build type 'ament_cmake'
[0.529s] INFO:colcon.colcon_cmake.task.cmake.build:Building CMake package in '/home/eragon/ArUco/src/robot'
[0.532s] INFO:colcon.colcon_core.plugin_system:Skipping extension 'colcon_core.shell.bat': Not used on non-Windows systems
[0.533s] INFO:colcon.colcon_core.shell:Skip shell extension 'powershell' for command environment: Not usable outside of PowerShell
[0.533s] DEBUG:colcon.colcon_core.shell:Skip shell extension 'dsv' for command environment
[0.538s] INFO:colcon.colcon_ros.task.ament_cmake.build:Building ROS package in '/home/eragon/ArUco/src/robot_camera_processor' with build type 'ament_cmake'
[0.538s] INFO:colcon.colcon_cmake.task.cmake.build:Building CMake package in '/home/eragon/ArUco/src/robot_camera_processor'
[0.538s] INFO:colcon.colcon_core.shell:Skip shell extension 'powershell' for command environment: Not usable outside of PowerShell
[0.539s] DEBUG:colcon.colcon_core.shell:Skip shell extension 'dsv' for command environment
[0.544s] INFO:colcon.colcon_ros.task.ament_cmake.build:Building ROS package in '/home/eragon/ArUco/src/robot_odometry' with build type 'ament_cmake'
[0.544s] INFO:colcon.colcon_cmake.task.cmake.build:Building CMake package in '/home/eragon/ArUco/src/robot_odometry'
[0.544s] INFO:colcon.colcon_core.shell:Skip shell extension 'powershell' for command environment: Not usable outside of PowerShell
[0.545s] DEBUG:colcon.colcon_core.shell:Skip shell extension 'dsv' for command environment
[0.550s] INFO:colcon.colcon_ros.task.ament_cmake.build:Building ROS package in '/home/eragon/ArUco/src/robot_teleop' with build type 'ament_cmake'
[0.550s] INFO:colcon.colcon_cmake.task.cmake.build:Building CMake package in '/home/eragon/ArUco/src/robot_teleop'
[0.550s] INFO:colcon.colcon_core.shell:Skip shell extension 'powershell' for command environment: Not usable outside of PowerShell
[0.550s] DEBUG:colcon.colcon_core.shell:Skip shell extension 'dsv' for command environment
[0.556s] INFO:colcon.colcon_ros.task.ament_cmake.build:Building ROS package in '/home/eragon/ArUco/src/test_robot_plugin' with build type 'ament_cmake'
[0.556s] INFO:colcon.colcon_cmake.task.cmake.build:Building CMake package in '/home/eragon/ArUco/src/test_robot_plugin'
[0.556s] INFO:colcon.colcon_core.shell:Skip shell extension 'powershell' for command environment: Not usable outside of PowerShell
[0.556s] DEBUG:colcon.colcon_core.shell:Skip shell extension 'dsv' for command environment
[0.568s] DEBUG:colcon.colcon_core.event_handler.log_command:Invoking command in '/home/eragon/ArUco/build/robot': CMAKE_PREFIX_PATH=${CMAKE_PREFIX_PATH}:/opt/ros/humble /usr/bin/cmake --build /home/eragon/ArUco/build/robot -- -j8 -l8
[0.572s] DEBUG:colcon.colcon_core.event_handler.log_command:Invoking command in '/home/eragon/ArUco/build/robot_camera_processor': CMAKE_PREFIX_PATH=${CMAKE_PREFIX_PATH}:/opt/ros/humble /usr/bin/cmake --build /home/eragon/ArUco/build/robot_camera_processor -- -j8 -l8
[0.576s] DEBUG:colcon.colcon_core.event_handler.log_command:Invoking command in '/home/eragon/ArUco/build/robot_odometry': CMAKE_PREFIX_PATH=${CMAKE_PREFIX_PATH}:/opt/ros/humble /usr/bin/cmake --build /home/eragon/ArUco/build/robot_odometry -- -j8 -l8
[0.580s] DEBUG:colcon.colcon_core.event_handler.log_command:Invoking command in '/home/eragon/ArUco/build/robot_teleop': CMAKE_PREFIX_PATH=${CMAKE_PREFIX_PATH}:/opt/ros/humble /usr/bin/cmake --build /home/eragon/ArUco/build/robot_teleop -- -j8 -l8
[0.588s] DEBUG:colcon.colcon_core.event_handler.log_command:Invoking command in '/home/eragon/ArUco/build/test_robot_plugin': CMAKE_PREFIX_PATH=${CMAKE_PREFIX_PATH}:/opt/ros/humble /usr/bin/cmake --build /home/eragon/ArUco/build/test_robot_plugin -- -j8 -l8
[0.641s] DEBUG:colcon.colcon_core.event_handler.log_command:Invoked command in '/home/eragon/ArUco/build/robot' returned '0': CMAKE_PREFIX_PATH=${CMAKE_PREFIX_PATH}:/opt/ros/humble /usr/bin/cmake --build /home/eragon/ArUco/build/robot -- -j8 -l8
[0.655s] DEBUG:colcon.colcon_core.event_handler.log_command:Invoking command in '/home/eragon/ArUco/build/robot': CMAKE_PREFIX_PATH=${CMAKE_PREFIX_PATH}:/opt/ros/humble /usr/bin/cmake --install /home/eragon/ArUco/build/robot
[0.672s] Level 1:colcon.colcon_core.environment:create_environment_scripts_only(robot)
[0.673s] DEBUG:colcon.colcon_core.event_handler.log_command:Invoked command in '/home/eragon/ArUco/build/robot' returned '0': CMAKE_PREFIX_PATH=${CMAKE_PREFIX_PATH}:/opt/ros/humble /usr/bin/cmake --install /home/eragon/ArUco/build/robot
[0.677s] Level 1:colcon.colcon_core.environment:checking '/home/eragon/ArUco/install/robot' for CMake module files
[0.677s] Level 1:colcon.colcon_core.environment:checking '/home/eragon/ArUco/install/robot' for CMake config files
[0.678s] Level 1:colcon.colcon_core.shell:create_environment_hook('robot', 'cmake_prefix_path')
[0.678s] INFO:colcon.colcon_core.shell:Creating environment hook '/home/eragon/ArUco/install/robot/share/robot/hook/cmake_prefix_path.ps1'
[0.679s] INFO:colcon.colcon_core.shell:Creating environment descriptor '/home/eragon/ArUco/install/robot/share/robot/hook/cmake_prefix_path.dsv'
[0.680s] INFO:colcon.colcon_core.shell:Creating environment hook '/home/eragon/ArUco/install/robot/share/robot/hook/cmake_prefix_path.sh'
[0.681s] Level 1:colcon.colcon_core.environment:checking '/home/eragon/ArUco/install/robot/bin'
[0.681s] Level 1:colcon.colcon_core.environment:checking '/home/eragon/ArUco/install/robot/lib/pkgconfig/robot.pc'
[0.681s] Level 1:colcon.colcon_core.environment:checking '/home/eragon/ArUco/install/robot/lib/python3.10/site-packages'
[0.682s] Level 1:colcon.colcon_core.environment:checking '/home/eragon/ArUco/install/robot/bin'
[0.682s] INFO:colcon.colcon_core.shell:Creating package script '/home/eragon/ArUco/install/robot/share/robot/package.ps1'
[0.684s] INFO:colcon.colcon_core.shell:Creating package descriptor '/home/eragon/ArUco/install/robot/share/robot/package.dsv'
[0.684s] INFO:colcon.colcon_core.shell:Creating package script '/home/eragon/ArUco/install/robot/share/robot/package.sh'
[0.685s] INFO:colcon.colcon_core.shell:Creating package script '/home/eragon/ArUco/install/robot/share/robot/package.bash'
[0.687s] INFO:colcon.colcon_core.shell:Creating package script '/home/eragon/ArUco/install/robot/share/robot/package.zsh'
[0.688s] Level 1:colcon.colcon_core.environment:create_file_with_runtime_dependencies(/home/eragon/ArUco/install/robot/share/colcon-core/packages/robot)
[0.689s] Level 1:colcon.colcon_core.environment:create_environment_scripts_only(robot)
[0.690s] Level 1:colcon.colcon_core.environment:checking '/home/eragon/ArUco/install/robot' for CMake module files
[0.690s] Level 1:colcon.colcon_core.environment:checking '/home/eragon/ArUco/install/robot' for CMake config files
[0.691s] Level 1:colcon.colcon_core.shell:create_environment_hook('robot', 'cmake_prefix_path')
[0.691s] INFO:colcon.colcon_core.shell:Creating environment hook '/home/eragon/ArUco/install/robot/share/robot/hook/cmake_prefix_path.ps1'
[0.692s] INFO:colcon.colcon_core.shell:Creating environment descriptor '/home/eragon/ArUco/install/robot/share/robot/hook/cmake_prefix_path.dsv'
[0.692s] INFO:colcon.colcon_core.shell:Creating environment hook '/home/eragon/ArUco/install/robot/share/robot/hook/cmake_prefix_path.sh'
[0.693s] Level 1:colcon.colcon_core.environment:checking '/home/eragon/ArUco/install/robot/bin'
[0.693s] Level 1:colcon.colcon_core.environment:checking '/home/eragon/ArUco/install/robot/lib/pkgconfig/robot.pc'
[0.694s] Level 1:colcon.colcon_core.environment:checking '/home/eragon/ArUco/install/robot/lib/python3.10/site-packages'
[0.694s] Level 1:colcon.colcon_core.environment:checking '/home/eragon/ArUco/install/robot/bin'
[0.694s] INFO:colcon.colcon_core.shell:Creating package script '/home/eragon/ArUco/install/robot/share/robot/package.ps1'
[0.695s] INFO:colcon.colcon_core.shell:Creating package descriptor '/home/eragon/ArUco/install/robot/share/robot/package.dsv'
[0.696s] INFO:colcon.colcon_core.shell:Creating package script '/home/eragon/ArUco/install/robot/share/robot/package.sh'
[0.697s] INFO:colcon.colcon_core.shell:Creating package script '/home/eragon/ArUco/install/robot/share/robot/package.bash'
[0.697s] INFO:colcon.colcon_core.shell:Creating package script '/home/eragon/ArUco/install/robot/share/robot/package.zsh'
[0.698s] Level 1:colcon.colcon_core.environment:create_file_with_runtime_dependencies(/home/eragon/ArUco/install/robot/share/colcon-core/packages/robot)
[0.701s] DEBUG:colcon.colcon_core.event_handler.log_command:Invoked command in '/home/eragon/ArUco/build/robot_teleop' returned '0': CMAKE_PREFIX_PATH=${CMAKE_PREFIX_PATH}:/opt/ros/humble /usr/bin/cmake --build /home/eragon/ArUco/build/robot_teleop -- -j8 -l8
[0.702s] DEBUG:colcon.colcon_core.event_handler.log_command:Invoking command in '/home/eragon/ArUco/build/robot_teleop': CMAKE_PREFIX_PATH=${CMAKE_PREFIX_PATH}:/opt/ros/humble /usr/bin/cmake --install /home/eragon/ArUco/build/robot_teleop
[0.703s] DEBUG:colcon.colcon_core.event_handler.log_command:Invoked command in '/home/eragon/ArUco/build/robot_odometry' returned '0': CMAKE_PREFIX_PATH=${CMAKE_PREFIX_PATH}:/opt/ros/humble /usr/bin/cmake --build /home/eragon/ArUco/build/robot_odometry -- -j8 -l8
[0.705s] DEBUG:colcon.colcon_core.event_handler.log_command:Invoking command in '/home/eragon/ArUco/build/robot_odometry': CMAKE_PREFIX_PATH=${CMAKE_PREFIX_PATH}:/opt/ros/humble /usr/bin/cmake --install /home/eragon/ArUco/build/robot_odometry
[0.719s] Level 1:colcon.colcon_core.environment:create_environment_scripts_only(robot_teleop)
[0.719s] Level 1:colcon.colcon_core.environment:checking '/home/eragon/ArUco/install/robot_teleop' for CMake module files
[0.721s] DEBUG:colcon.colcon_core.event_handler.log_command:Invoked command in '/home/eragon/ArUco/build/robot_teleop' returned '0': CMAKE_PREFIX_PATH=${CMAKE_PREFIX_PATH}:/opt/ros/humble /usr/bin/cmake --install /home/eragon/ArUco/build/robot_teleop
[0.721s] Level 1:colcon.colcon_core.environment:checking '/home/eragon/ArUco/install/robot_teleop' for CMake config files
[0.721s] Level 1:colcon.colcon_core.shell:create_environment_hook('robot_teleop', 'cmake_prefix_path')
[0.722s] INFO:colcon.colcon_core.shell:Creating environment hook '/home/eragon/ArUco/install/robot_teleop/share/robot_teleop/hook/cmake_prefix_path.ps1'
[0.722s] INFO:colcon.colcon_core.shell:Creating environment descriptor '/home/eragon/ArUco/install/robot_teleop/share/robot_teleop/hook/cmake_prefix_path.dsv'
[0.723s] INFO:colcon.colcon_core.shell:Creating environment hook '/home/eragon/ArUco/install/robot_teleop/share/robot_teleop/hook/cmake_prefix_path.sh'
[0.724s] Level 1:colcon.colcon_core.environment:checking '/home/eragon/ArUco/install/robot_teleop/lib'
[0.724s] Level 1:colcon.colcon_core.environment:checking '/home/eragon/ArUco/install/robot_teleop/bin'
[0.724s] Level 1:colcon.colcon_core.environment:checking '/home/eragon/ArUco/install/robot_teleop/lib/pkgconfig/robot_teleop.pc'
[0.724s] Level 1:colcon.colcon_core.environment:checking '/home/eragon/ArUco/install/robot_teleop/lib/python3.10/site-packages'
[0.725s] Level 1:colcon.colcon_core.environment:checking '/home/eragon/ArUco/install/robot_teleop/bin'
[0.725s] INFO:colcon.colcon_core.shell:Creating package script '/home/eragon/ArUco/install/robot_teleop/share/robot_teleop/package.ps1'
[0.726s] INFO:colcon.colcon_core.shell:Creating package descriptor '/home/eragon/ArUco/install/robot_teleop/share/robot_teleop/package.dsv'
[0.726s] INFO:colcon.colcon_core.shell:Creating package script '/home/eragon/ArUco/install/robot_teleop/share/robot_teleop/package.sh'
[0.727s] INFO:colcon.colcon_core.shell:Creating package script '/home/eragon/ArUco/install/robot_teleop/share/robot_teleop/package.bash'
[0.727s] INFO:colcon.colcon_core.shell:Creating package script '/home/eragon/ArUco/install/robot_teleop/share/robot_teleop/package.zsh'
[0.728s] Level 1:colcon.colcon_core.environment:create_file_with_runtime_dependencies(/home/eragon/ArUco/install/robot_teleop/share/colcon-core/packages/robot_teleop)
[0.729s] Level 1:colcon.colcon_core.environment:create_environment_scripts_only(robot_teleop)
[0.729s] Level 1:colcon.colcon_core.environment:checking '/home/eragon/ArUco/install/robot_teleop' for CMake module files
[0.729s] Level 1:colcon.colcon_core.environment:checking '/home/eragon/ArUco/install/robot_teleop' for CMake config files
[0.730s] Level 1:colcon.colcon_core.shell:create_environment_hook('robot_teleop', 'cmake_prefix_path')
[0.730s] INFO:colcon.colcon_core.shell:Creating environment hook '/home/eragon/ArUco/install/robot_teleop/share/robot_teleop/hook/cmake_prefix_path.ps1'
[0.730s] INFO:colcon.colcon_core.shell:Creating environment descriptor '/home/eragon/ArUco/install/robot_teleop/share/robot_teleop/hook/cmake_prefix_path.dsv'
[0.731s] INFO:colcon.colcon_core.shell:Creating environment hook '/home/eragon/ArUco/install/robot_teleop/share/robot_teleop/hook/cmake_prefix_path.sh'
[0.731s] Level 1:colcon.colcon_core.environment:checking '/home/eragon/ArUco/install/robot_teleop/lib'
[0.732s] Level 1:colcon.colcon_core.environment:checking '/home/eragon/ArUco/install/robot_teleop/bin'
[0.732s] Level 1:colcon.colcon_core.environment:checking '/home/eragon/ArUco/install/robot_teleop/lib/pkgconfig/robot_teleop.pc'
[0.732s] Level 1:colcon.colcon_core.environment:checking '/home/eragon/ArUco/install/robot_teleop/lib/python3.10/site-packages'
[0.732s] Level 1:colcon.colcon_core.environment:checking '/home/eragon/ArUco/install/robot_teleop/bin'
[0.732s] INFO:colcon.colcon_core.shell:Creating package script '/home/eragon/ArUco/install/robot_teleop/share/robot_teleop/package.ps1'
[0.733s] INFO:colcon.colcon_core.shell:Creating package descriptor '/home/eragon/ArUco/install/robot_teleop/share/robot_teleop/package.dsv'
[0.734s] INFO:colcon.colcon_core.shell:Creating package script '/home/eragon/ArUco/install/robot_teleop/share/robot_teleop/package.sh'
[0.734s] INFO:colcon.colcon_core.shell:Creating package script '/home/eragon/ArUco/install/robot_teleop/share/robot_teleop/package.bash'
[0.735s] INFO:colcon.colcon_core.shell:Creating package script '/home/eragon/ArUco/install/robot_teleop/share/robot_teleop/package.zsh'
[0.735s] Level 1:colcon.colcon_core.environment:create_file_with_runtime_dependencies(/home/eragon/ArUco/install/robot_teleop/share/colcon-core/packages/robot_teleop)
[0.738s] Level 1:colcon.colcon_core.environment:create_environment_scripts_only(robot_odometry)
[0.739s] Level 1:colcon.colcon_core.environment:checking '/home/eragon/ArUco/install/robot_odometry' for CMake module files
[0.739s] DEBUG:colcon.colcon_core.event_handler.log_command:Invoked command in '/home/eragon/ArUco/build/test_robot_plugin' returned '0': CMAKE_PREFIX_PATH=${CMAKE_PREFIX_PATH}:/opt/ros/humble /usr/bin/cmake --build /home/eragon/ArUco/build/test_robot_plugin -- -j8 -l8
[0.740s] DEBUG:colcon.colcon_core.event_handler.log_command:Invoking command in '/home/eragon/ArUco/build/test_robot_plugin': CMAKE_PREFIX_PATH=${CMAKE_PREFIX_PATH}:/opt/ros/humble /usr/bin/cmake --install /home/eragon/ArUco/build/test_robot_plugin
[0.741s] DEBUG:colcon.colcon_core.event_handler.log_command:Invoked command in '/home/eragon/ArUco/build/robot_odometry' returned '0': CMAKE_PREFIX_PATH=${CMAKE_PREFIX_PATH}:/opt/ros/humble /usr/bin/cmake --install /home/eragon/ArUco/build/robot_odometry
[0.741s] Level 1:colcon.colcon_core.environment:checking '/home/eragon/ArUco/install/robot_odometry' for CMake config files
[0.742s] Level 1:colcon.colcon_core.shell:create_environment_hook('robot_odometry', 'cmake_prefix_path')
[0.742s] INFO:colcon.colcon_core.shell:Creating environment hook '/home/eragon/ArUco/install/robot_odometry/share/robot_odometry/hook/cmake_prefix_path.ps1'
[0.743s] INFO:colcon.colcon_core.shell:Creating environment descriptor '/home/eragon/ArUco/install/robot_odometry/share/robot_odometry/hook/cmake_prefix_path.dsv'
[0.743s] INFO:colcon.colcon_core.shell:Creating environment hook '/home/eragon/ArUco/install/robot_odometry/share/robot_odometry/hook/cmake_prefix_path.sh'
[0.744s] Level 1:colcon.colcon_core.environment:checking '/home/eragon/ArUco/install/robot_odometry/lib'
[0.744s] Level 1:colcon.colcon_core.environment:checking '/home/eragon/ArUco/install/robot_odometry/bin'
[0.744s] Level 1:colcon.colcon_core.environment:checking '/home/eragon/ArUco/install/robot_odometry/lib/pkgconfig/robot_odometry.pc'
[0.745s] Level 1:colcon.colcon_core.environment:checking '/home/eragon/ArUco/install/robot_odometry/lib/python3.10/site-packages'
[0.745s] Level 1:colcon.colcon_core.environment:checking '/home/eragon/ArUco/install/robot_odometry/bin'
[0.745s] INFO:colcon.colcon_core.shell:Creating package script '/home/eragon/ArUco/install/robot_odometry/share/robot_odometry/package.ps1'
[0.746s] INFO:colcon.colcon_core.shell:Creating package descriptor '/home/eragon/ArUco/install/robot_odometry/share/robot_odometry/package.dsv'
[0.747s] INFO:colcon.colcon_core.shell:Creating package script '/home/eragon/ArUco/install/robot_odometry/share/robot_odometry/package.sh'
[0.747s] INFO:colcon.colcon_core.shell:Creating package script '/home/eragon/ArUco/install/robot_odometry/share/robot_odometry/package.bash'
[0.748s] INFO:colcon.colcon_core.shell:Creating package script '/home/eragon/ArUco/install/robot_odometry/share/robot_odometry/package.zsh'
[0.748s] Level 1:colcon.colcon_core.environment:create_file_with_runtime_dependencies(/home/eragon/ArUco/install/robot_odometry/share/colcon-core/packages/robot_odometry)
[0.749s] Level 1:colcon.colcon_core.environment:create_environment_scripts_only(robot_odometry)
[0.749s] Level 1:colcon.colcon_core.environment:checking '/home/eragon/ArUco/install/robot_odometry' for CMake module files
[0.750s] Level 1:colcon.colcon_core.environment:checking '/home/eragon/ArUco/install/robot_odometry' for CMake config files
[0.750s] Level 1:colcon.colcon_core.shell:create_environment_hook('robot_odometry', 'cmake_prefix_path')
[0.750s] INFO:colcon.colcon_core.shell:Creating environment hook '/home/eragon/ArUco/install/robot_odometry/share/robot_odometry/hook/cmake_prefix_path.ps1'
[0.751s] INFO:colcon.colcon_core.shell:Creating environment descriptor '/home/eragon/ArUco/install/robot_odometry/share/robot_odometry/hook/cmake_prefix_path.dsv'
[0.751s] INFO:colcon.colcon_core.shell:Creating environment hook '/home/eragon/ArUco/install/robot_odometry/share/robot_odometry/hook/cmake_prefix_path.sh'
[0.752s] Level 1:colcon.colcon_core.environment:checking '/home/eragon/ArUco/install/robot_odometry/lib'
[0.752s] Level 1:colcon.colcon_core.environment:checking '/home/eragon/ArUco/install/robot_odometry/bin'
[0.752s] Level 1:colcon.colcon_core.environment:checking '/home/eragon/ArUco/install/robot_odometry/lib/pkgconfig/robot_odometry.pc'
[0.752s] Level 1:colcon.colcon_core.environment:checking '/home/eragon/ArUco/install/robot_odometry/lib/python3.10/site-packages'
[0.752s] Level 1:colcon.colcon_core.environment:checking '/home/eragon/ArUco/install/robot_odometry/bin'
[0.753s] INFO:colcon.colcon_core.shell:Creating package script '/home/eragon/ArUco/install/robot_odometry/share/robot_odometry/package.ps1'
[0.754s] INFO:colcon.colcon_core.shell:Creating package descriptor '/home/eragon/ArUco/install/robot_odometry/share/robot_odometry/package.dsv'
[0.754s] INFO:colcon.colcon_core.shell:Creating package script '/home/eragon/ArUco/install/robot_odometry/share/robot_odometry/package.sh'
[0.755s] INFO:colcon.colcon_core.shell:Creating package script '/home/eragon/ArUco/install/robot_odometry/share/robot_odometry/package.bash'
[0.755s] INFO:colcon.colcon_core.shell:Creating package script '/home/eragon/ArUco/install/robot_odometry/share/robot_odometry/package.zsh'
[0.756s] Level 1:colcon.colcon_core.environment:create_file_with_runtime_dependencies(/home/eragon/ArUco/install/robot_odometry/share/colcon-core/packages/robot_odometry)
[0.756s] Level 1:colcon.colcon_core.environment:create_environment_scripts_only(test_robot_plugin)
[0.757s] Level 1:colcon.colcon_core.environment:checking '/home/eragon/ArUco/install/test_robot_plugin' for CMake module files
[0.758s] Level 1:colcon.colcon_core.environment:checking '/home/eragon/ArUco/install/test_robot_plugin' for CMake config files
[0.761s] Level 1:colcon.colcon_core.shell:create_environment_hook('test_robot_plugin', 'cmake_prefix_path')
[0.761s] INFO:colcon.colcon_core.shell:Creating environment hook '/home/eragon/ArUco/install/test_robot_plugin/share/test_robot_plugin/hook/cmake_prefix_path.ps1'
[0.762s] INFO:colcon.colcon_core.shell:Creating environment descriptor '/home/eragon/ArUco/install/test_robot_plugin/share/test_robot_plugin/hook/cmake_prefix_path.dsv'
[0.764s] DEBUG:colcon.colcon_core.event_handler.log_command:Invoked command in '/home/eragon/ArUco/build/test_robot_plugin' returned '0': CMAKE_PREFIX_PATH=${CMAKE_PREFIX_PATH}:/opt/ros/humble /usr/bin/cmake --install /home/eragon/ArUco/build/test_robot_plugin
[0.764s] INFO:colcon.colcon_core.shell:Creating environment hook '/home/eragon/ArUco/install/test_robot_plugin/share/test_robot_plugin/hook/cmake_prefix_path.sh'
[0.765s] Level 1:colcon.colcon_core.environment:checking '/home/eragon/ArUco/install/test_robot_plugin/lib'
[0.765s] Level 1:colcon.colcon_core.shell:create_environment_hook('test_robot_plugin', 'ld_library_path_lib')
[0.765s] INFO:colcon.colcon_core.shell:Creating environment hook '/home/eragon/ArUco/install/test_robot_plugin/share/test_robot_plugin/hook/ld_library_path_lib.ps1'
[0.766s] INFO:colcon.colcon_core.shell:Creating environment descriptor '/home/eragon/ArUco/install/test_robot_plugin/share/test_robot_plugin/hook/ld_library_path_lib.dsv'
[0.767s] INFO:colcon.colcon_core.shell:Creating environment hook '/home/eragon/ArUco/install/test_robot_plugin/share/test_robot_plugin/hook/ld_library_path_lib.sh'
[0.767s] Level 1:colcon.colcon_core.environment:checking '/home/eragon/ArUco/install/test_robot_plugin/bin'
[0.767s] Level 1:colcon.colcon_core.environment:checking '/home/eragon/ArUco/install/test_robot_plugin/lib/pkgconfig/test_robot_plugin.pc'
[0.767s] Level 1:colcon.colcon_core.environment:checking '/home/eragon/ArUco/install/test_robot_plugin/lib/python3.10/site-packages'
[0.768s] Level 1:colcon.colcon_core.environment:checking '/home/eragon/ArUco/install/test_robot_plugin/bin'
[0.768s] INFO:colcon.colcon_core.shell:Creating package script '/home/eragon/ArUco/install/test_robot_plugin/share/test_robot_plugin/package.ps1'
[0.769s] INFO:colcon.colcon_core.shell:Creating package descriptor '/home/eragon/ArUco/install/test_robot_plugin/share/test_robot_plugin/package.dsv'
[0.769s] INFO:colcon.colcon_core.shell:Creating package script '/home/eragon/ArUco/install/test_robot_plugin/share/test_robot_plugin/package.sh'
[0.770s] INFO:colcon.colcon_core.shell:Creating package script '/home/eragon/ArUco/install/test_robot_plugin/share/test_robot_plugin/package.bash'
[0.770s] INFO:colcon.colcon_core.shell:Creating package script '/home/eragon/ArUco/install/test_robot_plugin/share/test_robot_plugin/package.zsh'
[0.770s] Level 1:colcon.colcon_core.environment:create_file_with_runtime_dependencies(/home/eragon/ArUco/install/test_robot_plugin/share/colcon-core/packages/test_robot_plugin)
[0.771s] Level 1:colcon.colcon_core.environment:create_environment_scripts_only(test_robot_plugin)
[0.771s] Level 1:colcon.colcon_core.environment:checking '/home/eragon/ArUco/install/test_robot_plugin' for CMake module files
[0.772s] Level 1:colcon.colcon_core.environment:checking '/home/eragon/ArUco/install/test_robot_plugin' for CMake config files
[0.772s] Level 1:colcon.colcon_core.shell:create_environment_hook('test_robot_plugin', 'cmake_prefix_path')
[0.772s] INFO:colcon.colcon_core.shell:Creating environment hook '/home/eragon/ArUco/install/test_robot_plugin/share/test_robot_plugin/hook/cmake_prefix_path.ps1'
[0.773s] INFO:colcon.colcon_core.shell:Creating environment descriptor '/home/eragon/ArUco/install/test_robot_plugin/share/test_robot_plugin/hook/cmake_prefix_path.dsv'
[0.773s] INFO:colcon.colcon_core.shell:Creating environment hook '/home/eragon/ArUco/install/test_robot_plugin/share/test_robot_plugin/hook/cmake_prefix_path.sh'
[0.774s] Level 1:colcon.colcon_core.environment:checking '/home/eragon/ArUco/install/test_robot_plugin/lib'
[0.774s] Level 1:colcon.colcon_core.shell:create_environment_hook('test_robot_plugin', 'ld_library_path_lib')
[0.774s] INFO:colcon.colcon_core.shell:Creating environment hook '/home/eragon/ArUco/install/test_robot_plugin/share/test_robot_plugin/hook/ld_library_path_lib.ps1'
[0.774s] INFO:colcon.colcon_core.shell:Creating environment descriptor '/home/eragon/ArUco/install/test_robot_plugin/share/test_robot_plugin/hook/ld_library_path_lib.dsv'
[0.775s] INFO:colcon.colcon_core.shell:Creating environment hook '/home/eragon/ArUco/install/test_robot_plugin/share/test_robot_plugin/hook/ld_library_path_lib.sh'
[0.775s] Level 1:colcon.colcon_core.environment:checking '/home/eragon/ArUco/install/test_robot_plugin/bin'
[0.776s] Level 1:colcon.colcon_core.environment:checking '/home/eragon/ArUco/install/test_robot_plugin/lib/pkgconfig/test_robot_plugin.pc'
[0.776s] Level 1:colcon.colcon_core.environment:checking '/home/eragon/ArUco/install/test_robot_plugin/lib/python3.10/site-packages'
[0.776s] Level 1:colcon.colcon_core.environment:checking '/home/eragon/ArUco/install/test_robot_plugin/bin'
[0.777s] INFO:colcon.colcon_core.shell:Creating package script '/home/eragon/ArUco/install/test_robot_plugin/share/test_robot_plugin/package.ps1'
[0.778s] INFO:colcon.colcon_core.shell:Creating package descriptor '/home/eragon/ArUco/install/test_robot_plugin/share/test_robot_plugin/package.dsv'
[0.778s] INFO:colcon.colcon_core.shell:Creating package script '/home/eragon/ArUco/install/test_robot_plugin/share/test_robot_plugin/package.sh'
[0.779s] INFO:colcon.colcon_core.shell:Creating package script '/home/eragon/ArUco/install/test_robot_plugin/share/test_robot_plugin/package.bash'
[0.779s] INFO:colcon.colcon_core.shell:Creating package script '/home/eragon/ArUco/install/test_robot_plugin/share/test_robot_plugin/package.zsh'
[0.780s] Level 1:colcon.colcon_core.environment:create_file_with_runtime_dependencies(/home/eragon/ArUco/install/test_robot_plugin/share/colcon-core/packages/test_robot_plugin)
[10.616s] DEBUG:colcon.colcon_core.event_handler.log_command:Invoked command in '/home/eragon/ArUco/build/robot_camera_processor' returned '0': CMAKE_PREFIX_PATH=${CMAKE_PREFIX_PATH}:/opt/ros/humble /usr/bin/cmake --build /home/eragon/ArUco/build/robot_camera_processor -- -j8 -l8
[10.619s] DEBUG:colcon.colcon_core.event_handler.log_command:Invoking command in '/home/eragon/ArUco/build/robot_camera_processor': CMAKE_PREFIX_PATH=${CMAKE_PREFIX_PATH}:/opt/ros/humble /usr/bin/cmake --install /home/eragon/ArUco/build/robot_camera_processor
[10.644s] Level 1:colcon.colcon_core.environment:create_environment_scripts_only(robot_camera_processor)
[10.645s] Level 1:colcon.colcon_core.environment:checking '/home/eragon/ArUco/install/robot_camera_processor' for CMake module files
[10.646s] DEBUG:colcon.colcon_core.event_handler.log_command:Invoked command in '/home/eragon/ArUco/build/robot_camera_processor' returned '0': CMAKE_PREFIX_PATH=${CMAKE_PREFIX_PATH}:/opt/ros/humble /usr/bin/cmake --install /home/eragon/ArUco/build/robot_camera_processor
[10.647s] Level 1:colcon.colcon_core.environment:checking '/home/eragon/ArUco/install/robot_camera_processor' for CMake config files
[10.648s] Level 1:colcon.colcon_core.shell:create_environment_hook('robot_camera_processor', 'cmake_prefix_path')
[10.649s] INFO:colcon.colcon_core.shell:Creating environment hook '/home/eragon/ArUco/install/robot_camera_processor/share/robot_camera_processor/hook/cmake_prefix_path.ps1'
[10.650s] INFO:colcon.colcon_core.shell:Creating environment descriptor '/home/eragon/ArUco/install/robot_camera_processor/share/robot_camera_processor/hook/cmake_prefix_path.dsv'
[10.651s] INFO:colcon.colcon_core.shell:Creating environment hook '/home/eragon/ArUco/install/robot_camera_processor/share/robot_camera_processor/hook/cmake_prefix_path.sh'
[10.652s] Level 1:colcon.colcon_core.environment:checking '/home/eragon/ArUco/install/robot_camera_processor/lib'
[10.652s] Level 1:colcon.colcon_core.environment:checking '/home/eragon/ArUco/install/robot_camera_processor/bin'
[10.652s] Level 1:colcon.colcon_core.environment:checking '/home/eragon/ArUco/install/robot_camera_processor/lib/pkgconfig/robot_camera_processor.pc'
[10.653s] Level 1:colcon.colcon_core.environment:checking '/home/eragon/ArUco/install/robot_camera_processor/lib/python3.10/site-packages'
[10.653s] Level 1:colcon.colcon_core.environment:checking '/home/eragon/ArUco/install/robot_camera_processor/bin'
[10.654s] INFO:colcon.colcon_core.shell:Creating package script '/home/eragon/ArUco/install/robot_camera_processor/share/robot_camera_processor/package.ps1'
[10.655s] INFO:colcon.colcon_core.shell:Creating package descriptor '/home/eragon/ArUco/install/robot_camera_processor/share/robot_camera_processor/package.dsv'
[10.657s] INFO:colcon.colcon_core.shell:Creating package script '/home/eragon/ArUco/install/robot_camera_processor/share/robot_camera_processor/package.sh'
[10.658s] INFO:colcon.colcon_core.shell:Creating package script '/home/eragon/ArUco/install/robot_camera_processor/share/robot_camera_processor/package.bash'
[10.658s] INFO:colcon.colcon_core.shell:Creating package script '/home/eragon/ArUco/install/robot_camera_processor/share/robot_camera_processor/package.zsh'
[10.660s] Level 1:colcon.colcon_core.environment:create_file_with_runtime_dependencies(/home/eragon/ArUco/install/robot_camera_processor/share/colcon-core/packages/robot_camera_processor)
[10.662s] Level 1:colcon.colcon_core.environment:create_environment_scripts_only(robot_camera_processor)
[10.662s] Level 1:colcon.colcon_core.environment:checking '/home/eragon/ArUco/install/robot_camera_processor' for CMake module files
[10.663s] Level 1:colcon.colcon_core.environment:checking '/home/eragon/ArUco/install/robot_camera_processor' for CMake config files
[10.664s] Level 1:colcon.colcon_core.shell:create_environment_hook('robot_camera_processor', 'cmake_prefix_path')
[10.665s] INFO:colcon.colcon_core.shell:Creating environment hook '/home/eragon/ArUco/install/robot_camera_processor/share/robot_camera_processor/hook/cmake_prefix_path.ps1'
[10.665s] INFO:colcon.colcon_core.shell:Creating environment descriptor '/home/eragon/ArUco/install/robot_camera_processor/share/robot_camera_processor/hook/cmake_prefix_path.dsv'
[10.666s] INFO:colcon.colcon_core.shell:Creating environment hook '/home/eragon/ArUco/install/robot_camera_processor/share/robot_camera_processor/hook/cmake_prefix_path.sh'
[10.668s] Level 1:colcon.colcon_core.environment:checking '/home/eragon/ArUco/install/robot_camera_processor/lib'
[10.668s] Level 1:colcon.colcon_core.environment:checking '/home/eragon/ArUco/install/robot_camera_processor/bin'
[10.668s] Level 1:colcon.colcon_core.environment:checking '/home/eragon/ArUco/install/robot_camera_processor/lib/pkgconfig/robot_camera_processor.pc'
[10.668s] Level 1:colcon.colcon_core.environment:checking '/home/eragon/ArUco/install/robot_camera_processor/lib/python3.10/site-packages'
[10.669s] Level 1:colcon.colcon_core.environment:checking '/home/eragon/ArUco/install/robot_camera_processor/bin'
[10.670s] INFO:colcon.colcon_core.shell:Creating package script '/home/eragon/ArUco/install/robot_camera_processor/share/robot_camera_processor/package.ps1'
[10.672s] INFO:colcon.colcon_core.shell:Creating package descriptor '/home/eragon/ArUco/install/robot_camera_processor/share/robot_camera_processor/package.dsv'
[10.673s] INFO:colcon.colcon_core.shell:Creating package script '/home/eragon/ArUco/install/robot_camera_processor/share/robot_camera_processor/package.sh'
[10.674s] INFO:colcon.colcon_core.shell:Creating package script '/home/eragon/ArUco/install/robot_camera_processor/share/robot_camera_processor/package.bash'
[10.675s] INFO:colcon.colcon_core.shell:Creating package script '/home/eragon/ArUco/install/robot_camera_processor/share/robot_camera_processor/package.zsh'
[10.676s] Level 1:colcon.colcon_core.environment:create_file_with_runtime_dependencies(/home/eragon/ArUco/install/robot_camera_processor/share/colcon-core/packages/robot_camera_processor)
[10.676s] DEBUG:colcon.colcon_parallel_executor.executor.parallel:closing loop
[10.677s] DEBUG:colcon.colcon_parallel_executor.executor.parallel:loop closed
[10.677s] DEBUG:colcon.colcon_parallel_executor.executor.parallel:run_until_complete finished with '0'
[10.677s] DEBUG:colcon.colcon_core.event_reactor:joining thread
[10.688s] INFO:colcon.colcon_core.plugin_system:Skipping extension 'colcon_notification.desktop_notification.terminal_notifier': Not used on non-Darwin systems
[10.688s] INFO:colcon.colcon_core.plugin_system:Skipping extension 'colcon_notification.desktop_notification.win32': Not used on non-Windows systems
[10.689s] INFO:colcon.colcon_notification.desktop_notification:Sending desktop notification using 'notify2'
[10.689s] DEBUG:colcon.colcon_notification.desktop_notification.notify2:Failed to initialize notify2: org.freedesktop.DBus.Error.BadAddress: '=' character not found or has no value following it
[10.689s] DEBUG:colcon.colcon_core.event_reactor:joined thread
[10.689s] INFO:colcon.colcon_core.shell:Creating prefix script '/home/eragon/ArUco/install/local_setup.ps1'
[10.692s] INFO:colcon.colcon_core.shell:Creating prefix util module '/home/eragon/ArUco/install/_local_setup_util_ps1.py'
[10.695s] INFO:colcon.colcon_core.shell:Creating prefix chain script '/home/eragon/ArUco/install/setup.ps1'
[10.698s] INFO:colcon.colcon_core.shell:Creating prefix script '/home/eragon/ArUco/install/local_setup.sh'
[10.700s] INFO:colcon.colcon_core.shell:Creating prefix util module '/home/eragon/ArUco/install/_local_setup_util_sh.py'
[10.701s] INFO:colcon.colcon_core.shell:Creating prefix chain script '/home/eragon/ArUco/install/setup.sh'
[10.704s] INFO:colcon.colcon_core.shell:Creating prefix script '/home/eragon/ArUco/install/local_setup.bash'
[10.706s] INFO:colcon.colcon_core.shell:Creating prefix chain script '/home/eragon/ArUco/install/setup.bash'
[10.709s] INFO:colcon.colcon_core.shell:Creating prefix script '/home/eragon/ArUco/install/local_setup.zsh'
[10.710s] INFO:colcon.colcon_core.shell:Creating prefix chain script '/home/eragon/ArUco/install/setup.zsh'
