[0.048s] Invoking command in '/home/eragon/ArUco/build/lab4_image_sender': CMAKE_PREFIX_PATH=${CMAKE_PREFIX_PATH}:/opt/ros/humble /usr/bin/cmake /home/eragon/ArUco/src/lab4_image_sender -G CodeBlocks - Unix Makefiles -DCMAKE_BUILD_TYPE=Debug -DCMAKE_INSTALL_PREFIX=/home/eragon/ArUco/install/lab4_image_sender
[0.240s] -- The C compiler identification is GNU 11.4.0
[0.414s] -- The CXX compiler identification is GNU 11.4.0
[0.508s] -- Detecting C compiler ABI info
[0.691s] -- Detecting C compiler ABI info - done
[0.712s] -- Check for working C compiler: /usr/bin/cc - skipped
[0.712s] -- Detecting C compile features
[0.713s] -- Detecting C compile features - done
[0.721s] -- Detecting CXX compiler ABI info
[0.936s] -- Detecting CXX compiler ABI info - done
[0.957s] -- Check for working CXX compiler: /usr/bin/c++ - skipped
[0.958s] -- Detecting CXX compile features
[0.959s] -- Detecting CXX compile features - done
[0.966s] -- Found ament_cmake: 1.3.11 (/opt/ros/humble/share/ament_cmake/cmake)
[1.409s] -- Found Python3: /usr/bin/python3 (found version "3.10.12") found components: Interpreter 
[1.659s] -- Found rclcpp: 16.0.12 (/opt/ros/humble/share/rclcpp/cmake)
[1.782s] -- Found rosidl_generator_c: 3.1.6 (/opt/ros/humble/share/rosidl_generator_c/cmake)
[1.798s] -- Found rosidl_adapter: 3.1.6 (/opt/ros/humble/share/rosidl_adapter/cmake)
[1.822s] -- Found rosidl_generator_cpp: 3.1.6 (/opt/ros/humble/share/rosidl_generator_cpp/cmake)
[1.857s] -- Using all available rosidl_typesupport_c: rosidl_typesupport_fastrtps_c;rosidl_typesupport_introspection_c
[1.906s] -- Using all available rosidl_typesupport_cpp: rosidl_typesupport_fastrtps_cpp;rosidl_typesupport_introspection_cpp
[2.038s] -- Found rmw_implementation_cmake: 6.1.2 (/opt/ros/humble/share/rmw_implementation_cmake/cmake)
[2.047s] -- Found rmw_fastrtps_cpp: 6.2.7 (/opt/ros/humble/share/rmw_fastrtps_cpp/cmake)
[2.280s] -- Found OpenSSL: /usr/lib/x86_64-linux-gnu/libcrypto.so (found version "3.0.2")  
[2.350s] -- Found FastRTPS: /opt/ros/humble/include  
[2.446s] -- Using RMW implementation 'rmw_fastrtps_cpp' as default
[2.471s] -- Looking for pthread.h
[2.663s] -- Looking for pthread.h - found
[2.664s] -- Performing Test CMAKE_HAVE_LIBC_PTHREAD
[2.847s] -- Performing Test CMAKE_HAVE_LIBC_PTHREAD - Success
[2.849s] -- Found Threads: TRUE  
[2.992s] -- Found cv_bridge: 3.2.1 (/opt/ros/humble/share/cv_bridge/cmake)
[3.107s] -- Found image_transport: 3.1.11 (/opt/ros/humble/share/image_transport/cmake)
[3.208s] -- Found OpenCV: /usr (found version "4.5.4") 
[3.214s] -- Found ament_lint_auto: 0.12.12 (/opt/ros/humble/share/ament_lint_auto/cmake)
[3.440s] -- Added test 'cppcheck' to perform static code analysis on C / C++ code
[3.440s] -- Configured cppcheck include dirs: /home/eragon/ArUco/src/lab4_image_sender/include
[3.440s] -- Configured cppcheck exclude dirs and/or files: 
[3.442s] -- Added test 'lint_cmake' to check CMake code style
[3.445s] -- Added test 'uncrustify' to check C / C++ code style
[3.445s] -- Configured uncrustify additional arguments: 
[3.447s] -- Added test 'xmllint' to check XML markup files
[3.451s] -- Configuring done
[3.511s] -- Generating done
[3.524s] -- Build files have been written to: /home/eragon/ArUco/build/lab4_image_sender
[3.547s] Invoked command in '/home/eragon/ArUco/build/lab4_image_sender' returned '0': CMAKE_PREFIX_PATH=${CMAKE_PREFIX_PATH}:/opt/ros/humble /usr/bin/cmake /home/eragon/ArUco/src/lab4_image_sender -G CodeBlocks - Unix Makefiles -DCMAKE_BUILD_TYPE=Debug -DCMAKE_INSTALL_PREFIX=/home/eragon/ArUco/install/lab4_image_sender
[3.550s] Invoking command in '/home/eragon/ArUco/build/lab4_image_sender': CMAKE_PREFIX_PATH=${CMAKE_PREFIX_PATH}:/opt/ros/humble /usr/bin/cmake --build /home/eragon/ArUco/build/lab4_image_sender -- -j8 -l8
[3.651s] [ 50%] Building CXX object CMakeFiles/lab4_image_sender_node.dir/src/lab4_image_sender_node.cpp.o
[13.611s] [100%] Linking CXX executable lab4_image_sender_node
[14.639s] [100%] Built target lab4_image_sender_node
[14.660s] Invoked command in '/home/eragon/ArUco/build/lab4_image_sender' returned '0': CMAKE_PREFIX_PATH=${CMAKE_PREFIX_PATH}:/opt/ros/humble /usr/bin/cmake --build /home/eragon/ArUco/build/lab4_image_sender -- -j8 -l8
[14.663s] Invoking command in '/home/eragon/ArUco/build/lab4_image_sender': CMAKE_PREFIX_PATH=${CMAKE_PREFIX_PATH}:/opt/ros/humble /usr/bin/cmake --install /home/eragon/ArUco/build/lab4_image_sender
[14.676s] -- Install configuration: "Debug"
[14.677s] -- Installing: /home/eragon/ArUco/install/lab4_image_sender/lib/lab4_image_sender/lab4_image_sender_node
[14.681s] -- Set runtime path of "/home/eragon/ArUco/install/lab4_image_sender/lib/lab4_image_sender/lab4_image_sender_node" to ""
[14.681s] -- Installing: /home/eragon/ArUco/install/lab4_image_sender/share/ament_index/resource_index/package_run_dependencies/lab4_image_sender
[14.682s] -- Installing: /home/eragon/ArUco/install/lab4_image_sender/share/ament_index/resource_index/parent_prefix_path/lab4_image_sender
[14.683s] -- Up-to-date: /home/eragon/ArUco/install/lab4_image_sender/share/lab4_image_sender/environment/ament_prefix_path.sh
[14.683s] -- Installing: /home/eragon/ArUco/install/lab4_image_sender/share/lab4_image_sender/environment/ament_prefix_path.dsv
[14.684s] -- Up-to-date: /home/eragon/ArUco/install/lab4_image_sender/share/lab4_image_sender/environment/path.sh
[14.684s] -- Installing: /home/eragon/ArUco/install/lab4_image_sender/share/lab4_image_sender/environment/path.dsv
[14.685s] -- Installing: /home/eragon/ArUco/install/lab4_image_sender/share/lab4_image_sender/local_setup.bash
[14.686s] -- Installing: /home/eragon/ArUco/install/lab4_image_sender/share/lab4_image_sender/local_setup.sh
[14.686s] -- Installing: /home/eragon/ArUco/install/lab4_image_sender/share/lab4_image_sender/local_setup.zsh
[14.687s] -- Installing: /home/eragon/ArUco/install/lab4_image_sender/share/lab4_image_sender/local_setup.dsv
[14.688s] -- Installing: /home/eragon/ArUco/install/lab4_image_sender/share/lab4_image_sender/package.dsv
[14.688s] -- Installing: /home/eragon/ArUco/install/lab4_image_sender/share/ament_index/resource_index/packages/lab4_image_sender
[14.689s] -- Installing: /home/eragon/ArUco/install/lab4_image_sender/share/lab4_image_sender/cmake/lab4_image_senderConfig.cmake
[14.689s] -- Installing: /home/eragon/ArUco/install/lab4_image_sender/share/lab4_image_sender/cmake/lab4_image_senderConfig-version.cmake
[14.690s] -- Up-to-date: /home/eragon/ArUco/install/lab4_image_sender/share/lab4_image_sender/package.xml
[14.694s] Invoked command in '/home/eragon/ArUco/build/lab4_image_sender' returned '0': CMAKE_PREFIX_PATH=${CMAKE_PREFIX_PATH}:/opt/ros/humble /usr/bin/cmake --install /home/eragon/ArUco/build/lab4_image_sender
