[0.045s] Invoking command in '/home/eragon/ArUco/build/robot_camera_processor': CMAKE_PREFIX_PATH=${CMAKE_PREFIX_PATH}:/opt/ros/humble /usr/bin/cmake --build /home/eragon/ArUco/build/robot_camera_processor -- -j8 -l8
[0.180s] Consolidate compiler generated dependencies of target robot_camera_processor_node
[0.244s] [ 50%] Building CXX object CMakeFiles/robot_camera_processor_node.dir/src/robot_camera_processor_node.cpp.o
[5.929s] /home/eragon/ArUco/src/robot_camera_processor/src/robot_camera_processor_node.cpp: In member function ‘void RobotCameraProcessor::image_callback(const ConstSharedPtr&)’:
[5.929s] /home/eragon/ArUco/src/robot_camera_processor/src/robot_camera_processor_node.cpp:103:39: warning: narrowing conversion of ‘((-((RobotCameraProcessor*)this)->RobotCameraProcessor::marker_size_) / (double)2)’ from ‘double’ to ‘float’ [-Wnarrowing]
[5.929s]   103 |                         {-marker_size_/2, marker_size_/2, 0},   // Верхний левый
[5.929s]       |                          ~~~~~~~~~~~~~^~
[5.929s] /home/eragon/ArUco/src/robot_camera_processor/src/robot_camera_processor_node.cpp:103:55: warning: narrowing conversion of ‘(((RobotCameraProcessor*)this)->RobotCameraProcessor::marker_size_ / (double)2)’ from ‘double’ to ‘float’ [-Wnarrowing]
[5.930s]   103 |                         {-marker_size_/2, marker_size_/2, 0},   // Верхний левый
[5.930s]       |                                           ~~~~~~~~~~~~^~
[5.930s] /home/eragon/ArUco/src/robot_camera_processor/src/robot_camera_processor_node.cpp:104:38: warning: narrowing conversion of ‘(((RobotCameraProcessor*)this)->RobotCameraProcessor::marker_size_ / (double)2)’ from ‘double’ to ‘float’ [-Wnarrowing]
[5.930s]   104 |                         {marker_size_/2, marker_size_/2, 0},    // Верхний правый
[5.930s]       |                          ~~~~~~~~~~~~^~
[5.930s] /home/eragon/ArUco/src/robot_camera_processor/src/robot_camera_processor_node.cpp:104:54: warning: narrowing conversion of ‘(((RobotCameraProcessor*)this)->RobotCameraProcessor::marker_size_ / (double)2)’ from ‘double’ to ‘float’ [-Wnarrowing]
[5.930s]   104 |                         {marker_size_/2, marker_size_/2, 0},    // Верхний правый
[5.931s]       |                                          ~~~~~~~~~~~~^~
[5.931s] /home/eragon/ArUco/src/robot_camera_processor/src/robot_camera_processor_node.cpp:105:38: warning: narrowing conversion of ‘(((RobotCameraProcessor*)this)->RobotCameraProcessor::marker_size_ / (double)2)’ from ‘double’ to ‘float’ [-Wnarrowing]
[5.931s]   105 |                         {marker_size_/2, -marker_size_/2, 0},   // Нижний правый
[5.931s]       |                          ~~~~~~~~~~~~^~
[5.931s] /home/eragon/ArUco/src/robot_camera_processor/src/robot_camera_processor_node.cpp:105:55: warning: narrowing conversion of ‘((-((RobotCameraProcessor*)this)->RobotCameraProcessor::marker_size_) / (double)2)’ from ‘double’ to ‘float’ [-Wnarrowing]
[5.931s]   105 |                         {marker_size_/2, -marker_size_/2, 0},   // Нижний правый
[5.932s]       |                                          ~~~~~~~~~~~~~^~
[5.932s] /home/eragon/ArUco/src/robot_camera_processor/src/robot_camera_processor_node.cpp:106:39: warning: narrowing conversion of ‘((-((RobotCameraProcessor*)this)->RobotCameraProcessor::marker_size_) / (double)2)’ from ‘double’ to ‘float’ [-Wnarrowing]
[5.932s]   106 |                         {-marker_size_/2, -marker_size_/2, 0}   // Нижний левый
[5.932s]       |                          ~~~~~~~~~~~~~^~
[5.932s] /home/eragon/ArUco/src/robot_camera_processor/src/robot_camera_processor_node.cpp:106:56: warning: narrowing conversion of ‘((-((RobotCameraProcessor*)this)->RobotCameraProcessor::marker_size_) / (double)2)’ from ‘double’ to ‘float’ [-Wnarrowing]
[5.932s]   106 |                         {-marker_size_/2, -marker_size_/2, 0}   // Нижний левый
[5.932s]       |                                           ~~~~~~~~~~~~~^~
[9.825s] [100%] Linking CXX executable robot_camera_processor_node
[10.553s] [100%] Built target robot_camera_processor_node
[10.576s] Invoked command in '/home/eragon/ArUco/build/robot_camera_processor' returned '0': CMAKE_PREFIX_PATH=${CMAKE_PREFIX_PATH}:/opt/ros/humble /usr/bin/cmake --build /home/eragon/ArUco/build/robot_camera_processor -- -j8 -l8
[10.579s] Invoking command in '/home/eragon/ArUco/build/robot_camera_processor': CMAKE_PREFIX_PATH=${CMAKE_PREFIX_PATH}:/opt/ros/humble /usr/bin/cmake --install /home/eragon/ArUco/build/robot_camera_processor
[10.599s] -- Install configuration: "Debug"
[10.599s] -- Installing: /home/eragon/ArUco/install/robot_camera_processor/lib/robot_camera_processor/robot_camera_processor_node
[10.607s] -- Set runtime path of "/home/eragon/ArUco/install/robot_camera_processor/lib/robot_camera_processor/robot_camera_processor_node" to ""
[10.607s] -- Up-to-date: /home/eragon/ArUco/install/robot_camera_processor/share/ament_index/resource_index/package_run_dependencies/robot_camera_processor
[10.607s] -- Up-to-date: /home/eragon/ArUco/install/robot_camera_processor/share/ament_index/resource_index/parent_prefix_path/robot_camera_processor
[10.607s] -- Up-to-date: /home/eragon/ArUco/install/robot_camera_processor/share/robot_camera_processor/environment/ament_prefix_path.sh
[10.608s] -- Up-to-date: /home/eragon/ArUco/install/robot_camera_processor/share/robot_camera_processor/environment/ament_prefix_path.dsv
[10.608s] -- Up-to-date: /home/eragon/ArUco/install/robot_camera_processor/share/robot_camera_processor/environment/path.sh
[10.608s] -- Up-to-date: /home/eragon/ArUco/install/robot_camera_processor/share/robot_camera_processor/environment/path.dsv
[10.608s] -- Up-to-date: /home/eragon/ArUco/install/robot_camera_processor/share/robot_camera_processor/local_setup.bash
[10.608s] -- Up-to-date: /home/eragon/ArUco/install/robot_camera_processor/share/robot_camera_processor/local_setup.sh
[10.608s] -- Up-to-date: /home/eragon/ArUco/install/robot_camera_processor/share/robot_camera_processor/local_setup.zsh
[10.608s] -- Up-to-date: /home/eragon/ArUco/install/robot_camera_processor/share/robot_camera_processor/local_setup.dsv
[10.609s] -- Installing: /home/eragon/ArUco/install/robot_camera_processor/share/robot_camera_processor/package.dsv
[10.609s] -- Up-to-date: /home/eragon/ArUco/install/robot_camera_processor/share/ament_index/resource_index/packages/robot_camera_processor
[10.609s] -- Up-to-date: /home/eragon/ArUco/install/robot_camera_processor/share/robot_camera_processor/cmake/robot_camera_processorConfig.cmake
[10.609s] -- Up-to-date: /home/eragon/ArUco/install/robot_camera_processor/share/robot_camera_processor/cmake/robot_camera_processorConfig-version.cmake
[10.610s] -- Up-to-date: /home/eragon/ArUco/install/robot_camera_processor/share/robot_camera_processor/package.xml
[10.611s] Invoked command in '/home/eragon/ArUco/build/robot_camera_processor' returned '0': CMAKE_PREFIX_PATH=${CMAKE_PREFIX_PATH}:/opt/ros/humble /usr/bin/cmake --install /home/eragon/ArUco/build/robot_camera_processor
