/home/eragon/ArUco/src/robot_camera_processor/src/robot_camera_processor_node.cpp: In constructor ‘RobotCameraProcessor::RobotCameraProcessor()’:
/home/eragon/ArUco/src/robot_camera_processor/src/robot_camera_processor_node.cpp:17:62: error: no matching function for call to ‘std::unique_ptr<tf2_ros::TransformBroadcaster>::unique_ptr(RobotCameraProcessor*)’
   17 |     RobotCameraProcessor() : Node("robot_camera_processor"), tf_broadcaster_(this) {
      |                                                              ^~~~~~~~~~~~~~~~~~~~~
In file included from /usr/include/c++/11/memory:76,
                 from /opt/ros/humble/include/rclcpp/rclcpp/rclcpp.hpp:153,
                 from /home/eragon/ArUco/src/robot_camera_processor/src/robot_camera_processor_node.cpp:1:
/usr/include/c++/11/bits/unique_ptr.h:350:9: note: candidate: ‘template<class _Up, class> std::unique_ptr<_Tp, _Dp>::unique_ptr(std::auto_ptr<_Up>&&) [with _Up = _Up; <template-parameter-2-2> = <template-parameter-1-2>; _Tp = tf2_ros::TransformBroadcaster; _Dp = std::default_delete<tf2_ros::TransformBroadcaster>]’
  350 |         unique_ptr(auto_ptr<_Up>&& __u) noexcept;
      |         ^~~~~~~~~~
/usr/include/c++/11/bits/unique_ptr.h:350:9: note:   template argument deduction/substitution failed:
/home/eragon/ArUco/src/robot_camera_processor/src/robot_camera_processor_node.cpp:17:62: note:   mismatched types ‘std::auto_ptr<_Up>’ and ‘RobotCameraProcessor*’
   17 |     RobotCameraProcessor() : Node("robot_camera_processor"), tf_broadcaster_(this) {
      |                                                              ^~~~~~~~~~~~~~~~~~~~~
In file included from /usr/include/c++/11/memory:76,
                 from /opt/ros/humble/include/rclcpp/rclcpp/rclcpp.hpp:153,
                 from /home/eragon/ArUco/src/robot_camera_processor/src/robot_camera_processor_node.cpp:1:
/usr/include/c++/11/bits/unique_ptr.h:340:9: note: candidate: ‘template<class _Up, class _Ep, class> std::unique_ptr<_Tp, _Dp>::unique_ptr(std::unique_ptr<_Up, _Ep>&&) [with _Up = _Up; _Ep = _Ep; <template-parameter-2-3> = <template-parameter-1-3>; _Tp = tf2_ros::TransformBroadcaster; _Dp = std::default_delete<tf2_ros::TransformBroadcaster>]’
  340 |         unique_ptr(unique_ptr<_Up, _Ep>&& __u) noexcept
      |         ^~~~~~~~~~
/usr/include/c++/11/bits/unique_ptr.h:340:9: note:   template argument deduction/substitution failed:
/home/eragon/ArUco/src/robot_camera_processor/src/robot_camera_processor_node.cpp:17:62: note:   mismatched types ‘std::unique_ptr<_Tp, _Dp>’ and ‘RobotCameraProcessor*’
   17 |     RobotCameraProcessor() : Node("robot_camera_processor"), tf_broadcaster_(this) {
      |                                                              ^~~~~~~~~~~~~~~~~~~~~
In file included from /usr/include/c++/11/memory:76,
                 from /opt/ros/humble/include/rclcpp/rclcpp/rclcpp.hpp:153,
                 from /home/eragon/ArUco/src/robot_camera_processor/src/robot_camera_processor_node.cpp:1:
/usr/include/c++/11/bits/unique_ptr.h:320:19: note: candidate: ‘template<class _Del, class> constexpr std::unique_ptr<_Tp, _Dp>::unique_ptr(std::nullptr_t) [with _Del = _Del; <template-parameter-2-2> = <template-parameter-1-2>; _Tp = tf2_ros::TransformBroadcaster; _Dp = std::default_delete<tf2_ros::TransformBroadcaster>]’
  320 |         constexpr unique_ptr(nullptr_t) noexcept
      |                   ^~~~~~~~~~
/usr/include/c++/11/bits/unique_ptr.h:320:19: note:   template argument deduction/substitution failed:
/home/eragon/ArUco/src/robot_camera_processor/src/robot_camera_processor_node.cpp:17:78: note:   cannot convert ‘(RobotCameraProcessor*)this’ (type ‘RobotCameraProcessor*’) to type ‘std::nullptr_t’
   17 |     RobotCameraProcessor() : Node("robot_camera_processor"), tf_broadcaster_(this) {
      |                                                                              ^~~~
In file included from /usr/include/c++/11/memory:76,
                 from /opt/ros/humble/include/rclcpp/rclcpp/rclcpp.hpp:153,
                 from /home/eragon/ArUco/src/robot_camera_processor/src/robot_camera_processor_node.cpp:1:
/usr/include/c++/11/bits/unique_ptr.h:314:9: note: candidate: ‘template<class _Del, class _DelUnref> std::unique_ptr<_Tp, _Dp>::unique_ptr(std::unique_ptr<_Tp, _Dp>::pointer, std::__enable_if_t<std::is_lvalue_reference<_Del>::value, _DelUnref&&>) [with _Del = _Del; _DelUnref = _DelUnref; _Tp = tf2_ros::TransformBroadcaster; _Dp = std::default_delete<tf2_ros::TransformBroadcaster>]’ (deleted)
  314 |         unique_ptr(pointer,
      |         ^~~~~~~~~~
/usr/include/c++/11/bits/unique_ptr.h:314:9: note:   template argument deduction/substitution failed:
/home/eragon/ArUco/src/robot_camera_processor/src/robot_camera_processor_node.cpp:17:62: note:   candidate expects 2 arguments, 1 provided
   17 |     RobotCameraProcessor() : Node("robot_camera_processor"), tf_broadcaster_(this) {
      |                                                              ^~~~~~~~~~~~~~~~~~~~~
In file included from /usr/include/c++/11/memory:76,
                 from /opt/ros/humble/include/rclcpp/rclcpp/rclcpp.hpp:153,
                 from /home/eragon/ArUco/src/robot_camera_processor/src/robot_camera_processor_node.cpp:1:
/usr/include/c++/11/bits/unique_ptr.h:306:9: note: candidate: ‘template<class _Del, class> std::unique_ptr<_Tp, _Dp>::unique_ptr(std::unique_ptr<_Tp, _Dp>::pointer, std::__enable_if_t<(! std::is_lvalue_reference<_Del>::value), _Del&&>) [with _Del = _Del; <template-parameter-2-2> = <template-parameter-1-2>; _Tp = tf2_ros::TransformBroadcaster; _Dp = std::default_delete<tf2_ros::TransformBroadcaster>]’
  306 |         unique_ptr(pointer __p,
      |         ^~~~~~~~~~
/usr/include/c++/11/bits/unique_ptr.h:306:9: note:   template argument deduction/substitution failed:
/home/eragon/ArUco/src/robot_camera_processor/src/robot_camera_processor_node.cpp:17:62: note:   candidate expects 2 arguments, 1 provided
   17 |     RobotCameraProcessor() : Node("robot_camera_processor"), tf_broadcaster_(this) {
      |                                                              ^~~~~~~~~~~~~~~~~~~~~
In file included from /usr/include/c++/11/memory:76,
                 from /opt/ros/humble/include/rclcpp/rclcpp/rclcpp.hpp:153,
                 from /home/eragon/ArUco/src/robot_camera_processor/src/robot_camera_processor_node.cpp:1:
/usr/include/c++/11/bits/unique_ptr.h:294:9: note: candidate: ‘template<class _Del, class> std::unique_ptr<_Tp, _Dp>::unique_ptr(std::unique_ptr<_Tp, _Dp>::pointer, const deleter_type&) [with _Del = _Del; <template-parameter-2-2> = <template-parameter-1-2>; _Tp = tf2_ros::TransformBroadcaster; _Dp = std::default_delete<tf2_ros::TransformBroadcaster>]’
  294 |         unique_ptr(pointer __p, const deleter_type& __d) noexcept
      |         ^~~~~~~~~~
/usr/include/c++/11/bits/unique_ptr.h:294:9: note:   template argument deduction/substitution failed:
/home/eragon/ArUco/src/robot_camera_processor/src/robot_camera_processor_node.cpp:17:62: note:   candidate expects 2 arguments, 1 provided
   17 |     RobotCameraProcessor() : Node("robot_camera_processor"), tf_broadcaster_(this) {
      |                                                              ^~~~~~~~~~~~~~~~~~~~~
In file included from /usr/include/c++/11/memory:76,
                 from /opt/ros/humble/include/rclcpp/rclcpp/rclcpp.hpp:153,
                 from /home/eragon/ArUco/src/robot_camera_processor/src/robot_camera_processor_node.cpp:1:
/usr/include/c++/11/bits/unique_ptr.h:281:9: note: candidate: ‘template<class _Del, class> std::unique_ptr<_Tp, _Dp>::unique_ptr(std::unique_ptr<_Tp, _Dp>::pointer) [with _Del = _Del; <template-parameter-2-2> = <template-parameter-1-2>; _Tp = tf2_ros::TransformBroadcaster; _Dp = std::default_delete<tf2_ros::TransformBroadcaster>]’
  281 |         unique_ptr(pointer __p) noexcept
      |         ^~~~~~~~~~
/usr/include/c++/11/bits/unique_ptr.h:281:9: note:   template argument deduction/substitution failed:
/home/eragon/ArUco/src/robot_camera_processor/src/robot_camera_processor_node.cpp:17:78: note:   cannot convert ‘(RobotCameraProcessor*)this’ (type ‘RobotCameraProcessor*’) to type ‘std::unique_ptr<tf2_ros::TransformBroadcaster>::pointer’ {aka ‘tf2_ros::TransformBroadcaster*’}
   17 |     RobotCameraProcessor() : Node("robot_camera_processor"), tf_broadcaster_(this) {
      |                                                                              ^~~~
In file included from /usr/include/c++/11/memory:76,
                 from /opt/ros/humble/include/rclcpp/rclcpp/rclcpp.hpp:153,
                 from /home/eragon/ArUco/src/robot_camera_processor/src/robot_camera_processor_node.cpp:1:
/usr/include/c++/11/bits/unique_ptr.h:269:19: note: candidate: ‘template<class _Del, class> constexpr std::unique_ptr<_Tp, _Dp>::unique_ptr() [with _Del = _Del; <template-parameter-2-2> = <template-parameter-1-2>; _Tp = tf2_ros::TransformBroadcaster; _Dp = std::default_delete<tf2_ros::TransformBroadcaster>]’
  269 |         constexpr unique_ptr() noexcept
      |                   ^~~~~~~~~~
/usr/include/c++/11/bits/unique_ptr.h:269:19: note:   template argument deduction/substitution failed:
/home/eragon/ArUco/src/robot_camera_processor/src/robot_camera_processor_node.cpp:17:62: note:   candidate expects 0 arguments, 1 provided
   17 |     RobotCameraProcessor() : Node("robot_camera_processor"), tf_broadcaster_(this) {
      |                                                              ^~~~~~~~~~~~~~~~~~~~~
In file included from /usr/include/c++/11/memory:76,
                 from /opt/ros/humble/include/rclcpp/rclcpp/rclcpp.hpp:153,
                 from /home/eragon/ArUco/src/robot_camera_processor/src/robot_camera_processor_node.cpp:1:
/usr/include/c++/11/bits/unique_ptr.h:327:7: note: candidate: ‘std::unique_ptr<_Tp, _Dp>::unique_ptr(std::unique_ptr<_Tp, _Dp>&&) [with _Tp = tf2_ros::TransformBroadcaster; _Dp = std::default_delete<tf2_ros::TransformBroadcaster>]’
  327 |       unique_ptr(unique_ptr&&) = default;
      |       ^~~~~~~~~~
/usr/include/c++/11/bits/unique_ptr.h:327:18: note:   no known conversion for argument 1 from ‘RobotCameraProcessor*’ to ‘std::unique_ptr<tf2_ros::TransformBroadcaster>&&’
  327 |       unique_ptr(unique_ptr&&) = default;
      |                  ^~~~~~~~~~~~
/home/eragon/ArUco/src/robot_camera_processor/src/robot_camera_processor_node.cpp: In member function ‘void RobotCameraProcessor::image_callback(const ConstSharedPtr&)’:
/home/eragon/ArUco/src/robot_camera_processor/src/robot_camera_processor_node.cpp:109:39: warning: narrowing conversion of ‘((-((RobotCameraProcessor*)this)->RobotCameraProcessor::marker_size_) / (double)2)’ from ‘double’ to ‘float’ [-Wnarrowing]
  109 |                         {-marker_size_/2, marker_size_/2, 0},   // Верхний левый
      |                          ~~~~~~~~~~~~~^~
/home/eragon/ArUco/src/robot_camera_processor/src/robot_camera_processor_node.cpp:109:55: warning: narrowing conversion of ‘(((RobotCameraProcessor*)this)->RobotCameraProcessor::marker_size_ / (double)2)’ from ‘double’ to ‘float’ [-Wnarrowing]
  109 |                         {-marker_size_/2, marker_size_/2, 0},   // Верхний левый
      |                                           ~~~~~~~~~~~~^~
/home/eragon/ArUco/src/robot_camera_processor/src/robot_camera_processor_node.cpp:110:38: warning: narrowing conversion of ‘(((RobotCameraProcessor*)this)->RobotCameraProcessor::marker_size_ / (double)2)’ from ‘double’ to ‘float’ [-Wnarrowing]
  110 |                         {marker_size_/2, marker_size_/2, 0},    // Верхний правый
      |                          ~~~~~~~~~~~~^~
/home/eragon/ArUco/src/robot_camera_processor/src/robot_camera_processor_node.cpp:110:54: warning: narrowing conversion of ‘(((RobotCameraProcessor*)this)->RobotCameraProcessor::marker_size_ / (double)2)’ from ‘double’ to ‘float’ [-Wnarrowing]
  110 |                         {marker_size_/2, marker_size_/2, 0},    // Верхний правый
      |                                          ~~~~~~~~~~~~^~
/home/eragon/ArUco/src/robot_camera_processor/src/robot_camera_processor_node.cpp:111:38: warning: narrowing conversion of ‘(((RobotCameraProcessor*)this)->RobotCameraProcessor::marker_size_ / (double)2)’ from ‘double’ to ‘float’ [-Wnarrowing]
  111 |                         {marker_size_/2, -marker_size_/2, 0},   // Нижний правый
      |                          ~~~~~~~~~~~~^~
/home/eragon/ArUco/src/robot_camera_processor/src/robot_camera_processor_node.cpp:111:55: warning: narrowing conversion of ‘((-((RobotCameraProcessor*)this)->RobotCameraProcessor::marker_size_) / (double)2)’ from ‘double’ to ‘float’ [-Wnarrowing]
  111 |                         {marker_size_/2, -marker_size_/2, 0},   // Нижний правый
      |                                          ~~~~~~~~~~~~~^~
/home/eragon/ArUco/src/robot_camera_processor/src/robot_camera_processor_node.cpp:112:39: warning: narrowing conversion of ‘((-((RobotCameraProcessor*)this)->RobotCameraProcessor::marker_size_) / (double)2)’ from ‘double’ to ‘float’ [-Wnarrowing]
  112 |                         {-marker_size_/2, -marker_size_/2, 0}   // Нижний левый
      |                          ~~~~~~~~~~~~~^~
/home/eragon/ArUco/src/robot_camera_processor/src/robot_camera_processor_node.cpp:112:56: warning: narrowing conversion of ‘((-((RobotCameraProcessor*)this)->RobotCameraProcessor::marker_size_) / (double)2)’ from ‘double’ to ‘float’ [-Wnarrowing]
  112 |                         {-marker_size_/2, -marker_size_/2, 0}   // Нижний левый
      |                                           ~~~~~~~~~~~~~^~
gmake[2]: *** [CMakeFiles/robot_camera_processor_node.dir/build.make:76: CMakeFiles/robot_camera_processor_node.dir/src/robot_camera_processor_node.cpp.o] Ошибка 1
gmake[1]: *** [CMakeFiles/Makefile2:137: CMakeFiles/robot_camera_processor_node.dir/all] Ошибка 2
gmake: *** [Makefile:146: all] Ошибка 2
