[0.071s] Invoking command in '/home/eragon/ArUco/build/robot_camera_processor': CMAKE_PREFIX_PATH=${CMAKE_PREFIX_PATH}:/opt/ros/humble /usr/bin/cmake --build /home/eragon/ArUco/build/robot_camera_processor -- -j8 -l8
[0.309s] [ 50%] Building CXX object CMakeFiles/robot_camera_processor_node.dir/src/robot_camera_processor_node.cpp.o
[10.407s] /home/eragon/ArUco/src/robot_camera_processor/src/robot_camera_processor_node.cpp: In member function ‘void RobotCameraProcessor::image_callback(const ConstSharedPtr&)’:
[10.407s] /home/eragon/ArUco/src/robot_camera_processor/src/robot_camera_processor_node.cpp:102:39: warning: narrowing conversion of ‘((-((RobotCameraProcessor*)this)->RobotCameraProcessor::marker_size_) / (double)2)’ from ‘double’ to ‘float’ [-Wnarrowing]
[10.407s]   102 |                         {-marker_size_/2, marker_size_/2, 0},   // Верхний левый
[10.407s]       |                          ~~~~~~~~~~~~~^~
[10.407s] /home/eragon/ArUco/src/robot_camera_processor/src/robot_camera_processor_node.cpp:102:55: warning: narrowing conversion of ‘(((RobotCameraProcessor*)this)->RobotCameraProcessor::marker_size_ / (double)2)’ from ‘double’ to ‘float’ [-Wnarrowing]
[10.408s]   102 |                         {-marker_size_/2, marker_size_/2, 0},   // Верхний левый
[10.408s]       |                                           ~~~~~~~~~~~~^~
[10.408s] /home/eragon/ArUco/src/robot_camera_processor/src/robot_camera_processor_node.cpp:103:38: warning: narrowing conversion of ‘(((RobotCameraProcessor*)this)->RobotCameraProcessor::marker_size_ / (double)2)’ from ‘double’ to ‘float’ [-Wnarrowing]
[10.408s]   103 |                         {marker_size_/2, marker_size_/2, 0},    // Верхний правый
[10.408s]       |                          ~~~~~~~~~~~~^~
[10.408s] /home/eragon/ArUco/src/robot_camera_processor/src/robot_camera_processor_node.cpp:103:54: warning: narrowing conversion of ‘(((RobotCameraProcessor*)this)->RobotCameraProcessor::marker_size_ / (double)2)’ from ‘double’ to ‘float’ [-Wnarrowing]
[10.408s]   103 |                         {marker_size_/2, marker_size_/2, 0},    // Верхний правый
[10.408s]       |                                          ~~~~~~~~~~~~^~
[10.408s] /home/eragon/ArUco/src/robot_camera_processor/src/robot_camera_processor_node.cpp:104:38: warning: narrowing conversion of ‘(((RobotCameraProcessor*)this)->RobotCameraProcessor::marker_size_ / (double)2)’ from ‘double’ to ‘float’ [-Wnarrowing]
[10.409s]   104 |                         {marker_size_/2, -marker_size_/2, 0},   // Нижний правый
[10.409s]       |                          ~~~~~~~~~~~~^~
[10.409s] /home/eragon/ArUco/src/robot_camera_processor/src/robot_camera_processor_node.cpp:104:55: warning: narrowing conversion of ‘((-((RobotCameraProcessor*)this)->RobotCameraProcessor::marker_size_) / (double)2)’ from ‘double’ to ‘float’ [-Wnarrowing]
[10.409s]   104 |                         {marker_size_/2, -marker_size_/2, 0},   // Нижний правый
[10.409s]       |                                          ~~~~~~~~~~~~~^~
[10.409s] /home/eragon/ArUco/src/robot_camera_processor/src/robot_camera_processor_node.cpp:105:39: warning: narrowing conversion of ‘((-((RobotCameraProcessor*)this)->RobotCameraProcessor::marker_size_) / (double)2)’ from ‘double’ to ‘float’ [-Wnarrowing]
[10.410s]   105 |                         {-marker_size_/2, -marker_size_/2, 0}   // Нижний левый
[10.410s]       |                          ~~~~~~~~~~~~~^~
[10.410s] /home/eragon/ArUco/src/robot_camera_processor/src/robot_camera_processor_node.cpp:105:56: warning: narrowing conversion of ‘((-((RobotCameraProcessor*)this)->RobotCameraProcessor::marker_size_) / (double)2)’ from ‘double’ to ‘float’ [-Wnarrowing]
[10.410s]   105 |                         {-marker_size_/2, -marker_size_/2, 0}   // Нижний левый
[10.410s]       |                                           ~~~~~~~~~~~~~^~
[17.627s] [100%] Linking CXX executable robot_camera_processor_node
[18.883s] [100%] Built target robot_camera_processor_node
[18.909s] Invoked command in '/home/eragon/ArUco/build/robot_camera_processor' returned '0': CMAKE_PREFIX_PATH=${CMAKE_PREFIX_PATH}:/opt/ros/humble /usr/bin/cmake --build /home/eragon/ArUco/build/robot_camera_processor -- -j8 -l8
[18.911s] Invoking command in '/home/eragon/ArUco/build/robot_camera_processor': CMAKE_PREFIX_PATH=${CMAKE_PREFIX_PATH}:/opt/ros/humble /usr/bin/cmake --install /home/eragon/ArUco/build/robot_camera_processor
[18.929s] -- Install configuration: "Debug"
[18.929s] -- Installing: /home/eragon/ArUco/install/robot_camera_processor/lib/robot_camera_processor/robot_camera_processor_node
[18.940s] -- Set runtime path of "/home/eragon/ArUco/install/robot_camera_processor/lib/robot_camera_processor/robot_camera_processor_node" to ""
[18.941s] -- Up-to-date: /home/eragon/ArUco/install/robot_camera_processor/share/ament_index/resource_index/package_run_dependencies/robot_camera_processor
[18.941s] -- Up-to-date: /home/eragon/ArUco/install/robot_camera_processor/share/ament_index/resource_index/parent_prefix_path/robot_camera_processor
[18.941s] -- Up-to-date: /home/eragon/ArUco/install/robot_camera_processor/share/robot_camera_processor/environment/ament_prefix_path.sh
[18.941s] -- Up-to-date: /home/eragon/ArUco/install/robot_camera_processor/share/robot_camera_processor/environment/ament_prefix_path.dsv
[18.941s] -- Up-to-date: /home/eragon/ArUco/install/robot_camera_processor/share/robot_camera_processor/environment/path.sh
[18.941s] -- Up-to-date: /home/eragon/ArUco/install/robot_camera_processor/share/robot_camera_processor/environment/path.dsv
[18.941s] -- Up-to-date: /home/eragon/ArUco/install/robot_camera_processor/share/robot_camera_processor/local_setup.bash
[18.941s] -- Up-to-date: /home/eragon/ArUco/install/robot_camera_processor/share/robot_camera_processor/local_setup.sh
[18.942s] -- Up-to-date: /home/eragon/ArUco/install/robot_camera_processor/share/robot_camera_processor/local_setup.zsh
[18.942s] -- Up-to-date: /home/eragon/ArUco/install/robot_camera_processor/share/robot_camera_processor/local_setup.dsv
[18.942s] -- Installing: /home/eragon/ArUco/install/robot_camera_processor/share/robot_camera_processor/package.dsv
[18.942s] -- Up-to-date: /home/eragon/ArUco/install/robot_camera_processor/share/ament_index/resource_index/packages/robot_camera_processor
[18.942s] -- Up-to-date: /home/eragon/ArUco/install/robot_camera_processor/share/robot_camera_processor/cmake/robot_camera_processorConfig.cmake
[18.942s] -- Up-to-date: /home/eragon/ArUco/install/robot_camera_processor/share/robot_camera_processor/cmake/robot_camera_processorConfig-version.cmake
[18.942s] -- Up-to-date: /home/eragon/ArUco/install/robot_camera_processor/share/robot_camera_processor/package.xml
[18.946s] Invoked command in '/home/eragon/ArUco/build/robot_camera_processor' returned '0': CMAKE_PREFIX_PATH=${CMAKE_PREFIX_PATH}:/opt/ros/humble /usr/bin/cmake --install /home/eragon/ArUco/build/robot_camera_processor
