[0.047s] Invoking command in '/home/eragon/ArUco/build/robot_camera_processor': CMAKE_PREFIX_PATH=${CMAKE_PREFIX_PATH}:/opt/ros/humble /usr/bin/cmake --build /home/eragon/ArUco/build/robot_camera_processor -- -j8 -l8
[0.184s] Consolidate compiler generated dependencies of target robot_camera_processor_node
[0.265s] [100%] Built target robot_camera_processor_node
[0.270s] Invoked command in '/home/eragon/ArUco/build/robot_camera_processor' returned '0': CMAKE_PREFIX_PATH=${CMAKE_PREFIX_PATH}:/opt/ros/humble /usr/bin/cmake --build /home/eragon/ArUco/build/robot_camera_processor -- -j8 -l8
[0.273s] Invoking command in '/home/eragon/ArUco/build/robot_camera_processor': CMAKE_PREFIX_PATH=${CMAKE_PREFIX_PATH}:/opt/ros/humble /usr/bin/cmake --install /home/eragon/ArUco/build/robot_camera_processor
[0.327s] -- Install configuration: "Debug"
[0.328s] -- Up-to-date: /home/eragon/ArUco/install/robot_camera_processor/lib/robot_camera_processor/robot_camera_processor_node
[0.329s] -- Up-to-date: /home/eragon/ArUco/install/robot_camera_processor/share/ament_index/resource_index/package_run_dependencies/robot_camera_processor
[0.329s] -- Up-to-date: /home/eragon/ArUco/install/robot_camera_processor/share/ament_index/resource_index/parent_prefix_path/robot_camera_processor
[0.329s] -- Up-to-date: /home/eragon/ArUco/install/robot_camera_processor/share/robot_camera_processor/environment/ament_prefix_path.sh
[0.330s] -- Up-to-date: /home/eragon/ArUco/install/robot_camera_processor/share/robot_camera_processor/environment/ament_prefix_path.dsv
[0.330s] -- Up-to-date: /home/eragon/ArUco/install/robot_camera_processor/share/robot_camera_processor/environment/path.sh
[0.330s] -- Up-to-date: /home/eragon/ArUco/install/robot_camera_processor/share/robot_camera_processor/environment/path.dsv
[0.330s] -- Up-to-date: /home/eragon/ArUco/install/robot_camera_processor/share/robot_camera_processor/local_setup.bash
[0.330s] -- Up-to-date: /home/eragon/ArUco/install/robot_camera_processor/share/robot_camera_processor/local_setup.sh
[0.330s] -- Up-to-date: /home/eragon/ArUco/install/robot_camera_processor/share/robot_camera_processor/local_setup.zsh
[0.330s] -- Up-to-date: /home/eragon/ArUco/install/robot_camera_processor/share/robot_camera_processor/local_setup.dsv
[0.331s] -- Installing: /home/eragon/ArUco/install/robot_camera_processor/share/robot_camera_processor/package.dsv
[0.331s] -- Up-to-date: /home/eragon/ArUco/install/robot_camera_processor/share/ament_index/resource_index/packages/robot_camera_processor
[0.331s] -- Up-to-date: /home/eragon/ArUco/install/robot_camera_processor/share/robot_camera_processor/cmake/robot_camera_processorConfig.cmake
[0.331s] -- Up-to-date: /home/eragon/ArUco/install/robot_camera_processor/share/robot_camera_processor/cmake/robot_camera_processorConfig-version.cmake
[0.331s] -- Up-to-date: /home/eragon/ArUco/install/robot_camera_processor/share/robot_camera_processor/package.xml
[0.337s] Invoked command in '/home/eragon/ArUco/build/robot_camera_processor' returned '0': CMAKE_PREFIX_PATH=${CMAKE_PREFIX_PATH}:/opt/ros/humble /usr/bin/cmake --install /home/eragon/ArUco/build/robot_camera_processor
