[0.049s] Invoking command in '/home/eragon/ArUco/build/robot_camera_processor': CMAKE_PREFIX_PATH=${CMAKE_PREFIX_PATH}:/opt/ros/humble /usr/bin/cmake --build /home/eragon/ArUco/build/robot_camera_processor -- -j8 -l8
[0.186s] Consolidate compiler generated dependencies of target robot_camera_processor_node
[0.207s] [ 50%] Building CXX object CMakeFiles/robot_camera_processor_node.dir/src/robot_camera_processor_node.cpp.o
[7.421s] /home/eragon/ArUco/src/robot_camera_processor/src/robot_camera_processor_node.cpp: In member function ‘void RobotCameraProcessor::image_callback(const ConstSharedPtr&)’:
[7.422s] /home/eragon/ArUco/src/robot_camera_processor/src/robot_camera_processor_node.cpp:122:39: warning: narrowing conversion of ‘((-((RobotCameraProcessor*)this)->RobotCameraProcessor::marker_size_) / (double)2)’ from ‘double’ to ‘float’ [-Wnarrowing]
[7.422s]   122 |                         {-marker_size_/2, marker_size_/2, 0},   // Верхний левый
[7.422s]       |                          ~~~~~~~~~~~~~^~
[7.422s] /home/eragon/ArUco/src/robot_camera_processor/src/robot_camera_processor_node.cpp:122:55: warning: narrowing conversion of ‘(((RobotCameraProcessor*)this)->RobotCameraProcessor::marker_size_ / (double)2)’ from ‘double’ to ‘float’ [-Wnarrowing]
[7.422s]   122 |                         {-marker_size_/2, marker_size_/2, 0},   // Верхний левый
[7.422s]       |                                           ~~~~~~~~~~~~^~
[7.422s] /home/eragon/ArUco/src/robot_camera_processor/src/robot_camera_processor_node.cpp:123:38: warning: narrowing conversion of ‘(((RobotCameraProcessor*)this)->RobotCameraProcessor::marker_size_ / (double)2)’ from ‘double’ to ‘float’ [-Wnarrowing]
[7.422s]   123 |                         {marker_size_/2, marker_size_/2, 0},    // Верхний правый
[7.423s]       |                          ~~~~~~~~~~~~^~
[7.423s] /home/eragon/ArUco/src/robot_camera_processor/src/robot_camera_processor_node.cpp:123:54: warning: narrowing conversion of ‘(((RobotCameraProcessor*)this)->RobotCameraProcessor::marker_size_ / (double)2)’ from ‘double’ to ‘float’ [-Wnarrowing]
[7.423s]   123 |                         {marker_size_/2, marker_size_/2, 0},    // Верхний правый
[7.423s]       |                                          ~~~~~~~~~~~~^~
[7.423s] /home/eragon/ArUco/src/robot_camera_processor/src/robot_camera_processor_node.cpp:124:38: warning: narrowing conversion of ‘(((RobotCameraProcessor*)this)->RobotCameraProcessor::marker_size_ / (double)2)’ from ‘double’ to ‘float’ [-Wnarrowing]
[7.423s]   124 |                         {marker_size_/2, -marker_size_/2, 0},   // Нижний правый
[7.423s]       |                          ~~~~~~~~~~~~^~
[7.424s] /home/eragon/ArUco/src/robot_camera_processor/src/robot_camera_processor_node.cpp:124:55: warning: narrowing conversion of ‘((-((RobotCameraProcessor*)this)->RobotCameraProcessor::marker_size_) / (double)2)’ from ‘double’ to ‘float’ [-Wnarrowing]
[7.424s]   124 |                         {marker_size_/2, -marker_size_/2, 0},   // Нижний правый
[7.424s]       |                                          ~~~~~~~~~~~~~^~
[7.424s] /home/eragon/ArUco/src/robot_camera_processor/src/robot_camera_processor_node.cpp:125:39: warning: narrowing conversion of ‘((-((RobotCameraProcessor*)this)->RobotCameraProcessor::marker_size_) / (double)2)’ from ‘double’ to ‘float’ [-Wnarrowing]
[7.424s]   125 |                         {-marker_size_/2, -marker_size_/2, 0}   // Нижний левый
[7.424s]       |                          ~~~~~~~~~~~~~^~
[7.424s] /home/eragon/ArUco/src/robot_camera_processor/src/robot_camera_processor_node.cpp:125:56: warning: narrowing conversion of ‘((-((RobotCameraProcessor*)this)->RobotCameraProcessor::marker_size_) / (double)2)’ from ‘double’ to ‘float’ [-Wnarrowing]
[7.424s]   125 |                         {-marker_size_/2, -marker_size_/2, 0}   // Нижний левый
[7.424s]       |                                           ~~~~~~~~~~~~~^~
[13.212s] [100%] Linking CXX executable robot_camera_processor_node
[14.092s] [100%] Built target robot_camera_processor_node
[14.112s] Invoked command in '/home/eragon/ArUco/build/robot_camera_processor' returned '0': CMAKE_PREFIX_PATH=${CMAKE_PREFIX_PATH}:/opt/ros/humble /usr/bin/cmake --build /home/eragon/ArUco/build/robot_camera_processor -- -j8 -l8
[14.115s] Invoking command in '/home/eragon/ArUco/build/robot_camera_processor': CMAKE_PREFIX_PATH=${CMAKE_PREFIX_PATH}:/opt/ros/humble /usr/bin/cmake --install /home/eragon/ArUco/build/robot_camera_processor
[14.127s] -- Install configuration: "Debug"
[14.127s] -- Installing: /home/eragon/ArUco/install/robot_camera_processor/lib/robot_camera_processor/robot_camera_processor_node
[14.139s] -- Set runtime path of "/home/eragon/ArUco/install/robot_camera_processor/lib/robot_camera_processor/robot_camera_processor_node" to ""
[14.140s] -- Up-to-date: /home/eragon/ArUco/install/robot_camera_processor/share/ament_index/resource_index/package_run_dependencies/robot_camera_processor
[14.140s] -- Up-to-date: /home/eragon/ArUco/install/robot_camera_processor/share/ament_index/resource_index/parent_prefix_path/robot_camera_processor
[14.140s] -- Up-to-date: /home/eragon/ArUco/install/robot_camera_processor/share/robot_camera_processor/environment/ament_prefix_path.sh
[14.140s] -- Up-to-date: /home/eragon/ArUco/install/robot_camera_processor/share/robot_camera_processor/environment/ament_prefix_path.dsv
[14.141s] -- Up-to-date: /home/eragon/ArUco/install/robot_camera_processor/share/robot_camera_processor/environment/path.sh
[14.141s] -- Up-to-date: /home/eragon/ArUco/install/robot_camera_processor/share/robot_camera_processor/environment/path.dsv
[14.141s] -- Up-to-date: /home/eragon/ArUco/install/robot_camera_processor/share/robot_camera_processor/local_setup.bash
[14.141s] -- Up-to-date: /home/eragon/ArUco/install/robot_camera_processor/share/robot_camera_processor/local_setup.sh
[14.141s] -- Up-to-date: /home/eragon/ArUco/install/robot_camera_processor/share/robot_camera_processor/local_setup.zsh
[14.141s] -- Up-to-date: /home/eragon/ArUco/install/robot_camera_processor/share/robot_camera_processor/local_setup.dsv
[14.141s] -- Installing: /home/eragon/ArUco/install/robot_camera_processor/share/robot_camera_processor/package.dsv
[14.141s] -- Up-to-date: /home/eragon/ArUco/install/robot_camera_processor/share/ament_index/resource_index/packages/robot_camera_processor
[14.142s] -- Up-to-date: /home/eragon/ArUco/install/robot_camera_processor/share/robot_camera_processor/cmake/robot_camera_processorConfig.cmake
[14.142s] -- Up-to-date: /home/eragon/ArUco/install/robot_camera_processor/share/robot_camera_processor/cmake/robot_camera_processorConfig-version.cmake
[14.142s] -- Up-to-date: /home/eragon/ArUco/install/robot_camera_processor/share/robot_camera_processor/package.xml
[14.149s] Invoked command in '/home/eragon/ArUco/build/robot_camera_processor' returned '0': CMAKE_PREFIX_PATH=${CMAKE_PREFIX_PATH}:/opt/ros/humble /usr/bin/cmake --install /home/eragon/ArUco/build/robot_camera_processor
