[0.052s] Invoking command in '/home/eragon/ArUco/build/lab4_image_receiver': CMAKE_PREFIX_PATH=${CMAKE_PREFIX_PATH}:/opt/ros/humble /usr/bin/cmake --build /home/eragon/ArUco/build/lab4_image_receiver -- -j8 -l8
[0.198s] [ 50%] Building CXX object CMakeFiles/lab4_image_receiver_node.dir/src/lab4_image_receiver_node.cpp.o
[12.794s] [100%] Linking CXX executable lab4_image_receiver_node
[14.023s] [100%] Built target lab4_image_receiver_node
[14.043s] Invoked command in '/home/eragon/ArUco/build/lab4_image_receiver' returned '0': CMAKE_PREFIX_PATH=${CMAKE_PREFIX_PATH}:/opt/ros/humble /usr/bin/cmake --build /home/eragon/ArUco/build/lab4_image_receiver -- -j8 -l8
[14.045s] Invoking command in '/home/eragon/ArUco/build/lab4_image_receiver': CMAKE_PREFIX_PATH=${CMAKE_PREFIX_PATH}:/opt/ros/humble /usr/bin/cmake --install /home/eragon/ArUco/build/lab4_image_receiver
[14.057s] -- Install configuration: "Debug"
[14.057s] -- Installing: /home/eragon/ArUco/install/lab4_image_receiver/lib/lab4_image_receiver/lab4_image_receiver_node
[14.061s] -- Set runtime path of "/home/eragon/ArUco/install/lab4_image_receiver/lib/lab4_image_receiver/lab4_image_receiver_node" to ""
[14.061s] -- Up-to-date: /home/eragon/ArUco/install/lab4_image_receiver/share/lab4_image_receiver/launch
[14.061s] -- Up-to-date: /home/eragon/ArUco/install/lab4_image_receiver/share/lab4_image_receiver/launch/image_launch.py
[14.061s] -- Up-to-date: /home/eragon/ArUco/install/lab4_image_receiver/share/ament_index/resource_index/package_run_dependencies/lab4_image_receiver
[14.061s] -- Up-to-date: /home/eragon/ArUco/install/lab4_image_receiver/share/ament_index/resource_index/parent_prefix_path/lab4_image_receiver
[14.062s] -- Up-to-date: /home/eragon/ArUco/install/lab4_image_receiver/share/lab4_image_receiver/environment/ament_prefix_path.sh
[14.062s] -- Up-to-date: /home/eragon/ArUco/install/lab4_image_receiver/share/lab4_image_receiver/environment/ament_prefix_path.dsv
[14.062s] -- Up-to-date: /home/eragon/ArUco/install/lab4_image_receiver/share/lab4_image_receiver/environment/path.sh
[14.062s] -- Up-to-date: /home/eragon/ArUco/install/lab4_image_receiver/share/lab4_image_receiver/environment/path.dsv
[14.062s] -- Up-to-date: /home/eragon/ArUco/install/lab4_image_receiver/share/lab4_image_receiver/local_setup.bash
[14.062s] -- Up-to-date: /home/eragon/ArUco/install/lab4_image_receiver/share/lab4_image_receiver/local_setup.sh
[14.062s] -- Up-to-date: /home/eragon/ArUco/install/lab4_image_receiver/share/lab4_image_receiver/local_setup.zsh
[14.062s] -- Up-to-date: /home/eragon/ArUco/install/lab4_image_receiver/share/lab4_image_receiver/local_setup.dsv
[14.063s] -- Installing: /home/eragon/ArUco/install/lab4_image_receiver/share/lab4_image_receiver/package.dsv
[14.063s] -- Up-to-date: /home/eragon/ArUco/install/lab4_image_receiver/share/ament_index/resource_index/packages/lab4_image_receiver
[14.063s] -- Up-to-date: /home/eragon/ArUco/install/lab4_image_receiver/share/lab4_image_receiver/cmake/lab4_image_receiverConfig.cmake
[14.063s] -- Up-to-date: /home/eragon/ArUco/install/lab4_image_receiver/share/lab4_image_receiver/cmake/lab4_image_receiverConfig-version.cmake
[14.063s] -- Up-to-date: /home/eragon/ArUco/install/lab4_image_receiver/share/lab4_image_receiver/package.xml
[14.065s] Invoked command in '/home/eragon/ArUco/build/lab4_image_receiver' returned '0': CMAKE_PREFIX_PATH=${CMAKE_PREFIX_PATH}:/opt/ros/humble /usr/bin/cmake --install /home/eragon/ArUco/build/lab4_image_receiver
