[0.042s] Invoking command in '/home/eragon/ArUco/build/lab4_image_sender': CMAKE_PREFIX_PATH=${CMAKE_PREFIX_PATH}:/opt/ros/humble /usr/bin/cmake --build /home/eragon/ArUco/build/lab4_image_sender -- -j8 -l8
[0.138s] Consolidate compiler generated dependencies of target lab4_image_sender_node
[0.179s] [ 50%] Building CXX object CMakeFiles/lab4_image_sender_node.dir/src/lab4_image_sender_node.cpp.o
[22.933s] [100%] Linking CXX executable lab4_image_sender_node
[24.635s] [100%] Built target lab4_image_sender_node
[24.654s] Invoked command in '/home/eragon/ArUco/build/lab4_image_sender' returned '0': CMAKE_PREFIX_PATH=${CMAKE_PREFIX_PATH}:/opt/ros/humble /usr/bin/cmake --build /home/eragon/ArUco/build/lab4_image_sender -- -j8 -l8
[24.656s] Invoking command in '/home/eragon/ArUco/build/lab4_image_sender': CMAKE_PREFIX_PATH=${CMAKE_PREFIX_PATH}:/opt/ros/humble /usr/bin/cmake --install /home/eragon/ArUco/build/lab4_image_sender
[24.669s] -- Install configuration: "Debug"
[24.670s] -- Installing: /home/eragon/ArUco/install/lab4_image_sender/lib/lab4_image_sender/lab4_image_sender_node
[24.690s] -- Set runtime path of "/home/eragon/ArUco/install/lab4_image_sender/lib/lab4_image_sender/lab4_image_sender_node" to ""
[24.690s] -- Up-to-date: /home/eragon/ArUco/install/lab4_image_sender/share/ament_index/resource_index/package_run_dependencies/lab4_image_sender
[24.691s] -- Up-to-date: /home/eragon/ArUco/install/lab4_image_sender/share/ament_index/resource_index/parent_prefix_path/lab4_image_sender
[24.692s] -- Up-to-date: /home/eragon/ArUco/install/lab4_image_sender/share/lab4_image_sender/environment/ament_prefix_path.sh
[24.692s] -- Up-to-date: /home/eragon/ArUco/install/lab4_image_sender/share/lab4_image_sender/environment/ament_prefix_path.dsv
[24.692s] -- Up-to-date: /home/eragon/ArUco/install/lab4_image_sender/share/lab4_image_sender/environment/path.sh
[24.693s] -- Up-to-date: /home/eragon/ArUco/install/lab4_image_sender/share/lab4_image_sender/environment/path.dsv
[24.693s] -- Up-to-date: /home/eragon/ArUco/install/lab4_image_sender/share/lab4_image_sender/local_setup.bash
[24.693s] -- Up-to-date: /home/eragon/ArUco/install/lab4_image_sender/share/lab4_image_sender/local_setup.sh
[24.695s] -- Up-to-date: /home/eragon/ArUco/install/lab4_image_sender/share/lab4_image_sender/local_setup.zsh
[24.695s] -- Up-to-date: /home/eragon/ArUco/install/lab4_image_sender/share/lab4_image_sender/local_setup.dsv
[24.695s] -- Installing: /home/eragon/ArUco/install/lab4_image_sender/share/lab4_image_sender/package.dsv
[24.696s] -- Up-to-date: /home/eragon/ArUco/install/lab4_image_sender/share/ament_index/resource_index/packages/lab4_image_sender
[24.696s] -- Up-to-date: /home/eragon/ArUco/install/lab4_image_sender/share/lab4_image_sender/cmake/lab4_image_senderConfig.cmake
[24.696s] -- Up-to-date: /home/eragon/ArUco/install/lab4_image_sender/share/lab4_image_sender/cmake/lab4_image_senderConfig-version.cmake
[24.696s] -- Up-to-date: /home/eragon/ArUco/install/lab4_image_sender/share/lab4_image_sender/package.xml
[24.697s] Invoked command in '/home/eragon/ArUco/build/lab4_image_sender' returned '0': CMAKE_PREFIX_PATH=${CMAKE_PREFIX_PATH}:/opt/ros/humble /usr/bin/cmake --install /home/eragon/ArUco/build/lab4_image_sender
