/home/eragon/ArUco/src/lab4_image_receiver/src/lab4_image_receiver_node.cpp: In member function ‘void ArUcoDetector::image_callback(const ConstSharedPtr&)’:
/home/eragon/ArUco/src/lab4_image_receiver/src/lab4_image_receiver_node.cpp:78:35: warning: narrowing conversion of ‘((-((ArUcoDetector*)this)->ArUcoDetector::marker_size) / (double)2)’ from ‘double’ to ‘float’ [-Wnarrowing]
   78 |                     {-marker_size / 2, marker_size / 2, 0},  // Верхний левый угол
      |                      ~~~~~~~~~~~~~^~~
/home/eragon/ArUco/src/lab4_image_receiver/src/lab4_image_receiver_node.cpp:78:52: warning: narrowing conversion of ‘(((ArUcoDetector*)this)->ArUcoDetector::marker_size / (double)2)’ from ‘double’ to ‘float’ [-Wnarrowing]
   78 |                     {-marker_size / 2, marker_size / 2, 0},  // Верхний левый угол
      |                                        ~~~~~~~~~~~~^~~
/home/eragon/ArUco/src/lab4_image_receiver/src/lab4_image_receiver_node.cpp:79:34: warning: narrowing conversion of ‘(((ArUcoDetector*)this)->ArUcoDetector::marker_size / (double)2)’ from ‘double’ to ‘float’ [-Wnarrowing]
   79 |                     {marker_size / 2, marker_size / 2, 0},  // Верхний правый угол
      |                      ~~~~~~~~~~~~^~~
/home/eragon/ArUco/src/lab4_image_receiver/src/lab4_image_receiver_node.cpp:79:51: warning: narrowing conversion of ‘(((ArUcoDetector*)this)->ArUcoDetector::marker_size / (double)2)’ from ‘double’ to ‘float’ [-Wnarrowing]
   79 |                     {marker_size / 2, marker_size / 2, 0},  // Верхний правый угол
      |                                       ~~~~~~~~~~~~^~~
/home/eragon/ArUco/src/lab4_image_receiver/src/lab4_image_receiver_node.cpp:80:34: warning: narrowing conversion of ‘(((ArUcoDetector*)this)->ArUcoDetector::marker_size / (double)2)’ from ‘double’ to ‘float’ [-Wnarrowing]
   80 |                     {marker_size / 2, -marker_size / 2, 0}, // Нижний правый угол
      |                      ~~~~~~~~~~~~^~~
/home/eragon/ArUco/src/lab4_image_receiver/src/lab4_image_receiver_node.cpp:80:52: warning: narrowing conversion of ‘((-((ArUcoDetector*)this)->ArUcoDetector::marker_size) / (double)2)’ from ‘double’ to ‘float’ [-Wnarrowing]
   80 |                     {marker_size / 2, -marker_size / 2, 0}, // Нижний правый угол
      |                                       ~~~~~~~~~~~~~^~~
/home/eragon/ArUco/src/lab4_image_receiver/src/lab4_image_receiver_node.cpp:81:35: warning: narrowing conversion of ‘((-((ArUcoDetector*)this)->ArUcoDetector::marker_size) / (double)2)’ from ‘double’ to ‘float’ [-Wnarrowing]
   81 |                     {-marker_size / 2, -marker_size / 2, 0} // Нижний левый угол
      |                      ~~~~~~~~~~~~~^~~
/home/eragon/ArUco/src/lab4_image_receiver/src/lab4_image_receiver_node.cpp:81:53: warning: narrowing conversion of ‘((-((ArUcoDetector*)this)->ArUcoDetector::marker_size) / (double)2)’ from ‘double’ to ‘float’ [-Wnarrowing]
   81 |                     {-marker_size / 2, -marker_size / 2, 0} // Нижний левый угол
      |                                        ~~~~~~~~~~~~~^~~
