[0.053s] Invoking command in '/home/eragon/ArUco/build/lab4_image_receiver': CMAKE_PREFIX_PATH=${CMAKE_PREFIX_PATH}:/opt/ros/humble /usr/bin/cmake --build /home/eragon/ArUco/build/lab4_image_receiver -- -j8 -l8
[0.188s] Consolidate compiler generated dependencies of target lab4_image_receiver_node
[0.205s] [ 50%] Building CXX object CMakeFiles/lab4_image_receiver_node.dir/src/lab4_image_receiver_node.cpp.o
[11.098s] [100%] Linking CXX executable lab4_image_receiver_node
[12.208s] [100%] Built target lab4_image_receiver_node
[12.229s] Invoked command in '/home/eragon/ArUco/build/lab4_image_receiver' returned '0': CMAKE_PREFIX_PATH=${CMAKE_PREFIX_PATH}:/opt/ros/humble /usr/bin/cmake --build /home/eragon/ArUco/build/lab4_image_receiver -- -j8 -l8
[12.232s] Invoking command in '/home/eragon/ArUco/build/lab4_image_receiver': CMAKE_PREFIX_PATH=${CMAKE_PREFIX_PATH}:/opt/ros/humble /usr/bin/cmake --install /home/eragon/ArUco/build/lab4_image_receiver
[12.251s] -- Install configuration: "Debug"
[12.252s] -- Installing: /home/eragon/ArUco/install/lab4_image_receiver/lib/lab4_image_receiver/lab4_image_receiver_node
[12.262s] -- Set runtime path of "/home/eragon/ArUco/install/lab4_image_receiver/lib/lab4_image_receiver/lab4_image_receiver_node" to ""
[12.262s] -- Up-to-date: /home/eragon/ArUco/install/lab4_image_receiver/share/lab4_image_receiver/launch
[12.262s] -- Up-to-date: /home/eragon/ArUco/install/lab4_image_receiver/share/lab4_image_receiver/launch/image_launch.py
[12.263s] -- Up-to-date: /home/eragon/ArUco/install/lab4_image_receiver/share/ament_index/resource_index/package_run_dependencies/lab4_image_receiver
[12.263s] -- Up-to-date: /home/eragon/ArUco/install/lab4_image_receiver/share/ament_index/resource_index/parent_prefix_path/lab4_image_receiver
[12.263s] -- Up-to-date: /home/eragon/ArUco/install/lab4_image_receiver/share/lab4_image_receiver/environment/ament_prefix_path.sh
[12.263s] -- Up-to-date: /home/eragon/ArUco/install/lab4_image_receiver/share/lab4_image_receiver/environment/ament_prefix_path.dsv
[12.263s] -- Up-to-date: /home/eragon/ArUco/install/lab4_image_receiver/share/lab4_image_receiver/environment/path.sh
[12.264s] -- Up-to-date: /home/eragon/ArUco/install/lab4_image_receiver/share/lab4_image_receiver/environment/path.dsv
[12.264s] -- Up-to-date: /home/eragon/ArUco/install/lab4_image_receiver/share/lab4_image_receiver/local_setup.bash
[12.264s] -- Up-to-date: /home/eragon/ArUco/install/lab4_image_receiver/share/lab4_image_receiver/local_setup.sh
[12.264s] -- Up-to-date: /home/eragon/ArUco/install/lab4_image_receiver/share/lab4_image_receiver/local_setup.zsh
[12.264s] -- Up-to-date: /home/eragon/ArUco/install/lab4_image_receiver/share/lab4_image_receiver/local_setup.dsv
[12.265s] -- Installing: /home/eragon/ArUco/install/lab4_image_receiver/share/lab4_image_receiver/package.dsv
[12.265s] -- Up-to-date: /home/eragon/ArUco/install/lab4_image_receiver/share/ament_index/resource_index/packages/lab4_image_receiver
[12.265s] -- Up-to-date: /home/eragon/ArUco/install/lab4_image_receiver/share/lab4_image_receiver/cmake/lab4_image_receiverConfig.cmake
[12.265s] -- Up-to-date: /home/eragon/ArUco/install/lab4_image_receiver/share/lab4_image_receiver/cmake/lab4_image_receiverConfig-version.cmake
[12.266s] -- Up-to-date: /home/eragon/ArUco/install/lab4_image_receiver/share/lab4_image_receiver/package.xml
[12.268s] Invoked command in '/home/eragon/ArUco/build/lab4_image_receiver' returned '0': CMAKE_PREFIX_PATH=${CMAKE_PREFIX_PATH}:/opt/ros/humble /usr/bin/cmake --install /home/eragon/ArUco/build/lab4_image_receiver
