[0.135s] DEBUG:colcon:Command line arguments: ['/usr/bin/colcon', 'build', '--event-handlers', 'status+', 'console_start_end+', '--cmake-args', '-G', 'CodeBlocks - Unix Makefiles', '-DCMAKE_BUILD_TYPE=Debug']
[0.135s] DEBUG:colcon:Parsed command line arguments: Namespace(log_base=None, log_level=None, verb_name='build', build_base='build', install_base='install', merge_install=False, symlink_install=False, test_result_base=None, continue_on_error=False, executor='parallel', parallel_workers=8, event_handlers=['status+', 'console_start_end+'], ignore_user_meta=False, metas=['./colcon.meta'], base_paths=['.'], packages_ignore=None, packages_ignore_regex=None, paths=None, packages_up_to=None, packages_up_to_regex=None, packages_above=None, packages_above_and_dependencies=None, packages_above_depth=None, packages_select_by_dep=None, packages_skip_by_dep=None, packages_skip_up_to=None, packages_select_build_failed=False, packages_skip_build_finished=False, packages_select_test_failures=False, packages_skip_test_passed=False, packages_select=None, packages_skip=None, packages_select_regex=None, packages_skip_regex=None, packages_start=None, packages_end=None, allow_overriding=[], cmake_args=['-G', 'CodeBlocks - Unix Makefiles', '-DCMAKE_BUILD_TYPE=Debug'], cmake_target=None, cmake_target_skip_unavailable=False, cmake_clean_cache=False, cmake_clean_first=False, cmake_force_configure=False, ament_cmake_args=None, catkin_cmake_args=None, catkin_skip_building_tests=False, mixin_files=None, mixin=None, verb_parser=<colcon_mixin.mixin.mixin_argument.MixinArgumentDecorator object at 0x7c3265101930>, verb_extension=<colcon_core.verb.build.BuildVerb object at 0x7c3265101240>, main=<bound method BuildVerb.main of <colcon_core.verb.build.BuildVerb object at 0x7c3265101240>>, mixin_verb=('build',))
[0.351s] Level 1:colcon.colcon_core.package_discovery:discover_packages(colcon_meta) check parameters
[0.351s] Level 1:colcon.colcon_core.package_discovery:discover_packages(recursive) check parameters
[0.351s] Level 1:colcon.colcon_core.package_discovery:discover_packages(ignore) check parameters
[0.351s] Level 1:colcon.colcon_core.package_discovery:discover_packages(path) check parameters
[0.351s] Level 1:colcon.colcon_core.package_discovery:discover_packages(colcon_meta) discover
[0.351s] Level 1:colcon.colcon_core.package_discovery:discover_packages(recursive) discover
[0.351s] INFO:colcon.colcon_core.package_discovery:Crawling recursively for packages in '/home/eragon/ArUco'
[0.351s] Level 1:colcon.colcon_core.package_identification:_identify(.) by extensions ['ignore', 'ignore_ament_install']
[0.351s] Level 1:colcon.colcon_core.package_identification:_identify(.) by extension 'ignore'
[0.351s] Level 1:colcon.colcon_core.package_identification:_identify(.) by extension 'ignore_ament_install'
[0.352s] Level 1:colcon.colcon_core.package_identification:_identify(.) by extensions ['colcon_pkg']
[0.352s] Level 1:colcon.colcon_core.package_identification:_identify(.) by extension 'colcon_pkg'
[0.352s] Level 1:colcon.colcon_core.package_identification:_identify(.) by extensions ['colcon_meta']
[0.352s] Level 1:colcon.colcon_core.package_identification:_identify(.) by extension 'colcon_meta'
[0.352s] Level 1:colcon.colcon_core.package_identification:_identify(.) by extensions ['ros']
[0.352s] Level 1:colcon.colcon_core.package_identification:_identify(.) by extension 'ros'
[0.366s] Level 1:colcon.colcon_core.package_identification:_identify(.) by extensions ['cmake', 'python']
[0.366s] Level 1:colcon.colcon_core.package_identification:_identify(.) by extension 'cmake'
[0.366s] Level 1:colcon.colcon_core.package_identification:_identify(.) by extension 'python'
[0.366s] Level 1:colcon.colcon_core.package_identification:_identify(.) by extensions ['python_setup_py']
[0.366s] Level 1:colcon.colcon_core.package_identification:_identify(.) by extension 'python_setup_py'
[0.366s] Level 1:colcon.colcon_core.package_identification:_identify(build) by extensions ['ignore', 'ignore_ament_install']
[0.366s] Level 1:colcon.colcon_core.package_identification:_identify(build) by extension 'ignore'
[0.366s] Level 1:colcon.colcon_core.package_identification:_identify(build) ignored
[0.366s] Level 1:colcon.colcon_core.package_identification:_identify(install) by extensions ['ignore', 'ignore_ament_install']
[0.367s] Level 1:colcon.colcon_core.package_identification:_identify(install) by extension 'ignore'
[0.367s] Level 1:colcon.colcon_core.package_identification:_identify(install) ignored
[0.367s] Level 1:colcon.colcon_core.package_identification:_identify(log) by extensions ['ignore', 'ignore_ament_install']
[0.367s] Level 1:colcon.colcon_core.package_identification:_identify(log) by extension 'ignore'
[0.367s] Level 1:colcon.colcon_core.package_identification:_identify(log) ignored
[0.367s] Level 1:colcon.colcon_core.package_identification:_identify(src) by extensions ['ignore', 'ignore_ament_install']
[0.367s] Level 1:colcon.colcon_core.package_identification:_identify(src) by extension 'ignore'
[0.367s] Level 1:colcon.colcon_core.package_identification:_identify(src) by extension 'ignore_ament_install'
[0.367s] Level 1:colcon.colcon_core.package_identification:_identify(src) by extensions ['colcon_pkg']
[0.367s] Level 1:colcon.colcon_core.package_identification:_identify(src) by extension 'colcon_pkg'
[0.367s] Level 1:colcon.colcon_core.package_identification:_identify(src) by extensions ['colcon_meta']
[0.367s] Level 1:colcon.colcon_core.package_identification:_identify(src) by extension 'colcon_meta'
[0.367s] Level 1:colcon.colcon_core.package_identification:_identify(src) by extensions ['ros']
[0.367s] Level 1:colcon.colcon_core.package_identification:_identify(src) by extension 'ros'
[0.368s] Level 1:colcon.colcon_core.package_identification:_identify(src) by extensions ['cmake', 'python']
[0.368s] Level 1:colcon.colcon_core.package_identification:_identify(src) by extension 'cmake'
[0.368s] Level 1:colcon.colcon_core.package_identification:_identify(src) by extension 'python'
[0.368s] Level 1:colcon.colcon_core.package_identification:_identify(src) by extensions ['python_setup_py']
[0.368s] Level 1:colcon.colcon_core.package_identification:_identify(src) by extension 'python_setup_py'
[0.368s] Level 1:colcon.colcon_core.package_identification:_identify(src/robot) by extensions ['ignore', 'ignore_ament_install']
[0.368s] Level 1:colcon.colcon_core.package_identification:_identify(src/robot) by extension 'ignore'
[0.368s] Level 1:colcon.colcon_core.package_identification:_identify(src/robot) by extension 'ignore_ament_install'
[0.368s] Level 1:colcon.colcon_core.package_identification:_identify(src/robot) by extensions ['colcon_pkg']
[0.368s] Level 1:colcon.colcon_core.package_identification:_identify(src/robot) by extension 'colcon_pkg'
[0.368s] Level 1:colcon.colcon_core.package_identification:_identify(src/robot) by extensions ['colcon_meta']
[0.368s] Level 1:colcon.colcon_core.package_identification:_identify(src/robot) by extension 'colcon_meta'
[0.368s] Level 1:colcon.colcon_core.package_identification:_identify(src/robot) by extensions ['ros']
[0.368s] Level 1:colcon.colcon_core.package_identification:_identify(src/robot) by extension 'ros'
[0.371s] DEBUG:colcon.colcon_core.package_identification:Package 'src/robot' with type 'ros.ament_cmake' and name 'robot'
[0.371s] Level 1:colcon.colcon_core.package_identification:_identify(src/robot_camera_processor) by extensions ['ignore', 'ignore_ament_install']
[0.372s] Level 1:colcon.colcon_core.package_identification:_identify(src/robot_camera_processor) by extension 'ignore'
[0.372s] Level 1:colcon.colcon_core.package_identification:_identify(src/robot_camera_processor) by extension 'ignore_ament_install'
[0.372s] Level 1:colcon.colcon_core.package_identification:_identify(src/robot_camera_processor) by extensions ['colcon_pkg']
[0.372s] Level 1:colcon.colcon_core.package_identification:_identify(src/robot_camera_processor) by extension 'colcon_pkg'
[0.372s] Level 1:colcon.colcon_core.package_identification:_identify(src/robot_camera_processor) by extensions ['colcon_meta']
[0.372s] Level 1:colcon.colcon_core.package_identification:_identify(src/robot_camera_processor) by extension 'colcon_meta'
[0.372s] Level 1:colcon.colcon_core.package_identification:_identify(src/robot_camera_processor) by extensions ['ros']
[0.372s] Level 1:colcon.colcon_core.package_identification:_identify(src/robot_camera_processor) by extension 'ros'
[0.374s] DEBUG:colcon.colcon_core.package_identification:Package 'src/robot_camera_processor' with type 'ros.ament_cmake' and name 'robot_camera_processor'
[0.374s] Level 1:colcon.colcon_core.package_identification:_identify(src/robot_odometry) by extensions ['ignore', 'ignore_ament_install']
[0.374s] Level 1:colcon.colcon_core.package_identification:_identify(src/robot_odometry) by extension 'ignore'
[0.374s] Level 1:colcon.colcon_core.package_identification:_identify(src/robot_odometry) by extension 'ignore_ament_install'
[0.374s] Level 1:colcon.colcon_core.package_identification:_identify(src/robot_odometry) by extensions ['colcon_pkg']
[0.374s] Level 1:colcon.colcon_core.package_identification:_identify(src/robot_odometry) by extension 'colcon_pkg'
[0.374s] Level 1:colcon.colcon_core.package_identification:_identify(src/robot_odometry) by extensions ['colcon_meta']
[0.374s] Level 1:colcon.colcon_core.package_identification:_identify(src/robot_odometry) by extension 'colcon_meta'
[0.374s] Level 1:colcon.colcon_core.package_identification:_identify(src/robot_odometry) by extensions ['ros']
[0.375s] Level 1:colcon.colcon_core.package_identification:_identify(src/robot_odometry) by extension 'ros'
[0.375s] DEBUG:colcon.colcon_core.package_identification:Package 'src/robot_odometry' with type 'ros.ament_cmake' and name 'robot_odometry'
[0.375s] Level 1:colcon.colcon_core.package_identification:_identify(src/robot_teleop) by extensions ['ignore', 'ignore_ament_install']
[0.375s] Level 1:colcon.colcon_core.package_identification:_identify(src/robot_teleop) by extension 'ignore'
[0.375s] Level 1:colcon.colcon_core.package_identification:_identify(src/robot_teleop) by extension 'ignore_ament_install'
[0.375s] Level 1:colcon.colcon_core.package_identification:_identify(src/robot_teleop) by extensions ['colcon_pkg']
[0.376s] Level 1:colcon.colcon_core.package_identification:_identify(src/robot_teleop) by extension 'colcon_pkg'
[0.376s] Level 1:colcon.colcon_core.package_identification:_identify(src/robot_teleop) by extensions ['colcon_meta']
[0.376s] Level 1:colcon.colcon_core.package_identification:_identify(src/robot_teleop) by extension 'colcon_meta'
[0.376s] Level 1:colcon.colcon_core.package_identification:_identify(src/robot_teleop) by extensions ['ros']
[0.376s] Level 1:colcon.colcon_core.package_identification:_identify(src/robot_teleop) by extension 'ros'
[0.376s] DEBUG:colcon.colcon_core.package_identification:Package 'src/robot_teleop' with type 'ros.ament_cmake' and name 'robot_teleop'
[0.377s] Level 1:colcon.colcon_core.package_identification:_identify(src/test_robot_plugin) by extensions ['ignore', 'ignore_ament_install']
[0.377s] Level 1:colcon.colcon_core.package_identification:_identify(src/test_robot_plugin) by extension 'ignore'
[0.377s] Level 1:colcon.colcon_core.package_identification:_identify(src/test_robot_plugin) by extension 'ignore_ament_install'
[0.377s] Level 1:colcon.colcon_core.package_identification:_identify(src/test_robot_plugin) by extensions ['colcon_pkg']
[0.377s] Level 1:colcon.colcon_core.package_identification:_identify(src/test_robot_plugin) by extension 'colcon_pkg'
[0.377s] Level 1:colcon.colcon_core.package_identification:_identify(src/test_robot_plugin) by extensions ['colcon_meta']
[0.377s] Level 1:colcon.colcon_core.package_identification:_identify(src/test_robot_plugin) by extension 'colcon_meta'
[0.377s] Level 1:colcon.colcon_core.package_identification:_identify(src/test_robot_plugin) by extensions ['ros']
[0.377s] Level 1:colcon.colcon_core.package_identification:_identify(src/test_robot_plugin) by extension 'ros'
[0.378s] DEBUG:colcon.colcon_core.package_identification:Package 'src/test_robot_plugin' with type 'ros.ament_cmake' and name 'test_robot_plugin'
[0.378s] Level 1:colcon.colcon_core.package_discovery:discover_packages(recursive) using defaults
[0.378s] Level 1:colcon.colcon_core.package_discovery:discover_packages(ignore) discover
[0.378s] Level 1:colcon.colcon_core.package_discovery:discover_packages(ignore) using defaults
[0.378s] Level 1:colcon.colcon_core.package_discovery:discover_packages(path) discover
[0.378s] Level 1:colcon.colcon_core.package_discovery:discover_packages(path) using defaults
[0.420s] Level 1:colcon.colcon_core.package_discovery:discover_packages(prefix_path) check parameters
[0.420s] Level 1:colcon.colcon_core.package_discovery:discover_packages(prefix_path) discover
[0.423s] DEBUG:colcon.colcon_installed_package_information.package_discovery:Found 11 installed packages in /home/eragon/ArUco/install
[0.425s] DEBUG:colcon.colcon_installed_package_information.package_discovery:Found 284 installed packages in /opt/ros/humble
[0.427s] Level 1:colcon.colcon_core.package_discovery:discover_packages(prefix_path) using defaults
[0.472s] Level 5:colcon.colcon_core.verb:set package 'robot' build argument 'cmake_args' from command line to '['-G', 'CodeBlocks - Unix Makefiles', '-DCMAKE_BUILD_TYPE=Debug']'
[0.472s] Level 5:colcon.colcon_core.verb:set package 'robot' build argument 'cmake_target' from command line to 'None'
[0.472s] Level 5:colcon.colcon_core.verb:set package 'robot' build argument 'cmake_target_skip_unavailable' from command line to 'False'
[0.472s] Level 5:colcon.colcon_core.verb:set package 'robot' build argument 'cmake_clean_cache' from command line to 'False'
[0.472s] Level 5:colcon.colcon_core.verb:set package 'robot' build argument 'cmake_clean_first' from command line to 'False'
[0.472s] Level 5:colcon.colcon_core.verb:set package 'robot' build argument 'cmake_force_configure' from command line to 'False'
[0.472s] Level 5:colcon.colcon_core.verb:set package 'robot' build argument 'ament_cmake_args' from command line to 'None'
[0.472s] Level 5:colcon.colcon_core.verb:set package 'robot' build argument 'catkin_cmake_args' from command line to 'None'
[0.472s] Level 5:colcon.colcon_core.verb:set package 'robot' build argument 'catkin_skip_building_tests' from command line to 'False'
[0.472s] DEBUG:colcon.colcon_core.verb:Building package 'robot' with the following arguments: {'ament_cmake_args': None, 'build_base': '/home/eragon/ArUco/build/robot', 'catkin_cmake_args': None, 'catkin_skip_building_tests': False, 'cmake_args': ['-G', 'CodeBlocks - Unix Makefiles', '-DCMAKE_BUILD_TYPE=Debug'], 'cmake_clean_cache': False, 'cmake_clean_first': False, 'cmake_force_configure': False, 'cmake_target': None, 'cmake_target_skip_unavailable': False, 'install_base': '/home/eragon/ArUco/install/robot', 'merge_install': False, 'path': '/home/eragon/ArUco/src/robot', 'symlink_install': False, 'test_result_base': None}
[0.472s] Level 5:colcon.colcon_core.verb:set package 'robot_camera_processor' build argument 'cmake_args' from command line to '['-G', 'CodeBlocks - Unix Makefiles', '-DCMAKE_BUILD_TYPE=Debug']'
[0.473s] Level 5:colcon.colcon_core.verb:set package 'robot_camera_processor' build argument 'cmake_target' from command line to 'None'
[0.473s] Level 5:colcon.colcon_core.verb:set package 'robot_camera_processor' build argument 'cmake_target_skip_unavailable' from command line to 'False'
[0.473s] Level 5:colcon.colcon_core.verb:set package 'robot_camera_processor' build argument 'cmake_clean_cache' from command line to 'False'
[0.473s] Level 5:colcon.colcon_core.verb:set package 'robot_camera_processor' build argument 'cmake_clean_first' from command line to 'False'
[0.473s] Level 5:colcon.colcon_core.verb:set package 'robot_camera_processor' build argument 'cmake_force_configure' from command line to 'False'
[0.473s] Level 5:colcon.colcon_core.verb:set package 'robot_camera_processor' build argument 'ament_cmake_args' from command line to 'None'
[0.473s] Level 5:colcon.colcon_core.verb:set package 'robot_camera_processor' build argument 'catkin_cmake_args' from command line to 'None'
[0.473s] Level 5:colcon.colcon_core.verb:set package 'robot_camera_processor' build argument 'catkin_skip_building_tests' from command line to 'False'
[0.473s] DEBUG:colcon.colcon_core.verb:Building package 'robot_camera_processor' with the following arguments: {'ament_cmake_args': None, 'build_base': '/home/eragon/ArUco/build/robot_camera_processor', 'catkin_cmake_args': None, 'catkin_skip_building_tests': False, 'cmake_args': ['-G', 'CodeBlocks - Unix Makefiles', '-DCMAKE_BUILD_TYPE=Debug'], 'cmake_clean_cache': False, 'cmake_clean_first': False, 'cmake_force_configure': False, 'cmake_target': None, 'cmake_target_skip_unavailable': False, 'install_base': '/home/eragon/ArUco/install/robot_camera_processor', 'merge_install': False, 'path': '/home/eragon/ArUco/src/robot_camera_processor', 'symlink_install': False, 'test_result_base': None}
[0.473s] Level 5:colcon.colcon_core.verb:set package 'robot_odometry' build argument 'cmake_args' from command line to '['-G', 'CodeBlocks - Unix Makefiles', '-DCMAKE_BUILD_TYPE=Debug']'
[0.473s] Level 5:colcon.colcon_core.verb:set package 'robot_odometry' build argument 'cmake_target' from command line to 'None'
[0.473s] Level 5:colcon.colcon_core.verb:set package 'robot_odometry' build argument 'cmake_target_skip_unavailable' from command line to 'False'
[0.473s] Level 5:colcon.colcon_core.verb:set package 'robot_odometry' build argument 'cmake_clean_cache' from command line to 'False'
[0.473s] Level 5:colcon.colcon_core.verb:set package 'robot_odometry' build argument 'cmake_clean_first' from command line to 'False'
[0.473s] Level 5:colcon.colcon_core.verb:set package 'robot_odometry' build argument 'cmake_force_configure' from command line to 'False'
[0.473s] Level 5:colcon.colcon_core.verb:set package 'robot_odometry' build argument 'ament_cmake_args' from command line to 'None'
[0.473s] Level 5:colcon.colcon_core.verb:set package 'robot_odometry' build argument 'catkin_cmake_args' from command line to 'None'
[0.473s] Level 5:colcon.colcon_core.verb:set package 'robot_odometry' build argument 'catkin_skip_building_tests' from command line to 'False'
[0.474s] DEBUG:colcon.colcon_core.verb:Building package 'robot_odometry' with the following arguments: {'ament_cmake_args': None, 'build_base': '/home/eragon/ArUco/build/robot_odometry', 'catkin_cmake_args': None, 'catkin_skip_building_tests': False, 'cmake_args': ['-G', 'CodeBlocks - Unix Makefiles', '-DCMAKE_BUILD_TYPE=Debug'], 'cmake_clean_cache': False, 'cmake_clean_first': False, 'cmake_force_configure': False, 'cmake_target': None, 'cmake_target_skip_unavailable': False, 'install_base': '/home/eragon/ArUco/install/robot_odometry', 'merge_install': False, 'path': '/home/eragon/ArUco/src/robot_odometry', 'symlink_install': False, 'test_result_base': None}
[0.474s] Level 5:colcon.colcon_core.verb:set package 'robot_teleop' build argument 'cmake_args' from command line to '['-G', 'CodeBlocks - Unix Makefiles', '-DCMAKE_BUILD_TYPE=Debug']'
[0.474s] Level 5:colcon.colcon_core.verb:set package 'robot_teleop' build argument 'cmake_target' from command line to 'None'
[0.474s] Level 5:colcon.colcon_core.verb:set package 'robot_teleop' build argument 'cmake_target_skip_unavailable' from command line to 'False'
[0.474s] Level 5:colcon.colcon_core.verb:set package 'robot_teleop' build argument 'cmake_clean_cache' from command line to 'False'
[0.474s] Level 5:colcon.colcon_core.verb:set package 'robot_teleop' build argument 'cmake_clean_first' from command line to 'False'
[0.474s] Level 5:colcon.colcon_core.verb:set package 'robot_teleop' build argument 'cmake_force_configure' from command line to 'False'
[0.474s] Level 5:colcon.colcon_core.verb:set package 'robot_teleop' build argument 'ament_cmake_args' from command line to 'None'
[0.474s] Level 5:colcon.colcon_core.verb:set package 'robot_teleop' build argument 'catkin_cmake_args' from command line to 'None'
[0.474s] Level 5:colcon.colcon_core.verb:set package 'robot_teleop' build argument 'catkin_skip_building_tests' from command line to 'False'
[0.474s] DEBUG:colcon.colcon_core.verb:Building package 'robot_teleop' with the following arguments: {'ament_cmake_args': None, 'build_base': '/home/eragon/ArUco/build/robot_teleop', 'catkin_cmake_args': None, 'catkin_skip_building_tests': False, 'cmake_args': ['-G', 'CodeBlocks - Unix Makefiles', '-DCMAKE_BUILD_TYPE=Debug'], 'cmake_clean_cache': False, 'cmake_clean_first': False, 'cmake_force_configure': False, 'cmake_target': None, 'cmake_target_skip_unavailable': False, 'install_base': '/home/eragon/ArUco/install/robot_teleop', 'merge_install': False, 'path': '/home/eragon/ArUco/src/robot_teleop', 'symlink_install': False, 'test_result_base': None}
[0.475s] Level 5:colcon.colcon_core.verb:set package 'test_robot_plugin' build argument 'cmake_args' from command line to '['-G', 'CodeBlocks - Unix Makefiles', '-DCMAKE_BUILD_TYPE=Debug']'
[0.475s] Level 5:colcon.colcon_core.verb:set package 'test_robot_plugin' build argument 'cmake_target' from command line to 'None'
[0.475s] Level 5:colcon.colcon_core.verb:set package 'test_robot_plugin' build argument 'cmake_target_skip_unavailable' from command line to 'False'
[0.475s] Level 5:colcon.colcon_core.verb:set package 'test_robot_plugin' build argument 'cmake_clean_cache' from command line to 'False'
[0.475s] Level 5:colcon.colcon_core.verb:set package 'test_robot_plugin' build argument 'cmake_clean_first' from command line to 'False'
[0.475s] Level 5:colcon.colcon_core.verb:set package 'test_robot_plugin' build argument 'cmake_force_configure' from command line to 'False'
[0.475s] Level 5:colcon.colcon_core.verb:set package 'test_robot_plugin' build argument 'ament_cmake_args' from command line to 'None'
[0.475s] Level 5:colcon.colcon_core.verb:set package 'test_robot_plugin' build argument 'catkin_cmake_args' from command line to 'None'
[0.475s] Level 5:colcon.colcon_core.verb:set package 'test_robot_plugin' build argument 'catkin_skip_building_tests' from command line to 'False'
[0.475s] DEBUG:colcon.colcon_core.verb:Building package 'test_robot_plugin' with the following arguments: {'ament_cmake_args': None, 'build_base': '/home/eragon/ArUco/build/test_robot_plugin', 'catkin_cmake_args': None, 'catkin_skip_building_tests': False, 'cmake_args': ['-G', 'CodeBlocks - Unix Makefiles', '-DCMAKE_BUILD_TYPE=Debug'], 'cmake_clean_cache': False, 'cmake_clean_first': False, 'cmake_force_configure': False, 'cmake_target': None, 'cmake_target_skip_unavailable': False, 'install_base': '/home/eragon/ArUco/install/test_robot_plugin', 'merge_install': False, 'path': '/home/eragon/ArUco/src/test_robot_plugin', 'symlink_install': False, 'test_result_base': None}
[0.475s] INFO:colcon.colcon_core.executor:Executing jobs using 'parallel' executor
[0.476s] DEBUG:colcon.colcon_parallel_executor.executor.parallel:run_until_complete
[0.477s] INFO:colcon.colcon_ros.task.ament_cmake.build:Building ROS package in '/home/eragon/ArUco/src/robot' with build type 'ament_cmake'
[0.477s] INFO:colcon.colcon_cmake.task.cmake.build:Building CMake package in '/home/eragon/ArUco/src/robot'
[0.479s] INFO:colcon.colcon_core.plugin_system:Skipping extension 'colcon_core.shell.bat': Not used on non-Windows systems
[0.480s] INFO:colcon.colcon_core.shell:Skip shell extension 'powershell' for command environment: Not usable outside of PowerShell
[0.480s] DEBUG:colcon.colcon_core.shell:Skip shell extension 'dsv' for command environment
[0.485s] INFO:colcon.colcon_ros.task.ament_cmake.build:Building ROS package in '/home/eragon/ArUco/src/robot_camera_processor' with build type 'ament_cmake'
[0.485s] INFO:colcon.colcon_cmake.task.cmake.build:Building CMake package in '/home/eragon/ArUco/src/robot_camera_processor'
[0.485s] INFO:colcon.colcon_core.shell:Skip shell extension 'powershell' for command environment: Not usable outside of PowerShell
[0.485s] DEBUG:colcon.colcon_core.shell:Skip shell extension 'dsv' for command environment
[0.490s] INFO:colcon.colcon_ros.task.ament_cmake.build:Building ROS package in '/home/eragon/ArUco/src/robot_odometry' with build type 'ament_cmake'
[0.490s] INFO:colcon.colcon_cmake.task.cmake.build:Building CMake package in '/home/eragon/ArUco/src/robot_odometry'
[0.491s] INFO:colcon.colcon_core.shell:Skip shell extension 'powershell' for command environment: Not usable outside of PowerShell
[0.491s] DEBUG:colcon.colcon_core.shell:Skip shell extension 'dsv' for command environment
[0.496s] INFO:colcon.colcon_ros.task.ament_cmake.build:Building ROS package in '/home/eragon/ArUco/src/robot_teleop' with build type 'ament_cmake'
[0.496s] INFO:colcon.colcon_cmake.task.cmake.build:Building CMake package in '/home/eragon/ArUco/src/robot_teleop'
[0.496s] INFO:colcon.colcon_core.shell:Skip shell extension 'powershell' for command environment: Not usable outside of PowerShell
[0.496s] DEBUG:colcon.colcon_core.shell:Skip shell extension 'dsv' for command environment
[0.501s] INFO:colcon.colcon_ros.task.ament_cmake.build:Building ROS package in '/home/eragon/ArUco/src/test_robot_plugin' with build type 'ament_cmake'
[0.501s] INFO:colcon.colcon_cmake.task.cmake.build:Building CMake package in '/home/eragon/ArUco/src/test_robot_plugin'
[0.502s] INFO:colcon.colcon_core.shell:Skip shell extension 'powershell' for command environment: Not usable outside of PowerShell
[0.502s] DEBUG:colcon.colcon_core.shell:Skip shell extension 'dsv' for command environment
[0.513s] DEBUG:colcon.colcon_core.event_handler.log_command:Invoking command in '/home/eragon/ArUco/build/robot': CMAKE_PREFIX_PATH=${CMAKE_PREFIX_PATH}:/opt/ros/humble /usr/bin/cmake --build /home/eragon/ArUco/build/robot -- -j8 -l8
[0.516s] DEBUG:colcon.colcon_core.event_handler.log_command:Invoking command in '/home/eragon/ArUco/build/robot_camera_processor': CMAKE_PREFIX_PATH=${CMAKE_PREFIX_PATH}:/opt/ros/humble /usr/bin/cmake --build /home/eragon/ArUco/build/robot_camera_processor -- -j8 -l8
[0.520s] DEBUG:colcon.colcon_core.event_handler.log_command:Invoking command in '/home/eragon/ArUco/build/robot_odometry': CMAKE_PREFIX_PATH=${CMAKE_PREFIX_PATH}:/opt/ros/humble /usr/bin/cmake --build /home/eragon/ArUco/build/robot_odometry -- -j8 -l8
[0.527s] DEBUG:colcon.colcon_core.event_handler.log_command:Invoking command in '/home/eragon/ArUco/build/robot_teleop': CMAKE_PREFIX_PATH=${CMAKE_PREFIX_PATH}:/opt/ros/humble /usr/bin/cmake --build /home/eragon/ArUco/build/robot_teleop -- -j8 -l8
[0.533s] DEBUG:colcon.colcon_core.event_handler.log_command:Invoking command in '/home/eragon/ArUco/build/test_robot_plugin': CMAKE_PREFIX_PATH=${CMAKE_PREFIX_PATH}:/opt/ros/humble /usr/bin/cmake --build /home/eragon/ArUco/build/test_robot_plugin -- -j8 -l8
[0.585s] DEBUG:colcon.colcon_core.event_handler.log_command:Invoked command in '/home/eragon/ArUco/build/robot' returned '0': CMAKE_PREFIX_PATH=${CMAKE_PREFIX_PATH}:/opt/ros/humble /usr/bin/cmake --build /home/eragon/ArUco/build/robot -- -j8 -l8
[0.603s] DEBUG:colcon.colcon_core.event_handler.log_command:Invoking command in '/home/eragon/ArUco/build/robot': CMAKE_PREFIX_PATH=${CMAKE_PREFIX_PATH}:/opt/ros/humble /usr/bin/cmake --install /home/eragon/ArUco/build/robot
[0.618s] Level 1:colcon.colcon_core.environment:create_environment_scripts_only(robot)
[0.619s] DEBUG:colcon.colcon_core.event_handler.log_command:Invoked command in '/home/eragon/ArUco/build/robot' returned '0': CMAKE_PREFIX_PATH=${CMAKE_PREFIX_PATH}:/opt/ros/humble /usr/bin/cmake --install /home/eragon/ArUco/build/robot
[0.622s] Level 1:colcon.colcon_core.environment:checking '/home/eragon/ArUco/install/robot' for CMake module files
[0.623s] Level 1:colcon.colcon_core.environment:checking '/home/eragon/ArUco/install/robot' for CMake config files
[0.623s] Level 1:colcon.colcon_core.shell:create_environment_hook('robot', 'cmake_prefix_path')
[0.623s] INFO:colcon.colcon_core.shell:Creating environment hook '/home/eragon/ArUco/install/robot/share/robot/hook/cmake_prefix_path.ps1'
[0.624s] INFO:colcon.colcon_core.shell:Creating environment descriptor '/home/eragon/ArUco/install/robot/share/robot/hook/cmake_prefix_path.dsv'
[0.625s] INFO:colcon.colcon_core.shell:Creating environment hook '/home/eragon/ArUco/install/robot/share/robot/hook/cmake_prefix_path.sh'
[0.626s] Level 1:colcon.colcon_core.environment:checking '/home/eragon/ArUco/install/robot/bin'
[0.627s] Level 1:colcon.colcon_core.environment:checking '/home/eragon/ArUco/install/robot/lib/pkgconfig/robot.pc'
[0.627s] Level 1:colcon.colcon_core.environment:checking '/home/eragon/ArUco/install/robot/lib/python3.10/site-packages'
[0.627s] Level 1:colcon.colcon_core.environment:checking '/home/eragon/ArUco/install/robot/bin'
[0.627s] INFO:colcon.colcon_core.shell:Creating package script '/home/eragon/ArUco/install/robot/share/robot/package.ps1'
[0.629s] INFO:colcon.colcon_core.shell:Creating package descriptor '/home/eragon/ArUco/install/robot/share/robot/package.dsv'
[0.630s] INFO:colcon.colcon_core.shell:Creating package script '/home/eragon/ArUco/install/robot/share/robot/package.sh'
[0.632s] INFO:colcon.colcon_core.shell:Creating package script '/home/eragon/ArUco/install/robot/share/robot/package.bash'
[0.634s] INFO:colcon.colcon_core.shell:Creating package script '/home/eragon/ArUco/install/robot/share/robot/package.zsh'
[0.635s] Level 1:colcon.colcon_core.environment:create_file_with_runtime_dependencies(/home/eragon/ArUco/install/robot/share/colcon-core/packages/robot)
[0.636s] Level 1:colcon.colcon_core.environment:create_environment_scripts_only(robot)
[0.637s] Level 1:colcon.colcon_core.environment:checking '/home/eragon/ArUco/install/robot' for CMake module files
[0.637s] Level 1:colcon.colcon_core.environment:checking '/home/eragon/ArUco/install/robot' for CMake config files
[0.638s] Level 1:colcon.colcon_core.shell:create_environment_hook('robot', 'cmake_prefix_path')
[0.638s] INFO:colcon.colcon_core.shell:Creating environment hook '/home/eragon/ArUco/install/robot/share/robot/hook/cmake_prefix_path.ps1'
[0.639s] INFO:colcon.colcon_core.shell:Creating environment descriptor '/home/eragon/ArUco/install/robot/share/robot/hook/cmake_prefix_path.dsv'
[0.640s] INFO:colcon.colcon_core.shell:Creating environment hook '/home/eragon/ArUco/install/robot/share/robot/hook/cmake_prefix_path.sh'
[0.641s] Level 1:colcon.colcon_core.environment:checking '/home/eragon/ArUco/install/robot/bin'
[0.641s] Level 1:colcon.colcon_core.environment:checking '/home/eragon/ArUco/install/robot/lib/pkgconfig/robot.pc'
[0.642s] Level 1:colcon.colcon_core.environment:checking '/home/eragon/ArUco/install/robot/lib/python3.10/site-packages'
[0.642s] Level 1:colcon.colcon_core.environment:checking '/home/eragon/ArUco/install/robot/bin'
[0.643s] INFO:colcon.colcon_core.shell:Creating package script '/home/eragon/ArUco/install/robot/share/robot/package.ps1'
[0.644s] INFO:colcon.colcon_core.shell:Creating package descriptor '/home/eragon/ArUco/install/robot/share/robot/package.dsv'
[0.645s] INFO:colcon.colcon_core.shell:Creating package script '/home/eragon/ArUco/install/robot/share/robot/package.sh'
[0.645s] INFO:colcon.colcon_core.shell:Creating package script '/home/eragon/ArUco/install/robot/share/robot/package.bash'
[0.646s] INFO:colcon.colcon_core.shell:Creating package script '/home/eragon/ArUco/install/robot/share/robot/package.zsh'
[0.647s] Level 1:colcon.colcon_core.environment:create_file_with_runtime_dependencies(/home/eragon/ArUco/install/robot/share/colcon-core/packages/robot)
[0.649s] DEBUG:colcon.colcon_core.event_handler.log_command:Invoked command in '/home/eragon/ArUco/build/robot_teleop' returned '0': CMAKE_PREFIX_PATH=${CMAKE_PREFIX_PATH}:/opt/ros/humble /usr/bin/cmake --build /home/eragon/ArUco/build/robot_teleop -- -j8 -l8
[0.650s] DEBUG:colcon.colcon_core.event_handler.log_command:Invoking command in '/home/eragon/ArUco/build/robot_teleop': CMAKE_PREFIX_PATH=${CMAKE_PREFIX_PATH}:/opt/ros/humble /usr/bin/cmake --install /home/eragon/ArUco/build/robot_teleop
[0.651s] DEBUG:colcon.colcon_core.event_handler.log_command:Invoked command in '/home/eragon/ArUco/build/robot_odometry' returned '0': CMAKE_PREFIX_PATH=${CMAKE_PREFIX_PATH}:/opt/ros/humble /usr/bin/cmake --build /home/eragon/ArUco/build/robot_odometry -- -j8 -l8
[0.654s] DEBUG:colcon.colcon_core.event_handler.log_command:Invoking command in '/home/eragon/ArUco/build/robot_odometry': CMAKE_PREFIX_PATH=${CMAKE_PREFIX_PATH}:/opt/ros/humble /usr/bin/cmake --install /home/eragon/ArUco/build/robot_odometry
[0.668s] Level 1:colcon.colcon_core.environment:create_environment_scripts_only(robot_teleop)
[0.668s] Level 1:colcon.colcon_core.environment:checking '/home/eragon/ArUco/install/robot_teleop' for CMake module files
[0.671s] DEBUG:colcon.colcon_core.event_handler.log_command:Invoked command in '/home/eragon/ArUco/build/robot_teleop' returned '0': CMAKE_PREFIX_PATH=${CMAKE_PREFIX_PATH}:/opt/ros/humble /usr/bin/cmake --install /home/eragon/ArUco/build/robot_teleop
[0.671s] Level 1:colcon.colcon_core.environment:checking '/home/eragon/ArUco/install/robot_teleop' for CMake config files
[0.672s] Level 1:colcon.colcon_core.shell:create_environment_hook('robot_teleop', 'cmake_prefix_path')
[0.672s] INFO:colcon.colcon_core.shell:Creating environment hook '/home/eragon/ArUco/install/robot_teleop/share/robot_teleop/hook/cmake_prefix_path.ps1'
[0.673s] INFO:colcon.colcon_core.shell:Creating environment descriptor '/home/eragon/ArUco/install/robot_teleop/share/robot_teleop/hook/cmake_prefix_path.dsv'
[0.674s] INFO:colcon.colcon_core.shell:Creating environment hook '/home/eragon/ArUco/install/robot_teleop/share/robot_teleop/hook/cmake_prefix_path.sh'
[0.675s] Level 1:colcon.colcon_core.environment:checking '/home/eragon/ArUco/install/robot_teleop/lib'
[0.675s] Level 1:colcon.colcon_core.environment:checking '/home/eragon/ArUco/install/robot_teleop/bin'
[0.675s] Level 1:colcon.colcon_core.environment:checking '/home/eragon/ArUco/install/robot_teleop/lib/pkgconfig/robot_teleop.pc'
[0.675s] Level 1:colcon.colcon_core.environment:checking '/home/eragon/ArUco/install/robot_teleop/lib/python3.10/site-packages'
[0.675s] Level 1:colcon.colcon_core.environment:checking '/home/eragon/ArUco/install/robot_teleop/bin'
[0.676s] INFO:colcon.colcon_core.shell:Creating package script '/home/eragon/ArUco/install/robot_teleop/share/robot_teleop/package.ps1'
[0.677s] INFO:colcon.colcon_core.shell:Creating package descriptor '/home/eragon/ArUco/install/robot_teleop/share/robot_teleop/package.dsv'
[0.677s] INFO:colcon.colcon_core.shell:Creating package script '/home/eragon/ArUco/install/robot_teleop/share/robot_teleop/package.sh'
[0.678s] INFO:colcon.colcon_core.shell:Creating package script '/home/eragon/ArUco/install/robot_teleop/share/robot_teleop/package.bash'
[0.678s] INFO:colcon.colcon_core.shell:Creating package script '/home/eragon/ArUco/install/robot_teleop/share/robot_teleop/package.zsh'
[0.679s] Level 1:colcon.colcon_core.environment:create_file_with_runtime_dependencies(/home/eragon/ArUco/install/robot_teleop/share/colcon-core/packages/robot_teleop)
[0.680s] Level 1:colcon.colcon_core.environment:create_environment_scripts_only(robot_teleop)
[0.680s] Level 1:colcon.colcon_core.environment:checking '/home/eragon/ArUco/install/robot_teleop' for CMake module files
[0.681s] Level 1:colcon.colcon_core.environment:checking '/home/eragon/ArUco/install/robot_teleop' for CMake config files
[0.681s] Level 1:colcon.colcon_core.shell:create_environment_hook('robot_teleop', 'cmake_prefix_path')
[0.681s] INFO:colcon.colcon_core.shell:Creating environment hook '/home/eragon/ArUco/install/robot_teleop/share/robot_teleop/hook/cmake_prefix_path.ps1'
[0.682s] INFO:colcon.colcon_core.shell:Creating environment descriptor '/home/eragon/ArUco/install/robot_teleop/share/robot_teleop/hook/cmake_prefix_path.dsv'
[0.682s] INFO:colcon.colcon_core.shell:Creating environment hook '/home/eragon/ArUco/install/robot_teleop/share/robot_teleop/hook/cmake_prefix_path.sh'
[0.683s] Level 1:colcon.colcon_core.environment:checking '/home/eragon/ArUco/install/robot_teleop/lib'
[0.683s] Level 1:colcon.colcon_core.environment:checking '/home/eragon/ArUco/install/robot_teleop/bin'
[0.683s] Level 1:colcon.colcon_core.environment:checking '/home/eragon/ArUco/install/robot_teleop/lib/pkgconfig/robot_teleop.pc'
[0.683s] Level 1:colcon.colcon_core.environment:checking '/home/eragon/ArUco/install/robot_teleop/lib/python3.10/site-packages'
[0.683s] Level 1:colcon.colcon_core.environment:checking '/home/eragon/ArUco/install/robot_teleop/bin'
[0.684s] INFO:colcon.colcon_core.shell:Creating package script '/home/eragon/ArUco/install/robot_teleop/share/robot_teleop/package.ps1'
[0.684s] INFO:colcon.colcon_core.shell:Creating package descriptor '/home/eragon/ArUco/install/robot_teleop/share/robot_teleop/package.dsv'
[0.685s] INFO:colcon.colcon_core.shell:Creating package script '/home/eragon/ArUco/install/robot_teleop/share/robot_teleop/package.sh'
[0.686s] INFO:colcon.colcon_core.shell:Creating package script '/home/eragon/ArUco/install/robot_teleop/share/robot_teleop/package.bash'
[0.686s] INFO:colcon.colcon_core.shell:Creating package script '/home/eragon/ArUco/install/robot_teleop/share/robot_teleop/package.zsh'
[0.687s] Level 1:colcon.colcon_core.environment:create_file_with_runtime_dependencies(/home/eragon/ArUco/install/robot_teleop/share/colcon-core/packages/robot_teleop)
[0.690s] DEBUG:colcon.colcon_core.event_handler.log_command:Invoked command in '/home/eragon/ArUco/build/test_robot_plugin' returned '0': CMAKE_PREFIX_PATH=${CMAKE_PREFIX_PATH}:/opt/ros/humble /usr/bin/cmake --build /home/eragon/ArUco/build/test_robot_plugin -- -j8 -l8
[0.691s] DEBUG:colcon.colcon_core.event_handler.log_command:Invoking command in '/home/eragon/ArUco/build/test_robot_plugin': CMAKE_PREFIX_PATH=${CMAKE_PREFIX_PATH}:/opt/ros/humble /usr/bin/cmake --install /home/eragon/ArUco/build/test_robot_plugin
[0.692s] Level 1:colcon.colcon_core.environment:create_environment_scripts_only(robot_odometry)
[0.693s] Level 1:colcon.colcon_core.environment:checking '/home/eragon/ArUco/install/robot_odometry' for CMake module files
[0.693s] DEBUG:colcon.colcon_core.event_handler.log_command:Invoked command in '/home/eragon/ArUco/build/robot_odometry' returned '0': CMAKE_PREFIX_PATH=${CMAKE_PREFIX_PATH}:/opt/ros/humble /usr/bin/cmake --install /home/eragon/ArUco/build/robot_odometry
[0.694s] Level 1:colcon.colcon_core.environment:checking '/home/eragon/ArUco/install/robot_odometry' for CMake config files
[0.695s] Level 1:colcon.colcon_core.shell:create_environment_hook('robot_odometry', 'cmake_prefix_path')
[0.695s] INFO:colcon.colcon_core.shell:Creating environment hook '/home/eragon/ArUco/install/robot_odometry/share/robot_odometry/hook/cmake_prefix_path.ps1'
[0.696s] INFO:colcon.colcon_core.shell:Creating environment descriptor '/home/eragon/ArUco/install/robot_odometry/share/robot_odometry/hook/cmake_prefix_path.dsv'
[0.697s] INFO:colcon.colcon_core.shell:Creating environment hook '/home/eragon/ArUco/install/robot_odometry/share/robot_odometry/hook/cmake_prefix_path.sh'
[0.698s] Level 1:colcon.colcon_core.environment:checking '/home/eragon/ArUco/install/robot_odometry/lib'
[0.698s] Level 1:colcon.colcon_core.environment:checking '/home/eragon/ArUco/install/robot_odometry/bin'
[0.698s] Level 1:colcon.colcon_core.environment:checking '/home/eragon/ArUco/install/robot_odometry/lib/pkgconfig/robot_odometry.pc'
[0.698s] Level 1:colcon.colcon_core.environment:checking '/home/eragon/ArUco/install/robot_odometry/lib/python3.10/site-packages'
[0.699s] Level 1:colcon.colcon_core.environment:checking '/home/eragon/ArUco/install/robot_odometry/bin'
[0.699s] INFO:colcon.colcon_core.shell:Creating package script '/home/eragon/ArUco/install/robot_odometry/share/robot_odometry/package.ps1'
[0.700s] INFO:colcon.colcon_core.shell:Creating package descriptor '/home/eragon/ArUco/install/robot_odometry/share/robot_odometry/package.dsv'
[0.701s] INFO:colcon.colcon_core.shell:Creating package script '/home/eragon/ArUco/install/robot_odometry/share/robot_odometry/package.sh'
[0.703s] INFO:colcon.colcon_core.shell:Creating package script '/home/eragon/ArUco/install/robot_odometry/share/robot_odometry/package.bash'
[0.703s] INFO:colcon.colcon_core.shell:Creating package script '/home/eragon/ArUco/install/robot_odometry/share/robot_odometry/package.zsh'
[0.704s] Level 1:colcon.colcon_core.environment:create_file_with_runtime_dependencies(/home/eragon/ArUco/install/robot_odometry/share/colcon-core/packages/robot_odometry)
[0.705s] Level 1:colcon.colcon_core.environment:create_environment_scripts_only(robot_odometry)
[0.705s] Level 1:colcon.colcon_core.environment:checking '/home/eragon/ArUco/install/robot_odometry' for CMake module files
[0.706s] Level 1:colcon.colcon_core.environment:checking '/home/eragon/ArUco/install/robot_odometry' for CMake config files
[0.707s] Level 1:colcon.colcon_core.shell:create_environment_hook('robot_odometry', 'cmake_prefix_path')
[0.707s] INFO:colcon.colcon_core.shell:Creating environment hook '/home/eragon/ArUco/install/robot_odometry/share/robot_odometry/hook/cmake_prefix_path.ps1'
[0.708s] INFO:colcon.colcon_core.shell:Creating environment descriptor '/home/eragon/ArUco/install/robot_odometry/share/robot_odometry/hook/cmake_prefix_path.dsv'
[0.709s] INFO:colcon.colcon_core.shell:Creating environment hook '/home/eragon/ArUco/install/robot_odometry/share/robot_odometry/hook/cmake_prefix_path.sh'
[0.710s] Level 1:colcon.colcon_core.environment:checking '/home/eragon/ArUco/install/robot_odometry/lib'
[0.710s] Level 1:colcon.colcon_core.environment:checking '/home/eragon/ArUco/install/robot_odometry/bin'
[0.710s] Level 1:colcon.colcon_core.environment:checking '/home/eragon/ArUco/install/robot_odometry/lib/pkgconfig/robot_odometry.pc'
[0.711s] Level 1:colcon.colcon_core.environment:checking '/home/eragon/ArUco/install/robot_odometry/lib/python3.10/site-packages'
[0.711s] Level 1:colcon.colcon_core.environment:checking '/home/eragon/ArUco/install/robot_odometry/bin'
[0.711s] INFO:colcon.colcon_core.shell:Creating package script '/home/eragon/ArUco/install/robot_odometry/share/robot_odometry/package.ps1'
[0.712s] INFO:colcon.colcon_core.shell:Creating package descriptor '/home/eragon/ArUco/install/robot_odometry/share/robot_odometry/package.dsv'
[0.713s] INFO:colcon.colcon_core.shell:Creating package script '/home/eragon/ArUco/install/robot_odometry/share/robot_odometry/package.sh'
[0.714s] INFO:colcon.colcon_core.shell:Creating package script '/home/eragon/ArUco/install/robot_odometry/share/robot_odometry/package.bash'
[0.714s] INFO:colcon.colcon_core.shell:Creating package script '/home/eragon/ArUco/install/robot_odometry/share/robot_odometry/package.zsh'
[0.715s] Level 1:colcon.colcon_core.environment:create_file_with_runtime_dependencies(/home/eragon/ArUco/install/robot_odometry/share/colcon-core/packages/robot_odometry)
[0.716s] Level 1:colcon.colcon_core.environment:create_environment_scripts_only(test_robot_plugin)
[0.716s] Level 1:colcon.colcon_core.environment:checking '/home/eragon/ArUco/install/test_robot_plugin' for CMake module files
[0.717s] Level 1:colcon.colcon_core.environment:checking '/home/eragon/ArUco/install/test_robot_plugin' for CMake config files
[0.720s] DEBUG:colcon.colcon_core.event_handler.log_command:Invoked command in '/home/eragon/ArUco/build/test_robot_plugin' returned '0': CMAKE_PREFIX_PATH=${CMAKE_PREFIX_PATH}:/opt/ros/humble /usr/bin/cmake --install /home/eragon/ArUco/build/test_robot_plugin
[0.721s] Level 1:colcon.colcon_core.shell:create_environment_hook('test_robot_plugin', 'cmake_prefix_path')
[0.722s] INFO:colcon.colcon_core.shell:Creating environment hook '/home/eragon/ArUco/install/test_robot_plugin/share/test_robot_plugin/hook/cmake_prefix_path.ps1'
[0.723s] INFO:colcon.colcon_core.shell:Creating environment descriptor '/home/eragon/ArUco/install/test_robot_plugin/share/test_robot_plugin/hook/cmake_prefix_path.dsv'
[0.724s] INFO:colcon.colcon_core.shell:Creating environment hook '/home/eragon/ArUco/install/test_robot_plugin/share/test_robot_plugin/hook/cmake_prefix_path.sh'
[0.725s] Level 1:colcon.colcon_core.environment:checking '/home/eragon/ArUco/install/test_robot_plugin/lib'
[0.725s] Level 1:colcon.colcon_core.shell:create_environment_hook('test_robot_plugin', 'ld_library_path_lib')
[0.725s] INFO:colcon.colcon_core.shell:Creating environment hook '/home/eragon/ArUco/install/test_robot_plugin/share/test_robot_plugin/hook/ld_library_path_lib.ps1'
[0.725s] INFO:colcon.colcon_core.shell:Creating environment descriptor '/home/eragon/ArUco/install/test_robot_plugin/share/test_robot_plugin/hook/ld_library_path_lib.dsv'
[0.726s] INFO:colcon.colcon_core.shell:Creating environment hook '/home/eragon/ArUco/install/test_robot_plugin/share/test_robot_plugin/hook/ld_library_path_lib.sh'
[0.726s] Level 1:colcon.colcon_core.environment:checking '/home/eragon/ArUco/install/test_robot_plugin/bin'
[0.726s] Level 1:colcon.colcon_core.environment:checking '/home/eragon/ArUco/install/test_robot_plugin/lib/pkgconfig/test_robot_plugin.pc'
[0.727s] Level 1:colcon.colcon_core.environment:checking '/home/eragon/ArUco/install/test_robot_plugin/lib/python3.10/site-packages'
[0.727s] Level 1:colcon.colcon_core.environment:checking '/home/eragon/ArUco/install/test_robot_plugin/bin'
[0.727s] INFO:colcon.colcon_core.shell:Creating package script '/home/eragon/ArUco/install/test_robot_plugin/share/test_robot_plugin/package.ps1'
[0.728s] INFO:colcon.colcon_core.shell:Creating package descriptor '/home/eragon/ArUco/install/test_robot_plugin/share/test_robot_plugin/package.dsv'
[0.729s] INFO:colcon.colcon_core.shell:Creating package script '/home/eragon/ArUco/install/test_robot_plugin/share/test_robot_plugin/package.sh'
[0.729s] INFO:colcon.colcon_core.shell:Creating package script '/home/eragon/ArUco/install/test_robot_plugin/share/test_robot_plugin/package.bash'
[0.730s] INFO:colcon.colcon_core.shell:Creating package script '/home/eragon/ArUco/install/test_robot_plugin/share/test_robot_plugin/package.zsh'
[0.730s] Level 1:colcon.colcon_core.environment:create_file_with_runtime_dependencies(/home/eragon/ArUco/install/test_robot_plugin/share/colcon-core/packages/test_robot_plugin)
[0.731s] Level 1:colcon.colcon_core.environment:create_environment_scripts_only(test_robot_plugin)
[0.731s] Level 1:colcon.colcon_core.environment:checking '/home/eragon/ArUco/install/test_robot_plugin' for CMake module files
[0.732s] Level 1:colcon.colcon_core.environment:checking '/home/eragon/ArUco/install/test_robot_plugin' for CMake config files
[0.732s] Level 1:colcon.colcon_core.shell:create_environment_hook('test_robot_plugin', 'cmake_prefix_path')
[0.732s] INFO:colcon.colcon_core.shell:Creating environment hook '/home/eragon/ArUco/install/test_robot_plugin/share/test_robot_plugin/hook/cmake_prefix_path.ps1'
[0.733s] INFO:colcon.colcon_core.shell:Creating environment descriptor '/home/eragon/ArUco/install/test_robot_plugin/share/test_robot_plugin/hook/cmake_prefix_path.dsv'
[0.733s] INFO:colcon.colcon_core.shell:Creating environment hook '/home/eragon/ArUco/install/test_robot_plugin/share/test_robot_plugin/hook/cmake_prefix_path.sh'
[0.734s] Level 1:colcon.colcon_core.environment:checking '/home/eragon/ArUco/install/test_robot_plugin/lib'
[0.734s] Level 1:colcon.colcon_core.shell:create_environment_hook('test_robot_plugin', 'ld_library_path_lib')
[0.734s] INFO:colcon.colcon_core.shell:Creating environment hook '/home/eragon/ArUco/install/test_robot_plugin/share/test_robot_plugin/hook/ld_library_path_lib.ps1'
[0.735s] INFO:colcon.colcon_core.shell:Creating environment descriptor '/home/eragon/ArUco/install/test_robot_plugin/share/test_robot_plugin/hook/ld_library_path_lib.dsv'
[0.735s] INFO:colcon.colcon_core.shell:Creating environment hook '/home/eragon/ArUco/install/test_robot_plugin/share/test_robot_plugin/hook/ld_library_path_lib.sh'
[0.736s] Level 1:colcon.colcon_core.environment:checking '/home/eragon/ArUco/install/test_robot_plugin/bin'
[0.736s] Level 1:colcon.colcon_core.environment:checking '/home/eragon/ArUco/install/test_robot_plugin/lib/pkgconfig/test_robot_plugin.pc'
[0.736s] Level 1:colcon.colcon_core.environment:checking '/home/eragon/ArUco/install/test_robot_plugin/lib/python3.10/site-packages'
[0.737s] Level 1:colcon.colcon_core.environment:checking '/home/eragon/ArUco/install/test_robot_plugin/bin'
[0.737s] INFO:colcon.colcon_core.shell:Creating package script '/home/eragon/ArUco/install/test_robot_plugin/share/test_robot_plugin/package.ps1'
[0.738s] INFO:colcon.colcon_core.shell:Creating package descriptor '/home/eragon/ArUco/install/test_robot_plugin/share/test_robot_plugin/package.dsv'
[0.739s] INFO:colcon.colcon_core.shell:Creating package script '/home/eragon/ArUco/install/test_robot_plugin/share/test_robot_plugin/package.sh'
[0.740s] INFO:colcon.colcon_core.shell:Creating package script '/home/eragon/ArUco/install/test_robot_plugin/share/test_robot_plugin/package.bash'
[0.741s] INFO:colcon.colcon_core.shell:Creating package script '/home/eragon/ArUco/install/test_robot_plugin/share/test_robot_plugin/package.zsh'
[0.742s] Level 1:colcon.colcon_core.environment:create_file_with_runtime_dependencies(/home/eragon/ArUco/install/test_robot_plugin/share/colcon-core/packages/test_robot_plugin)
[1.433s] DEBUG:colcon.colcon_core.event_handler.log_command:Invoked command in '/home/eragon/ArUco/build/robot_camera_processor' returned '2': CMAKE_PREFIX_PATH=${CMAKE_PREFIX_PATH}:/opt/ros/humble /usr/bin/cmake --build /home/eragon/ArUco/build/robot_camera_processor -- -j8 -l8
[1.434s] Level 1:colcon.colcon_core.environment:create_environment_scripts_only(robot_camera_processor)
[1.434s] Level 1:colcon.colcon_core.environment:checking '/home/eragon/ArUco/install/robot_camera_processor' for CMake module files
[1.435s] Level 1:colcon.colcon_core.environment:checking '/home/eragon/ArUco/install/robot_camera_processor' for CMake config files
[1.435s] Level 1:colcon.colcon_core.shell:create_environment_hook('robot_camera_processor', 'cmake_prefix_path')
[1.435s] INFO:colcon.colcon_core.shell:Creating environment hook '/home/eragon/ArUco/install/robot_camera_processor/share/robot_camera_processor/hook/cmake_prefix_path.ps1'
[1.436s] INFO:colcon.colcon_core.shell:Creating environment descriptor '/home/eragon/ArUco/install/robot_camera_processor/share/robot_camera_processor/hook/cmake_prefix_path.dsv'
[1.436s] INFO:colcon.colcon_core.shell:Creating environment hook '/home/eragon/ArUco/install/robot_camera_processor/share/robot_camera_processor/hook/cmake_prefix_path.sh'
[1.437s] Level 1:colcon.colcon_core.environment:checking '/home/eragon/ArUco/install/robot_camera_processor/lib'
[1.437s] Level 1:colcon.colcon_core.environment:checking '/home/eragon/ArUco/install/robot_camera_processor/bin'
[1.437s] Level 1:colcon.colcon_core.environment:checking '/home/eragon/ArUco/install/robot_camera_processor/lib/pkgconfig/robot_camera_processor.pc'
[1.437s] Level 1:colcon.colcon_core.environment:checking '/home/eragon/ArUco/install/robot_camera_processor/lib/python3.10/site-packages'
[1.437s] Level 1:colcon.colcon_core.environment:checking '/home/eragon/ArUco/install/robot_camera_processor/bin'
[1.438s] INFO:colcon.colcon_core.shell:Creating package script '/home/eragon/ArUco/install/robot_camera_processor/share/robot_camera_processor/package.ps1'
[1.438s] INFO:colcon.colcon_core.shell:Creating package descriptor '/home/eragon/ArUco/install/robot_camera_processor/share/robot_camera_processor/package.dsv'
[1.439s] INFO:colcon.colcon_core.shell:Creating package script '/home/eragon/ArUco/install/robot_camera_processor/share/robot_camera_processor/package.sh'
[1.439s] INFO:colcon.colcon_core.shell:Creating package script '/home/eragon/ArUco/install/robot_camera_processor/share/robot_camera_processor/package.bash'
[1.440s] INFO:colcon.colcon_core.shell:Creating package script '/home/eragon/ArUco/install/robot_camera_processor/share/robot_camera_processor/package.zsh'
[1.440s] Level 1:colcon.colcon_core.environment:create_file_with_runtime_dependencies(/home/eragon/ArUco/install/robot_camera_processor/share/colcon-core/packages/robot_camera_processor)
[1.450s] DEBUG:colcon.colcon_parallel_executor.executor.parallel:closing loop
[1.451s] DEBUG:colcon.colcon_parallel_executor.executor.parallel:loop closed
[1.451s] DEBUG:colcon.colcon_parallel_executor.executor.parallel:run_until_complete finished with '2'
[1.451s] DEBUG:colcon.colcon_core.event_reactor:joining thread
[1.462s] INFO:colcon.colcon_core.plugin_system:Skipping extension 'colcon_notification.desktop_notification.terminal_notifier': Not used on non-Darwin systems
[1.463s] INFO:colcon.colcon_core.plugin_system:Skipping extension 'colcon_notification.desktop_notification.win32': Not used on non-Windows systems
[1.463s] INFO:colcon.colcon_notification.desktop_notification:Sending desktop notification using 'notify2'
[1.463s] DEBUG:colcon.colcon_notification.desktop_notification.notify2:Failed to initialize notify2: org.freedesktop.DBus.Error.BadAddress: '=' character not found or has no value following it
[1.463s] DEBUG:colcon.colcon_core.event_reactor:joined thread
[1.464s] INFO:colcon.colcon_core.shell:Creating prefix script '/home/eragon/ArUco/install/local_setup.ps1'
[1.466s] INFO:colcon.colcon_core.shell:Creating prefix util module '/home/eragon/ArUco/install/_local_setup_util_ps1.py'
[1.470s] INFO:colcon.colcon_core.shell:Creating prefix chain script '/home/eragon/ArUco/install/setup.ps1'
[1.473s] INFO:colcon.colcon_core.shell:Creating prefix script '/home/eragon/ArUco/install/local_setup.sh'
[1.474s] INFO:colcon.colcon_core.shell:Creating prefix util module '/home/eragon/ArUco/install/_local_setup_util_sh.py'
[1.476s] INFO:colcon.colcon_core.shell:Creating prefix chain script '/home/eragon/ArUco/install/setup.sh'
[1.480s] INFO:colcon.colcon_core.shell:Creating prefix script '/home/eragon/ArUco/install/local_setup.bash'
[1.481s] INFO:colcon.colcon_core.shell:Creating prefix chain script '/home/eragon/ArUco/install/setup.bash'
[1.485s] INFO:colcon.colcon_core.shell:Creating prefix script '/home/eragon/ArUco/install/local_setup.zsh'
[1.486s] INFO:colcon.colcon_core.shell:Creating prefix chain script '/home/eragon/ArUco/install/setup.zsh'
