[0.038s] Invoking command in '/home/eragon/ArUco/build/robot_teleop': CMAKE_PREFIX_PATH=${CMAKE_PREFIX_PATH}:/opt/ros/humble /usr/bin/cmake /home/eragon/ArUco/src/robot_teleop -G CodeBlocks - Unix Makefiles -DCMAKE_BUILD_TYPE=Debug -DCMAKE_INSTALL_PREFIX=/home/eragon/ArUco/install/robot_teleop
[0.196s] -- The C compiler identification is GNU 11.4.0
[0.325s] -- The CXX compiler identification is GNU 11.4.0
[0.418s] -- Detecting C compiler ABI info
[0.565s] -- Detecting C compiler ABI info - done
[0.581s] -- Check for working C compiler: /usr/bin/cc - skipped
[0.581s] -- Detecting C compile features
[0.582s] -- Detecting C compile features - done
[0.588s] -- Detecting CXX compiler ABI info
[0.763s] -- Detecting CXX compiler ABI info - done
[0.781s] -- Check for working CXX compiler: /usr/bin/c++ - skipped
[0.782s] -- Detecting CXX compile features
[0.783s] -- Detecting CXX compile features - done
[0.798s] -- Found ament_cmake: 1.3.11 (/opt/ros/humble/share/ament_cmake/cmake)
[1.187s] -- Found Python3: /usr/bin/python3 (found version "3.10.12") found components: Interpreter 
[1.430s] -- Found rclcpp: 16.0.12 (/opt/ros/humble/share/rclcpp/cmake)
[1.529s] -- Found rosidl_generator_c: 3.1.6 (/opt/ros/humble/share/rosidl_generator_c/cmake)
[1.542s] -- Found rosidl_adapter: 3.1.6 (/opt/ros/humble/share/rosidl_adapter/cmake)
[1.564s] -- Found rosidl_generator_cpp: 3.1.6 (/opt/ros/humble/share/rosidl_generator_cpp/cmake)
[1.596s] -- Using all available rosidl_typesupport_c: rosidl_typesupport_fastrtps_c;rosidl_typesupport_introspection_c
[1.642s] -- Using all available rosidl_typesupport_cpp: rosidl_typesupport_fastrtps_cpp;rosidl_typesupport_introspection_cpp
[1.752s] -- Found rmw_implementation_cmake: 6.1.2 (/opt/ros/humble/share/rmw_implementation_cmake/cmake)
[1.758s] -- Found rmw_fastrtps_cpp: 6.2.7 (/opt/ros/humble/share/rmw_fastrtps_cpp/cmake)
[1.971s] -- Found OpenSSL: /usr/lib/x86_64-linux-gnu/libcrypto.so (found version "3.0.2")  
[2.038s] -- Found FastRTPS: /opt/ros/humble/include  
[2.112s] -- Using RMW implementation 'rmw_fastrtps_cpp' as default
[2.131s] -- Looking for pthread.h
[2.293s] -- Looking for pthread.h - found
[2.294s] -- Performing Test CMAKE_HAVE_LIBC_PTHREAD
[2.465s] -- Performing Test CMAKE_HAVE_LIBC_PTHREAD - Success
[2.467s] -- Found Threads: TRUE  
[2.603s] -- Found geometry_msgs: 4.8.0 (/opt/ros/humble/share/geometry_msgs/cmake)
[2.642s] -- Found PkgConfig: /usr/bin/pkg-config (found version "0.29.2") 
[2.644s] -- Checking for module 'libevdev'
[2.676s] --   Found libevdev, version 1.12.1
[2.753s] -- Found ament_lint_auto: 0.12.12 (/opt/ros/humble/share/ament_lint_auto/cmake)
[2.934s] -- Added test 'cppcheck' to perform static code analysis on C / C++ code
[2.934s] -- Configured cppcheck include dirs: 
[2.934s] -- Configured cppcheck exclude dirs and/or files: 
[2.935s] -- Added test 'lint_cmake' to check CMake code style
[2.938s] -- Added test 'uncrustify' to check C / C++ code style
[2.938s] -- Configured uncrustify additional arguments: 
[2.939s] -- Added test 'xmllint' to check XML markup files
[2.943s] -- Configuring done
[2.985s] -- Generating done
[2.994s] -- Build files have been written to: /home/eragon/ArUco/build/robot_teleop
[3.018s] Invoked command in '/home/eragon/ArUco/build/robot_teleop' returned '0': CMAKE_PREFIX_PATH=${CMAKE_PREFIX_PATH}:/opt/ros/humble /usr/bin/cmake /home/eragon/ArUco/src/robot_teleop -G CodeBlocks - Unix Makefiles -DCMAKE_BUILD_TYPE=Debug -DCMAKE_INSTALL_PREFIX=/home/eragon/ArUco/install/robot_teleop
[3.020s] Invoking command in '/home/eragon/ArUco/build/robot_teleop': CMAKE_PREFIX_PATH=${CMAKE_PREFIX_PATH}:/opt/ros/humble /usr/bin/cmake --build /home/eragon/ArUco/build/robot_teleop -- -j8 -l8
[3.119s] [ 50%] Building CXX object CMakeFiles/robot_teleop_node.dir/src/robot_teleop_node.cpp.o
[15.269s] [100%] Linking CXX executable robot_teleop_node
[15.785s] [100%] Built target robot_teleop_node
[15.809s] Invoked command in '/home/eragon/ArUco/build/robot_teleop' returned '0': CMAKE_PREFIX_PATH=${CMAKE_PREFIX_PATH}:/opt/ros/humble /usr/bin/cmake --build /home/eragon/ArUco/build/robot_teleop -- -j8 -l8
[15.812s] Invoking command in '/home/eragon/ArUco/build/robot_teleop': CMAKE_PREFIX_PATH=${CMAKE_PREFIX_PATH}:/opt/ros/humble /usr/bin/cmake --install /home/eragon/ArUco/build/robot_teleop
[15.828s] -- Install configuration: "Debug"
[15.829s] -- Installing: /home/eragon/ArUco/install/robot_teleop/lib/robot_teleop/robot_teleop_node
[15.836s] -- Set runtime path of "/home/eragon/ArUco/install/robot_teleop/lib/robot_teleop/robot_teleop_node" to ""
[15.836s] -- Installing: /home/eragon/ArUco/install/robot_teleop/share/ament_index/resource_index/package_run_dependencies/robot_teleop
[15.837s] -- Installing: /home/eragon/ArUco/install/robot_teleop/share/ament_index/resource_index/parent_prefix_path/robot_teleop
[15.837s] -- Installing: /home/eragon/ArUco/install/robot_teleop/share/robot_teleop/environment/ament_prefix_path.sh
[15.838s] -- Installing: /home/eragon/ArUco/install/robot_teleop/share/robot_teleop/environment/ament_prefix_path.dsv
[15.840s] -- Installing: /home/eragon/ArUco/install/robot_teleop/share/robot_teleop/environment/path.sh
[15.840s] -- Installing: /home/eragon/ArUco/install/robot_teleop/share/robot_teleop/environment/path.dsv
[15.841s] -- Installing: /home/eragon/ArUco/install/robot_teleop/share/robot_teleop/local_setup.bash
[15.841s] -- Installing: /home/eragon/ArUco/install/robot_teleop/share/robot_teleop/local_setup.sh
[15.842s] -- Installing: /home/eragon/ArUco/install/robot_teleop/share/robot_teleop/local_setup.zsh
[15.842s] -- Installing: /home/eragon/ArUco/install/robot_teleop/share/robot_teleop/local_setup.dsv
[15.843s] -- Installing: /home/eragon/ArUco/install/robot_teleop/share/robot_teleop/package.dsv
[15.843s] -- Installing: /home/eragon/ArUco/install/robot_teleop/share/ament_index/resource_index/packages/robot_teleop
[15.844s] -- Installing: /home/eragon/ArUco/install/robot_teleop/share/robot_teleop/cmake/robot_teleopConfig.cmake
[15.844s] -- Installing: /home/eragon/ArUco/install/robot_teleop/share/robot_teleop/cmake/robot_teleopConfig-version.cmake
[15.845s] -- Installing: /home/eragon/ArUco/install/robot_teleop/share/robot_teleop/package.xml
[15.850s] Invoked command in '/home/eragon/ArUco/build/robot_teleop' returned '0': CMAKE_PREFIX_PATH=${CMAKE_PREFIX_PATH}:/opt/ros/humble /usr/bin/cmake --install /home/eragon/ArUco/build/robot_teleop
