/home/eragon/ArUco/src/robot_camera_processor/src/robot_camera_processor_node.cpp: In member function ‘void RobotCameraProcessor::image_callback(const ConstSharedPtr&)’:
/home/eragon/ArUco/src/robot_camera_processor/src/robot_camera_processor_node.cpp:110:39: warning: narrowing conversion of ‘((-((RobotCameraProcessor*)this)->RobotCameraProcessor::marker_size_) / (double)2)’ from ‘double’ to ‘float’ [-Wnarrowing]
  110 |                         {-marker_size_/2, marker_size_/2, 0},
      |                          ~~~~~~~~~~~~~^~
/home/eragon/ArUco/src/robot_camera_processor/src/robot_camera_processor_node.cpp:110:55: warning: narrowing conversion of ‘(((RobotCameraProcessor*)this)->RobotCameraProcessor::marker_size_ / (double)2)’ from ‘double’ to ‘float’ [-Wnarrowing]
  110 |                         {-marker_size_/2, marker_size_/2, 0},
      |                                           ~~~~~~~~~~~~^~
/home/eragon/ArUco/src/robot_camera_processor/src/robot_camera_processor_node.cpp:111:38: warning: narrowing conversion of ‘(((RobotCameraProcessor*)this)->RobotCameraProcessor::marker_size_ / (double)2)’ from ‘double’ to ‘float’ [-Wnarrowing]
  111 |                         {marker_size_/2, marker_size_/2, 0},
      |                          ~~~~~~~~~~~~^~
/home/eragon/ArUco/src/robot_camera_processor/src/robot_camera_processor_node.cpp:111:54: warning: narrowing conversion of ‘(((RobotCameraProcessor*)this)->RobotCameraProcessor::marker_size_ / (double)2)’ from ‘double’ to ‘float’ [-Wnarrowing]
  111 |                         {marker_size_/2, marker_size_/2, 0},
      |                                          ~~~~~~~~~~~~^~
/home/eragon/ArUco/src/robot_camera_processor/src/robot_camera_processor_node.cpp:112:38: warning: narrowing conversion of ‘(((RobotCameraProcessor*)this)->RobotCameraProcessor::marker_size_ / (double)2)’ from ‘double’ to ‘float’ [-Wnarrowing]
  112 |                         {marker_size_/2, -marker_size_/2, 0},
      |                          ~~~~~~~~~~~~^~
/home/eragon/ArUco/src/robot_camera_processor/src/robot_camera_processor_node.cpp:112:55: warning: narrowing conversion of ‘((-((RobotCameraProcessor*)this)->RobotCameraProcessor::marker_size_) / (double)2)’ from ‘double’ to ‘float’ [-Wnarrowing]
  112 |                         {marker_size_/2, -marker_size_/2, 0},
      |                                          ~~~~~~~~~~~~~^~
/home/eragon/ArUco/src/robot_camera_processor/src/robot_camera_processor_node.cpp:113:39: warning: narrowing conversion of ‘((-((RobotCameraProcessor*)this)->RobotCameraProcessor::marker_size_) / (double)2)’ from ‘double’ to ‘float’ [-Wnarrowing]
  113 |                         {-marker_size_/2, -marker_size_/2, 0}
      |                          ~~~~~~~~~~~~~^~
/home/eragon/ArUco/src/robot_camera_processor/src/robot_camera_processor_node.cpp:113:56: warning: narrowing conversion of ‘((-((RobotCameraProcessor*)this)->RobotCameraProcessor::marker_size_) / (double)2)’ from ‘double’ to ‘float’ [-Wnarrowing]
  113 |                         {-marker_size_/2, -marker_size_/2, 0}
      |                                           ~~~~~~~~~~~~~^~
/home/eragon/ArUco/src/robot_camera_processor/src/robot_camera_processor_node.cpp: In member function ‘void RobotCameraProcessor::publish_marker_pose(int, const Vec3d&, const Vec3d&)’:
/home/eragon/ArUco/src/robot_camera_processor/src/robot_camera_processor_node.cpp:145:34: warning: unused parameter ‘marker_id’ [-Wunused-parameter]
  145 |     void publish_marker_pose(int marker_id, const cv::Vec3d& rvec, const cv::Vec3d& tvec) {
      |                              ~~~~^~~~~~~~~
