[0.053s] Invoking command in '/home/eragon/ArUco/build/robot_camera_processor': CMAKE_PREFIX_PATH=${CMAKE_PREFIX_PATH}:/opt/ros/humble /usr/bin/cmake --build /home/eragon/ArUco/build/robot_camera_processor -- -j8 -l8
[0.194s] [ 50%] Building CXX object CMakeFiles/robot_camera_processor_node.dir/src/robot_camera_processor_node.cpp.o
[7.965s] /home/eragon/ArUco/src/robot_camera_processor/src/robot_camera_processor_node.cpp: In member function ‘void RobotCameraProcessor::image_callback(const ConstSharedPtr&)’:
[7.965s] /home/eragon/ArUco/src/robot_camera_processor/src/robot_camera_processor_node.cpp:110:39: warning: narrowing conversion of ‘((-((RobotCameraProcessor*)this)->RobotCameraProcessor::marker_size_) / (double)2)’ from ‘double’ to ‘float’ [-Wnarrowing]
[7.965s]   110 |                         {-marker_size_/2, marker_size_/2, 0},
[7.965s]       |                          ~~~~~~~~~~~~~^~
[7.965s] /home/eragon/ArUco/src/robot_camera_processor/src/robot_camera_processor_node.cpp:110:55: warning: narrowing conversion of ‘(((RobotCameraProcessor*)this)->RobotCameraProcessor::marker_size_ / (double)2)’ from ‘double’ to ‘float’ [-Wnarrowing]
[7.966s]   110 |                         {-marker_size_/2, marker_size_/2, 0},
[7.966s]       |                                           ~~~~~~~~~~~~^~
[7.966s] /home/eragon/ArUco/src/robot_camera_processor/src/robot_camera_processor_node.cpp:111:38: warning: narrowing conversion of ‘(((RobotCameraProcessor*)this)->RobotCameraProcessor::marker_size_ / (double)2)’ from ‘double’ to ‘float’ [-Wnarrowing]
[7.966s]   111 |                         {marker_size_/2, marker_size_/2, 0},
[7.966s]       |                          ~~~~~~~~~~~~^~
[7.966s] /home/eragon/ArUco/src/robot_camera_processor/src/robot_camera_processor_node.cpp:111:54: warning: narrowing conversion of ‘(((RobotCameraProcessor*)this)->RobotCameraProcessor::marker_size_ / (double)2)’ from ‘double’ to ‘float’ [-Wnarrowing]
[7.966s]   111 |                         {marker_size_/2, marker_size_/2, 0},
[7.966s]       |                                          ~~~~~~~~~~~~^~
[7.967s] /home/eragon/ArUco/src/robot_camera_processor/src/robot_camera_processor_node.cpp:112:38: warning: narrowing conversion of ‘(((RobotCameraProcessor*)this)->RobotCameraProcessor::marker_size_ / (double)2)’ from ‘double’ to ‘float’ [-Wnarrowing]
[7.967s]   112 |                         {marker_size_/2, -marker_size_/2, 0},
[7.967s]       |                          ~~~~~~~~~~~~^~
[7.967s] /home/eragon/ArUco/src/robot_camera_processor/src/robot_camera_processor_node.cpp:112:55: warning: narrowing conversion of ‘((-((RobotCameraProcessor*)this)->RobotCameraProcessor::marker_size_) / (double)2)’ from ‘double’ to ‘float’ [-Wnarrowing]
[7.967s]   112 |                         {marker_size_/2, -marker_size_/2, 0},
[7.967s]       |                                          ~~~~~~~~~~~~~^~
[7.967s] /home/eragon/ArUco/src/robot_camera_processor/src/robot_camera_processor_node.cpp:113:39: warning: narrowing conversion of ‘((-((RobotCameraProcessor*)this)->RobotCameraProcessor::marker_size_) / (double)2)’ from ‘double’ to ‘float’ [-Wnarrowing]
[7.967s]   113 |                         {-marker_size_/2, -marker_size_/2, 0}
[7.968s]       |                          ~~~~~~~~~~~~~^~
[7.968s] /home/eragon/ArUco/src/robot_camera_processor/src/robot_camera_processor_node.cpp:113:56: warning: narrowing conversion of ‘((-((RobotCameraProcessor*)this)->RobotCameraProcessor::marker_size_) / (double)2)’ from ‘double’ to ‘float’ [-Wnarrowing]
[7.968s]   113 |                         {-marker_size_/2, -marker_size_/2, 0}
[7.968s]       |                                           ~~~~~~~~~~~~~^~
[7.991s] /home/eragon/ArUco/src/robot_camera_processor/src/robot_camera_processor_node.cpp: In member function ‘void RobotCameraProcessor::publish_marker_pose(int, const Vec3d&, const Vec3d&)’:
[7.991s] /home/eragon/ArUco/src/robot_camera_processor/src/robot_camera_processor_node.cpp:145:34: warning: unused parameter ‘marker_id’ [-Wunused-parameter]
[7.991s]   145 |     void publish_marker_pose(int marker_id, const cv::Vec3d& rvec, const cv::Vec3d& tvec) {
[7.992s]       |                              ~~~~^~~~~~~~~
[14.313s] [100%] Linking CXX executable robot_camera_processor_node
[15.171s] [100%] Built target robot_camera_processor_node
[15.187s] Invoked command in '/home/eragon/ArUco/build/robot_camera_processor' returned '0': CMAKE_PREFIX_PATH=${CMAKE_PREFIX_PATH}:/opt/ros/humble /usr/bin/cmake --build /home/eragon/ArUco/build/robot_camera_processor -- -j8 -l8
[15.189s] Invoking command in '/home/eragon/ArUco/build/robot_camera_processor': CMAKE_PREFIX_PATH=${CMAKE_PREFIX_PATH}:/opt/ros/humble /usr/bin/cmake --install /home/eragon/ArUco/build/robot_camera_processor
[15.203s] -- Install configuration: "Debug"
[15.204s] -- Installing: /home/eragon/ArUco/install/robot_camera_processor/lib/robot_camera_processor/robot_camera_processor_node
[15.214s] -- Set runtime path of "/home/eragon/ArUco/install/robot_camera_processor/lib/robot_camera_processor/robot_camera_processor_node" to ""
[15.214s] -- Up-to-date: /home/eragon/ArUco/install/robot_camera_processor/share/ament_index/resource_index/package_run_dependencies/robot_camera_processor
[15.214s] -- Up-to-date: /home/eragon/ArUco/install/robot_camera_processor/share/ament_index/resource_index/parent_prefix_path/robot_camera_processor
[15.214s] -- Up-to-date: /home/eragon/ArUco/install/robot_camera_processor/share/robot_camera_processor/environment/ament_prefix_path.sh
[15.214s] -- Up-to-date: /home/eragon/ArUco/install/robot_camera_processor/share/robot_camera_processor/environment/ament_prefix_path.dsv
[15.215s] -- Up-to-date: /home/eragon/ArUco/install/robot_camera_processor/share/robot_camera_processor/environment/path.sh
[15.215s] -- Up-to-date: /home/eragon/ArUco/install/robot_camera_processor/share/robot_camera_processor/environment/path.dsv
[15.215s] -- Up-to-date: /home/eragon/ArUco/install/robot_camera_processor/share/robot_camera_processor/local_setup.bash
[15.215s] -- Up-to-date: /home/eragon/ArUco/install/robot_camera_processor/share/robot_camera_processor/local_setup.sh
[15.215s] -- Up-to-date: /home/eragon/ArUco/install/robot_camera_processor/share/robot_camera_processor/local_setup.zsh
[15.215s] -- Up-to-date: /home/eragon/ArUco/install/robot_camera_processor/share/robot_camera_processor/local_setup.dsv
[15.215s] -- Installing: /home/eragon/ArUco/install/robot_camera_processor/share/robot_camera_processor/package.dsv
[15.215s] -- Up-to-date: /home/eragon/ArUco/install/robot_camera_processor/share/ament_index/resource_index/packages/robot_camera_processor
[15.215s] -- Up-to-date: /home/eragon/ArUco/install/robot_camera_processor/share/robot_camera_processor/cmake/robot_camera_processorConfig.cmake
[15.215s] -- Up-to-date: /home/eragon/ArUco/install/robot_camera_processor/share/robot_camera_processor/cmake/robot_camera_processorConfig-version.cmake
[15.216s] -- Up-to-date: /home/eragon/ArUco/install/robot_camera_processor/share/robot_camera_processor/package.xml
[15.217s] Invoked command in '/home/eragon/ArUco/build/robot_camera_processor' returned '0': CMAKE_PREFIX_PATH=${CMAKE_PREFIX_PATH}:/opt/ros/humble /usr/bin/cmake --install /home/eragon/ArUco/build/robot_camera_processor
