[0.181s] DEBUG:colcon:Command line arguments: ['/usr/bin/colcon', 'build', '--event-handlers', 'status+', 'console_start_end+', '--cmake-args', '-G', 'CodeBlocks - Unix Makefiles', '-DCMAKE_BUILD_TYPE=Debug']
[0.182s] DEBUG:colcon:Parsed command line arguments: Namespace(log_base=None, log_level=None, verb_name='build', build_base='build', install_base='install', merge_install=False, symlink_install=False, test_result_base=None, continue_on_error=False, executor='parallel', parallel_workers=8, event_handlers=['status+', 'console_start_end+'], ignore_user_meta=False, metas=['./colcon.meta'], base_paths=['.'], packages_ignore=None, packages_ignore_regex=None, paths=None, packages_up_to=None, packages_up_to_regex=None, packages_above=None, packages_above_and_dependencies=None, packages_above_depth=None, packages_select_by_dep=None, packages_skip_by_dep=None, packages_skip_up_to=None, packages_select_build_failed=False, packages_skip_build_finished=False, packages_select_test_failures=False, packages_skip_test_passed=False, packages_select=None, packages_skip=None, packages_select_regex=None, packages_skip_regex=None, packages_start=None, packages_end=None, allow_overriding=[], cmake_args=['-G', 'CodeBlocks - Unix Makefiles', '-DCMAKE_BUILD_TYPE=Debug'], cmake_target=None, cmake_target_skip_unavailable=False, cmake_clean_cache=False, cmake_clean_first=False, cmake_force_configure=False, ament_cmake_args=None, catkin_cmake_args=None, catkin_skip_building_tests=False, mixin_files=None, mixin=None, verb_parser=<colcon_mixin.mixin.mixin_argument.MixinArgumentDecorator object at 0x7cbc36e5d930>, verb_extension=<colcon_core.verb.build.BuildVerb object at 0x7cbc36e5d240>, main=<bound method BuildVerb.main of <colcon_core.verb.build.BuildVerb object at 0x7cbc36e5d240>>, mixin_verb=('build',))
[0.470s] Level 1:colcon.colcon_core.package_discovery:discover_packages(colcon_meta) check parameters
[0.470s] Level 1:colcon.colcon_core.package_discovery:discover_packages(recursive) check parameters
[0.470s] Level 1:colcon.colcon_core.package_discovery:discover_packages(ignore) check parameters
[0.470s] Level 1:colcon.colcon_core.package_discovery:discover_packages(path) check parameters
[0.470s] Level 1:colcon.colcon_core.package_discovery:discover_packages(colcon_meta) discover
[0.470s] Level 1:colcon.colcon_core.package_discovery:discover_packages(recursive) discover
[0.471s] INFO:colcon.colcon_core.package_discovery:Crawling recursively for packages in '/home/eragon/ArUco'
[0.471s] Level 1:colcon.colcon_core.package_identification:_identify(.) by extensions ['ignore', 'ignore_ament_install']
[0.471s] Level 1:colcon.colcon_core.package_identification:_identify(.) by extension 'ignore'
[0.471s] Level 1:colcon.colcon_core.package_identification:_identify(.) by extension 'ignore_ament_install'
[0.471s] Level 1:colcon.colcon_core.package_identification:_identify(.) by extensions ['colcon_pkg']
[0.471s] Level 1:colcon.colcon_core.package_identification:_identify(.) by extension 'colcon_pkg'
[0.471s] Level 1:colcon.colcon_core.package_identification:_identify(.) by extensions ['colcon_meta']
[0.471s] Level 1:colcon.colcon_core.package_identification:_identify(.) by extension 'colcon_meta'
[0.471s] Level 1:colcon.colcon_core.package_identification:_identify(.) by extensions ['ros']
[0.471s] Level 1:colcon.colcon_core.package_identification:_identify(.) by extension 'ros'
[0.489s] Level 1:colcon.colcon_core.package_identification:_identify(.) by extensions ['cmake', 'python']
[0.489s] Level 1:colcon.colcon_core.package_identification:_identify(.) by extension 'cmake'
[0.489s] Level 1:colcon.colcon_core.package_identification:_identify(.) by extension 'python'
[0.489s] Level 1:colcon.colcon_core.package_identification:_identify(.) by extensions ['python_setup_py']
[0.489s] Level 1:colcon.colcon_core.package_identification:_identify(.) by extension 'python_setup_py'
[0.490s] Level 1:colcon.colcon_core.package_identification:_identify(build) by extensions ['ignore', 'ignore_ament_install']
[0.490s] Level 1:colcon.colcon_core.package_identification:_identify(build) by extension 'ignore'
[0.490s] Level 1:colcon.colcon_core.package_identification:_identify(build) ignored
[0.490s] Level 1:colcon.colcon_core.package_identification:_identify(install) by extensions ['ignore', 'ignore_ament_install']
[0.490s] Level 1:colcon.colcon_core.package_identification:_identify(install) by extension 'ignore'
[0.490s] Level 1:colcon.colcon_core.package_identification:_identify(install) ignored
[0.490s] Level 1:colcon.colcon_core.package_identification:_identify(log) by extensions ['ignore', 'ignore_ament_install']
[0.491s] Level 1:colcon.colcon_core.package_identification:_identify(log) by extension 'ignore'
[0.491s] Level 1:colcon.colcon_core.package_identification:_identify(log) ignored
[0.491s] Level 1:colcon.colcon_core.package_identification:_identify(src) by extensions ['ignore', 'ignore_ament_install']
[0.491s] Level 1:colcon.colcon_core.package_identification:_identify(src) by extension 'ignore'
[0.491s] Level 1:colcon.colcon_core.package_identification:_identify(src) by extension 'ignore_ament_install'
[0.491s] Level 1:colcon.colcon_core.package_identification:_identify(src) by extensions ['colcon_pkg']
[0.491s] Level 1:colcon.colcon_core.package_identification:_identify(src) by extension 'colcon_pkg'
[0.491s] Level 1:colcon.colcon_core.package_identification:_identify(src) by extensions ['colcon_meta']
[0.491s] Level 1:colcon.colcon_core.package_identification:_identify(src) by extension 'colcon_meta'
[0.491s] Level 1:colcon.colcon_core.package_identification:_identify(src) by extensions ['ros']
[0.491s] Level 1:colcon.colcon_core.package_identification:_identify(src) by extension 'ros'
[0.491s] Level 1:colcon.colcon_core.package_identification:_identify(src) by extensions ['cmake', 'python']
[0.491s] Level 1:colcon.colcon_core.package_identification:_identify(src) by extension 'cmake'
[0.492s] Level 1:colcon.colcon_core.package_identification:_identify(src) by extension 'python'
[0.492s] Level 1:colcon.colcon_core.package_identification:_identify(src) by extensions ['python_setup_py']
[0.492s] Level 1:colcon.colcon_core.package_identification:_identify(src) by extension 'python_setup_py'
[0.492s] Level 1:colcon.colcon_core.package_identification:_identify(src/data_with_camera_pkg) by extensions ['ignore', 'ignore_ament_install']
[0.492s] Level 1:colcon.colcon_core.package_identification:_identify(src/data_with_camera_pkg) by extension 'ignore'
[0.492s] Level 1:colcon.colcon_core.package_identification:_identify(src/data_with_camera_pkg) by extension 'ignore_ament_install'
[0.492s] Level 1:colcon.colcon_core.package_identification:_identify(src/data_with_camera_pkg) by extensions ['colcon_pkg']
[0.492s] Level 1:colcon.colcon_core.package_identification:_identify(src/data_with_camera_pkg) by extension 'colcon_pkg'
[0.492s] Level 1:colcon.colcon_core.package_identification:_identify(src/data_with_camera_pkg) by extensions ['colcon_meta']
[0.492s] Level 1:colcon.colcon_core.package_identification:_identify(src/data_with_camera_pkg) by extension 'colcon_meta'
[0.492s] Level 1:colcon.colcon_core.package_identification:_identify(src/data_with_camera_pkg) by extensions ['ros']
[0.492s] Level 1:colcon.colcon_core.package_identification:_identify(src/data_with_camera_pkg) by extension 'ros'
[0.496s] DEBUG:colcon.colcon_core.package_identification:Package 'src/data_with_camera_pkg' with type 'ros.ament_cmake' and name 'data_with_camera_pkg'
[0.496s] Level 1:colcon.colcon_core.package_identification:_identify(src/lab4_image_receiver) by extensions ['ignore', 'ignore_ament_install']
[0.497s] Level 1:colcon.colcon_core.package_identification:_identify(src/lab4_image_receiver) by extension 'ignore'
[0.497s] Level 1:colcon.colcon_core.package_identification:_identify(src/lab4_image_receiver) by extension 'ignore_ament_install'
[0.497s] Level 1:colcon.colcon_core.package_identification:_identify(src/lab4_image_receiver) by extensions ['colcon_pkg']
[0.497s] Level 1:colcon.colcon_core.package_identification:_identify(src/lab4_image_receiver) by extension 'colcon_pkg'
[0.497s] Level 1:colcon.colcon_core.package_identification:_identify(src/lab4_image_receiver) by extensions ['colcon_meta']
[0.497s] Level 1:colcon.colcon_core.package_identification:_identify(src/lab4_image_receiver) by extension 'colcon_meta'
[0.497s] Level 1:colcon.colcon_core.package_identification:_identify(src/lab4_image_receiver) by extensions ['ros']
[0.497s] Level 1:colcon.colcon_core.package_identification:_identify(src/lab4_image_receiver) by extension 'ros'
[0.499s] DEBUG:colcon.colcon_core.package_identification:Package 'src/lab4_image_receiver' with type 'ros.ament_cmake' and name 'lab4_image_receiver'
[0.499s] Level 1:colcon.colcon_core.package_identification:_identify(src/lab4_image_sender) by extensions ['ignore', 'ignore_ament_install']
[0.499s] Level 1:colcon.colcon_core.package_identification:_identify(src/lab4_image_sender) by extension 'ignore'
[0.499s] Level 1:colcon.colcon_core.package_identification:_identify(src/lab4_image_sender) by extension 'ignore_ament_install'
[0.499s] Level 1:colcon.colcon_core.package_identification:_identify(src/lab4_image_sender) by extensions ['colcon_pkg']
[0.499s] Level 1:colcon.colcon_core.package_identification:_identify(src/lab4_image_sender) by extension 'colcon_pkg'
[0.499s] Level 1:colcon.colcon_core.package_identification:_identify(src/lab4_image_sender) by extensions ['colcon_meta']
[0.499s] Level 1:colcon.colcon_core.package_identification:_identify(src/lab4_image_sender) by extension 'colcon_meta'
[0.499s] Level 1:colcon.colcon_core.package_identification:_identify(src/lab4_image_sender) by extensions ['ros']
[0.499s] Level 1:colcon.colcon_core.package_identification:_identify(src/lab4_image_sender) by extension 'ros'
[0.500s] DEBUG:colcon.colcon_core.package_identification:Package 'src/lab4_image_sender' with type 'ros.ament_cmake' and name 'lab4_image_sender'
[0.500s] Level 1:colcon.colcon_core.package_identification:_identify(src/robot) by extensions ['ignore', 'ignore_ament_install']
[0.501s] Level 1:colcon.colcon_core.package_identification:_identify(src/robot) by extension 'ignore'
[0.501s] Level 1:colcon.colcon_core.package_identification:_identify(src/robot) by extension 'ignore_ament_install'
[0.501s] Level 1:colcon.colcon_core.package_identification:_identify(src/robot) by extensions ['colcon_pkg']
[0.501s] Level 1:colcon.colcon_core.package_identification:_identify(src/robot) by extension 'colcon_pkg'
[0.501s] Level 1:colcon.colcon_core.package_identification:_identify(src/robot) by extensions ['colcon_meta']
[0.501s] Level 1:colcon.colcon_core.package_identification:_identify(src/robot) by extension 'colcon_meta'
[0.501s] Level 1:colcon.colcon_core.package_identification:_identify(src/robot) by extensions ['ros']
[0.501s] Level 1:colcon.colcon_core.package_identification:_identify(src/robot) by extension 'ros'
[0.502s] DEBUG:colcon.colcon_core.package_identification:Package 'src/robot' with type 'ros.ament_cmake' and name 'robot'
[0.502s] Level 1:colcon.colcon_core.package_identification:_identify(src/robot_odometry) by extensions ['ignore', 'ignore_ament_install']
[0.502s] Level 1:colcon.colcon_core.package_identification:_identify(src/robot_odometry) by extension 'ignore'
[0.502s] Level 1:colcon.colcon_core.package_identification:_identify(src/robot_odometry) by extension 'ignore_ament_install'
[0.502s] Level 1:colcon.colcon_core.package_identification:_identify(src/robot_odometry) by extensions ['colcon_pkg']
[0.502s] Level 1:colcon.colcon_core.package_identification:_identify(src/robot_odometry) by extension 'colcon_pkg'
[0.502s] Level 1:colcon.colcon_core.package_identification:_identify(src/robot_odometry) by extensions ['colcon_meta']
[0.502s] Level 1:colcon.colcon_core.package_identification:_identify(src/robot_odometry) by extension 'colcon_meta'
[0.502s] Level 1:colcon.colcon_core.package_identification:_identify(src/robot_odometry) by extensions ['ros']
[0.502s] Level 1:colcon.colcon_core.package_identification:_identify(src/robot_odometry) by extension 'ros'
[0.503s] DEBUG:colcon.colcon_core.package_identification:Package 'src/robot_odometry' with type 'ros.ament_cmake' and name 'robot_odometry'
[0.503s] Level 1:colcon.colcon_core.package_identification:_identify(src/robot_teleop) by extensions ['ignore', 'ignore_ament_install']
[0.503s] Level 1:colcon.colcon_core.package_identification:_identify(src/robot_teleop) by extension 'ignore'
[0.503s] Level 1:colcon.colcon_core.package_identification:_identify(src/robot_teleop) by extension 'ignore_ament_install'
[0.504s] Level 1:colcon.colcon_core.package_identification:_identify(src/robot_teleop) by extensions ['colcon_pkg']
[0.504s] Level 1:colcon.colcon_core.package_identification:_identify(src/robot_teleop) by extension 'colcon_pkg'
[0.504s] Level 1:colcon.colcon_core.package_identification:_identify(src/robot_teleop) by extensions ['colcon_meta']
[0.504s] Level 1:colcon.colcon_core.package_identification:_identify(src/robot_teleop) by extension 'colcon_meta'
[0.504s] Level 1:colcon.colcon_core.package_identification:_identify(src/robot_teleop) by extensions ['ros']
[0.504s] Level 1:colcon.colcon_core.package_identification:_identify(src/robot_teleop) by extension 'ros'
[0.505s] DEBUG:colcon.colcon_core.package_identification:Package 'src/robot_teleop' with type 'ros.ament_cmake' and name 'robot_teleop'
[0.505s] Level 1:colcon.colcon_core.package_identification:_identify(src/test_robot_plugin) by extensions ['ignore', 'ignore_ament_install']
[0.505s] Level 1:colcon.colcon_core.package_identification:_identify(src/test_robot_plugin) by extension 'ignore'
[0.505s] Level 1:colcon.colcon_core.package_identification:_identify(src/test_robot_plugin) by extension 'ignore_ament_install'
[0.505s] Level 1:colcon.colcon_core.package_identification:_identify(src/test_robot_plugin) by extensions ['colcon_pkg']
[0.505s] Level 1:colcon.colcon_core.package_identification:_identify(src/test_robot_plugin) by extension 'colcon_pkg'
[0.505s] Level 1:colcon.colcon_core.package_identification:_identify(src/test_robot_plugin) by extensions ['colcon_meta']
[0.505s] Level 1:colcon.colcon_core.package_identification:_identify(src/test_robot_plugin) by extension 'colcon_meta'
[0.505s] Level 1:colcon.colcon_core.package_identification:_identify(src/test_robot_plugin) by extensions ['ros']
[0.505s] Level 1:colcon.colcon_core.package_identification:_identify(src/test_robot_plugin) by extension 'ros'
[0.506s] DEBUG:colcon.colcon_core.package_identification:Package 'src/test_robot_plugin' with type 'ros.ament_cmake' and name 'test_robot_plugin'
[0.506s] Level 1:colcon.colcon_core.package_discovery:discover_packages(recursive) using defaults
[0.506s] Level 1:colcon.colcon_core.package_discovery:discover_packages(ignore) discover
[0.506s] Level 1:colcon.colcon_core.package_discovery:discover_packages(ignore) using defaults
[0.506s] Level 1:colcon.colcon_core.package_discovery:discover_packages(path) discover
[0.506s] Level 1:colcon.colcon_core.package_discovery:discover_packages(path) using defaults
[0.559s] Level 1:colcon.colcon_core.package_discovery:discover_packages(prefix_path) check parameters
[0.559s] Level 1:colcon.colcon_core.package_discovery:discover_packages(prefix_path) discover
[0.563s] DEBUG:colcon.colcon_installed_package_information.package_discovery:Found 10 installed packages in /home/eragon/ArUco/install
[0.565s] DEBUG:colcon.colcon_installed_package_information.package_discovery:Found 284 installed packages in /opt/ros/humble
[0.568s] Level 1:colcon.colcon_core.package_discovery:discover_packages(prefix_path) using defaults
[0.631s] Level 5:colcon.colcon_core.verb:set package 'data_with_camera_pkg' build argument 'cmake_args' from command line to '['-G', 'CodeBlocks - Unix Makefiles', '-DCMAKE_BUILD_TYPE=Debug']'
[0.631s] Level 5:colcon.colcon_core.verb:set package 'data_with_camera_pkg' build argument 'cmake_target' from command line to 'None'
[0.631s] Level 5:colcon.colcon_core.verb:set package 'data_with_camera_pkg' build argument 'cmake_target_skip_unavailable' from command line to 'False'
[0.631s] Level 5:colcon.colcon_core.verb:set package 'data_with_camera_pkg' build argument 'cmake_clean_cache' from command line to 'False'
[0.631s] Level 5:colcon.colcon_core.verb:set package 'data_with_camera_pkg' build argument 'cmake_clean_first' from command line to 'False'
[0.631s] Level 5:colcon.colcon_core.verb:set package 'data_with_camera_pkg' build argument 'cmake_force_configure' from command line to 'False'
[0.631s] Level 5:colcon.colcon_core.verb:set package 'data_with_camera_pkg' build argument 'ament_cmake_args' from command line to 'None'
[0.631s] Level 5:colcon.colcon_core.verb:set package 'data_with_camera_pkg' build argument 'catkin_cmake_args' from command line to 'None'
[0.631s] Level 5:colcon.colcon_core.verb:set package 'data_with_camera_pkg' build argument 'catkin_skip_building_tests' from command line to 'False'
[0.631s] DEBUG:colcon.colcon_core.verb:Building package 'data_with_camera_pkg' with the following arguments: {'ament_cmake_args': None, 'build_base': '/home/eragon/ArUco/build/data_with_camera_pkg', 'catkin_cmake_args': None, 'catkin_skip_building_tests': False, 'cmake_args': ['-G', 'CodeBlocks - Unix Makefiles', '-DCMAKE_BUILD_TYPE=Debug'], 'cmake_clean_cache': False, 'cmake_clean_first': False, 'cmake_force_configure': False, 'cmake_target': None, 'cmake_target_skip_unavailable': False, 'install_base': '/home/eragon/ArUco/install/data_with_camera_pkg', 'merge_install': False, 'path': '/home/eragon/ArUco/src/data_with_camera_pkg', 'symlink_install': False, 'test_result_base': None}
[0.632s] Level 5:colcon.colcon_core.verb:set package 'lab4_image_receiver' build argument 'cmake_args' from command line to '['-G', 'CodeBlocks - Unix Makefiles', '-DCMAKE_BUILD_TYPE=Debug']'
[0.632s] Level 5:colcon.colcon_core.verb:set package 'lab4_image_receiver' build argument 'cmake_target' from command line to 'None'
[0.632s] Level 5:colcon.colcon_core.verb:set package 'lab4_image_receiver' build argument 'cmake_target_skip_unavailable' from command line to 'False'
[0.633s] Level 5:colcon.colcon_core.verb:set package 'lab4_image_receiver' build argument 'cmake_clean_cache' from command line to 'False'
[0.633s] Level 5:colcon.colcon_core.verb:set package 'lab4_image_receiver' build argument 'cmake_clean_first' from command line to 'False'
[0.633s] Level 5:colcon.colcon_core.verb:set package 'lab4_image_receiver' build argument 'cmake_force_configure' from command line to 'False'
[0.633s] Level 5:colcon.colcon_core.verb:set package 'lab4_image_receiver' build argument 'ament_cmake_args' from command line to 'None'
[0.633s] Level 5:colcon.colcon_core.verb:set package 'lab4_image_receiver' build argument 'catkin_cmake_args' from command line to 'None'
[0.633s] Level 5:colcon.colcon_core.verb:set package 'lab4_image_receiver' build argument 'catkin_skip_building_tests' from command line to 'False'
[0.633s] DEBUG:colcon.colcon_core.verb:Building package 'lab4_image_receiver' with the following arguments: {'ament_cmake_args': None, 'build_base': '/home/eragon/ArUco/build/lab4_image_receiver', 'catkin_cmake_args': None, 'catkin_skip_building_tests': False, 'cmake_args': ['-G', 'CodeBlocks - Unix Makefiles', '-DCMAKE_BUILD_TYPE=Debug'], 'cmake_clean_cache': False, 'cmake_clean_first': False, 'cmake_force_configure': False, 'cmake_target': None, 'cmake_target_skip_unavailable': False, 'install_base': '/home/eragon/ArUco/install/lab4_image_receiver', 'merge_install': False, 'path': '/home/eragon/ArUco/src/lab4_image_receiver', 'symlink_install': False, 'test_result_base': None}
[0.633s] Level 5:colcon.colcon_core.verb:set package 'lab4_image_sender' build argument 'cmake_args' from command line to '['-G', 'CodeBlocks - Unix Makefiles', '-DCMAKE_BUILD_TYPE=Debug']'
[0.634s] Level 5:colcon.colcon_core.verb:set package 'lab4_image_sender' build argument 'cmake_target' from command line to 'None'
[0.634s] Level 5:colcon.colcon_core.verb:set package 'lab4_image_sender' build argument 'cmake_target_skip_unavailable' from command line to 'False'
[0.634s] Level 5:colcon.colcon_core.verb:set package 'lab4_image_sender' build argument 'cmake_clean_cache' from command line to 'False'
[0.634s] Level 5:colcon.colcon_core.verb:set package 'lab4_image_sender' build argument 'cmake_clean_first' from command line to 'False'
[0.634s] Level 5:colcon.colcon_core.verb:set package 'lab4_image_sender' build argument 'cmake_force_configure' from command line to 'False'
[0.634s] Level 5:colcon.colcon_core.verb:set package 'lab4_image_sender' build argument 'ament_cmake_args' from command line to 'None'
[0.634s] Level 5:colcon.colcon_core.verb:set package 'lab4_image_sender' build argument 'catkin_cmake_args' from command line to 'None'
[0.634s] Level 5:colcon.colcon_core.verb:set package 'lab4_image_sender' build argument 'catkin_skip_building_tests' from command line to 'False'
[0.634s] DEBUG:colcon.colcon_core.verb:Building package 'lab4_image_sender' with the following arguments: {'ament_cmake_args': None, 'build_base': '/home/eragon/ArUco/build/lab4_image_sender', 'catkin_cmake_args': None, 'catkin_skip_building_tests': False, 'cmake_args': ['-G', 'CodeBlocks - Unix Makefiles', '-DCMAKE_BUILD_TYPE=Debug'], 'cmake_clean_cache': False, 'cmake_clean_first': False, 'cmake_force_configure': False, 'cmake_target': None, 'cmake_target_skip_unavailable': False, 'install_base': '/home/eragon/ArUco/install/lab4_image_sender', 'merge_install': False, 'path': '/home/eragon/ArUco/src/lab4_image_sender', 'symlink_install': False, 'test_result_base': None}
[0.634s] Level 5:colcon.colcon_core.verb:set package 'robot' build argument 'cmake_args' from command line to '['-G', 'CodeBlocks - Unix Makefiles', '-DCMAKE_BUILD_TYPE=Debug']'
[0.634s] Level 5:colcon.colcon_core.verb:set package 'robot' build argument 'cmake_target' from command line to 'None'
[0.635s] Level 5:colcon.colcon_core.verb:set package 'robot' build argument 'cmake_target_skip_unavailable' from command line to 'False'
[0.635s] Level 5:colcon.colcon_core.verb:set package 'robot' build argument 'cmake_clean_cache' from command line to 'False'
[0.635s] Level 5:colcon.colcon_core.verb:set package 'robot' build argument 'cmake_clean_first' from command line to 'False'
[0.635s] Level 5:colcon.colcon_core.verb:set package 'robot' build argument 'cmake_force_configure' from command line to 'False'
[0.635s] Level 5:colcon.colcon_core.verb:set package 'robot' build argument 'ament_cmake_args' from command line to 'None'
[0.635s] Level 5:colcon.colcon_core.verb:set package 'robot' build argument 'catkin_cmake_args' from command line to 'None'
[0.635s] Level 5:colcon.colcon_core.verb:set package 'robot' build argument 'catkin_skip_building_tests' from command line to 'False'
[0.635s] DEBUG:colcon.colcon_core.verb:Building package 'robot' with the following arguments: {'ament_cmake_args': None, 'build_base': '/home/eragon/ArUco/build/robot', 'catkin_cmake_args': None, 'catkin_skip_building_tests': False, 'cmake_args': ['-G', 'CodeBlocks - Unix Makefiles', '-DCMAKE_BUILD_TYPE=Debug'], 'cmake_clean_cache': False, 'cmake_clean_first': False, 'cmake_force_configure': False, 'cmake_target': None, 'cmake_target_skip_unavailable': False, 'install_base': '/home/eragon/ArUco/install/robot', 'merge_install': False, 'path': '/home/eragon/ArUco/src/robot', 'symlink_install': False, 'test_result_base': None}
[0.635s] Level 5:colcon.colcon_core.verb:set package 'robot_odometry' build argument 'cmake_args' from command line to '['-G', 'CodeBlocks - Unix Makefiles', '-DCMAKE_BUILD_TYPE=Debug']'
[0.635s] Level 5:colcon.colcon_core.verb:set package 'robot_odometry' build argument 'cmake_target' from command line to 'None'
[0.635s] Level 5:colcon.colcon_core.verb:set package 'robot_odometry' build argument 'cmake_target_skip_unavailable' from command line to 'False'
[0.635s] Level 5:colcon.colcon_core.verb:set package 'robot_odometry' build argument 'cmake_clean_cache' from command line to 'False'
[0.635s] Level 5:colcon.colcon_core.verb:set package 'robot_odometry' build argument 'cmake_clean_first' from command line to 'False'
[0.636s] Level 5:colcon.colcon_core.verb:set package 'robot_odometry' build argument 'cmake_force_configure' from command line to 'False'
[0.636s] Level 5:colcon.colcon_core.verb:set package 'robot_odometry' build argument 'ament_cmake_args' from command line to 'None'
[0.636s] Level 5:colcon.colcon_core.verb:set package 'robot_odometry' build argument 'catkin_cmake_args' from command line to 'None'
[0.636s] Level 5:colcon.colcon_core.verb:set package 'robot_odometry' build argument 'catkin_skip_building_tests' from command line to 'False'
[0.636s] DEBUG:colcon.colcon_core.verb:Building package 'robot_odometry' with the following arguments: {'ament_cmake_args': None, 'build_base': '/home/eragon/ArUco/build/robot_odometry', 'catkin_cmake_args': None, 'catkin_skip_building_tests': False, 'cmake_args': ['-G', 'CodeBlocks - Unix Makefiles', '-DCMAKE_BUILD_TYPE=Debug'], 'cmake_clean_cache': False, 'cmake_clean_first': False, 'cmake_force_configure': False, 'cmake_target': None, 'cmake_target_skip_unavailable': False, 'install_base': '/home/eragon/ArUco/install/robot_odometry', 'merge_install': False, 'path': '/home/eragon/ArUco/src/robot_odometry', 'symlink_install': False, 'test_result_base': None}
[0.636s] Level 5:colcon.colcon_core.verb:set package 'robot_teleop' build argument 'cmake_args' from command line to '['-G', 'CodeBlocks - Unix Makefiles', '-DCMAKE_BUILD_TYPE=Debug']'
[0.636s] Level 5:colcon.colcon_core.verb:set package 'robot_teleop' build argument 'cmake_target' from command line to 'None'
[0.636s] Level 5:colcon.colcon_core.verb:set package 'robot_teleop' build argument 'cmake_target_skip_unavailable' from command line to 'False'
[0.636s] Level 5:colcon.colcon_core.verb:set package 'robot_teleop' build argument 'cmake_clean_cache' from command line to 'False'
[0.636s] Level 5:colcon.colcon_core.verb:set package 'robot_teleop' build argument 'cmake_clean_first' from command line to 'False'
[0.636s] Level 5:colcon.colcon_core.verb:set package 'robot_teleop' build argument 'cmake_force_configure' from command line to 'False'
[0.636s] Level 5:colcon.colcon_core.verb:set package 'robot_teleop' build argument 'ament_cmake_args' from command line to 'None'
[0.636s] Level 5:colcon.colcon_core.verb:set package 'robot_teleop' build argument 'catkin_cmake_args' from command line to 'None'
[0.637s] Level 5:colcon.colcon_core.verb:set package 'robot_teleop' build argument 'catkin_skip_building_tests' from command line to 'False'
[0.637s] DEBUG:colcon.colcon_core.verb:Building package 'robot_teleop' with the following arguments: {'ament_cmake_args': None, 'build_base': '/home/eragon/ArUco/build/robot_teleop', 'catkin_cmake_args': None, 'catkin_skip_building_tests': False, 'cmake_args': ['-G', 'CodeBlocks - Unix Makefiles', '-DCMAKE_BUILD_TYPE=Debug'], 'cmake_clean_cache': False, 'cmake_clean_first': False, 'cmake_force_configure': False, 'cmake_target': None, 'cmake_target_skip_unavailable': False, 'install_base': '/home/eragon/ArUco/install/robot_teleop', 'merge_install': False, 'path': '/home/eragon/ArUco/src/robot_teleop', 'symlink_install': False, 'test_result_base': None}
[0.637s] Level 5:colcon.colcon_core.verb:set package 'test_robot_plugin' build argument 'cmake_args' from command line to '['-G', 'CodeBlocks - Unix Makefiles', '-DCMAKE_BUILD_TYPE=Debug']'
[0.637s] Level 5:colcon.colcon_core.verb:set package 'test_robot_plugin' build argument 'cmake_target' from command line to 'None'
[0.637s] Level 5:colcon.colcon_core.verb:set package 'test_robot_plugin' build argument 'cmake_target_skip_unavailable' from command line to 'False'
[0.637s] Level 5:colcon.colcon_core.verb:set package 'test_robot_plugin' build argument 'cmake_clean_cache' from command line to 'False'
[0.637s] Level 5:colcon.colcon_core.verb:set package 'test_robot_plugin' build argument 'cmake_clean_first' from command line to 'False'
[0.637s] Level 5:colcon.colcon_core.verb:set package 'test_robot_plugin' build argument 'cmake_force_configure' from command line to 'False'
[0.637s] Level 5:colcon.colcon_core.verb:set package 'test_robot_plugin' build argument 'ament_cmake_args' from command line to 'None'
[0.637s] Level 5:colcon.colcon_core.verb:set package 'test_robot_plugin' build argument 'catkin_cmake_args' from command line to 'None'
[0.637s] Level 5:colcon.colcon_core.verb:set package 'test_robot_plugin' build argument 'catkin_skip_building_tests' from command line to 'False'
[0.637s] DEBUG:colcon.colcon_core.verb:Building package 'test_robot_plugin' with the following arguments: {'ament_cmake_args': None, 'build_base': '/home/eragon/ArUco/build/test_robot_plugin', 'catkin_cmake_args': None, 'catkin_skip_building_tests': False, 'cmake_args': ['-G', 'CodeBlocks - Unix Makefiles', '-DCMAKE_BUILD_TYPE=Debug'], 'cmake_clean_cache': False, 'cmake_clean_first': False, 'cmake_force_configure': False, 'cmake_target': None, 'cmake_target_skip_unavailable': False, 'install_base': '/home/eragon/ArUco/install/test_robot_plugin', 'merge_install': False, 'path': '/home/eragon/ArUco/src/test_robot_plugin', 'symlink_install': False, 'test_result_base': None}
[0.638s] INFO:colcon.colcon_core.executor:Executing jobs using 'parallel' executor
[0.639s] DEBUG:colcon.colcon_parallel_executor.executor.parallel:run_until_complete
[0.640s] INFO:colcon.colcon_ros.task.ament_cmake.build:Building ROS package in '/home/eragon/ArUco/src/data_with_camera_pkg' with build type 'ament_cmake'
[0.640s] INFO:colcon.colcon_cmake.task.cmake.build:Building CMake package in '/home/eragon/ArUco/src/data_with_camera_pkg'
[0.643s] INFO:colcon.colcon_core.plugin_system:Skipping extension 'colcon_core.shell.bat': Not used on non-Windows systems
[0.644s] INFO:colcon.colcon_core.shell:Skip shell extension 'powershell' for command environment: Not usable outside of PowerShell
[0.644s] DEBUG:colcon.colcon_core.shell:Skip shell extension 'dsv' for command environment
[0.651s] INFO:colcon.colcon_ros.task.ament_cmake.build:Building ROS package in '/home/eragon/ArUco/src/lab4_image_receiver' with build type 'ament_cmake'
[0.651s] INFO:colcon.colcon_cmake.task.cmake.build:Building CMake package in '/home/eragon/ArUco/src/lab4_image_receiver'
[0.651s] INFO:colcon.colcon_core.shell:Skip shell extension 'powershell' for command environment: Not usable outside of PowerShell
[0.651s] DEBUG:colcon.colcon_core.shell:Skip shell extension 'dsv' for command environment
[0.658s] INFO:colcon.colcon_ros.task.ament_cmake.build:Building ROS package in '/home/eragon/ArUco/src/lab4_image_sender' with build type 'ament_cmake'
[0.658s] INFO:colcon.colcon_cmake.task.cmake.build:Building CMake package in '/home/eragon/ArUco/src/lab4_image_sender'
[0.658s] INFO:colcon.colcon_core.shell:Skip shell extension 'powershell' for command environment: Not usable outside of PowerShell
[0.658s] DEBUG:colcon.colcon_core.shell:Skip shell extension 'dsv' for command environment
[0.665s] INFO:colcon.colcon_ros.task.ament_cmake.build:Building ROS package in '/home/eragon/ArUco/src/robot' with build type 'ament_cmake'
[0.665s] INFO:colcon.colcon_cmake.task.cmake.build:Building CMake package in '/home/eragon/ArUco/src/robot'
[0.665s] INFO:colcon.colcon_core.shell:Skip shell extension 'powershell' for command environment: Not usable outside of PowerShell
[0.665s] DEBUG:colcon.colcon_core.shell:Skip shell extension 'dsv' for command environment
[0.671s] INFO:colcon.colcon_ros.task.ament_cmake.build:Building ROS package in '/home/eragon/ArUco/src/robot_odometry' with build type 'ament_cmake'
[0.672s] INFO:colcon.colcon_cmake.task.cmake.build:Building CMake package in '/home/eragon/ArUco/src/robot_odometry'
[0.672s] INFO:colcon.colcon_core.shell:Skip shell extension 'powershell' for command environment: Not usable outside of PowerShell
[0.672s] DEBUG:colcon.colcon_core.shell:Skip shell extension 'dsv' for command environment
[0.678s] INFO:colcon.colcon_ros.task.ament_cmake.build:Building ROS package in '/home/eragon/ArUco/src/robot_teleop' with build type 'ament_cmake'
[0.679s] INFO:colcon.colcon_cmake.task.cmake.build:Building CMake package in '/home/eragon/ArUco/src/robot_teleop'
[0.679s] INFO:colcon.colcon_core.shell:Skip shell extension 'powershell' for command environment: Not usable outside of PowerShell
[0.679s] DEBUG:colcon.colcon_core.shell:Skip shell extension 'dsv' for command environment
[0.685s] INFO:colcon.colcon_ros.task.ament_cmake.build:Building ROS package in '/home/eragon/ArUco/src/test_robot_plugin' with build type 'ament_cmake'
[0.685s] INFO:colcon.colcon_cmake.task.cmake.build:Building CMake package in '/home/eragon/ArUco/src/test_robot_plugin'
[0.686s] INFO:colcon.colcon_core.shell:Skip shell extension 'powershell' for command environment: Not usable outside of PowerShell
[0.686s] DEBUG:colcon.colcon_core.shell:Skip shell extension 'dsv' for command environment
[0.700s] DEBUG:colcon.colcon_core.event_handler.log_command:Invoking command in '/home/eragon/ArUco/build/data_with_camera_pkg': CMAKE_PREFIX_PATH=${CMAKE_PREFIX_PATH}:/opt/ros/humble /usr/bin/cmake --build /home/eragon/ArUco/build/data_with_camera_pkg -- -j8 -l8
[0.705s] DEBUG:colcon.colcon_core.event_handler.log_command:Invoking command in '/home/eragon/ArUco/build/lab4_image_receiver': CMAKE_PREFIX_PATH=${CMAKE_PREFIX_PATH}:/opt/ros/humble /usr/bin/cmake --build /home/eragon/ArUco/build/lab4_image_receiver -- -j8 -l8
[0.709s] DEBUG:colcon.colcon_core.event_handler.log_command:Invoking command in '/home/eragon/ArUco/build/lab4_image_sender': CMAKE_PREFIX_PATH=${CMAKE_PREFIX_PATH}:/opt/ros/humble /usr/bin/cmake --build /home/eragon/ArUco/build/lab4_image_sender -- -j8 -l8
[0.714s] DEBUG:colcon.colcon_core.event_handler.log_command:Invoking command in '/home/eragon/ArUco/build/robot': CMAKE_PREFIX_PATH=${CMAKE_PREFIX_PATH}:/opt/ros/humble /usr/bin/cmake --build /home/eragon/ArUco/build/robot -- -j8 -l8
[0.720s] DEBUG:colcon.colcon_core.event_handler.log_command:Invoking command in '/home/eragon/ArUco/build/robot_odometry': CMAKE_PREFIX_PATH=${CMAKE_PREFIX_PATH}:/opt/ros/humble /usr/bin/cmake --build /home/eragon/ArUco/build/robot_odometry -- -j8 -l8
[0.726s] DEBUG:colcon.colcon_core.event_handler.log_command:Invoking command in '/home/eragon/ArUco/build/robot_teleop': CMAKE_PREFIX_PATH=${CMAKE_PREFIX_PATH}:/opt/ros/humble /usr/bin/cmake --build /home/eragon/ArUco/build/robot_teleop -- -j8 -l8
[0.736s] DEBUG:colcon.colcon_core.event_handler.log_command:Invoking command in '/home/eragon/ArUco/build/test_robot_plugin': CMAKE_PREFIX_PATH=${CMAKE_PREFIX_PATH}:/opt/ros/humble /usr/bin/cmake --build /home/eragon/ArUco/build/test_robot_plugin -- -j8 -l8
[0.800s] DEBUG:colcon.colcon_core.event_handler.log_command:Invoked command in '/home/eragon/ArUco/build/robot' returned '0': CMAKE_PREFIX_PATH=${CMAKE_PREFIX_PATH}:/opt/ros/humble /usr/bin/cmake --build /home/eragon/ArUco/build/robot -- -j8 -l8
[0.823s] DEBUG:colcon.colcon_core.event_handler.log_command:Invoking command in '/home/eragon/ArUco/build/robot': CMAKE_PREFIX_PATH=${CMAKE_PREFIX_PATH}:/opt/ros/humble /usr/bin/cmake --install /home/eragon/ArUco/build/robot
[0.846s] Level 1:colcon.colcon_core.environment:create_environment_scripts_only(robot)
[0.848s] DEBUG:colcon.colcon_core.event_handler.log_command:Invoked command in '/home/eragon/ArUco/build/robot' returned '0': CMAKE_PREFIX_PATH=${CMAKE_PREFIX_PATH}:/opt/ros/humble /usr/bin/cmake --install /home/eragon/ArUco/build/robot
[0.854s] Level 1:colcon.colcon_core.environment:checking '/home/eragon/ArUco/install/robot' for CMake module files
[0.855s] Level 1:colcon.colcon_core.environment:checking '/home/eragon/ArUco/install/robot' for CMake config files
[0.856s] Level 1:colcon.colcon_core.shell:create_environment_hook('robot', 'cmake_prefix_path')
[0.856s] INFO:colcon.colcon_core.shell:Creating environment hook '/home/eragon/ArUco/install/robot/share/robot/hook/cmake_prefix_path.ps1'
[0.858s] INFO:colcon.colcon_core.shell:Creating environment descriptor '/home/eragon/ArUco/install/robot/share/robot/hook/cmake_prefix_path.dsv'
[0.860s] INFO:colcon.colcon_core.shell:Creating environment hook '/home/eragon/ArUco/install/robot/share/robot/hook/cmake_prefix_path.sh'
[0.863s] Level 1:colcon.colcon_core.environment:checking '/home/eragon/ArUco/install/robot/bin'
[0.863s] Level 1:colcon.colcon_core.environment:checking '/home/eragon/ArUco/install/robot/lib/pkgconfig/robot.pc'
[0.863s] Level 1:colcon.colcon_core.environment:checking '/home/eragon/ArUco/install/robot/lib/python3.10/site-packages'
[0.864s] Level 1:colcon.colcon_core.environment:checking '/home/eragon/ArUco/install/robot/bin'
[0.865s] INFO:colcon.colcon_core.shell:Creating package script '/home/eragon/ArUco/install/robot/share/robot/package.ps1'
[0.867s] INFO:colcon.colcon_core.shell:Creating package descriptor '/home/eragon/ArUco/install/robot/share/robot/package.dsv'
[0.868s] INFO:colcon.colcon_core.shell:Creating package script '/home/eragon/ArUco/install/robot/share/robot/package.sh'
[0.870s] INFO:colcon.colcon_core.shell:Creating package script '/home/eragon/ArUco/install/robot/share/robot/package.bash'
[0.871s] INFO:colcon.colcon_core.shell:Creating package script '/home/eragon/ArUco/install/robot/share/robot/package.zsh'
[0.873s] Level 1:colcon.colcon_core.environment:create_file_with_runtime_dependencies(/home/eragon/ArUco/install/robot/share/colcon-core/packages/robot)
[0.874s] Level 1:colcon.colcon_core.environment:create_environment_scripts_only(robot)
[0.874s] Level 1:colcon.colcon_core.environment:checking '/home/eragon/ArUco/install/robot' for CMake module files
[0.875s] Level 1:colcon.colcon_core.environment:checking '/home/eragon/ArUco/install/robot' for CMake config files
[0.876s] Level 1:colcon.colcon_core.shell:create_environment_hook('robot', 'cmake_prefix_path')
[0.876s] INFO:colcon.colcon_core.shell:Creating environment hook '/home/eragon/ArUco/install/robot/share/robot/hook/cmake_prefix_path.ps1'
[0.877s] INFO:colcon.colcon_core.shell:Creating environment descriptor '/home/eragon/ArUco/install/robot/share/robot/hook/cmake_prefix_path.dsv'
[0.878s] INFO:colcon.colcon_core.shell:Creating environment hook '/home/eragon/ArUco/install/robot/share/robot/hook/cmake_prefix_path.sh'
[0.879s] Level 1:colcon.colcon_core.environment:checking '/home/eragon/ArUco/install/robot/bin'
[0.879s] Level 1:colcon.colcon_core.environment:checking '/home/eragon/ArUco/install/robot/lib/pkgconfig/robot.pc'
[0.880s] Level 1:colcon.colcon_core.environment:checking '/home/eragon/ArUco/install/robot/lib/python3.10/site-packages'
[0.880s] Level 1:colcon.colcon_core.environment:checking '/home/eragon/ArUco/install/robot/bin'
[0.881s] INFO:colcon.colcon_core.shell:Creating package script '/home/eragon/ArUco/install/robot/share/robot/package.ps1'
[0.882s] INFO:colcon.colcon_core.shell:Creating package descriptor '/home/eragon/ArUco/install/robot/share/robot/package.dsv'
[0.883s] INFO:colcon.colcon_core.shell:Creating package script '/home/eragon/ArUco/install/robot/share/robot/package.sh'
[0.884s] INFO:colcon.colcon_core.shell:Creating package script '/home/eragon/ArUco/install/robot/share/robot/package.bash'
[0.884s] INFO:colcon.colcon_core.shell:Creating package script '/home/eragon/ArUco/install/robot/share/robot/package.zsh'
[0.885s] Level 1:colcon.colcon_core.environment:create_file_with_runtime_dependencies(/home/eragon/ArUco/install/robot/share/colcon-core/packages/robot)
[0.891s] DEBUG:colcon.colcon_core.event_handler.log_command:Invoked command in '/home/eragon/ArUco/build/lab4_image_sender' returned '0': CMAKE_PREFIX_PATH=${CMAKE_PREFIX_PATH}:/opt/ros/humble /usr/bin/cmake --build /home/eragon/ArUco/build/lab4_image_sender -- -j8 -l8
[0.891s] DEBUG:colcon.colcon_core.event_handler.log_command:Invoking command in '/home/eragon/ArUco/build/lab4_image_sender': CMAKE_PREFIX_PATH=${CMAKE_PREFIX_PATH}:/opt/ros/humble /usr/bin/cmake --install /home/eragon/ArUco/build/lab4_image_sender
[0.892s] DEBUG:colcon.colcon_core.event_handler.log_command:Invoked command in '/home/eragon/ArUco/build/robot_odometry' returned '0': CMAKE_PREFIX_PATH=${CMAKE_PREFIX_PATH}:/opt/ros/humble /usr/bin/cmake --build /home/eragon/ArUco/build/robot_odometry -- -j8 -l8
[0.894s] DEBUG:colcon.colcon_core.event_handler.log_command:Invoking command in '/home/eragon/ArUco/build/robot_odometry': CMAKE_PREFIX_PATH=${CMAKE_PREFIX_PATH}:/opt/ros/humble /usr/bin/cmake --install /home/eragon/ArUco/build/robot_odometry
[0.895s] DEBUG:colcon.colcon_core.event_handler.log_command:Invoked command in '/home/eragon/ArUco/build/lab4_image_receiver' returned '0': CMAKE_PREFIX_PATH=${CMAKE_PREFIX_PATH}:/opt/ros/humble /usr/bin/cmake --build /home/eragon/ArUco/build/lab4_image_receiver -- -j8 -l8
[0.898s] DEBUG:colcon.colcon_core.event_handler.log_command:Invoking command in '/home/eragon/ArUco/build/lab4_image_receiver': CMAKE_PREFIX_PATH=${CMAKE_PREFIX_PATH}:/opt/ros/humble /usr/bin/cmake --install /home/eragon/ArUco/build/lab4_image_receiver
[0.899s] DEBUG:colcon.colcon_core.event_handler.log_command:Invoked command in '/home/eragon/ArUco/build/robot_teleop' returned '0': CMAKE_PREFIX_PATH=${CMAKE_PREFIX_PATH}:/opt/ros/humble /usr/bin/cmake --build /home/eragon/ArUco/build/robot_teleop -- -j8 -l8
[0.902s] DEBUG:colcon.colcon_core.event_handler.log_command:Invoking command in '/home/eragon/ArUco/build/robot_teleop': CMAKE_PREFIX_PATH=${CMAKE_PREFIX_PATH}:/opt/ros/humble /usr/bin/cmake --install /home/eragon/ArUco/build/robot_teleop
[0.906s] DEBUG:colcon.colcon_core.event_handler.log_command:Invoked command in '/home/eragon/ArUco/build/data_with_camera_pkg' returned '0': CMAKE_PREFIX_PATH=${CMAKE_PREFIX_PATH}:/opt/ros/humble /usr/bin/cmake --build /home/eragon/ArUco/build/data_with_camera_pkg -- -j8 -l8
[0.908s] DEBUG:colcon.colcon_core.event_handler.log_command:Invoking command in '/home/eragon/ArUco/build/data_with_camera_pkg': CMAKE_PREFIX_PATH=${CMAKE_PREFIX_PATH}:/opt/ros/humble /usr/bin/cmake --install /home/eragon/ArUco/build/data_with_camera_pkg
[0.912s] Level 1:colcon.colcon_core.environment:create_environment_scripts_only(lab4_image_sender)
[0.913s] Level 1:colcon.colcon_core.environment:checking '/home/eragon/ArUco/install/lab4_image_sender' for CMake module files
[0.917s] Level 1:colcon.colcon_core.environment:checking '/home/eragon/ArUco/install/lab4_image_sender' for CMake config files
[0.919s] DEBUG:colcon.colcon_core.event_handler.log_command:Invoked command in '/home/eragon/ArUco/build/lab4_image_sender' returned '0': CMAKE_PREFIX_PATH=${CMAKE_PREFIX_PATH}:/opt/ros/humble /usr/bin/cmake --install /home/eragon/ArUco/build/lab4_image_sender
[0.920s] Level 1:colcon.colcon_core.shell:create_environment_hook('lab4_image_sender', 'cmake_prefix_path')
[0.921s] INFO:colcon.colcon_core.shell:Creating environment hook '/home/eragon/ArUco/install/lab4_image_sender/share/lab4_image_sender/hook/cmake_prefix_path.ps1'
[0.922s] INFO:colcon.colcon_core.shell:Creating environment descriptor '/home/eragon/ArUco/install/lab4_image_sender/share/lab4_image_sender/hook/cmake_prefix_path.dsv'
[0.923s] INFO:colcon.colcon_core.shell:Creating environment hook '/home/eragon/ArUco/install/lab4_image_sender/share/lab4_image_sender/hook/cmake_prefix_path.sh'
[0.924s] Level 1:colcon.colcon_core.environment:checking '/home/eragon/ArUco/install/lab4_image_sender/lib'
[0.925s] Level 1:colcon.colcon_core.environment:checking '/home/eragon/ArUco/install/lab4_image_sender/bin'
[0.925s] Level 1:colcon.colcon_core.environment:checking '/home/eragon/ArUco/install/lab4_image_sender/lib/pkgconfig/lab4_image_sender.pc'
[0.925s] Level 1:colcon.colcon_core.environment:checking '/home/eragon/ArUco/install/lab4_image_sender/lib/python3.10/site-packages'
[0.926s] Level 1:colcon.colcon_core.environment:checking '/home/eragon/ArUco/install/lab4_image_sender/bin'
[0.926s] INFO:colcon.colcon_core.shell:Creating package script '/home/eragon/ArUco/install/lab4_image_sender/share/lab4_image_sender/package.ps1'
[0.927s] INFO:colcon.colcon_core.shell:Creating package descriptor '/home/eragon/ArUco/install/lab4_image_sender/share/lab4_image_sender/package.dsv'
[0.928s] INFO:colcon.colcon_core.shell:Creating package script '/home/eragon/ArUco/install/lab4_image_sender/share/lab4_image_sender/package.sh'
[0.929s] INFO:colcon.colcon_core.shell:Creating package script '/home/eragon/ArUco/install/lab4_image_sender/share/lab4_image_sender/package.bash'
[0.930s] INFO:colcon.colcon_core.shell:Creating package script '/home/eragon/ArUco/install/lab4_image_sender/share/lab4_image_sender/package.zsh'
[0.930s] Level 1:colcon.colcon_core.environment:create_file_with_runtime_dependencies(/home/eragon/ArUco/install/lab4_image_sender/share/colcon-core/packages/lab4_image_sender)
[0.931s] Level 1:colcon.colcon_core.environment:create_environment_scripts_only(lab4_image_sender)
[0.932s] Level 1:colcon.colcon_core.environment:checking '/home/eragon/ArUco/install/lab4_image_sender' for CMake module files
[0.932s] Level 1:colcon.colcon_core.environment:checking '/home/eragon/ArUco/install/lab4_image_sender' for CMake config files
[0.933s] Level 1:colcon.colcon_core.shell:create_environment_hook('lab4_image_sender', 'cmake_prefix_path')
[0.933s] INFO:colcon.colcon_core.shell:Creating environment hook '/home/eragon/ArUco/install/lab4_image_sender/share/lab4_image_sender/hook/cmake_prefix_path.ps1'
[0.934s] INFO:colcon.colcon_core.shell:Creating environment descriptor '/home/eragon/ArUco/install/lab4_image_sender/share/lab4_image_sender/hook/cmake_prefix_path.dsv'
[0.934s] INFO:colcon.colcon_core.shell:Creating environment hook '/home/eragon/ArUco/install/lab4_image_sender/share/lab4_image_sender/hook/cmake_prefix_path.sh'
[0.935s] Level 1:colcon.colcon_core.environment:checking '/home/eragon/ArUco/install/lab4_image_sender/lib'
[0.935s] Level 1:colcon.colcon_core.environment:checking '/home/eragon/ArUco/install/lab4_image_sender/bin'
[0.935s] Level 1:colcon.colcon_core.environment:checking '/home/eragon/ArUco/install/lab4_image_sender/lib/pkgconfig/lab4_image_sender.pc'
[0.936s] Level 1:colcon.colcon_core.environment:checking '/home/eragon/ArUco/install/lab4_image_sender/lib/python3.10/site-packages'
[0.936s] Level 1:colcon.colcon_core.environment:checking '/home/eragon/ArUco/install/lab4_image_sender/bin'
[0.936s] INFO:colcon.colcon_core.shell:Creating package script '/home/eragon/ArUco/install/lab4_image_sender/share/lab4_image_sender/package.ps1'
[0.937s] INFO:colcon.colcon_core.shell:Creating package descriptor '/home/eragon/ArUco/install/lab4_image_sender/share/lab4_image_sender/package.dsv'
[0.938s] INFO:colcon.colcon_core.shell:Creating package script '/home/eragon/ArUco/install/lab4_image_sender/share/lab4_image_sender/package.sh'
[0.939s] INFO:colcon.colcon_core.shell:Creating package script '/home/eragon/ArUco/install/lab4_image_sender/share/lab4_image_sender/package.bash'
[0.939s] INFO:colcon.colcon_core.shell:Creating package script '/home/eragon/ArUco/install/lab4_image_sender/share/lab4_image_sender/package.zsh'
[0.940s] Level 1:colcon.colcon_core.environment:create_file_with_runtime_dependencies(/home/eragon/ArUco/install/lab4_image_sender/share/colcon-core/packages/lab4_image_sender)
[0.943s] Level 1:colcon.colcon_core.environment:create_environment_scripts_only(robot_odometry)
[0.943s] Level 1:colcon.colcon_core.environment:checking '/home/eragon/ArUco/install/robot_odometry' for CMake module files
[0.948s] Level 1:colcon.colcon_core.environment:checking '/home/eragon/ArUco/install/robot_odometry' for CMake config files
[0.953s] DEBUG:colcon.colcon_core.event_handler.log_command:Invoked command in '/home/eragon/ArUco/build/robot_odometry' returned '0': CMAKE_PREFIX_PATH=${CMAKE_PREFIX_PATH}:/opt/ros/humble /usr/bin/cmake --install /home/eragon/ArUco/build/robot_odometry
[0.954s] Level 1:colcon.colcon_core.shell:create_environment_hook('robot_odometry', 'cmake_prefix_path')
[0.954s] INFO:colcon.colcon_core.shell:Creating environment hook '/home/eragon/ArUco/install/robot_odometry/share/robot_odometry/hook/cmake_prefix_path.ps1'
[0.955s] INFO:colcon.colcon_core.shell:Creating environment descriptor '/home/eragon/ArUco/install/robot_odometry/share/robot_odometry/hook/cmake_prefix_path.dsv'
[0.956s] INFO:colcon.colcon_core.shell:Creating environment hook '/home/eragon/ArUco/install/robot_odometry/share/robot_odometry/hook/cmake_prefix_path.sh'
[0.957s] Level 1:colcon.colcon_core.environment:checking '/home/eragon/ArUco/install/robot_odometry/lib'
[0.957s] Level 1:colcon.colcon_core.environment:checking '/home/eragon/ArUco/install/robot_odometry/bin'
[0.957s] Level 1:colcon.colcon_core.environment:checking '/home/eragon/ArUco/install/robot_odometry/lib/pkgconfig/robot_odometry.pc'
[0.957s] Level 1:colcon.colcon_core.environment:checking '/home/eragon/ArUco/install/robot_odometry/lib/python3.10/site-packages'
[0.958s] Level 1:colcon.colcon_core.environment:checking '/home/eragon/ArUco/install/robot_odometry/bin'
[0.958s] INFO:colcon.colcon_core.shell:Creating package script '/home/eragon/ArUco/install/robot_odometry/share/robot_odometry/package.ps1'
[0.959s] INFO:colcon.colcon_core.shell:Creating package descriptor '/home/eragon/ArUco/install/robot_odometry/share/robot_odometry/package.dsv'
[0.960s] INFO:colcon.colcon_core.shell:Creating package script '/home/eragon/ArUco/install/robot_odometry/share/robot_odometry/package.sh'
[0.960s] INFO:colcon.colcon_core.shell:Creating package script '/home/eragon/ArUco/install/robot_odometry/share/robot_odometry/package.bash'
[0.961s] INFO:colcon.colcon_core.shell:Creating package script '/home/eragon/ArUco/install/robot_odometry/share/robot_odometry/package.zsh'
[0.961s] Level 1:colcon.colcon_core.environment:create_file_with_runtime_dependencies(/home/eragon/ArUco/install/robot_odometry/share/colcon-core/packages/robot_odometry)
[0.962s] Level 1:colcon.colcon_core.environment:create_environment_scripts_only(robot_odometry)
[0.962s] Level 1:colcon.colcon_core.environment:checking '/home/eragon/ArUco/install/robot_odometry' for CMake module files
[0.963s] Level 1:colcon.colcon_core.environment:checking '/home/eragon/ArUco/install/robot_odometry' for CMake config files
[0.963s] Level 1:colcon.colcon_core.shell:create_environment_hook('robot_odometry', 'cmake_prefix_path')
[0.964s] INFO:colcon.colcon_core.shell:Creating environment hook '/home/eragon/ArUco/install/robot_odometry/share/robot_odometry/hook/cmake_prefix_path.ps1'
[0.964s] INFO:colcon.colcon_core.shell:Creating environment descriptor '/home/eragon/ArUco/install/robot_odometry/share/robot_odometry/hook/cmake_prefix_path.dsv'
[0.965s] INFO:colcon.colcon_core.shell:Creating environment hook '/home/eragon/ArUco/install/robot_odometry/share/robot_odometry/hook/cmake_prefix_path.sh'
[0.966s] Level 1:colcon.colcon_core.environment:checking '/home/eragon/ArUco/install/robot_odometry/lib'
[0.966s] Level 1:colcon.colcon_core.environment:checking '/home/eragon/ArUco/install/robot_odometry/bin'
[0.966s] Level 1:colcon.colcon_core.environment:checking '/home/eragon/ArUco/install/robot_odometry/lib/pkgconfig/robot_odometry.pc'
[0.966s] Level 1:colcon.colcon_core.environment:checking '/home/eragon/ArUco/install/robot_odometry/lib/python3.10/site-packages'
[0.966s] Level 1:colcon.colcon_core.environment:checking '/home/eragon/ArUco/install/robot_odometry/bin'
[0.967s] INFO:colcon.colcon_core.shell:Creating package script '/home/eragon/ArUco/install/robot_odometry/share/robot_odometry/package.ps1'
[0.968s] INFO:colcon.colcon_core.shell:Creating package descriptor '/home/eragon/ArUco/install/robot_odometry/share/robot_odometry/package.dsv'
[0.968s] INFO:colcon.colcon_core.shell:Creating package script '/home/eragon/ArUco/install/robot_odometry/share/robot_odometry/package.sh'
[0.969s] INFO:colcon.colcon_core.shell:Creating package script '/home/eragon/ArUco/install/robot_odometry/share/robot_odometry/package.bash'
[0.970s] INFO:colcon.colcon_core.shell:Creating package script '/home/eragon/ArUco/install/robot_odometry/share/robot_odometry/package.zsh'
[0.970s] Level 1:colcon.colcon_core.environment:create_file_with_runtime_dependencies(/home/eragon/ArUco/install/robot_odometry/share/colcon-core/packages/robot_odometry)
[0.973s] Level 1:colcon.colcon_core.environment:create_environment_scripts_only(lab4_image_receiver)
[0.974s] Level 1:colcon.colcon_core.environment:checking '/home/eragon/ArUco/install/lab4_image_receiver' for CMake module files
[0.975s] DEBUG:colcon.colcon_core.event_handler.log_command:Invoked command in '/home/eragon/ArUco/build/test_robot_plugin' returned '0': CMAKE_PREFIX_PATH=${CMAKE_PREFIX_PATH}:/opt/ros/humble /usr/bin/cmake --build /home/eragon/ArUco/build/test_robot_plugin -- -j8 -l8
[0.976s] DEBUG:colcon.colcon_core.event_handler.log_command:Invoking command in '/home/eragon/ArUco/build/test_robot_plugin': CMAKE_PREFIX_PATH=${CMAKE_PREFIX_PATH}:/opt/ros/humble /usr/bin/cmake --install /home/eragon/ArUco/build/test_robot_plugin
[0.976s] DEBUG:colcon.colcon_core.event_handler.log_command:Invoked command in '/home/eragon/ArUco/build/lab4_image_receiver' returned '0': CMAKE_PREFIX_PATH=${CMAKE_PREFIX_PATH}:/opt/ros/humble /usr/bin/cmake --install /home/eragon/ArUco/build/lab4_image_receiver
[0.977s] Level 1:colcon.colcon_core.environment:checking '/home/eragon/ArUco/install/lab4_image_receiver' for CMake config files
[0.977s] Level 1:colcon.colcon_core.shell:create_environment_hook('lab4_image_receiver', 'cmake_prefix_path')
[0.978s] INFO:colcon.colcon_core.shell:Creating environment hook '/home/eragon/ArUco/install/lab4_image_receiver/share/lab4_image_receiver/hook/cmake_prefix_path.ps1'
[0.979s] INFO:colcon.colcon_core.shell:Creating environment descriptor '/home/eragon/ArUco/install/lab4_image_receiver/share/lab4_image_receiver/hook/cmake_prefix_path.dsv'
[0.979s] INFO:colcon.colcon_core.shell:Creating environment hook '/home/eragon/ArUco/install/lab4_image_receiver/share/lab4_image_receiver/hook/cmake_prefix_path.sh'
[0.980s] Level 1:colcon.colcon_core.environment:checking '/home/eragon/ArUco/install/lab4_image_receiver/lib'
[0.980s] Level 1:colcon.colcon_core.environment:checking '/home/eragon/ArUco/install/lab4_image_receiver/bin'
[0.980s] Level 1:colcon.colcon_core.environment:checking '/home/eragon/ArUco/install/lab4_image_receiver/lib/pkgconfig/lab4_image_receiver.pc'
[0.981s] Level 1:colcon.colcon_core.environment:checking '/home/eragon/ArUco/install/lab4_image_receiver/lib/python3.10/site-packages'
[0.981s] Level 1:colcon.colcon_core.environment:checking '/home/eragon/ArUco/install/lab4_image_receiver/bin'
[0.981s] INFO:colcon.colcon_core.shell:Creating package script '/home/eragon/ArUco/install/lab4_image_receiver/share/lab4_image_receiver/package.ps1'
[0.982s] INFO:colcon.colcon_core.shell:Creating package descriptor '/home/eragon/ArUco/install/lab4_image_receiver/share/lab4_image_receiver/package.dsv'
[0.983s] INFO:colcon.colcon_core.shell:Creating package script '/home/eragon/ArUco/install/lab4_image_receiver/share/lab4_image_receiver/package.sh'
[0.984s] INFO:colcon.colcon_core.shell:Creating package script '/home/eragon/ArUco/install/lab4_image_receiver/share/lab4_image_receiver/package.bash'
[0.984s] INFO:colcon.colcon_core.shell:Creating package script '/home/eragon/ArUco/install/lab4_image_receiver/share/lab4_image_receiver/package.zsh'
[0.985s] Level 1:colcon.colcon_core.environment:create_file_with_runtime_dependencies(/home/eragon/ArUco/install/lab4_image_receiver/share/colcon-core/packages/lab4_image_receiver)
[0.986s] Level 1:colcon.colcon_core.environment:create_environment_scripts_only(lab4_image_receiver)
[0.986s] Level 1:colcon.colcon_core.environment:checking '/home/eragon/ArUco/install/lab4_image_receiver' for CMake module files
[0.987s] Level 1:colcon.colcon_core.environment:checking '/home/eragon/ArUco/install/lab4_image_receiver' for CMake config files
[0.987s] Level 1:colcon.colcon_core.shell:create_environment_hook('lab4_image_receiver', 'cmake_prefix_path')
[0.988s] INFO:colcon.colcon_core.shell:Creating environment hook '/home/eragon/ArUco/install/lab4_image_receiver/share/lab4_image_receiver/hook/cmake_prefix_path.ps1'
[0.988s] INFO:colcon.colcon_core.shell:Creating environment descriptor '/home/eragon/ArUco/install/lab4_image_receiver/share/lab4_image_receiver/hook/cmake_prefix_path.dsv'
[0.989s] INFO:colcon.colcon_core.shell:Creating environment hook '/home/eragon/ArUco/install/lab4_image_receiver/share/lab4_image_receiver/hook/cmake_prefix_path.sh'
[0.990s] Level 1:colcon.colcon_core.environment:checking '/home/eragon/ArUco/install/lab4_image_receiver/lib'
[0.990s] Level 1:colcon.colcon_core.environment:checking '/home/eragon/ArUco/install/lab4_image_receiver/bin'
[0.990s] Level 1:colcon.colcon_core.environment:checking '/home/eragon/ArUco/install/lab4_image_receiver/lib/pkgconfig/lab4_image_receiver.pc'
[0.990s] Level 1:colcon.colcon_core.environment:checking '/home/eragon/ArUco/install/lab4_image_receiver/lib/python3.10/site-packages'
[0.991s] Level 1:colcon.colcon_core.environment:checking '/home/eragon/ArUco/install/lab4_image_receiver/bin'
[0.991s] INFO:colcon.colcon_core.shell:Creating package script '/home/eragon/ArUco/install/lab4_image_receiver/share/lab4_image_receiver/package.ps1'
[0.992s] INFO:colcon.colcon_core.shell:Creating package descriptor '/home/eragon/ArUco/install/lab4_image_receiver/share/lab4_image_receiver/package.dsv'
[0.993s] INFO:colcon.colcon_core.shell:Creating package script '/home/eragon/ArUco/install/lab4_image_receiver/share/lab4_image_receiver/package.sh'
[0.994s] INFO:colcon.colcon_core.shell:Creating package script '/home/eragon/ArUco/install/lab4_image_receiver/share/lab4_image_receiver/package.bash'
[0.994s] INFO:colcon.colcon_core.shell:Creating package script '/home/eragon/ArUco/install/lab4_image_receiver/share/lab4_image_receiver/package.zsh'
[0.995s] Level 1:colcon.colcon_core.environment:create_file_with_runtime_dependencies(/home/eragon/ArUco/install/lab4_image_receiver/share/colcon-core/packages/lab4_image_receiver)
[0.995s] Level 1:colcon.colcon_core.environment:create_environment_scripts_only(robot_teleop)
[0.996s] Level 1:colcon.colcon_core.environment:checking '/home/eragon/ArUco/install/robot_teleop' for CMake module files
[0.998s] DEBUG:colcon.colcon_core.event_handler.log_command:Invoked command in '/home/eragon/ArUco/build/robot_teleop' returned '0': CMAKE_PREFIX_PATH=${CMAKE_PREFIX_PATH}:/opt/ros/humble /usr/bin/cmake --install /home/eragon/ArUco/build/robot_teleop
[0.998s] Level 1:colcon.colcon_core.environment:checking '/home/eragon/ArUco/install/robot_teleop' for CMake config files
[0.998s] Level 1:colcon.colcon_core.shell:create_environment_hook('robot_teleop', 'cmake_prefix_path')
[0.999s] INFO:colcon.colcon_core.shell:Creating environment hook '/home/eragon/ArUco/install/robot_teleop/share/robot_teleop/hook/cmake_prefix_path.ps1'
[0.999s] INFO:colcon.colcon_core.shell:Creating environment descriptor '/home/eragon/ArUco/install/robot_teleop/share/robot_teleop/hook/cmake_prefix_path.dsv'
[1.000s] INFO:colcon.colcon_core.shell:Creating environment hook '/home/eragon/ArUco/install/robot_teleop/share/robot_teleop/hook/cmake_prefix_path.sh'
[1.001s] Level 1:colcon.colcon_core.environment:checking '/home/eragon/ArUco/install/robot_teleop/lib'
[1.001s] Level 1:colcon.colcon_core.environment:checking '/home/eragon/ArUco/install/robot_teleop/bin'
[1.001s] Level 1:colcon.colcon_core.environment:checking '/home/eragon/ArUco/install/robot_teleop/lib/pkgconfig/robot_teleop.pc'
[1.002s] Level 1:colcon.colcon_core.environment:checking '/home/eragon/ArUco/install/robot_teleop/lib/python3.10/site-packages'
[1.002s] Level 1:colcon.colcon_core.environment:checking '/home/eragon/ArUco/install/robot_teleop/bin'
[1.002s] INFO:colcon.colcon_core.shell:Creating package script '/home/eragon/ArUco/install/robot_teleop/share/robot_teleop/package.ps1'
[1.003s] INFO:colcon.colcon_core.shell:Creating package descriptor '/home/eragon/ArUco/install/robot_teleop/share/robot_teleop/package.dsv'
[1.004s] INFO:colcon.colcon_core.shell:Creating package script '/home/eragon/ArUco/install/robot_teleop/share/robot_teleop/package.sh'
[1.004s] INFO:colcon.colcon_core.shell:Creating package script '/home/eragon/ArUco/install/robot_teleop/share/robot_teleop/package.bash'
[1.005s] INFO:colcon.colcon_core.shell:Creating package script '/home/eragon/ArUco/install/robot_teleop/share/robot_teleop/package.zsh'
[1.005s] Level 1:colcon.colcon_core.environment:create_file_with_runtime_dependencies(/home/eragon/ArUco/install/robot_teleop/share/colcon-core/packages/robot_teleop)
[1.006s] Level 1:colcon.colcon_core.environment:create_environment_scripts_only(robot_teleop)
[1.007s] Level 1:colcon.colcon_core.environment:checking '/home/eragon/ArUco/install/robot_teleop' for CMake module files
[1.007s] Level 1:colcon.colcon_core.environment:checking '/home/eragon/ArUco/install/robot_teleop' for CMake config files
[1.008s] Level 1:colcon.colcon_core.shell:create_environment_hook('robot_teleop', 'cmake_prefix_path')
[1.008s] INFO:colcon.colcon_core.shell:Creating environment hook '/home/eragon/ArUco/install/robot_teleop/share/robot_teleop/hook/cmake_prefix_path.ps1'
[1.009s] INFO:colcon.colcon_core.shell:Creating environment descriptor '/home/eragon/ArUco/install/robot_teleop/share/robot_teleop/hook/cmake_prefix_path.dsv'
[1.009s] INFO:colcon.colcon_core.shell:Creating environment hook '/home/eragon/ArUco/install/robot_teleop/share/robot_teleop/hook/cmake_prefix_path.sh'
[1.010s] Level 1:colcon.colcon_core.environment:checking '/home/eragon/ArUco/install/robot_teleop/lib'
[1.011s] Level 1:colcon.colcon_core.environment:checking '/home/eragon/ArUco/install/robot_teleop/bin'
[1.011s] Level 1:colcon.colcon_core.environment:checking '/home/eragon/ArUco/install/robot_teleop/lib/pkgconfig/robot_teleop.pc'
[1.011s] Level 1:colcon.colcon_core.environment:checking '/home/eragon/ArUco/install/robot_teleop/lib/python3.10/site-packages'
[1.011s] Level 1:colcon.colcon_core.environment:checking '/home/eragon/ArUco/install/robot_teleop/bin'
[1.012s] INFO:colcon.colcon_core.shell:Creating package script '/home/eragon/ArUco/install/robot_teleop/share/robot_teleop/package.ps1'
[1.013s] INFO:colcon.colcon_core.shell:Creating package descriptor '/home/eragon/ArUco/install/robot_teleop/share/robot_teleop/package.dsv'
[1.013s] INFO:colcon.colcon_core.shell:Creating package script '/home/eragon/ArUco/install/robot_teleop/share/robot_teleop/package.sh'
[1.014s] INFO:colcon.colcon_core.shell:Creating package script '/home/eragon/ArUco/install/robot_teleop/share/robot_teleop/package.bash'
[1.014s] INFO:colcon.colcon_core.shell:Creating package script '/home/eragon/ArUco/install/robot_teleop/share/robot_teleop/package.zsh'
[1.015s] Level 1:colcon.colcon_core.environment:create_file_with_runtime_dependencies(/home/eragon/ArUco/install/robot_teleop/share/colcon-core/packages/robot_teleop)
[1.015s] Level 1:colcon.colcon_core.environment:create_environment_scripts_only(data_with_camera_pkg)
[1.016s] Level 1:colcon.colcon_core.environment:checking '/home/eragon/ArUco/install/data_with_camera_pkg' for CMake module files
[1.017s] Level 1:colcon.colcon_core.environment:checking '/home/eragon/ArUco/install/data_with_camera_pkg' for CMake config files
[1.018s] DEBUG:colcon.colcon_core.event_handler.log_command:Invoked command in '/home/eragon/ArUco/build/data_with_camera_pkg' returned '0': CMAKE_PREFIX_PATH=${CMAKE_PREFIX_PATH}:/opt/ros/humble /usr/bin/cmake --install /home/eragon/ArUco/build/data_with_camera_pkg
[1.018s] Level 1:colcon.colcon_core.shell:create_environment_hook('data_with_camera_pkg', 'cmake_prefix_path')
[1.019s] INFO:colcon.colcon_core.shell:Creating environment hook '/home/eragon/ArUco/install/data_with_camera_pkg/share/data_with_camera_pkg/hook/cmake_prefix_path.ps1'
[1.019s] INFO:colcon.colcon_core.shell:Creating environment descriptor '/home/eragon/ArUco/install/data_with_camera_pkg/share/data_with_camera_pkg/hook/cmake_prefix_path.dsv'
[1.020s] INFO:colcon.colcon_core.shell:Creating environment hook '/home/eragon/ArUco/install/data_with_camera_pkg/share/data_with_camera_pkg/hook/cmake_prefix_path.sh'
[1.020s] Level 1:colcon.colcon_core.environment:checking '/home/eragon/ArUco/install/data_with_camera_pkg/lib'
[1.021s] Level 1:colcon.colcon_core.environment:checking '/home/eragon/ArUco/install/data_with_camera_pkg/bin'
[1.021s] Level 1:colcon.colcon_core.environment:checking '/home/eragon/ArUco/install/data_with_camera_pkg/lib/pkgconfig/data_with_camera_pkg.pc'
[1.021s] Level 1:colcon.colcon_core.environment:checking '/home/eragon/ArUco/install/data_with_camera_pkg/lib/python3.10/site-packages'
[1.021s] Level 1:colcon.colcon_core.environment:checking '/home/eragon/ArUco/install/data_with_camera_pkg/bin'
[1.022s] INFO:colcon.colcon_core.shell:Creating package script '/home/eragon/ArUco/install/data_with_camera_pkg/share/data_with_camera_pkg/package.ps1'
[1.023s] INFO:colcon.colcon_core.shell:Creating package descriptor '/home/eragon/ArUco/install/data_with_camera_pkg/share/data_with_camera_pkg/package.dsv'
[1.023s] INFO:colcon.colcon_core.shell:Creating package script '/home/eragon/ArUco/install/data_with_camera_pkg/share/data_with_camera_pkg/package.sh'
[1.024s] INFO:colcon.colcon_core.shell:Creating package script '/home/eragon/ArUco/install/data_with_camera_pkg/share/data_with_camera_pkg/package.bash'
[1.024s] INFO:colcon.colcon_core.shell:Creating package script '/home/eragon/ArUco/install/data_with_camera_pkg/share/data_with_camera_pkg/package.zsh'
[1.025s] Level 1:colcon.colcon_core.environment:create_file_with_runtime_dependencies(/home/eragon/ArUco/install/data_with_camera_pkg/share/colcon-core/packages/data_with_camera_pkg)
[1.025s] Level 1:colcon.colcon_core.environment:create_environment_scripts_only(data_with_camera_pkg)
[1.026s] Level 1:colcon.colcon_core.environment:checking '/home/eragon/ArUco/install/data_with_camera_pkg' for CMake module files
[1.027s] Level 1:colcon.colcon_core.environment:checking '/home/eragon/ArUco/install/data_with_camera_pkg' for CMake config files
[1.027s] Level 1:colcon.colcon_core.shell:create_environment_hook('data_with_camera_pkg', 'cmake_prefix_path')
[1.027s] INFO:colcon.colcon_core.shell:Creating environment hook '/home/eragon/ArUco/install/data_with_camera_pkg/share/data_with_camera_pkg/hook/cmake_prefix_path.ps1'
[1.028s] INFO:colcon.colcon_core.shell:Creating environment descriptor '/home/eragon/ArUco/install/data_with_camera_pkg/share/data_with_camera_pkg/hook/cmake_prefix_path.dsv'
[1.028s] INFO:colcon.colcon_core.shell:Creating environment hook '/home/eragon/ArUco/install/data_with_camera_pkg/share/data_with_camera_pkg/hook/cmake_prefix_path.sh'
[1.029s] Level 1:colcon.colcon_core.environment:checking '/home/eragon/ArUco/install/data_with_camera_pkg/lib'
[1.029s] Level 1:colcon.colcon_core.environment:checking '/home/eragon/ArUco/install/data_with_camera_pkg/bin'
[1.029s] Level 1:colcon.colcon_core.environment:checking '/home/eragon/ArUco/install/data_with_camera_pkg/lib/pkgconfig/data_with_camera_pkg.pc'
[1.030s] Level 1:colcon.colcon_core.environment:checking '/home/eragon/ArUco/install/data_with_camera_pkg/lib/python3.10/site-packages'
[1.030s] Level 1:colcon.colcon_core.environment:checking '/home/eragon/ArUco/install/data_with_camera_pkg/bin'
[1.030s] INFO:colcon.colcon_core.shell:Creating package script '/home/eragon/ArUco/install/data_with_camera_pkg/share/data_with_camera_pkg/package.ps1'
[1.032s] INFO:colcon.colcon_core.shell:Creating package descriptor '/home/eragon/ArUco/install/data_with_camera_pkg/share/data_with_camera_pkg/package.dsv'
[1.032s] INFO:colcon.colcon_core.shell:Creating package script '/home/eragon/ArUco/install/data_with_camera_pkg/share/data_with_camera_pkg/package.sh'
[1.033s] INFO:colcon.colcon_core.shell:Creating package script '/home/eragon/ArUco/install/data_with_camera_pkg/share/data_with_camera_pkg/package.bash'
[1.034s] INFO:colcon.colcon_core.shell:Creating package script '/home/eragon/ArUco/install/data_with_camera_pkg/share/data_with_camera_pkg/package.zsh'
[1.034s] Level 1:colcon.colcon_core.environment:create_file_with_runtime_dependencies(/home/eragon/ArUco/install/data_with_camera_pkg/share/colcon-core/packages/data_with_camera_pkg)
[1.035s] Level 1:colcon.colcon_core.environment:create_environment_scripts_only(test_robot_plugin)
[1.036s] Level 1:colcon.colcon_core.environment:checking '/home/eragon/ArUco/install/test_robot_plugin' for CMake module files
[1.037s] Level 1:colcon.colcon_core.environment:checking '/home/eragon/ArUco/install/test_robot_plugin' for CMake config files
[1.040s] Level 1:colcon.colcon_core.shell:create_environment_hook('test_robot_plugin', 'cmake_prefix_path')
[1.040s] INFO:colcon.colcon_core.shell:Creating environment hook '/home/eragon/ArUco/install/test_robot_plugin/share/test_robot_plugin/hook/cmake_prefix_path.ps1'
[1.041s] INFO:colcon.colcon_core.shell:Creating environment descriptor '/home/eragon/ArUco/install/test_robot_plugin/share/test_robot_plugin/hook/cmake_prefix_path.dsv'
[1.042s] INFO:colcon.colcon_core.shell:Creating environment hook '/home/eragon/ArUco/install/test_robot_plugin/share/test_robot_plugin/hook/cmake_prefix_path.sh'
[1.043s] DEBUG:colcon.colcon_core.event_handler.log_command:Invoked command in '/home/eragon/ArUco/build/test_robot_plugin' returned '0': CMAKE_PREFIX_PATH=${CMAKE_PREFIX_PATH}:/opt/ros/humble /usr/bin/cmake --install /home/eragon/ArUco/build/test_robot_plugin
[1.044s] Level 1:colcon.colcon_core.environment:checking '/home/eragon/ArUco/install/test_robot_plugin/lib'
[1.044s] Level 1:colcon.colcon_core.shell:create_environment_hook('test_robot_plugin', 'ld_library_path_lib')
[1.045s] INFO:colcon.colcon_core.shell:Creating environment hook '/home/eragon/ArUco/install/test_robot_plugin/share/test_robot_plugin/hook/ld_library_path_lib.ps1'
[1.045s] INFO:colcon.colcon_core.shell:Creating environment descriptor '/home/eragon/ArUco/install/test_robot_plugin/share/test_robot_plugin/hook/ld_library_path_lib.dsv'
[1.046s] INFO:colcon.colcon_core.shell:Creating environment hook '/home/eragon/ArUco/install/test_robot_plugin/share/test_robot_plugin/hook/ld_library_path_lib.sh'
[1.046s] Level 1:colcon.colcon_core.environment:checking '/home/eragon/ArUco/install/test_robot_plugin/bin'
[1.046s] Level 1:colcon.colcon_core.environment:checking '/home/eragon/ArUco/install/test_robot_plugin/lib/pkgconfig/test_robot_plugin.pc'
[1.047s] Level 1:colcon.colcon_core.environment:checking '/home/eragon/ArUco/install/test_robot_plugin/lib/python3.10/site-packages'
[1.047s] Level 1:colcon.colcon_core.environment:checking '/home/eragon/ArUco/install/test_robot_plugin/bin'
[1.048s] INFO:colcon.colcon_core.shell:Creating package script '/home/eragon/ArUco/install/test_robot_plugin/share/test_robot_plugin/package.ps1'
[1.048s] INFO:colcon.colcon_core.shell:Creating package descriptor '/home/eragon/ArUco/install/test_robot_plugin/share/test_robot_plugin/package.dsv'
[1.049s] INFO:colcon.colcon_core.shell:Creating package script '/home/eragon/ArUco/install/test_robot_plugin/share/test_robot_plugin/package.sh'
[1.050s] INFO:colcon.colcon_core.shell:Creating package script '/home/eragon/ArUco/install/test_robot_plugin/share/test_robot_plugin/package.bash'
[1.050s] INFO:colcon.colcon_core.shell:Creating package script '/home/eragon/ArUco/install/test_robot_plugin/share/test_robot_plugin/package.zsh'
[1.051s] Level 1:colcon.colcon_core.environment:create_file_with_runtime_dependencies(/home/eragon/ArUco/install/test_robot_plugin/share/colcon-core/packages/test_robot_plugin)
[1.052s] Level 1:colcon.colcon_core.environment:create_environment_scripts_only(test_robot_plugin)
[1.052s] Level 1:colcon.colcon_core.environment:checking '/home/eragon/ArUco/install/test_robot_plugin' for CMake module files
[1.053s] Level 1:colcon.colcon_core.environment:checking '/home/eragon/ArUco/install/test_robot_plugin' for CMake config files
[1.053s] Level 1:colcon.colcon_core.shell:create_environment_hook('test_robot_plugin', 'cmake_prefix_path')
[1.053s] INFO:colcon.colcon_core.shell:Creating environment hook '/home/eragon/ArUco/install/test_robot_plugin/share/test_robot_plugin/hook/cmake_prefix_path.ps1'
[1.054s] INFO:colcon.colcon_core.shell:Creating environment descriptor '/home/eragon/ArUco/install/test_robot_plugin/share/test_robot_plugin/hook/cmake_prefix_path.dsv'
[1.055s] INFO:colcon.colcon_core.shell:Creating environment hook '/home/eragon/ArUco/install/test_robot_plugin/share/test_robot_plugin/hook/cmake_prefix_path.sh'
[1.055s] Level 1:colcon.colcon_core.environment:checking '/home/eragon/ArUco/install/test_robot_plugin/lib'
[1.056s] Level 1:colcon.colcon_core.shell:create_environment_hook('test_robot_plugin', 'ld_library_path_lib')
[1.056s] INFO:colcon.colcon_core.shell:Creating environment hook '/home/eragon/ArUco/install/test_robot_plugin/share/test_robot_plugin/hook/ld_library_path_lib.ps1'
[1.057s] INFO:colcon.colcon_core.shell:Creating environment descriptor '/home/eragon/ArUco/install/test_robot_plugin/share/test_robot_plugin/hook/ld_library_path_lib.dsv'
[1.057s] INFO:colcon.colcon_core.shell:Creating environment hook '/home/eragon/ArUco/install/test_robot_plugin/share/test_robot_plugin/hook/ld_library_path_lib.sh'
[1.058s] Level 1:colcon.colcon_core.environment:checking '/home/eragon/ArUco/install/test_robot_plugin/bin'
[1.058s] Level 1:colcon.colcon_core.environment:checking '/home/eragon/ArUco/install/test_robot_plugin/lib/pkgconfig/test_robot_plugin.pc'
[1.058s] Level 1:colcon.colcon_core.environment:checking '/home/eragon/ArUco/install/test_robot_plugin/lib/python3.10/site-packages'
[1.059s] Level 1:colcon.colcon_core.environment:checking '/home/eragon/ArUco/install/test_robot_plugin/bin'
[1.059s] INFO:colcon.colcon_core.shell:Creating package script '/home/eragon/ArUco/install/test_robot_plugin/share/test_robot_plugin/package.ps1'
[1.060s] INFO:colcon.colcon_core.shell:Creating package descriptor '/home/eragon/ArUco/install/test_robot_plugin/share/test_robot_plugin/package.dsv'
[1.061s] INFO:colcon.colcon_core.shell:Creating package script '/home/eragon/ArUco/install/test_robot_plugin/share/test_robot_plugin/package.sh'
[1.061s] INFO:colcon.colcon_core.shell:Creating package script '/home/eragon/ArUco/install/test_robot_plugin/share/test_robot_plugin/package.bash'
[1.062s] INFO:colcon.colcon_core.shell:Creating package script '/home/eragon/ArUco/install/test_robot_plugin/share/test_robot_plugin/package.zsh'
[1.063s] Level 1:colcon.colcon_core.environment:create_file_with_runtime_dependencies(/home/eragon/ArUco/install/test_robot_plugin/share/colcon-core/packages/test_robot_plugin)
[1.063s] DEBUG:colcon.colcon_parallel_executor.executor.parallel:closing loop
[1.063s] DEBUG:colcon.colcon_parallel_executor.executor.parallel:loop closed
[1.063s] DEBUG:colcon.colcon_parallel_executor.executor.parallel:run_until_complete finished with '0'
[1.064s] DEBUG:colcon.colcon_core.event_reactor:joining thread
[1.075s] INFO:colcon.colcon_core.plugin_system:Skipping extension 'colcon_notification.desktop_notification.terminal_notifier': Not used on non-Darwin systems
[1.075s] INFO:colcon.colcon_core.plugin_system:Skipping extension 'colcon_notification.desktop_notification.win32': Not used on non-Windows systems
[1.075s] INFO:colcon.colcon_notification.desktop_notification:Sending desktop notification using 'notify2'
[1.075s] DEBUG:colcon.colcon_notification.desktop_notification.notify2:Failed to initialize notify2: org.freedesktop.DBus.Error.BadAddress: '=' character not found or has no value following it
[1.075s] DEBUG:colcon.colcon_core.event_reactor:joined thread
[1.076s] INFO:colcon.colcon_core.shell:Creating prefix script '/home/eragon/ArUco/install/local_setup.ps1'
[1.078s] INFO:colcon.colcon_core.shell:Creating prefix util module '/home/eragon/ArUco/install/_local_setup_util_ps1.py'
[1.080s] INFO:colcon.colcon_core.shell:Creating prefix chain script '/home/eragon/ArUco/install/setup.ps1'
[1.082s] INFO:colcon.colcon_core.shell:Creating prefix script '/home/eragon/ArUco/install/local_setup.sh'
[1.083s] INFO:colcon.colcon_core.shell:Creating prefix util module '/home/eragon/ArUco/install/_local_setup_util_sh.py'
[1.084s] INFO:colcon.colcon_core.shell:Creating prefix chain script '/home/eragon/ArUco/install/setup.sh'
[1.086s] INFO:colcon.colcon_core.shell:Creating prefix script '/home/eragon/ArUco/install/local_setup.bash'
[1.087s] INFO:colcon.colcon_core.shell:Creating prefix chain script '/home/eragon/ArUco/install/setup.bash'
[1.089s] INFO:colcon.colcon_core.shell:Creating prefix script '/home/eragon/ArUco/install/local_setup.zsh'
[1.089s] INFO:colcon.colcon_core.shell:Creating prefix chain script '/home/eragon/ArUco/install/setup.zsh'
