[0.042s] Invoking command in '/home/eragon/ArUco/build/lab4_image_sender': CMAKE_PREFIX_PATH=${CMAKE_PREFIX_PATH}:/opt/ros/humble /usr/bin/cmake --build /home/eragon/ArUco/build/lab4_image_sender -- -j8 -l8
[0.197s] [100%] Built target lab4_image_sender_node
[0.230s] Invoked command in '/home/eragon/ArUco/build/lab4_image_sender' returned '0': CMAKE_PREFIX_PATH=${CMAKE_PREFIX_PATH}:/opt/ros/humble /usr/bin/cmake --build /home/eragon/ArUco/build/lab4_image_sender -- -j8 -l8
[0.249s] Invoking command in '/home/eragon/ArUco/build/lab4_image_sender': CMAKE_PREFIX_PATH=${CMAKE_PREFIX_PATH}:/opt/ros/humble /usr/bin/cmake --install /home/eragon/ArUco/build/lab4_image_sender
[0.270s] -- Install configuration: "Debug"
[0.271s] -- Up-to-date: /home/eragon/ArUco/install/lab4_image_sender/lib/lab4_image_sender/lab4_image_sender_node
[0.271s] -- Up-to-date: /home/eragon/ArUco/install/lab4_image_sender/share/ament_index/resource_index/package_run_dependencies/lab4_image_sender
[0.271s] -- Up-to-date: /home/eragon/ArUco/install/lab4_image_sender/share/ament_index/resource_index/parent_prefix_path/lab4_image_sender
[0.271s] -- Up-to-date: /home/eragon/ArUco/install/lab4_image_sender/share/lab4_image_sender/environment/ament_prefix_path.sh
[0.271s] -- Up-to-date: /home/eragon/ArUco/install/lab4_image_sender/share/lab4_image_sender/environment/ament_prefix_path.dsv
[0.271s] -- Up-to-date: /home/eragon/ArUco/install/lab4_image_sender/share/lab4_image_sender/environment/path.sh
[0.271s] -- Up-to-date: /home/eragon/ArUco/install/lab4_image_sender/share/lab4_image_sender/environment/path.dsv
[0.272s] -- Up-to-date: /home/eragon/ArUco/install/lab4_image_sender/share/lab4_image_sender/local_setup.bash
[0.272s] -- Up-to-date: /home/eragon/ArUco/install/lab4_image_sender/share/lab4_image_sender/local_setup.sh
[0.273s] -- Up-to-date: /home/eragon/ArUco/install/lab4_image_sender/share/lab4_image_sender/local_setup.zsh
[0.273s] -- Up-to-date: /home/eragon/ArUco/install/lab4_image_sender/share/lab4_image_sender/local_setup.dsv
[0.273s] -- Installing: /home/eragon/ArUco/install/lab4_image_sender/share/lab4_image_sender/package.dsv
[0.273s] -- Up-to-date: /home/eragon/ArUco/install/lab4_image_sender/share/ament_index/resource_index/packages/lab4_image_sender
[0.273s] -- Up-to-date: /home/eragon/ArUco/install/lab4_image_sender/share/lab4_image_sender/cmake/lab4_image_senderConfig.cmake
[0.273s] -- Up-to-date: /home/eragon/ArUco/install/lab4_image_sender/share/lab4_image_sender/cmake/lab4_image_senderConfig-version.cmake
[0.273s] -- Up-to-date: /home/eragon/ArUco/install/lab4_image_sender/share/lab4_image_sender/package.xml
[0.281s] Invoked command in '/home/eragon/ArUco/build/lab4_image_sender' returned '0': CMAKE_PREFIX_PATH=${CMAKE_PREFIX_PATH}:/opt/ros/humble /usr/bin/cmake --install /home/eragon/ArUco/build/lab4_image_sender
