[0.046s] Invoking command in '/home/eragon/ArUco/build/robot_odometry': CMAKE_PREFIX_PATH=${CMAKE_PREFIX_PATH}:/opt/ros/humble /usr/bin/cmake --build /home/eragon/ArUco/build/robot_odometry -- -j8 -l8
[0.242s] [100%] Built target robot_odometry_node
[0.245s] Invoked command in '/home/eragon/ArUco/build/robot_odometry' returned '0': CMAKE_PREFIX_PATH=${CMAKE_PREFIX_PATH}:/opt/ros/humble /usr/bin/cmake --build /home/eragon/ArUco/build/robot_odometry -- -j8 -l8
[0.246s] Invoking command in '/home/eragon/ArUco/build/robot_odometry': CMAKE_PREFIX_PATH=${CMAKE_PREFIX_PATH}:/opt/ros/humble /usr/bin/cmake --install /home/eragon/ArUco/build/robot_odometry
[0.264s] -- Install configuration: "Debug"
[0.265s] -- Up-to-date: /home/eragon/ArUco/install/robot_odometry/lib/robot_odometry/robot_odometry_node
[0.267s] -- Up-to-date: /home/eragon/ArUco/install/robot_odometry/share/ament_index/resource_index/package_run_dependencies/robot_odometry
[0.268s] -- Up-to-date: /home/eragon/ArUco/install/robot_odometry/share/ament_index/resource_index/parent_prefix_path/robot_odometry
[0.268s] -- Up-to-date: /home/eragon/ArUco/install/robot_odometry/share/robot_odometry/environment/ament_prefix_path.sh
[0.268s] -- Up-to-date: /home/eragon/ArUco/install/robot_odometry/share/robot_odometry/environment/ament_prefix_path.dsv
[0.268s] -- Up-to-date: /home/eragon/ArUco/install/robot_odometry/share/robot_odometry/environment/path.sh
[0.269s] -- Up-to-date: /home/eragon/ArUco/install/robot_odometry/share/robot_odometry/environment/path.dsv
[0.269s] -- Up-to-date: /home/eragon/ArUco/install/robot_odometry/share/robot_odometry/local_setup.bash
[0.269s] -- Up-to-date: /home/eragon/ArUco/install/robot_odometry/share/robot_odometry/local_setup.sh
[0.269s] -- Up-to-date: /home/eragon/ArUco/install/robot_odometry/share/robot_odometry/local_setup.zsh
[0.269s] -- Up-to-date: /home/eragon/ArUco/install/robot_odometry/share/robot_odometry/local_setup.dsv
[0.269s] -- Installing: /home/eragon/ArUco/install/robot_odometry/share/robot_odometry/package.dsv
[0.270s] -- Up-to-date: /home/eragon/ArUco/install/robot_odometry/share/ament_index/resource_index/packages/robot_odometry
[0.271s] -- Up-to-date: /home/eragon/ArUco/install/robot_odometry/share/robot_odometry/cmake/robot_odometryConfig.cmake
[0.272s] -- Up-to-date: /home/eragon/ArUco/install/robot_odometry/share/robot_odometry/cmake/robot_odometryConfig-version.cmake
[0.272s] -- Up-to-date: /home/eragon/ArUco/install/robot_odometry/share/robot_odometry/package.xml
[0.277s] Invoked command in '/home/eragon/ArUco/build/robot_odometry' returned '0': CMAKE_PREFIX_PATH=${CMAKE_PREFIX_PATH}:/opt/ros/humble /usr/bin/cmake --install /home/eragon/ArUco/build/robot_odometry
