[0.039s] Invoking command in '/home/eragon/ArUco/build/lab4_image_receiver': CMAKE_PREFIX_PATH=${CMAKE_PREFIX_PATH}:/opt/ros/humble /usr/bin/cmake --build /home/eragon/ArUco/build/lab4_image_receiver -- -j8 -l8
[0.166s] [100%] Built target lab4_image_receiver_node
[0.205s] Invoked command in '/home/eragon/ArUco/build/lab4_image_receiver' returned '0': CMAKE_PREFIX_PATH=${CMAKE_PREFIX_PATH}:/opt/ros/humble /usr/bin/cmake --build /home/eragon/ArUco/build/lab4_image_receiver -- -j8 -l8
[0.208s] Invoking command in '/home/eragon/ArUco/build/lab4_image_receiver': CMAKE_PREFIX_PATH=${CMAKE_PREFIX_PATH}:/opt/ros/humble /usr/bin/cmake --install /home/eragon/ArUco/build/lab4_image_receiver
[0.227s] -- Install configuration: "Debug"
[0.227s] -- Up-to-date: /home/eragon/ArUco/install/lab4_image_receiver/lib/lab4_image_receiver/lab4_image_receiver_node
[0.227s] -- Up-to-date: /home/eragon/ArUco/install/lab4_image_receiver/share/lab4_image_receiver/launch
[0.227s] -- Up-to-date: /home/eragon/ArUco/install/lab4_image_receiver/share/lab4_image_receiver/launch/image_launch.py
[0.227s] -- Up-to-date: /home/eragon/ArUco/install/lab4_image_receiver/share/ament_index/resource_index/package_run_dependencies/lab4_image_receiver
[0.228s] -- Up-to-date: /home/eragon/ArUco/install/lab4_image_receiver/share/ament_index/resource_index/parent_prefix_path/lab4_image_receiver
[0.228s] -- Up-to-date: /home/eragon/ArUco/install/lab4_image_receiver/share/lab4_image_receiver/environment/ament_prefix_path.sh
[0.228s] -- Up-to-date: /home/eragon/ArUco/install/lab4_image_receiver/share/lab4_image_receiver/environment/ament_prefix_path.dsv
[0.228s] -- Up-to-date: /home/eragon/ArUco/install/lab4_image_receiver/share/lab4_image_receiver/environment/path.sh
[0.228s] -- Up-to-date: /home/eragon/ArUco/install/lab4_image_receiver/share/lab4_image_receiver/environment/path.dsv
[0.228s] -- Up-to-date: /home/eragon/ArUco/install/lab4_image_receiver/share/lab4_image_receiver/local_setup.bash
[0.228s] -- Up-to-date: /home/eragon/ArUco/install/lab4_image_receiver/share/lab4_image_receiver/local_setup.sh
[0.228s] -- Up-to-date: /home/eragon/ArUco/install/lab4_image_receiver/share/lab4_image_receiver/local_setup.zsh
[0.229s] -- Up-to-date: /home/eragon/ArUco/install/lab4_image_receiver/share/lab4_image_receiver/local_setup.dsv
[0.229s] -- Installing: /home/eragon/ArUco/install/lab4_image_receiver/share/lab4_image_receiver/package.dsv
[0.229s] -- Up-to-date: /home/eragon/ArUco/install/lab4_image_receiver/share/ament_index/resource_index/packages/lab4_image_receiver
[0.229s] -- Up-to-date: /home/eragon/ArUco/install/lab4_image_receiver/share/lab4_image_receiver/cmake/lab4_image_receiverConfig.cmake
[0.229s] -- Up-to-date: /home/eragon/ArUco/install/lab4_image_receiver/share/lab4_image_receiver/cmake/lab4_image_receiverConfig-version.cmake
[0.229s] -- Up-to-date: /home/eragon/ArUco/install/lab4_image_receiver/share/lab4_image_receiver/package.xml
[0.257s] Invoked command in '/home/eragon/ArUco/build/lab4_image_receiver' returned '0': CMAKE_PREFIX_PATH=${CMAKE_PREFIX_PATH}:/opt/ros/humble /usr/bin/cmake --install /home/eragon/ArUco/build/lab4_image_receiver
