[0.037s] Invoking command in '/home/eragon/ArUco/build/robot_teleop': CMAKE_PREFIX_PATH=${CMAKE_PREFIX_PATH}:/opt/ros/humble /usr/bin/cmake --build /home/eragon/ArUco/build/robot_teleop -- -j8 -l8
[0.147s] [100%] Built target robot_teleop_node
[0.195s] Invoked command in '/home/eragon/ArUco/build/robot_teleop' returned '0': CMAKE_PREFIX_PATH=${CMAKE_PREFIX_PATH}:/opt/ros/humble /usr/bin/cmake --build /home/eragon/ArUco/build/robot_teleop -- -j8 -l8
[0.197s] Invoking command in '/home/eragon/ArUco/build/robot_teleop': CMAKE_PREFIX_PATH=${CMAKE_PREFIX_PATH}:/opt/ros/humble /usr/bin/cmake --install /home/eragon/ArUco/build/robot_teleop
[0.212s] -- Install configuration: "Debug"
[0.212s] -- Up-to-date: /home/eragon/ArUco/install/robot_teleop/lib/robot_teleop/robot_teleop_node
[0.213s] -- Up-to-date: /home/eragon/ArUco/install/robot_teleop/share/ament_index/resource_index/package_run_dependencies/robot_teleop
[0.213s] -- Up-to-date: /home/eragon/ArUco/install/robot_teleop/share/ament_index/resource_index/parent_prefix_path/robot_teleop
[0.214s] -- Up-to-date: /home/eragon/ArUco/install/robot_teleop/share/robot_teleop/environment/ament_prefix_path.sh
[0.214s] -- Up-to-date: /home/eragon/ArUco/install/robot_teleop/share/robot_teleop/environment/ament_prefix_path.dsv
[0.214s] -- Up-to-date: /home/eragon/ArUco/install/robot_teleop/share/robot_teleop/environment/path.sh
[0.214s] -- Up-to-date: /home/eragon/ArUco/install/robot_teleop/share/robot_teleop/environment/path.dsv
[0.214s] -- Up-to-date: /home/eragon/ArUco/install/robot_teleop/share/robot_teleop/local_setup.bash
[0.215s] -- Up-to-date: /home/eragon/ArUco/install/robot_teleop/share/robot_teleop/local_setup.sh
[0.216s] -- Up-to-date: /home/eragon/ArUco/install/robot_teleop/share/robot_teleop/local_setup.zsh
[0.216s] -- Up-to-date: /home/eragon/ArUco/install/robot_teleop/share/robot_teleop/local_setup.dsv
[0.216s] -- Installing: /home/eragon/ArUco/install/robot_teleop/share/robot_teleop/package.dsv
[0.216s] -- Up-to-date: /home/eragon/ArUco/install/robot_teleop/share/ament_index/resource_index/packages/robot_teleop
[0.216s] -- Up-to-date: /home/eragon/ArUco/install/robot_teleop/share/robot_teleop/cmake/robot_teleopConfig.cmake
[0.217s] -- Up-to-date: /home/eragon/ArUco/install/robot_teleop/share/robot_teleop/cmake/robot_teleopConfig-version.cmake
[0.217s] -- Up-to-date: /home/eragon/ArUco/install/robot_teleop/share/robot_teleop/package.xml
[0.227s] Invoked command in '/home/eragon/ArUco/build/robot_teleop' returned '0': CMAKE_PREFIX_PATH=${CMAKE_PREFIX_PATH}:/opt/ros/humble /usr/bin/cmake --install /home/eragon/ArUco/build/robot_teleop
