[0.043s] Invoking command in '/home/eragon/ArUco/build/robot_camera_processor': CMAKE_PREFIX_PATH=${CMAKE_PREFIX_PATH}:/opt/ros/humble /usr/bin/cmake --build /home/eragon/ArUco/build/robot_camera_processor -- -j8 -l8
[0.163s] Consolidate compiler generated dependencies of target robot_camera_processor_node
[0.213s] [ 50%] Building CXX object CMakeFiles/robot_camera_processor_node.dir/src/robot_camera_processor_node.cpp.o
[6.045s] /home/eragon/ArUco/src/robot_camera_processor/src/robot_camera_processor_node.cpp: In member function ‘void RobotCameraProcessor::timer_callback()’:
[6.045s] /home/eragon/ArUco/src/robot_camera_processor/src/robot_camera_processor_node.cpp:342:39: warning: narrowing conversion of ‘((-((RobotCameraProcessor*)this)->RobotCameraProcessor::marker_size_) / (double)2)’ from ‘double’ to ‘float’ [-Wnarrowing]
[6.045s]   342 |                         {-marker_size_/2, marker_size_/2, 0},
[6.045s]       |                          ~~~~~~~~~~~~~^~
[6.046s] /home/eragon/ArUco/src/robot_camera_processor/src/robot_camera_processor_node.cpp:342:55: warning: narrowing conversion of ‘(((RobotCameraProcessor*)this)->RobotCameraProcessor::marker_size_ / (double)2)’ from ‘double’ to ‘float’ [-Wnarrowing]
[6.046s]   342 |                         {-marker_size_/2, marker_size_/2, 0},
[6.046s]       |                                           ~~~~~~~~~~~~^~
[6.046s] /home/eragon/ArUco/src/robot_camera_processor/src/robot_camera_processor_node.cpp:343:38: warning: narrowing conversion of ‘(((RobotCameraProcessor*)this)->RobotCameraProcessor::marker_size_ / (double)2)’ from ‘double’ to ‘float’ [-Wnarrowing]
[6.046s]   343 |                         {marker_size_/2, marker_size_/2, 0},
[6.046s]       |                          ~~~~~~~~~~~~^~
[6.047s] /home/eragon/ArUco/src/robot_camera_processor/src/robot_camera_processor_node.cpp:343:54: warning: narrowing conversion of ‘(((RobotCameraProcessor*)this)->RobotCameraProcessor::marker_size_ / (double)2)’ from ‘double’ to ‘float’ [-Wnarrowing]
[6.047s]   343 |                         {marker_size_/2, marker_size_/2, 0},
[6.047s]       |                                          ~~~~~~~~~~~~^~
[6.047s] /home/eragon/ArUco/src/robot_camera_processor/src/robot_camera_processor_node.cpp:344:38: warning: narrowing conversion of ‘(((RobotCameraProcessor*)this)->RobotCameraProcessor::marker_size_ / (double)2)’ from ‘double’ to ‘float’ [-Wnarrowing]
[6.048s]   344 |                         {marker_size_/2, -marker_size_/2, 0},
[6.048s]       |                          ~~~~~~~~~~~~^~
[6.048s] /home/eragon/ArUco/src/robot_camera_processor/src/robot_camera_processor_node.cpp:344:55: warning: narrowing conversion of ‘((-((RobotCameraProcessor*)this)->RobotCameraProcessor::marker_size_) / (double)2)’ from ‘double’ to ‘float’ [-Wnarrowing]
[6.048s]   344 |                         {marker_size_/2, -marker_size_/2, 0},
[6.048s]       |                                          ~~~~~~~~~~~~~^~
[6.048s] /home/eragon/ArUco/src/robot_camera_processor/src/robot_camera_processor_node.cpp:345:39: warning: narrowing conversion of ‘((-((RobotCameraProcessor*)this)->RobotCameraProcessor::marker_size_) / (double)2)’ from ‘double’ to ‘float’ [-Wnarrowing]
[6.049s]   345 |                         {-marker_size_/2, -marker_size_/2, 0}
[6.049s]       |                          ~~~~~~~~~~~~~^~
[6.049s] /home/eragon/ArUco/src/robot_camera_processor/src/robot_camera_processor_node.cpp:345:56: warning: narrowing conversion of ‘((-((RobotCameraProcessor*)this)->RobotCameraProcessor::marker_size_) / (double)2)’ from ‘double’ to ‘float’ [-Wnarrowing]
[6.049s]   345 |                         {-marker_size_/2, -marker_size_/2, 0}
[6.049s]       |                                           ~~~~~~~~~~~~~^~
[11.282s] [100%] Linking CXX executable robot_camera_processor_node
[12.359s] [100%] Built target robot_camera_processor_node
[12.374s] Invoked command in '/home/eragon/ArUco/build/robot_camera_processor' returned '0': CMAKE_PREFIX_PATH=${CMAKE_PREFIX_PATH}:/opt/ros/humble /usr/bin/cmake --build /home/eragon/ArUco/build/robot_camera_processor -- -j8 -l8
[12.377s] Invoking command in '/home/eragon/ArUco/build/robot_camera_processor': CMAKE_PREFIX_PATH=${CMAKE_PREFIX_PATH}:/opt/ros/humble /usr/bin/cmake --install /home/eragon/ArUco/build/robot_camera_processor
[12.386s] -- Install configuration: "Debug"
[12.387s] -- Installing: /home/eragon/ArUco/install/robot_camera_processor/lib/robot_camera_processor/robot_camera_processor_node
[12.393s] -- Set runtime path of "/home/eragon/ArUco/install/robot_camera_processor/lib/robot_camera_processor/robot_camera_processor_node" to ""
[12.394s] -- Up-to-date: /home/eragon/ArUco/install/robot_camera_processor/share/ament_index/resource_index/package_run_dependencies/robot_camera_processor
[12.394s] -- Up-to-date: /home/eragon/ArUco/install/robot_camera_processor/share/ament_index/resource_index/parent_prefix_path/robot_camera_processor
[12.394s] -- Up-to-date: /home/eragon/ArUco/install/robot_camera_processor/share/robot_camera_processor/environment/ament_prefix_path.sh
[12.395s] -- Up-to-date: /home/eragon/ArUco/install/robot_camera_processor/share/robot_camera_processor/environment/ament_prefix_path.dsv
[12.395s] -- Up-to-date: /home/eragon/ArUco/install/robot_camera_processor/share/robot_camera_processor/environment/path.sh
[12.395s] -- Up-to-date: /home/eragon/ArUco/install/robot_camera_processor/share/robot_camera_processor/environment/path.dsv
[12.395s] -- Up-to-date: /home/eragon/ArUco/install/robot_camera_processor/share/robot_camera_processor/local_setup.bash
[12.395s] -- Up-to-date: /home/eragon/ArUco/install/robot_camera_processor/share/robot_camera_processor/local_setup.sh
[12.395s] -- Up-to-date: /home/eragon/ArUco/install/robot_camera_processor/share/robot_camera_processor/local_setup.zsh
[12.395s] -- Up-to-date: /home/eragon/ArUco/install/robot_camera_processor/share/robot_camera_processor/local_setup.dsv
[12.396s] -- Installing: /home/eragon/ArUco/install/robot_camera_processor/share/robot_camera_processor/package.dsv
[12.396s] -- Up-to-date: /home/eragon/ArUco/install/robot_camera_processor/share/ament_index/resource_index/packages/robot_camera_processor
[12.396s] -- Up-to-date: /home/eragon/ArUco/install/robot_camera_processor/share/robot_camera_processor/cmake/robot_camera_processorConfig.cmake
[12.397s] -- Up-to-date: /home/eragon/ArUco/install/robot_camera_processor/share/robot_camera_processor/cmake/robot_camera_processorConfig-version.cmake
[12.398s] -- Up-to-date: /home/eragon/ArUco/install/robot_camera_processor/share/robot_camera_processor/package.xml
[12.399s] Invoked command in '/home/eragon/ArUco/build/robot_camera_processor' returned '0': CMAKE_PREFIX_PATH=${CMAKE_PREFIX_PATH}:/opt/ros/humble /usr/bin/cmake --install /home/eragon/ArUco/build/robot_camera_processor
